02/19/2013 23:54:11, 0, http://www.youtube.com/watch?v=706kn10Hg8c, 42327fa1675f3212a8ac9fc98b936bd3.zip, 173783, 200
02/19/2013 23:54:13, 0, http://www.wikihow.com/Love-Programming, 7746a13e3045d88c8b39ad06539d9953.zip, 54533, 200
02/19/2013 23:54:13, 0, http://gizmodo.com/5954354/can-this-girl-find-love-on-a-coding-website, 05fd960f3b35a3f9d886e0385e1547a3.zip, 121283, 200
02/19/2013 23:54:13, 0, http://www.pyladies.com/, 23997b31f01714f7852edde927570449.zip, 26513, 200
02/19/2013 23:54:13, 0, http://eskills4future.wordpress.com/2012/06/02/301/, 5819b7da3e4c8f92704e7448ddb9fc1d.zip, 43510, 200
02/19/2013 23:54:13, 1, http://www.youtube.com/feed/UChuLeaTGRcfzo0UjL-2qSbQ, 04164c02d2d16232053c3b3220134f88.zip, 186162, 200
02/19/2013 23:54:13, 1, http://www.youtube.com/, dfac2ac2f8102bbfbd4ef18a247d74cb.zip, 115087, 200
02/19/2013 23:54:13, 1, http://www.youtube.com/feed/UCWljxewHlJE3M7U_6_zFNyA, d720f18fe25607487f0c6749df79bb79.zip, 207297, 200
02/19/2013 23:54:13, 1, http://www.youtube.com/music?feature=guide, f7cdc54ea0e6c2b7b01e631072a96107.zip, 241120, 200
02/19/2013 23:54:13, 1, http://www.youtube.com/sports?feature=guide, d505bb9e1b91fb20dd97b3b24c9246df.zip, 269962, 200
02/19/2013 23:54:13, 1, http://www.youtube.com/upload, 4ebea71300b705242cc38f05e5ee7429.zip, 75212, 200
02/19/2013 23:54:13, 1, http://www.youtube.com/gaming?feature=guide, e9ccc84298a77f924dff1b210803b17d.zip, 257393, 200
02/19/2013 23:54:13, 1, http://www.youtube.com/user/ILiveToCode/videos, 9dcef3ae5fa15a15fd0fbde3c0a9fe53.zip, 57765, 200
02/19/2013 23:54:13, 1, http://www.youtube.com/feed/UCqnbDFdCpuN8CMEg0VuEBqA, 2bcc30fcfee93c92cf2ad0f4ed735c93.zip, 193634, 200
02/19/2013 23:54:13, 0, http://rooeh.net/day-26-why-i-love-coding/, abe196f1170c3c97f52925dd2a3aef02.zip, 12761, 200
02/19/2013 23:54:13, 1, http://www.youtube.com/feed/UCW-B8MvkfS9LZW9X_jU6iJA, 185fb67c83ebb2fffcf693d776a02f72.zip, 198963, 200
02/19/2013 23:54:14, 1, https://accounts.google.com/ServiceLogin?service=youtube&amp;uilel=3&amp;hl=en_US&amp;continue=http%3A%2F%2Fwww.youtube.com%2Fsignin%3Faction_handle_signin%3Dtrue%26hl%3Den_US%26next%3D%252F%253Ffeature%253Dsignin%26nomobiletemp%3D1&amp;passive=true, 214c581f149334c08bb8a5a8bfed00d3.zip, 74703, 200
02/19/2013 23:54:14, 1, http://www.youtube.com/all_comments?v=706kn10Hg8c, 56434f429e5cb0a20662245947eeb75f.zip, 99197, 200
02/19/2013 23:54:14, 1, http://www.youtube.com/feed/UCZWNlftHmjE3WdpKKULeLtg, 3638076f7c5d5a24c55ea4069d0c2cb3.zip, 178997, 200
02/19/2013 23:54:14, 1, http://www.youtube.com/channel/HCPvDBPPFfuaM?feature=guide, 6d7713156ec0040725a295559a05b45b.zip, 181044, 200
02/19/2013 23:54:14, 0, http://henrikwarne.com/2012/06/02/why-i-love-coding/, dacedb4253eeb86cb7a1f104441bbd3a.zip, 59163, 200
02/19/2013 23:54:14, 1, https://accounts.google.com/ServiceLogin?service=youtube&amp;uilel=3&amp;hl=en_US&amp;continue=http%3A%2F%2Fwww.youtube.com%2Fsignin%3Faction_handle_signin%3Dtrue%26hl%3Den_US%26next%3D%252Fwatch%253Fv%253D706kn10Hg8c%26nomobiletemp%3D1&amp;passive=true, 0d1ab634cb30006b611716df804fcd9b.zip, 74674, 200
02/19/2013 23:54:14, 1, https://accounts.google.com/ServiceLogin?service=youtube&amp;uilel=3&amp;hl=en_US&amp;continue=http%3A%2F%2Fwww.youtube.com%2Fsignin%3Faction_handle_signin%3Dtrue%26feature%3Dcomments%26hl%3Den_US%26next%3D%252Fwatch%253Fv%253D706kn10Hg8c%26nomobiletemp%3D1&amp;passive=true, bd1e8158759e308d38de3560dc894705.zip, 74715, 200
02/19/2013 23:54:14, 0, http://icodeforfun.blogspot.com/, bef41d86f577b83b71db80d770dfabde.zip, 22024, 200
02/19/2013 23:54:14, 1, http://www.youtube.com/people, 098819acbc93ae38d74033f8b7a508f4.zip, 100978, 200
02/19/2013 23:54:14, 1, http://www.youtube.com/user/bradbrock1, 7fc76fa2ebf418ceec3711b04d4f7b4c.zip, 79208, 200
02/19/2013 23:54:14, 0, http://www.codinghorror.com/blog/2008/12/programming-love-it-or-leave-it.html, 8be39068d83a169dfdb2c360a1efcb82.zip, 131967, 200
02/19/2013 23:54:14, 1, http://www.youtube.com/user/monsterhunter445, 2f3ebb06afbc222aca2fba566bcd41bc.zip, 78182, 200
02/19/2013 23:54:14, 1, http://www.youtube.com/user/zxz1661, 2e8570b98eac4419d87b18da4a5457ed.zip, 100017, 200
02/19/2013 23:54:14, 1, http://www.youtube.com/user/ILiveToCode?feature=watch, e648f59021f512672f4d730fdb8c7da2.zip, 98869, 200
02/19/2013 23:54:14, 1, http://www.youtube.com/all_comments?v=706kn10Hg8c&amp;page=2, 92b82809414a0cd18d493d6d37c77878.zip, 27230, 200
02/19/2013 23:54:14, 1, http://www.youtube.com/user/1StTubeYou, 7edb7a8ff8295da9b25cdfce3c6d6682.zip, 185402, 200
02/19/2013 23:54:14, 1, http://www.youtube.com/user/Ballfescht, 8dfaf5bc866a3b18655d59105f7c16df.zip, 74581, 200
02/19/2013 23:54:14, 1, http://www.youtube.com/user/david0aloha, 28ec6c267d560e7a13c38f764f768ebd.zip, 52066, 200
02/19/2013 23:54:15, 1, http://www.youtube.com/watch?v=egllwvlH_bI, fca6331cb0e71714bf714e9975af56c9.zip, 110540, 200
02/19/2013 23:54:15, 1, http://www.youtube.com/watch?v=zF92y_wiN_U, 05cf1c05504027ceb447dacb94fa4be4.zip, 127697, 200
02/19/2013 23:54:15, 1, http://www.youtube.com/watch?v=AJAE7CvoXZs, 8a81fc1b1827322cb0d3e1e3830dba68.zip, 198802, 200
02/19/2013 23:54:15, 1, http://www.youtube.com/watch?v=Wi_vZ-guEEw, 678620ccdcff52cecf5ac9ceccf0e832.zip, 128615, 200
02/19/2013 23:54:15, 1, http://www.youtube.com/movies?feature=guide, 9e50f8dc35433690bd5f6deb593a3094.zip, 572934, 200
02/19/2013 23:54:15, 1, http://www.youtube.com/watch?v=oJgQYEeJyZ0, 7a49add55fd3c0c808ebc4eae32c6e03.zip, 153565, 200
02/19/2013 23:54:16, 1, http://www.youtube.com/watch?v=AV802r_Pr0k, c77d18bfac506dbc6b179a1bb782063d.zip, 213030, 200
02/19/2013 23:54:16, 1, http://www.youtube.com/watch?v=QCBe5WAe5Fc, 71f6000ecb93362532d888eec8665c8b.zip, 137049, 200
02/19/2013 23:54:16, 1, http://www.youtube.com/watch?v=2WBiYAg-F84, 16043a1dd9c98337675cc72e9d72856d.zip, 117129, 200
02/19/2013 23:54:16, 1, http://www.youtube.com/watch?v=cZXNQW8voXk, 585c9bf4cd98b6366be65279bed998e6.zip, 132133, 200
02/19/2013 23:54:16, 1, http://www.youtube.com/watch?v=tUzCzSruvm0, b3055319a19f77b1cc6f07c80e2cc53b.zip, 113951, 200
02/19/2013 23:54:16, 1, http://www.youtube.com/watch?v=pH-a9j0UXfM, 7b484fc90fdb57e656e485d9162d0495.zip, 193168, 200
02/19/2013 23:54:16, 1, http://www.youtube.com/watch?v=DBXZWB_dNsw, 5580d925d77f0b99a47e231972e45d36.zip, 191962, 200
02/19/2013 23:54:16, 1, http://www.youtube.com/user/DavisonInc, 4ec950495df20d4f74c76b4f7cb6fee0.zip, 187763, 200
02/19/2013 23:54:16, 1, http://www.youtube.com/user/part2themovie, 8718eca29f3db08e6353898357ab97d3.zip, 182637, 200
02/19/2013 23:54:16, 1, http://www.youtube.com/watch?v=cwU7o_HtqQc, 5177c3c3dcfff891b437b517374a06f5.zip, 196529, 200
02/19/2013 23:54:16, 1, http://www.youtube.com/yt/press/, f5a676ece2c09c7702f83f032fa071e4.zip, 13912, 200
02/19/2013 23:54:16, 1, http://www.youtube.com/yt/creators/, bf9f573e8327abd942c22392d6f2df7f.zip, 10706, 200
02/19/2013 23:54:16, 1, http://www.youtube.com/watch?v=U0j4txF84CU, 37cb5899942b1def08af87c3331f325e.zip, 112642, 200
02/19/2013 23:54:16, 1, http://www.youtube.com/yt/advertise/, b0a6cd5af1efbbd006a9275dcb27d2de.zip, 9745, 200
02/19/2013 23:54:16, 1, http://www.youtube.com/yt/copyright/, a37f3c79c0854f25aff63a5c2152a793.zip, 22630, 200
02/19/2013 23:54:16, 1, http://www.youtube.com/t/about_youtube, eab792ef4ca7b414ffbb1e241ad14a39.zip, 30915, 200
02/19/2013 23:54:16, 1, http://www.youtube.com/watch?v=ecShrKOIpeg, c217538abd855809e050d318516f875a.zip, 203442, 200
02/19/2013 23:54:16, 1, http://www.youtube.com/dev, 0d085afc55249a550f5fbf2d629a5be2.zip, 39752, 200
02/19/2013 23:54:16, 1, http://www.youtube.com/watch?v=3i-4U61oRe4, cc98d6f54ae1a71ed11f2d649ddda836.zip, 109426, 200
02/19/2013 23:54:16, 1, http://www.youtube.com/watch?v=ke7SfUFvvxo, d8db7fc5c3342717c2b0d4833ad739da.zip, 206971, 200
02/19/2013 23:54:16, 1, http://www.wikihow.com/Main-Page, 14a2c3506eb81c23ad3b774964158ef8.zip, 57210, 200
02/19/2013 23:54:16, 1, http://www.youtube.com/user/MrStakePowered, 1a8f0dac156ee9f0c06514becab65000.zip, 222039, 200
02/19/2013 23:54:16, 1, http://www.youtube.com/testtube, d733dfc096de2b9b78880204a66207cc.zip, 30745, 200
02/19/2013 23:54:17, 1, http://www.youtube.com/feed/UCBR8-60-B28hp2BmDPdntcQ?feature=guide, 57fc32af558fe6570243fcf36d1ee7e3.zip, 235743, 200
02/19/2013 23:54:17, 1, http://www.youtube.com/user/SebzKilla1999, f6e2d42252ad414fdd3b1a192b287fd3.zip, 219265, 200
02/19/2013 23:54:17, 1, https://accounts.google.com/ServiceLogin?service=youtube&uilel=3&hl=en_US&continue=http%3A%2F%2Fwww.youtube.com%2Fsignin%3Faction_handle_signin%3Dtrue%26feature%3Dplaylist%26hl%3Den_US%26next%3D%252Fwatch%253Fv%253D706kn10Hg8c%26nomobiletemp%3D1&passive=true, 744563c0b194bb4d884af9d55d793b19.zip, 75201, 200
02/19/2013 23:54:17, 1, http://www.wikihow.com/Special:Categorylisting, ad6f44ab6cc09348e5148de218b84762.zip, 38908, 200
02/19/2013 23:54:17, 1, http://www.wikihow.com/$2:$1#post, , 0, 404
02/19/2013 23:54:17, 1, http://www.wikihow.com/Pair-Program, cb35e186577580200124a963aedceb2a.zip, 64321, 200
02/19/2013 23:54:17, 1, http://www.wikihow.com/Become-a-Computer-Scientist, ca9f74bc6e9008fa92c3820115b6ce79.zip, 54114, 200
02/19/2013 23:54:17, 1, http://support.google.com/youtube/bin/request.py?contact_type=abuse&amp;hl=en-US, f5b894e79a768dbe45535ac1d2c50c2f.zip, 26760, 200
02/19/2013 23:54:17, 1, http://www.wikihow.com/Become-a-Hacker, 43f05e5ec5761658658070abb16ccf62.zip, 75776, 200
02/19/2013 23:54:17, 1, http://www.youtube.com/channels?feature=guide, e3a2c79522d404226f1139a7d63a1c54.zip, 609926, 200
02/19/2013 23:54:17, 1, http://www.wikihow.com/Make-a-Foam-Netting-and-Plastic-Bottle-Lantern, 77618943c2798ef99d41ee41585afaed.zip, 61357, 200
02/19/2013 23:54:17, 1, http://www.wikihow.com/Discussion:Love-Programming, , 0, 404
02/19/2013 23:54:17, 1, http://www.wikihow.com/Measure-Your-Bra-Size, e5c77b2453fbc28e3450050a6c8c6ace.zip, 70511, 200
02/19/2013 23:54:17, 1, http://www.wikihow.com/Test-a-Used-Film-Camera, 2861260507ff27da57565bce0f184b36.zip, 72458, 200
02/19/2013 23:54:17, 1, http://www.wikihow.com/Temporarily-Deal-with-a-Water-Leak, f0a5abaac1e77ddbc46d68c1a14cad62.zip, 60255, 200
02/19/2013 23:54:17, 1, http://www.wikihow.com/Image:LOVE-LOVE.jpg, 1a62849a1a3ed5e55b8cb1fb84f83b8d.zip, 38768, 200
02/19/2013 23:54:17, 1, http://www.wikihow.com/Category:Software, 6b4f5df494c388891c02f4056da7b6a5.zip, 77985, 200
02/19/2013 23:54:17, 1, http://www.google.com/intl/en/policies/privacy/, 82d9b2793e99abadaacca5f22228dd67.zip, 23374, 200
02/19/2013 23:54:17, 1, http://www.wikihow.com/User:Pink_Star, a8cef9209dc3771f0d3dd546d77f3a03.zip, 84016, 200
02/19/2013 23:54:17, 1, http://www.wikihow.com/Category:Programming, c04f29a4e94ab8629f7affb2ba74730f.zip, 57569, 200
02/19/2013 23:54:17, 1, http://www.wikihow.com/Category:Computers-and-Electronics, 1b46849a0dfe0b7cbc0a03ed3df818bc.zip, 77152, 200
02/19/2013 23:54:18, 1, http://www.youtube.com/watch?v=UZq4sZz56qM, e8ccb52b2d25e57e1a761425da09d01e.zip, 164424, 200
02/19/2013 23:54:18, 1, http://www.wikihow.com/\, , 0, 404
02/19/2013 23:54:18, 1, http://www.wikihow.com/Alter-Cmd.Exe-Start-Directory, 686cb0e5ea7916d5aa1703d426af3706.zip, 57177, 200
02/19/2013 23:54:18, 1, http://www.youtube.com/watch?v=Rl8nXs-5puw, 5092970cf072f92745d3ede773786e5f.zip, 189712, 200
02/19/2013 23:54:18, 1, http://www.youtube.com/YouTubeShowsUS?feature=guide, 5f0a1f434269d966f949599ddbe0ae71.zip, 651930, 200
02/19/2013 23:54:18, 1, http://www.youtube.com/watch?v=D2UR3xufrsw, f2d88e2cac971ea707439b7af8c0516b.zip, 170116, 200
02/19/2013 23:54:18, 1, http://www.wikihow.com/feed.rss, , 0, OTHER_EXCEPTION
02/19/2013 23:54:19, 1, http://www.wikihow.com/Category:Food-and-Entertaining, 78158cfd7abaf2cf2125c39a9ddc9b25.zip, 54588, 200
02/19/2013 23:54:19, 1, http://www.google.com/tools/feedback/intl/en/error.html, bb895e6a597caf533c7ac33837abbe7c.zip, 1101, 200
02/19/2013 23:54:19, 1, http://www.wikihow.com/Category:Arts-and-Entertainment, 51a26461eb2f92aa944c30fed88e5dab.zip, 52880, 200
02/19/2013 23:54:19, 1, http://www.wikihow.com/Category:Family-Life, e3bac1ce76c40b609a7213b9a03f5f1e.zip, 65186, 200
02/19/2013 23:54:19, 1, http://www.wikihow.com/Category:Hobbies-and-Crafts, ac993a667a7ca680a7c8e7fdffa938c0.zip, 78526, 200
02/19/2013 23:54:19, 1, http://www.wikihow.com/Category:Education-and-Communications, 6b982c1d2c605bcab18a6394bbcb62ac.zip, 71063, 200
02/19/2013 23:54:19, 1, http://www.wikihow.com/Category:Health, b518b730f1dd322e2969911757e0094d.zip, 72721, 200
02/19/2013 23:54:19, 1, http://www.wikihow.com/Category:Finance-and-Business, a09d1ec83f12f0bb0438259fa69b88f6.zip, 71155, 200
02/19/2013 23:54:19, 1, http://www.wikihow.com/About-wikiHow, 2e81b3ca48803cf2251dee1e8e770157.zip, 41765, 200
02/19/2013 23:54:19, 1, http://www.wikihow.com/Terms-of-Use, 3298132d063164aa791ec89379b1e81a.zip, 88870, 200
02/19/2013 23:54:19, 1, http://itunes.apple.com/us/app/wikihow-how-to-diy-survival/id309209200?mt=8, , 0, 403
02/19/2013 23:54:19, 1, http://www.wikihow.com/wikiHow:Community, cb084064f9c04e7ec1ba0a4016e13036.zip, 64523, 200
02/19/2013 23:54:19, 1, http://www.wikihow.com/Category:Other, bb6881f9f79ac4babfb3430e4a2198a4.zip, 33459, 200
02/19/2013 23:54:19, 1, http://www.wikihow.com/Category:Personal-Care-and-Style, 8947b53468e0850d118bc3d7db09563b.zip, 70124, 200
02/19/2013 23:54:19, 1, http://www.wikihow.com/Category:Cars-%26-Other-Vehicles, 027c2fb5f324cab6883505e798d8b08c.zip, 54308, 200
02/19/2013 23:54:19, 1, http://www.wikihow.com/Category:Pets-and-Animals, bb19ffb111079e2d2858500a3f4e1f77.zip, 69664, 200
02/19/2013 23:54:19, 1, http://www.wikihow.com/Category:Holidays-and-Traditions, 0c59c50bc308d3dc6b0e59e45eeca96f.zip, 79083, 200
02/19/2013 23:54:19, 1, http://www.wikihow.com/Category:Philosophy-and-Religion, 0b7f3f5d45306922318ce11dbca93770.zip, 52580, 200
02/19/2013 23:54:19, 1, http://www.wikihow.com/Special:Sitemap, 2fa1c1beba490f2c659c37e0d31ec4fa.zip, 54897, 200
02/19/2013 23:54:19, 1, http://www.wikihow.com/Category:Relationships, ab99d7930f55f5a8d59172977260f514.zip, 65934, 200
02/19/2013 23:54:19, 1, http://www.wikihow.com/Category:Home-and-Garden, eb7dbbd8c1bdb671eaac56dbb60899d5.zip, 62006, 200
02/19/2013 23:54:19, 1, http://www.wikihow.com/Category:Sports-and-Fitness, 2ac483220082db7f3ca50b2982280642.zip, 67483, 200
02/19/2013 23:54:19, 1, https://plus.google.com/u/0/b/102818024478962731382/, ec582f396a9097657d4bf61d9e16bd4c.zip, 74780, 200
02/19/2013 23:54:19, 1, http://www.stumbleupon.com/channel/wikiHow, e3124dda6ebede9624e7eb6497f51d55.zip, 65453, 200
02/19/2013 23:54:19, 1, http://www.wikihow.com/Category:Travel, 1b2719511b03ea72b04a84c4c5fb6028.zip, 60381, 200
02/19/2013 23:54:19, 1, http://www.wikihow.com/Category:WikiHow, 676aa9681cd24c0c82f1b9fa28f327fe.zip, 65091, 200
02/19/2013 23:54:19, 1, https://market.android.com/details?id=com.wikihow.wikihowapp, c0f4b2aece39d9774322a535f74f64a0.zip, 81494, 200
02/19/2013 23:54:19, 1, http://www.wikihow.com/Category:Work-World, c9dfc5314fca8e02649bdf93f3ce91d8.zip, 70432, 200
02/19/2013 23:54:19, 1, http://www.wikihow.com/Category:Youth, e2d94d4dda2c73f6189834de55236f08.zip, 64647, 200
02/19/2013 23:54:19, 1, http://www.wikihow.com/wikiHow:Creative-Commons, c5437885261adb396a7c160bac8250a4.zip, 36256, 200
02/19/2013 23:54:19, 1, https://twitter.com/share, 6981627dee2f080594985d61faab88f3.zip, 4599, 200
02/19/2013 23:54:19, 1, http://gizmodo.com/, 096979efd50c418ff9421575ec4818a8.zip, 135762, 200
02/19/2013 23:54:19, 1, http://gizmodo.com, b276a550d6846e76abfb5e0e83c190ce.zip, 135762, 200
02/19/2013 23:54:19, 1, http://www.wikihow.com/Powered-and-Inspired-by-Mediawiki, 3c02d61859ba99efce1adff8803b96e5.zip, 37630, 200
02/19/2013 23:54:20, 1, http://gizmodo.com/5954354/\, faa7fa383bbd2ecc3b28c6fddf2e29c4.zip, 121243, 200
02/19/2013 23:54:20, 1, http://wikihow.tumblr.com/, e7a8dd1832cba3d4d3a9e5925b8c6389.zip, 130275, 200
02/19/2013 23:54:20, 1, http://gizmodo.com/github/, c099a11a2eac217bd44ce1fe138fbf94.zip, 99416, 200
02/19/2013 23:54:20, 1, http://gizmodo.com/love/, c615b14e14b557f7a8ea4f480ec85338.zip, 153443, 200
02/19/2013 23:54:20, 1, http://gizmodo.com/people/caseychan, 16f79349bb894f1041782573a5a4e69b.zip, 56954, 200
02/19/2013 23:54:20, 1, http://gizmodo.com/online-dating/, e51259ff5628d189bbb475d3102ebc2e.zip, 140586, 200
02/19/2013 23:54:20, 1, http://gizmodo.com/author/17h19vq2jqurv.xml, , 0, OTHER_EXCEPTION
02/19/2013 23:54:21, 1, http://gizmodo.com/dating/, 329957709494f48b8e0b8931d235448b.zip, 155526, 200
02/19/2013 23:54:21, 1, http://gizmodo.com/5985353/exclusive-the-burger-king-and-jeep-hacker-is-probably-this-dj-from-new-england?utm_source=gizmodo.com&utm_medium=recirculation&utm_campaign=recirculation, 742cd4775f139b9429746e394662cf31.zip, 115615, 200
02/19/2013 23:54:21, 1, http://gizmodo.com/coding/, 630b2e3e99ed416a688a2008b49751bb.zip, 152874, 200
02/19/2013 23:54:21, 1, http://www.shutterstock.com/, efdf2d7a89da39705b447b21bb028a59.zip, 42729, 200
02/19/2013 23:54:21, 1, http://gawker.com/5985330/are-you-eating-horse-europes-growing-horsemeat-scandal-explained?utm_source=gizmodo.com&utm_medium=recirculation&utm_campaign=recirculation, f624cc1628a1802825d42fab1c0de340.zip, 111640, 200
02/19/2013 23:54:21, 1, http://deadspin.com/, 55ddc48638e1d375c3fa86e5b938fdcb.zip, 138952, 200
02/19/2013 23:54:21, 1, http://gawker.com/, 0b535b7bda80c7e7dd8d7d27fe3d9248.zip, 138950, 200
02/19/2013 23:54:21, 1, http://lifehacker.com/, d26e7bcde95a0e5ed96e07245898c2f0.zip, 140963, 200
02/19/2013 23:54:21, 1, http://lifehacker.com/5985218/want-an-exercise-routine-youll-stick-to-ask-yourself-these-questions?utm_source=gizmodo.com&utm_medium=recirculation&utm_campaign=recirculation, 5164194626fe82fda24edb8497dac960.zip, 111127, 200
02/19/2013 23:54:21, 1, http://deadspin.com/5985288/which-sport-produces-the-worst-parents?utm_source=gizmodo.com&utm_medium=recirculation&utm_campaign=recirculation, 3de528d49470e67f770707dcf75fdd4f.zip, 118746, 200
02/19/2013 23:54:21, 1, http://kotaku.com/, 663f68bbd003fdf7059ce2f97541435e.zip, 138797, 200
02/19/2013 23:54:21, 1, http://kotaku.com/5985356/source-the-ps4-will-be-out-this-november-and-youll-be-able-to-control-it-with-your-phone?utm_source=gizmodo.com&utm_medium=recirculation&utm_campaign=recirculation, 7c532eba7f2601b52aabbb912d15580d.zip, 110605, 200
02/19/2013 23:54:21, 1, https://plus.google.com/108982194666919319075?rel=author, 29dd7e968bb128176116413bfd7b796e.zip, 67039, 200
02/19/2013 23:54:21, 1, http://www.shutterstock.com/gallery-426622p1.html, 878fa848ab8f025e5474e2ec8b501e26.zip, 155250, 200
02/19/2013 23:54:22, 1, http://jezebel.com/5985122/why-dont-women-say-im-pretty-here-are-ten-reasons?utm_source=gizmodo.com&utm_medium=recirculation&utm_campaign=recirculation, d376dcdfe0ebec2916266118f3e516fa.zip, 107136, 200
02/19/2013 23:54:22, 1, http://jezebel.com/, 64e39102db88e50004d8e395f5c81cde.zip, 140718, 200
02/19/2013 23:54:22, 1, http://gizmodo.com/me, 65afad0f11451433ce5e15b633125f5f.zip, 56926, 200
02/19/2013 23:54:22, 1, http://gizmodo.com/search, c69e6a545ab7349dc41ae1e9fd468fce.zip, 57479, 200
02/19/2013 23:54:22, 1, http://gizmodo.com/5985422/proof-that-the-chinese-government-is-behind-a-ridiculous-amount-of-hacking?popular=true, 07d61d229090aad44966b7493e3f84a3.zip, 121453, 200
02/19/2013 23:54:22, 1, http://gizmodo.com/5985377/the-best-dad-ever-has-been-illustrating-his-kids-lunch-bags-every-school-day-since-2008?popular=true, 9eb3025f0c2225f620c35dd45f2ded08.zip, 121453, 200
02/19/2013 23:54:22, 1, http://gizmodo.com/5985455/the-9-coolest-movie-collectibles-you-can-buy-on-amazon-right-now?popular=true, e65a1c2caeb2765d9bfa8c2459b04ea2.zip, 154441, 200
02/19/2013 23:54:22, 1, http://gizmodo.com/5985353/exclusive-the-burger-king-and-jeep-hacker-is-probably-this-dj-from-new-england?popular=true, 4c9b892910932f7b4d01069a332bd965.zip, 144420, 200
02/19/2013 23:54:22, 1, http://io9.com/, ccc525d6213beb78315d1e39b0977425.zip, 139587, 200
02/19/2013 23:54:22, 1, http://io9.com/5985199/how-one-mans-lies-almost-destroyed-the-comics-industry?utm_source=gizmodo.com&utm_medium=recirculation&utm_campaign=recirculation, 9a4afc621f04302bc9ea82884bb8b369.zip, 117045, 200
02/19/2013 23:54:22, 1, http://www.tumblr.com/share/link?url=http%3A%2F%2Fgizmodo.com%2F5954354%2Fcan-this-girl-find-love-on-a-coding-website&name=Online+Dating%3A+Can+This+Girl+Find+Love+on+a+Coding+Website%3F%28via+%40Gizmodo%29&description=It%27s+not+totally+unlike+online+dating+but+Noriko+Higashi%2C+a+programmer+at+a+social+gaming+company%2C+posted+a+request+for+a+boyfriend+on+GitHub%2C+the+social+coding+platform%2C+outlining+what+she+wants+in+a+partner., d11ff622b302fe13c197d214ceb5ee6d.zip, 5209, 200
02/19/2013 23:54:22, 1, http://gizmodo.com/5985419/the-happiest-and-saddest-places-in-the-country-as-told-by-your-tweets?popular=true, 0575d70ecba31432fa5549da9039116d.zip, 137145, 200
02/19/2013 23:54:22, 1, http://gizmodo.com/5985326/htc-one-hands-on-exactly-how-youre-supposed-to-build-a-phone?popular=true, c6f1ae0df6eefbb88ad4253ccd01f67b.zip, 149595, 200
02/19/2013 23:54:22, 1, http://gizmodo.com/htc-one/, 6894c06d9fb200ec8036af6c2aa3fecf.zip, 97160, 200
02/19/2013 23:54:22, 1, http://gizmodo.com/5985348/what-is-an-ultrapixel?popular=true, fe5514a1a8f5fbc9e3f2d140601d08e7.zip, 135231, 200
02/19/2013 23:54:22, 1, http://gizmodo.com/hackers/, 046ef4a998aa8c90c81ab137c4ebbf4e.zip, 151217, 200
02/19/2013 23:54:22, 1, http://gizmodo.com/5985445/report-this-is-the-site-hacking-all-those-companies?popular=true, c38cb2b87bd3354cac971e5d78e41975.zip, 120679, 200
02/19/2013 23:54:22, 1, http://gizmodo.com/5985459/t+mobile-becomes-the-newest-carrier-to-offer-a-no+contract-plan?popular=true, b0e62b6ed56f4ca72449ab93234aa698.zip, 121598, 200
02/19/2013 23:54:22, 1, http://jalopnik.com/these-are-some-of-the-maharajas-old-pieces-of-american-280511427?utm_source=gizmodo.com&utm_medium=recirculation&utm_campaign=recirculation, 850ff5120a06f0c437242db3ab44d61d.zip, 32224, 200
02/19/2013 23:54:22, 1, http://gizmodo.com/5985381/this-tiny-toy-camera-is-your-deal-of-the-day?popular=true, 615551610b6efaeacf88cb17dcddfd6e.zip, 153741, 200
02/19/2013 23:54:22, 1, http://twitter.com/caseychan, c4187d90f2b09843ebf6f2fe2b2f1d36.zip, 25893, 200
02/19/2013 23:54:22, 1, http://gizmodo.com/5985379/apple-hacked?popular=true, 4d57a98cf48a2c10c51ef5462b60201f.zip, 119136, 200
02/19/2013 23:54:22, 1, http://gizmodo.com/collection/, 719aa983d85ca3008990324d3777e282.zip, 179113, 200
02/19/2013 23:54:22, 1, http://gizmodo.com/5985454/sunrise-the-forces-of-many-apps-unite-for-a-better-calendar?popular=true, e87a728570e0ec0c7b0fdebb082ceecc.zip, 123008, 200
02/19/2013 23:54:22, 1, http://gizmodo.com/twitter/, c1df864fbc77c49dc1da3c439f48dab9.zip, 153906, 200
02/19/2013 23:54:22, 1, http://gizmodo.com/cellphones/, 90d7a9b7ac0efdb3284b142db455cd0b.zip, 159021, 200
02/19/2013 23:54:22, 1, http://gizmodo.com/5985149/paul-vo-has-made-an-entirely-new-and-impossibly-awesome-instrument?popular=true, 663657a413ce386c4d2f5d1a8b6276ff.zip, 135754, 200
02/19/2013 23:54:23, 1, http://gizmodo.com/5985328/htc-one-vs-everyone-else-how-does-it-stack-up?popular=true, 1f3753954de3d0b7d3ef8e8e5fce73cd.zip, 123337, 200
02/19/2013 23:54:23, 1, http://betabeat.com/2012/10/woman-posts-boyfriend-request-on-github-looking-for-someone-who-maintains-their-own-server/, 0a3882892935ff5ff8810687047bb73f.zip, 50259, 200
02/19/2013 23:54:23, 1, http://gizmodo.com/hacking/, 78e218bd7d013cd394a57c76b1d5fcd0.zip, 154096, 200
02/19/2013 23:54:23, 1, http://gizmodo.com/what-is/, b60f776110cf6de02d85716d022613cd.zip, 154787, 200
02/19/2013 23:54:23, 1, http://gizmodo.com/food/, d888b235c8c9f71c557f920e11dcff63.zip, 159712, 200
02/19/2013 23:54:23, 1, http://gizmodo.com/dealzmodo/, b5c93ac06889897ab85c73e7dc835d42.zip, 192349, 200
02/19/2013 23:54:23, 1, http://gizmodo.com/app-of-the-day/, 99a1b191b318897c44a20d0e863582cf.zip, 158482, 200
02/19/2013 23:54:23, 1, http://gizmodo.com/5985374/the-incredible-creation-and-destruction-of-an-entire-city-in-the-avengers?popular=true, 241efdebd2815eca8cbd7acbda1dda4f.zip, 121700, 200
02/19/2013 23:54:23, 1, http://twitter.com/share?url=http%3A%2F%2Fgizmodo.com%2F5954354%2Fcan-this-girl-find-love-on-a-coding-website&text=Online+Dating%3A+Can+This+Girl+Find+Love+on+a+Coding+Website%3F+-+%40Gizmodo, f9b67e01b69e2640bca90d881a587354.zip, 1937, 200
02/19/2013 23:54:23, 1, http://gizmodo.com/5984947/crazy-guy-remasters-320x240-doom-screenshot-into-a-9600x7211+pixel-photoshop-image?popular=true, ea11e382848aa72ed4a76268014b70f6.zip, 128859, 200
02/19/2013 23:54:23, 1, http://gizmodo.com/audio/, 455bd5dedf099bb33ac4ee24873eda6b.zip, 188353, 200
02/19/2013 23:54:23, 1, http://gizmodo.com/5985305/htcs-great-white-hype-is-here?popular=true, 2b84c22052e5d4ae97be49d0458f81df.zip, 138188, 200
02/19/2013 23:54:23, 1, http://jalopnik.com/, d8d130a65f311896e6731cc322ea0f38.zip, 174985, 200
02/19/2013 23:54:23, 1, http://gizmodo.com/smartphones/, ef684503609d92c495aef441ac99598a.zip, 157698, 200
02/19/2013 23:54:23, 1, http://gizmodo.com/5985291/nvidia-titan-a-massive-gpu-that-might-be-unbeatable?popular=true, 53dbe2fb5397126906c939d4d899a923.zip, 146027, 200
02/19/2013 23:54:23, 1, http://gizmodo.com/htc/, 21f35e89831e79904a1edded8432563d.zip, 169787, 200
02/19/2013 23:54:23, 1, http://gizmodo.com/5983229/joey-roth-ceramic-subwoofer-wonderful-elegant-and-sadly-not-for-everyone?popular=true, d21d8656ec0ea8423333af15f6e9bcc7.zip, 145457, 200
02/19/2013 23:54:23, 1, http://gizmodo.com/5985423/one-swedish-made-light-enlarging-lamp?popular=true, a0dcd3ca538af838722a04ea95d606ef.zip, 121712, 200
02/19/2013 23:54:23, 1, http://gizmodo.com/5985269/how-graphene-could-transform-the-gadgets-of-the-future?popular=true, 37ad81d0a1fb33afc9dcfd4db3b60b52.zip, 121079, 200
02/19/2013 23:54:23, 1, http://gizmodo.com/5985343/debunking-scott-brown-why-theres-now-way-that-drunk-tweet-was-a-butt-tweet?popular=true, 8865c90bd1d17f538d37648c4cdc357b.zip, 122805, 200
02/19/2013 23:54:23, 1, http://gizmodo.com/special-effects/, d78bfa934c554953f36f6efb49c1e1e0.zip, 159985, 200
02/19/2013 23:54:23, 1, http://gizmodo.com/5984637/phillips-norelco-click--style-razor-a-warm-welcome-electric-shaves?popular=true, 03cad0b23621ddeb9ec4d4975c2638f4.zip, 139205, 200
02/19/2013 23:54:23, 1, http://gizmodo.com/5985339/the-worlds-fastest-electric-boat-skims-over-the-sea-at-86-knots?popular=true, 1d403046796772c0e451e3045b515803.zip, 136870, 200
02/19/2013 23:54:23, 1, http://gizmodo.com/butt-tweets/, 26b878b1c3386400fe147fc33b667fce.zip, 60108, 200
02/19/2013 23:54:23, 1, http://gizmodo.com/photoshop/, cb78d423c3d44b0357bf306ae05d5798.zip, 164758, 200
02/19/2013 23:54:23, 1, http://gizmodo.com/5985260/russian-meteorite-exploded-with-30-times-the-energy-released-by-the-hiroshima-atomic-bomb?popular=true, 96b53697b84d1019326ad2a2608dc03a.zip, 122401, 200
02/19/2013 23:54:23, 1, http://gizmodo.com/guts/, 3355c11201ef258b9b1c1d27967ecacd.zip, 155063, 200
02/19/2013 23:54:23, 1, http://gizmodo.com/5985227/20-amazing-photos-of-food-as-art?popular=true, 43e68f232c978cfc3a997f39132f162a.zip, 139779, 200
02/19/2013 23:54:23, 1, http://gizmodo.com/wish-you-were-here/, 463598df89b818802c9828c04a0e59c9.zip, 160558, 200
02/19/2013 23:54:23, 1, http://gizmodo.com/about/, 581d02950ba0d39ad93c8495e14c9342.zip, 131440, 200
02/19/2013 23:54:23, 1, http://gizmodo.com/lightning-review/, 5d52dc7f061e8282a16d8cc7d45f1327.zip, 180370, 200
02/19/2013 23:54:23, 1, http://gizmodo.com/science/, f58295b2e4b59756303c56753a7b2cc4.zip, 159497, 200
02/19/2013 23:54:23, 1, http://gizmodo.com/monster-machines/, 0de591684ed934be8b77e6e3dfe5770d.zip, 177785, 200
02/19/2013 23:54:24, 1, http://gizmodo.com/shooting-challenge/, ad5f1d6f6f357a7cae03203b76ff1a8c.zip, 172921, 200
02/19/2013 23:54:24, 1, http://gizmodo.com/about/#subscribe, 73acb9442c0fb87385d4de0ccefca54c.zip, 131440, 200
02/19/2013 23:54:24, 1, http://gizmodo.com/meteorite/, fdcc6918f154295523344fe9d0fc004f.zip, 156118, 200
02/19/2013 23:54:24, 1, http://gawker.com/jobsatgawker, e03687d6e0b76848743b26e29bbf5bdb.zip, 71715, 200
02/19/2013 23:54:24, 1, http://www.pyladies.com/locations/, b6e252a49a69af1e155b41d408ba1a09.zip, 12687, 200
02/19/2013 23:54:24, 1, http://www.pyladies.com/resources/, 7fef0d9375e9b0239bb342024af5c41a.zip, 13553, 200
02/19/2013 23:54:24, 1, http://www.pyladies.com/blog/, 66127b82cb93115e9056b69a44e7c41e.zip, 25136, 200
02/19/2013 23:54:24, 1, http://www.pyladies.com/CodeOfConduct/, f2dec533dcd3824e8b122778b8f2c4b1.zip, 7188, 200
02/19/2013 23:54:24, 1, http://www.pyladies.com/blog/PyLadies-Lunch-at-PyCon/, 0d40120112b09f6ba4b6ec0b9593bb36.zip, 6647, 200
02/19/2013 23:54:24, 1, http://www.pyladies.com/about/, 8b5b9a9f7c7947d0b932f2bd62e34dc5.zip, 6772, 200
02/19/2013 23:54:24, 1, http://advertising.gawker.com/legal/permissions/, 8e6bc68b757bdf3ed58fe4083ce2509f.zip, 7489, 200
02/19/2013 23:54:24, 1, http://advertising.gawker.com/legal/privacy-policy/, 37cc70f929b74db7d615eb8aaa9d3143.zip, 17093, 200
02/19/2013 23:54:24, 1, http://advertising.gawker.com/, 6ef004b39008846e9f83ee171c88ef97.zip, 9848, 200
02/19/2013 23:54:24, 1, http://advertising.gawker.com/legal/, 032047d88ab9c3acc34a9fb221d1516f.zip, 24355, 200
02/19/2013 23:54:24, 1, https://www.twitter.com/wikihow, b1e2e96154bf681aa18fad479f5649d9.zip, 216048, 200
02/19/2013 23:54:24, 1, http://parsely.com, 1b69998d01cf935c4d1624426f537b08.zip, 15319, 200
02/19/2013 23:54:24, 1, http://help.gawker.com/home/, 577bf91f1dc91941f02896e16392ae85.zip, 24227, 200
02/19/2013 23:54:24, 1, http://www.pyladies.com/blog/pyladies-speaking-at-pycon/, f4b46f01b757bb64829dd5740de02529.zip, 9350, 200
02/19/2013 23:54:24, 1, http://www.pyladies.com/blog/pycon-proposal-brainstorm-session-aug-27th/, 708053fda518986baea6e90f2ffbcf1b.zip, 6591, 200
02/19/2013 23:54:25, 1, http://www.pyladies.com/blog/djangocon-in-dc/, 4a64a9e59264f85f5f261b637eff3bd2.zip, 11750, 200
02/19/2013 23:54:25, 1, http://www.pyladies.com/blog/government-fellowship-opportunity/, 3cf482db3f01ac00ed30065e5f7c62a4.zip, 6701, 200
02/19/2013 23:54:25, 1, http://www.pyladies.com/blog/python-it-up-in-rio/, 284e330e5da82d792e4b0e87abaca69b.zip, 6602, 200
02/19/2013 23:54:25, 1, http://www.pyladies.com/blog/jessica-mckellar-to-be-keynote-speaker-at-djangocon-europe/, 36884d63e18a4ba01fa1dc9d4673dc2c.zip, 6610, 200
02/19/2013 23:54:25, 1, http://www.pyladies.com/blog/sf-pyladies-first-workshop-build-your-own-blog/, 69454c91fd7c3f38cf649cd8ef2813bc.zip, 6601, 200
02/19/2013 23:54:25, 1, http://mynt.mirroredwhite.com/quickstart/, f819fbe737613d88642f9af351a612ce.zip, 16801, 200
02/19/2013 23:54:25, 1, http://mynt.mirroredwhite.com/docs/, 4324205e4b368f30915d12b0b8d1ff6e.zip, 21675, 200
02/19/2013 23:54:25, 1, http://www.roguelynn.com/2012/08/25/pycon-proposal-brainstorming-via-google-hangout/, , 0, 404
02/19/2013 23:54:25, 1, http://www.pyladies.com/blog/bay-area-girl-geek-dinner-at-yelp/, f08da4f2670cdc8cc2cc60d624cb547d.zip, 6857, 200
02/19/2013 23:54:25, 1, http://www.pyladies.com/blog/sf-study-group/, 3ee00d814d8632e0727dd73f5ed331c7.zip, 6117, 200
02/19/2013 23:54:25, 1, http://www.pyladies.com/blog/workshop-planning-session-python-ladies-night-2-recap/, 75bbf4c60f8f1e697eca689f262efebf.zip, 10271, 200
02/19/2013 23:54:25, 1, http://www.pyladies.com/blog/Welcome-to-mynt/, deaf23a1a7ae24dff84852889a51eb59.zip, 5736, 200
02/19/2013 23:54:25, 1, http://www.roguelynn.com/2012/03/28/girl-geek-dinner/, , 0, 404
02/19/2013 23:54:26, 1, http://www.roguelynn.com/2012-05-16-pyladies-first-workshop-build-your-own-blog/, , 0, 404
02/19/2013 23:54:26, 1, http://therealkatie.net/blog/, 4ae8ab0b11f0b5d1558de9e0a4340e3f.zip, 124368, 200
02/19/2013 23:54:26, 1, http://www.pyladies.com/blog/pyladies-in-the-news/, c39ad649dc9ccc3b196dcb4ea239151c.zip, 5969, 200
02/19/2013 23:54:26, 1, http://webchat.freenode.net/?channels=mynt, 8c6b32ee9a14d2bf9023dfad18f025d9.zip, 1322, 200
02/19/2013 23:54:26, 1, http://www.pyladies.com/blog/get-the-most-out-of-your-conference-going-experience/, 7f448876410ee233991e3de7819759cc.zip, 6695, 200
02/19/2013 23:54:26, 1, http://www.pyladies.com/static/blog/pyladies-at-pycon-2012, , 0, 404
02/19/2013 23:54:26, 1, http://www.pyladies.com/blog/call-for-applications-and-sponsors-for-pyladies-pycon-us-2012/, 8e96bb8fa6ab41daaada0532b0157564.zip, 7963, 200
02/19/2013 23:54:26, 1, https://us.pycon.org/2013/schedule/talks/list/, d3428959dde95b9b254bdf559c4e80ba.zip, 191789, 200
02/19/2013 23:54:26, 1, http://therealkatie.net/blog/2012/aug/7/djangocon-dc-tips/, 766f5eba84274867e500d7e3d4541539.zip, 17327, 200
02/19/2013 23:54:26, 1, http://twitter.com/roguelynn, e4646277e3182e87335b7bcf098eb221.zip, 25128, 200
02/19/2013 23:54:26, 1, http://blogs.laweekly.com/arts/2012/02/pyladies_django_python.php, dadaf53f1ff9deb24caae2dfc9670a28.zip, 115497, 200
02/19/2013 23:54:27, 1, http://2012.djangocon.eu/, c198b9e6f5c113b91ed78996cd1f91b6.zip, 20955, 200
02/19/2013 23:54:27, 1, http://www.pyladies.com/blog/recaps-october-hackathon-at-idealab-november-beginners-workshop-at-usc/, 0f6dc629b2b1de10a70a9375df3e8109.zip, 9257, 200
02/19/2013 23:54:27, 1, http://www.pyladies.com/blog/pyladies-at-pycon-2012/, 1e98c6b71c5007c3610eab70a0e732f6.zip, 5792, 200
02/19/2013 23:54:27, 1, http://2012.djangocon.eu/blog/announcing-our-second-keynote-speaker-jessica-mcke/, a0b30e50c0585a70bc5537c7e2b59473.zip, 18397, 200
02/19/2013 23:54:27, 1, http://us.pycon.org, e6605e38fdc87cf542b0239c34808d72.zip, 13832, 200
02/19/2013 23:54:27, 1, http://twitter.com/pyladiessf, 82df7b3bfaca372def8b82596d68c6fe.zip, 26490, 200
02/19/2013 23:54:27, 1, http://www.pyladies.com/blog/djangocon-sponsorship-program-results/, a6c4b5bc6bdea859aaf504f94f931b27.zip, 6881, 200
02/19/2013 23:54:27, 1, http://www.pyladies.com/blog/djangsta-shirts-on-sale-at-djangocon/, 4986ce9d77f84e7cc2cd3b560a88d2b8.zip, 5888, 200
02/19/2013 23:54:27, 1, http://www.pyladies.com/blog/pyladies-meetup-at-djangocon/, 99e87bd7fe068361acf59dddc67c7dcd.zip, 6004, 200
02/19/2013 23:54:27, 1, http://www.pyladies.com/blog/mid-august-news-bites/, 7b4530d90353c70f7be6e51564fe3da2.zip, 7952, 200
02/19/2013 23:54:27, 1, https://docs.google.com/spreadsheet/viewform?formkey=dEtUbUZxZWN6V3FGdkVydEtvU2ZwMUE6MQ, 80c28360abab62a7fb7dd224ea88c23f.zip, 1216, 200
02/19/2013 23:54:27, 1, http://pyladies.com/feed.xml, , 0, OTHER_EXCEPTION
02/19/2013 23:54:27, 1, https://openhatch.org/blog/2012/diversifying-pycon-the-power-of-cooperative-outreach/, 0900e1116ba2f21da6c787d616be2b66.zip, 24606, 200
02/19/2013 23:54:28, 1, http://twitter.com/kjam, d9142b54087c25eedc628e5bf4a45209.zip, 25299, 200
02/19/2013 23:54:28, 1, http://twitter.com/sandymahalo, 40ab7f051f099b71cc9d72332ff3476a.zip, 23606, 200
02/19/2013 23:54:28, 1, http://bayareagirlgeekdinners.com, 089f426086ae49e8b23fc14c47a01456.zip, 74941, 200
02/19/2013 23:54:29, 1, http://www.pyladies.com/blog/django-workshop-and-hackathon-july-23rd/, c4520fd526baf5863529512d036d642c.zip, 7737, 200
02/19/2013 23:54:29, 1, http://www.pyladies.com/blog/djangsta-shirts-extra-print-run/, 3da8e54b5b4b72c97448cde9642aeb95.zip, 6526, 200
02/19/2013 23:54:29, 1, http://www.pyladies.com/blog/recap-pyladies-at-djangocon-2011/, 058a6c7e65968ec920fc0e12ad74cf5b.zip, 14523, 200
02/19/2013 23:54:29, 1, http://www.pyladies.com/blog/introduction-to-django-at-mahalo-july-23rd-pyladies-workshop/, d76233851e2f0bf36e175d0b500f4c7d.zip, 10350, 200
02/19/2013 23:54:29, 1, http://www.socallinuxexpo.org/, b697181826abc8d750cd4e785f5bcaf1.zip, 60781, 200
02/19/2013 23:54:29, 1, http://www.pyladies.com/blog/call-for-sponsorship/, 8093dec9c368d0343858a55074d50fde.zip, 8438, 200
02/19/2013 23:54:29, 1, http://www.pyladies.com/blog/recap-june-2011-hollywood-hackathon-at-border-stylo/, ba88ba3d033d934bc0f6965ad089715b.zip, 11770, 200
02/19/2013 23:54:29, 1, http://us.pycon.org/2012, e3669680d98df3c1a6849e944f68cac6.zip, 21331, 200
02/19/2013 23:54:30, 1, http://socal-piggies.org, cac37436c09a85b7a49fe9351ae0e9d4.zip, 91, 200
02/19/2013 23:54:30, 1, http://www.pyladies.com/static/blog/3_intro-to-python-workshop-recap.html, , 0, 404
02/19/2013 23:54:30, 1, http://www.pyladies.com/blog/first-python-ladies-night-recap/, 10aedaee56f643fae51bd9c4c8984f4a.zip, 6686, 200
02/19/2013 23:54:30, 1, http://www.pyladies.com/blog/python-ladies-night-3-on-june-2-2011/, e3e0fba40aec94b6e43c0f2ff10335bc.zip, 6172, 200
02/19/2013 23:54:30, 1, http://www.pyladies.com/blog/pyladies-intro-to-python-workshop-recap/, 8a95014c5fbdb2ffda2afc0e4f261ca8.zip, 9697, 200
02/19/2013 23:54:30, 1, http://www.pyladies.com/blog/great-turnout-at-python-ladies-night-3/, e06d007609431689590f5bc1af7f8029.zip, 6193, 200
02/19/2013 23:54:30, 1, http://www.pyladies.com/sponsor/, 4a2c3145397922991e10ee843e6fcaff.zip, 6273, 200
02/19/2013 23:54:30, 1, http://djangocon.us, 9f4256cc1e3cf9b894ff37c7d7d468aa.zip, 15134, 200
02/19/2013 23:54:30, 1, http://backcode.com/pyladies-hackathon-the-idea-lab/, cef1421a177f80d06408750c8c4d6f71.zip, 10680, 200
02/19/2013 23:54:30, 1, http://creativecommons.org/licenses/by-sa/3.0/, 643eb4cd71b9b7735efd049f964871ad.zip, 20930, 200
02/19/2013 23:54:30, 1, https://plus.google.com/communities/108807002736066163985, 009e73386d19ba608920bd848302ec90.zip, 92359, 200
02/19/2013 23:54:30, 1, http://www.meetup.com/ladjango/, ca4c675b7e6b2d5833dcafada301a11c.zip, 114287, 200
02/19/2013 23:54:30, 1, http://twitter.com/jacobburch, e016a14a9987e1f72687542aa2079a04.zip, 24469, 200
02/19/2013 23:54:30, 1, http://eskills4future.wordpress.com/e-skills/, 44491e1fe263bc2a6ef2fdd97130614b.zip, 47528, 200
02/19/2013 23:54:30, 1, http://eskills4future.wordpress.com/about/, 1395fd8b1adb322e9a0200d8f207c938.zip, 53012, 200
02/19/2013 23:54:31, 1, http://eskills4future.wordpress.com/2012/06/02/301/#content, cd49fe6df24af3eb7ab9cbc249b11a7c.zip, 43514, 200
02/19/2013 23:54:31, 1, http://henrikwarne.com, 8e4d393131289626d121d49b2c391356.zip, 53220, 200
02/19/2013 23:54:31, 1, http://eskills4future.wordpress.com/tag/programming/, a608863b180840810fce2e0d50184fff.zip, 66116, 200
02/19/2013 23:54:31, 1, http://eskills4future.wordpress.com/author/eskills4future/, 68d7b3abcb6d4acf3f320f549ec99d0e.zip, 69528, 200
02/19/2013 23:54:31, 1, http://eskills4future.wordpress.com/tag/why-to-code/, adafd93e9b8ea416fb81c8d9a57e3a46.zip, 53823, 200
02/19/2013 23:54:31, 1, http://eskills4future.wordpress.com/2012/05/12/interested-in-coding-but-dont-know-where-to-start/, 09fa23fe366f225b4b2c62a07860cb19.zip, 62475, 200
02/19/2013 23:54:31, 1, http://eskills4future.wordpress.com/, f99cd1b56e9236220c20cdb585809da8.zip, 73647, 200
02/19/2013 23:54:31, 1, http://eskills4future.wordpress.com/tag/coding/, bf00f0a462c152f340f0c2bb8745547a.zip, 65633, 200
02/19/2013 23:54:31, 1, http://eskills4future.wordpress.com/2012/02/27/what-can-you-do-with-e-skills/, 28801971c8b064305fa6f19afbec62fa.zip, 51979, 200
02/19/2013 23:54:31, 1, http://www.pyladies.com/blog/thank-you-python-software-foundation/, 7ed14394775374c0059efc73ebab6233.zip, 5609, 200
02/19/2013 23:54:31, 1, http://eskills4future.wordpress.com/2012/05/25/why-should-i-learn-to-code/, 50c900480a1b9fbb377034cd721ef166.zip, 119610, 200
02/19/2013 23:54:31, 1, http://cars.com, 1bb72aa34d41022f2a39f6e40092a298.zip, 43278, 200
02/19/2013 23:54:31, 1, http://eskills4future.wordpress.com/2012/06/02/301/#comment-form-guest, 67f791116a132fc0cb21fbcbd5508eb2.zip, 43509, 200
02/19/2013 23:54:31, 1, http://eskills4future.wordpress.com/2012/06/02/301/#comment-form-load-service:Facebook, 60666cd4cf45b68528a1a96b42fa2f8e.zip, 43589, 200
02/19/2013 23:54:31, 1, http://eskills4future.wordpress.com/2012/06/02/301/#comment-form-load-service:WordPress.com, 6d73efb834b4da8d4772d65bed624d73.zip, 43586, 200
02/19/2013 23:54:31, 1, http://twitter.com/jeffschenck, 50448f9d49ffa1cabf23e77226e353d2.zip, 27905, 200
02/19/2013 23:54:31, 1, http://eskills4future.wordpress.com/2012/06/02/301/#comment-form-load-service:Twitter, 71ab35fc2da3320d0fc76c1a729a81c2.zip, 43586, 200
02/19/2013 23:54:31, 1, http://www.amazon.com/The-Mythical-Man-Month-Engineering-Anniversary/dp/0201835959, c7fa13f18bf4db63337ea591734df173.zip, 331122, 200
02/19/2013 23:54:31, 1, http://eskills4future.wordpress.com/category/learn-to-code-2/, 3a181622261491418def4bd42dc9a688.zip, 64007, 200
02/19/2013 23:54:31, 1, http://mahalo.com, 1bb944857a4a6dd7e868cb938a77e44d.zip, 175978, 200
02/19/2013 23:54:32, 1, http://eskills4future.wordpress.com/2012/12/04/wanted-ict-skills/, f2422db20b3986feec3d737e1552f08c.zip, 55272, 200
02/19/2013 23:54:32, 1, http://eskills4future.wordpress.com/2012/06/01/299/, 380b2664919e5993d64aa2a7a7d84ff5.zip, 42890, 200
02/19/2013 23:54:32, 1, http://eskills4future.wordpress.com/2012/08/27/programmers-what-do-you-really-do/, ce38a2503bf026c283c9fdaabdf780c8.zip, 54049, 200
02/19/2013 23:54:32, 1, http://eskills4future.wordpress.com/2012/11/10/working-in-games-industry/, 50b339011127db10766841c88cfac212.zip, 43582, 200
02/19/2013 23:54:32, 1, http://eskills4future.wordpress.com/2012/07/10/learn-web-development-this-summer/, 13f89d7956328a85c0d9042292f62af5.zip, 55379, 200
02/19/2013 23:54:32, 1, http://eskills4future.wordpress.com/2012/09/10/pearltrees/, 603ee3d79e0bee591dcc30d7c260e0ce.zip, 52087, 200
02/19/2013 23:54:32, 1, http://eskills4future.wordpress.com/2012/06/07/why-coding-is-good-for-you/, 9fb0c6ff206833356b1773b1e591b1d4.zip, 56198, 200
02/19/2013 23:54:32, 1, http://eskills4future.wordpress.com/2012/06/02/301/#respond, 44d0fe16f32abfdebedc77f7c712eefd.zip, 43510, 200
02/19/2013 23:54:32, 1, http://eskills4future.wordpress.com/2012/03/04/with-e-skills-theres-a-job-for-you-14/, 3a2cea494d01848667c39ead7356551c.zip, 51928, 200
02/19/2013 23:54:32, 1, http://eskills4future.wordpress.com/tag/computers/, 1d0708ac0f3f6f91605bccbd2182b6bd.zip, 60728, 200
02/19/2013 23:54:32, 1, https://twitter.com/PyLadies_pdx/pyladies-chapters, 0a97025b754a4da650696d10e07d1f50.zip, 209286, 200
02/19/2013 23:54:32, 2, http://www.youtube.com/user/aspjapantour, 081b4ca642e0e9c08119d98bc5d7a7da.zip, 85479, 200
02/19/2013 23:54:32, 2, http://www.youtube.com/user/aspeurope, a96b1428a8e933438f2506d486420fd4.zip, 105203, 200
02/19/2013 23:54:32, 2, http://www.youtube.com/user/Ripcurl, de4edd76e9b8ed594df26a92837ce1f9.zip, 68744, 200
02/19/2013 23:54:32, 1, http://eskills4future.wordpress.com/2012/03/04/e-skills-week-2012-18/, 359fdfeec6baae1bcea592a38cad4a1c.zip, 52951, 200
02/19/2013 23:54:32, 2, http://www.youtube.com/feed/UCRhad9Ho4_YmB4pTuAjSr2g, 9fc9c5a4a89fcc3a27e6f17489039f55.zip, 113984, 200
02/19/2013 23:54:32, 2, http://www.youtube.com/feed/UCNye-wNBqNL5ZzHSJj3l8Bg, 302e15650e06bfe6644b5c67a9f24f0b.zip, 188656, 200
02/19/2013 23:54:32, 2, http://www.youtube.com/user/ASPAustralasia, 724871417227e9b138b6b6d60fd60aa9.zip, 73265, 200
02/19/2013 23:54:32, 2, http://www.youtube.com/Volcom, 657edfe2ac3e20d01c22f26afd94d99b.zip, 120803, 200
02/19/2013 23:54:32, 1, http://idealab.com, bd78ae30c910e1e8b92b83a33b526568.zip, 24651, 200
02/19/2013 23:54:32, 2, http://www.youtube.com/feed/UCkzRDjtq4ngMADh45j2KsJQ, 15c9626ce0194cc0f355479ac4844981.zip, 164582, 200
02/19/2013 23:54:32, 2, http://www.youtube.com/user/surfer, b9caee38bad96510042c8b751499c634.zip, 87630, 200
02/19/2013 23:54:32, 2, http://www.youtube.com/user/surfline, d9af69e3f9f5fc8f5d1cbd1926cc98f6.zip, 102099, 200
02/19/2013 23:54:32, 2, http://www.youtube.com/vans, 85821b14024cfcff1ebf396c01ae3d99.zip, 127962, 200
02/19/2013 23:54:32, 2, https://accounts.google.com/ServiceLogin?passive=true&amp;continue=http%3A%2F%2Fwww.youtube.com%2Fsignin%3Faction_handle_signin%3Dtrue%26hl%3Den_US%26next%3D%252F%253Ffeature%253Dsignin%26nomobiletemp%3D1&amp;hl=en_US&amp;service=youtube&amp;uilel=3, 736703ce2a6e3bfb63c6f0364ce8093b.zip, 74116, 200
02/19/2013 23:54:33, 2, http://www.youtube.com/user/SurfersvillageTV, 75c7cb0f5ca65270df4762258fa46990.zip, 111312, 200
02/19/2013 23:54:33, 2, http://www.youtube.com/user/copymark77, 2365f79b2c5a75cb4849a84eb3eb8b39.zip, 108716, 200
02/19/2013 23:54:33, 2, http://www.youtube.com/user/ASPWorldTour, 1b93b2374c872af0b2ac53258b5d030d.zip, 80850, 200
02/19/2013 23:54:33, 2, http://www.youtube.com/channel/HCxNuXea28x40, 19077082664059921dde18e1af0aeda3.zip, 80376, 200
02/19/2013 23:54:33, 2, http://www.youtube.com/user/ASPWorldTour?feature=g-user-u, f45d4558b80cbbaf65c17228aef6f04a.zip, 80598, 200
02/19/2013 23:54:33, 2, http://www.youtube.com/watch?v=2zI6L0H4_RY, d7cb61f5550c86fe1ec92d17e283e1e2.zip, 148619, 200
02/19/2013 23:54:33, 2, http://www.youtube.com/channel/HC_UeJgbSo9OE, 3ca0bcb107cde4b06ba42f9bed2ff1b9.zip, 79350, 200
02/19/2013 23:54:33, 2, http://www.youtube.com/feed/UChuLeaTGRcfzo0UjL-2qSbQ/u, bc772ae7ba6da9d2ff80a5d2f8a323d8.zip, 203562, 200
02/19/2013 23:54:33, 2, http://www.youtube.com/watch?v=7i-9yL1bDo0, 1de22fa04850bab064fd7a9d0d102e02.zip, 141359, 200
02/19/2013 23:54:33, 2, http://www.youtube.com/watch?v=EU85xIdG2RA, f4a5f03c99705ce178aa06f954d8db16.zip, 140305, 200
02/19/2013 23:54:33, 2, http://www.youtube.com/watch?v=FVOQhvLWJM4, 57d7ab27c7a23b7ecd51fbd3be024991.zip, 133672, 200
02/19/2013 23:54:33, 2, http://www.youtube.com/watch?v=FPOLpzZVBfs, ed89ebe11f4784c130a6cdbf3582a398.zip, 141024, 200
02/19/2013 23:54:33, 1, https://gravatar.com/site/signup/, 037f4fc346fd8faa8f82bad7c4fce95c.zip, 2335, 200
02/19/2013 23:54:33, 2, http://www.youtube.com/watch?v=E8mQUmtteuA, 391136ecec04e5461ddb6109f56332ca.zip, 147202, 200
02/19/2013 23:54:33, 1, http://automattic.com/, 47ab2eb7537c91d7e0e57849a8edaf75.zip, 60068, 200
02/19/2013 23:54:33, 1, http://theme.wordpress.com/themes/ideation-and-intent/, 9a66b264e3a93cb08f71d1477a19ff76.zip, 44706, 200
02/19/2013 23:54:33, 2, http://live.ripcurl.com/puerto-rico-results.html, 94c9dfee659db86586e3462a68dd1914.zip, 18017, 200
02/19/2013 23:54:34, 2, http://www.youtube.com/watch?v=yTm9Cl0-PD8, 625bd345951b918e782d6b15818c55b8.zip, 125901, 200
02/19/2013 23:54:34, 2, http://surfest.prosurfinglive.com/, 3e9230e8d38c87e3b9b040dc291bbd41.zip, 6968, 200
02/19/2013 23:54:34, 2, http://www.youtube.com/watch?v=LGrIBVwBdL8, 1b44c4604e009b71f0fd0a2d8f9d043f.zip, 119955, 200
02/19/2013 23:54:34, 2, http://www.youtube.com/watch?v=hNvpNVpZ7mI, 41fdadcf9ce0c01009cd4399c38fe53b.zip, 153855, 200
02/19/2013 23:54:34, 2, http://www.breakab, , 0, OTHER_EXCEPTION
02/19/2013 23:54:34, 2, http://www.youtube.com/watch?v=VxxH1A6FxqE, d56d1d027b2ceaf806560e01f1bbfef3.zip, 157653, 200
02/19/2013 23:54:34, 1, http://bit.ly/qMcEAT, 7eb7c6c2619b5ca67fbe004b18cdeb98.zip, 353274, 200
02/19/2013 23:54:34, 2, http://www.youtube.com/watch?v=9HO-JV212VE, 8fd2022e937507a4d346fff47c13791f.zip, 140609, 200
02/19/2013 23:54:34, 2, http://www.breakaburleighsurfpro.com.au/, a1dae4fa5b8ae382bc0f8ea36a610fd7.zip, 11432, 200
02/19/2013 23:54:34, 2, http://www.youtube.com/watch?v=qb26T_mRR68, e19c05c359f15cfa83d457adcecb7f6a.zip, 115557, 200
02/19/2013 23:54:34, 2, http://www.breakaburleighsurfpro.com.au, 93efab92a26f5d4870457d7caa2a2593.zip, 11432, 200
02/19/2013 23:54:34, 2, http://www.youtube.com/watch?v=Pi1uut-MnY0, 92d1b1176e31065e79643f59c95f2dab.zip, 171453, 200
02/19/2013 23:54:34, 1, http://wordpress.com/?ref=footer, 1de8f4ee6a3d910cbcf074725b3fe917.zip, 11199, 200
02/19/2013 23:54:35, 2, http://www.youtube.com/watch?v=RL794DU_uIQ, af3e33813f0d34306baedf34bb994989.zip, 129682, 200
02/19/2013 23:54:35, 2, http://live.ripcurl.com/puerto-rico-home.html, 41ac7a5a7c1fb836924dc914681a19be.zip, 27200, 200
02/19/2013 23:54:35, 2, http://www.youtube.com/watch?v=Eiws5nKa710, 4c41632f8b6fc901f5404fb25dcd7e98.zip, 129510, 200
02/19/2013 23:54:35, 1, http://wordpress.com/signup/?ref=lof, 7532adf1262925fa8669b157c01999df.zip, 11200, 200
02/19/2013 23:54:35, 2, http://www.youtube.com/watch?v=OYFpWbG2KjQ, 365d8bbb9cc0b43ef4859e5198881674.zip, 176604, 200
02/19/2013 23:54:35, 2, http://www.youtube.com/watch?v=Umj3ES3Se3E, e7b6fb3104b13a442e14e2418021d5cc.zip, 150514, 200
02/19/2013 23:54:35, 2, http://www.youtube.com/watch?v=RqLFHRkYSmg, 4c05d02dd7a3c437fb90f10e88d6124d.zip, 188138, 200
02/19/2013 23:54:35, 2, http://www.volcompipepro.com/, 65c2f2662a5e1f64360c461922f7d9d1.zip, 153816, 200
02/19/2013 23:54:35, 2, http://www.volcompipepro.com/live/, 72c40c88a7f94bbd33f87ec27a1e3e4f.zip, 24701, 200
02/19/2013 23:54:35, 2, http://www.surfperu.tv/huanchaco2013/, , 0, 404
02/19/2013 23:54:35, 2, http://www.youtube.com/watch?v=dlXPiTGqKbc, a723625f9e3b6dd76fb1a4118708142b.zip, 117801, 200
02/19/2013 23:54:35, 2, http://www.youtube.com/watch?v=44G7Nl_S3vI, c93cdba474a0ea6a1e04b198dfe56a71.zip, 162267, 200
02/19/2013 23:54:35, 1, http://restreaming.wordpress.com/2012/07/11/supporting-throw-away-software/, 27a63fc00301f4f5eedd69ae4b5085f1.zip, 25798, 200
02/19/2013 23:54:35, 2, http://www.aspworldtour.com/, 6c003af485034a1d7163e12f2e604c4c.zip, 64233, 200
02/19/2013 23:54:35, 2, http://www.aspworldtour.com, b793ec4db70e16ba4a18d4fa00694adb.zip, 64233, 200
02/19/2013 23:54:35, 2, http://vanstriplecrownofsurfing.com/, 5770dbafcda7ff426e5148331b683fac.zip, 52889, 200
02/19/2013 23:54:35, 2, http://www.youtube.com/watch?v=Lc5Dzpc1bzU, 9b47078f28cdca379d9d8c8875301b58.zip, 154079, 200
02/19/2013 23:54:35, 2, http://vanstriplecrownofsurfing.com/billabongpipemasters2012/, 66723b539aa80ec82254ded8cd37c84b.zip, 38840, 200
02/19/2013 23:54:35, 2, http://www.youtube.com/watch?v=VKRiNw73PyU, ce26b1c9ef07d7581f2f6267d886f7c0.zip, 187101, 200
02/19/2013 23:54:35, 2, http://www.youtube.com/playlist?list=PLF6553B1166B42884&amp;feature=g-user-u, cd470ea0dae94fd21abf25d99b400392.zip, 52591, 200
02/19/2013 23:54:35, 2, http://www.youtube.com/watch?v=G9N7J1XA57E, c31b24018051d6f45751f799a092cbfe.zip, 172832, 200
02/19/2013 23:54:35, 2, http://www.youtube.com/user/ASPWorldTour?feature=g-user-a, a96ed6ffbc29f9ff32662a8e3596deb3.zip, 80878, 200
02/19/2013 23:54:35, 2, http://support.google.com/youtube/?hl=en-US&amp;p=, c095b756a1c73ccdc03141f625af1697.zip, 30707, 200
02/19/2013 23:54:35, 2, http://www.youtube.com/playlist?list=PLF6553B1166B42884, 10d984a0f4feb0968588e4a5e7e7c4b7.zip, 52286, 200
02/19/2013 23:54:36, 2, http://www.youtube.com/watch?v=ZpzbwNWrz0o, ce0e5a90cd0d34f3582234dbdfd2c461.zip, 196180, 200
02/19/2013 23:54:36, 2, http://www.youtube.com/watch?v=2zI6L0H4_RY&amp;list=PLF6553B1166B42884, 4c720a956a29804af973898cf6c11d53.zip, 148243, 200
02/19/2013 23:54:36, 2, http://www.youtube.com/watch?v=W6qsE3xWV34, f134fc4d38055624ff354f9fb6040b35.zip, 122080, 200
02/19/2013 23:54:36, 2, https://accounts.google.com/ServiceLogin?passive=true&continue=http%3A%2F%2Fwww.youtube.com%2Fsignin%3Faction_handle_signin%3Dtrue%26feature%3Dplaylist%26hl%3Den_US%26next%3D%252Ffeed%252FUChuLeaTGRcfzo0UjL-2qSbQ%26nomobiletemp%3D1&hl=en_US&service=youtube&uilel=3, 0bf4275c2a94bb444a8b5062f7a603a8.zip, 75177, 200
02/19/2013 23:54:36, 2, http://www.youtube.com/playlist?list=PLQ3-3sUOFLfHwF01kAu6FZufpotPhT4ru&amp;feature=g-user-u, 1606045ee5218fe5f64ad1ebe3362549.zip, 54829, 200
02/19/2013 23:54:36, 2, http://www.youtube.com/watch?v=_Svf04nGJ3A, a2294116e3100cf0137dd2f0b5de292a.zip, 194640, 200
02/19/2013 23:54:36, 2, http://www.youtube.com/watch?v=zoaiUuPVcjA, b687b811ba82f11d91fa85e5aaa2df5e.zip, 187820, 200
02/19/2013 23:54:36, 2, http://www.youtube.com/watch?v=vlosIyEgd0I&amp;feature=g-user-a&amp;list=PLF6553B1166B42884, f8239a36fec9c8ce5c517dfff3bc273b.zip, 182201, 200
02/19/2013 23:54:36, 2, http://www.youtube.com/user/RussiaToday, 8f4dd9caac470e462a0c58abbc750004.zip, 42786, 200
02/19/2013 23:54:36, 2, http://www.youtube.com/watch?v=aph8bcBmSl4, 7d2b0e84091408835b02b936239aca2c.zip, 202775, 200
02/19/2013 23:54:36, 2, http://www.youtube.com/watch?v=wVHT62IB4k4, 3265e6c09476e3955cc43bc3533c6028.zip, 182079, 200
02/19/2013 23:54:36, 2, http://www.youtube.com/feed/UCeTKJSW1NTAkf27nNmjWt5A, 87b4c8a5429fcfb8147fcbd70030a2ed.zip, 207507, 200
02/19/2013 23:54:36, 2, http://www.youtube.com/watch?v=nWeqF4STHbY, 86dd7d91635b005137e1aeb1752350b4.zip, 173129, 200
02/19/2013 23:54:36, 2, https://accounts.google.com/ServiceLogin?hl=en_US&amp;continue=http%3A%2F%2Fwww.youtube.com%2Fsignin%3Faction_handle_signin%3Dtrue%26hl%3Den_US%26next%3D%252F%253Ffeature%253Dsignin%26nomobiletemp%3D1&amp;passive=true&amp;service=youtube&amp;uilel=3, d37dff5e5c7d3a0b74fa002a2a5aeba5.zip, 74187, 200
02/19/2013 23:54:36, 2, http://www.youtube.com/user/BUBobcats, 4e61798dc44ae0c4e34f024879bda221.zip, 62463, 200
02/19/2013 23:54:36, 2, http://www.youtube.com/user/AllAccessJayhawks, 898673e0e7f91a5e7b9a1f1cf2bf69c4.zip, 98572, 200
02/19/2013 23:54:36, 2, http://www.youtube.com/watch?v=mnUEhREh5iQ, 5e3d4d8f51b40d295cad0df7df68234b.zip, 185264, 200
02/19/2013 23:54:36, 2, http://www.youtube.com/user/saseaworld, a0ca7b6a9d02d30f1c7200c3f3e27e28.zip, 103593, 200
02/19/2013 23:54:37, 2, http://www.youtube.com/feed/UCf4FYTsGFFcdc68AUPIU3RA, 8ba9812a632cdee0849416ae1221599b.zip, 136175, 200
02/19/2013 23:54:37, 2, http://www.youtube.com/watch?v=uY6ooLaM3_U, 48200cdb1ed7c6716e5620a3b510d4cb.zip, 195705, 200
02/19/2013 23:54:37, 2, http://vanstriplecrownofsurfing.com/billabongpipemas, , 0, 404
02/19/2013 23:54:37, 2, http://www.youtube.com/watch?v=SbGFYjCbpRs, da0ebc48479b0c61274f9e0054c4163a.zip, 192596, 200
02/19/2013 23:54:37, 2, http://www.youtube.com/feed/UCK7tptUDHh-RYDsdxO1-5QQ, 2b1be84b3651f102143cc7942d4f8d53.zip, 193569, 200
02/19/2013 23:54:37, 2, http://www.youtube.com/watch?v=Ry-ofJHatGs, df37b86fec6a83ad7054eefcc936043f.zip, 185277, 200
02/19/2013 23:54:37, 2, http://www.youtube.com/channel/UCdbAvomd8Jt9f44E6vZhobw?feature=g-logo, 317b6860df9be26e87869d3df2df36a7.zip, 149109, 200
02/19/2013 23:54:37, 2, http://www.youtube.com/channel/HCLfhQGBROujg?feature=g-logo, 14fbe773611c79d59351eb384925c260.zip, 193997, 200
02/19/2013 23:54:37, 2, http://www.youtube.com/channel/HC6EY6pvHhahg?feature=g-logo, 6858a629bb978659d5d6749213c7cf30.zip, 318704, 200
02/19/2013 23:54:37, 2, http://www.youtube.com/channel/UCUa-DQjRme479Y3mqj8TrbQ?feature=g-logo, 5a4c2944f8ec2ca245f789a61a9d0e02.zip, 45955, 200
02/19/2013 23:54:37, 2, http://www.youtube.com/channel/HC8x43Y3JC3mo?feature=g-logo, 23f3c8d8b1e99758a6e3bd1431192f02.zip, 286012, 200
02/19/2013 23:54:37, 2, http://www.youtube.com/channel/HC7Dr1BKwqctY?feature=g-logo, d1b7f889dc233ff0d2b6cdefad2cf5bb.zip, 269404, 200
02/19/2013 23:54:37, 2, http://www.youtube.com/watch?v=4ZxXYscmgRg, 853bc390478fc024e906e6353916c245.zip, 160164, 200
02/19/2013 23:54:37, 2, http://www.youtube.com/watch?v=IsUsVbTj2AY, ec2d6052c329f793a92d7f06f88f673d.zip, 193820, 200
02/19/2013 23:54:38, 2, http://www.youtube.com/watch?v=DABphlXEyW8, 5e46c39cfd4816ceedbbaf0e862d629e.zip, 188795, 200
02/19/2013 23:54:38, 2, http://www.youtube.com/watch?v=6EsoWpTO2qg, 7086e54532c8340062aaf5650dfacbc5.zip, 195593, 200
02/19/2013 23:54:38, 2, http://www.youtube.com/watch?v=EyiO2dFym0c, 3ad0e2ad7dd547a4610359cfaeb35cc7.zip, 201645, 200
02/19/2013 23:54:38, 2, http://www.youtube.com/watch?v=-InkUlwrqXs, 8404e8dc4ab5393f844a6058cc9ad2a9.zip, 188306, 200
02/19/2013 23:54:38, 2, http://www.youtube.com/channel/UCAz-LmP6GmYxggF487c9yng?feature=g-logo, e81881e462c3359b81c5383109130ac5.zip, 80766, 200
02/19/2013 23:54:38, 2, http://www.youtube.com/channel/UCvzPw5jYLTkqxOHndm5iAfw?feature=g-logo, 1bb5f5cce34a228bbed323f92386fa48.zip, 67814, 200
02/19/2013 23:54:38, 2, http://www.youtube.com/watch?v=dw1HavgoK9E, d243de123e165da98f6a0027fb37cf17.zip, 186673, 200
02/19/2013 23:54:38, 2, http://www.youtube.com/channel/HCp-Rdqh3z4Uc?feature=g-logo, 443cb15e44315f9504e70b474ea74519.zip, 243588, 200
02/19/2013 23:54:38, 2, http://www.youtube.com/watch?v=FtVXvN5S6MI, 7759d75864bc2b397619c9021dc8d30b.zip, 198162, 200
02/19/2013 23:54:38, 2, http://www.youtube.com/watch?v=LvaY7Eut_o8, 3a13154e35b074f4e3a28c9885a81040.zip, 192218, 200
02/19/2013 23:54:38, 2, http://www.youtube.com/watch?v=6TK64e8vzig, a228c2b62159397524e9d70fb04d517d.zip, 182825, 200
02/19/2013 23:54:38, 2, http://www.youtube.com/watch?v=syVxcmJJ-zo, a1968d3581054c3e4cb1ae64944c8e6c.zip, 136304, 200
02/19/2013 23:54:38, 2, http://www.youtube.com/watch?v=QDiBgHuRctg, 12b0bf577de90153d48fc1cad0a3c953.zip, 190408, 200
02/19/2013 23:54:38, 2, http://www.youtube.com/watch?v=90Omh7_I8vI, d2985502bcbdb53c78451ab03577f694.zip, 182575, 200
02/19/2013 23:54:38, 2, http://www.youtube.com/watch?v=HZCoaHp-tuE, b083a6c6cd5f4794ccbe13122c2d430a.zip, 174666, 200
02/19/2013 23:54:38, 2, http://www.youtube.com/watch?v=eTOKXCEwo_8, 8618f4db24fa581271f5d95713984943.zip, 203236, 200
02/19/2013 23:54:38, 2, http://www.youtube.com/user/AssociatedPress, c4a923085320f0db8ef3fb87646bc7ef.zip, 81259, 200
02/19/2013 23:54:38, 2, http://www.youtube.com/user/ESPN, ffac8c646b52b7b9290a6795ec731d28.zip, 115693, 200
02/19/2013 23:54:38, 2, http://www.youtube.com/watch?v=VdeYeEhUEZ4, cbd362952fae6222d48b3ff5fdeaaf70.zip, 190531, 200
02/19/2013 23:54:38, 2, http://www.youtube.com/watch?v=bf8Itx8swpc, 47a380e4a78adddce46d7c2bf747642b.zip, 190383, 200
02/19/2013 23:54:38, 2, http://www.youtube.com/watch?v=3v8NZgYmRK0, 7c905c2e05de9fbb773760612b8428fd.zip, 185508, 200
02/19/2013 23:54:38, 2, http://www.youtube.com/channel/HCOvlZkU39tdk?feature=g-logo, 02d954c3f656985f6e1cc439625ebde2.zip, 190215, 200
02/19/2013 23:54:38, 2, http://www.youtube.com/channel/HCxAJ-ON2kZuw?feature=g-logo, 48156889d6ddbf85a55aaf1c1848ace8.zip, 149704, 200
02/19/2013 23:54:38, 2, http://www.youtube.com/watch?v=QkNrSpqUr-E, dc4183a9c93edacff6afcef7047453c6.zip, 188912, 200
02/19/2013 23:54:39, 2, http://www.youtube.com/user/AlJazeeraEnglish, 2974728f3a455fccda6a2a6d6c5235b4.zip, 86653, 200
02/19/2013 23:54:39, 2, http://www.youtube.com/user/RyanLewisProductions, a9afd26d391d6533d0ddc98c382e326e.zip, 69742, 200
02/19/2013 23:54:39, 2, http://www.youtube.com/watch?v=9bZkp7q19f0, 8e20806a3b45f83873df982b82153225.zip, 202938, 200
02/19/2013 23:54:39, 2, http://www.youtube.com/user/officialpsy, ce99e24654d27a83978c810b1435753d.zip, 131098, 200
02/19/2013 23:54:39, 2, http://www.youtube.com/watch?v=QK8mJJJvaes, 86509aa07d16071f8ac27ba93c96a253.zip, 217705, 200
02/19/2013 23:54:39, 2, http://www.youtube.com/user/RihannaVEVO, cf09fc29374d2d4677f17f8ad6d54d5d.zip, 117314, 200
02/19/2013 23:54:39, 2, https://accounts.google.com/ServiceLogin?continue=http%3A%2F%2Fwww.youtube.com%2Fsignin%3Faction_handle_signin%3Dtrue%26hl%3Den_US%26next%3D%252F%253Ffeature%253Dsignin%26nomobiletemp%3D1&amp;uilel=3&amp;service=youtube&amp;passive=true&amp;hl=en_US, ee2822c69752552282f2f572f56c791d.zip, 74633, 200
02/19/2013 23:54:39, 2, http://www.youtube.com/watch?v=JF8BRvqGCNs, 9ef7693e3606ac72d220fbb1b7c5f095.zip, 201188, 200
02/19/2013 23:54:39, 2, http://www.youtube.com/watch?v=kYtGl1dX5qI, 6e1e07a1396251a455906d1e96da105e.zip, 215738, 200
02/19/2013 23:54:39, 2, http://www.youtube.com/user/Macbarbie07, e75e58007b920c0e8988e68629d67741.zip, 118534, 200
02/19/2013 23:54:39, 2, http://www.youtube.com/user/AustinMahone, d5b2d7f635a4c3606acc869235f39c94.zip, 119231, 200
02/19/2013 23:54:39, 2, http://www.youtube.com/user/williamVEVO, 907a7a45a826c39fe92b673ac471f996.zip, 125769, 200
02/19/2013 23:54:39, 2, http://www.youtube.com/watch?v=Xr8m-AKR_GQ, 3eff8a994065622f57ae62143c60525e.zip, 108501, 200
02/19/2013 23:54:39, 2, http://www.youtube.com/user/hi5viralnews5, d805166d3c7333fcf020273253e2d63e.zip, 210716, 200
02/19/2013 23:54:39, 2, http://www.youtube.com/user/fbombrocks, 159d3549766fd3596f106619ee597ba1.zip, 72574, 200
02/19/2013 23:54:39, 2, http://www.youtube.com/watch?v=_SzEITzydzc, 528ef78249ebb3104bb8c4f6a35af25b.zip, 199532, 200
02/19/2013 23:54:39, 2, http://www.youtube.com/user/Matthiasiam, 93fbd173e4c50e22727c3e28fcec7a7b.zip, 128090, 200
02/19/2013 23:54:39, 2, http://www.youtube.com/user/AwesomenessTVNetwork, 6535e6c1548e0a8707ae2859b66e50fe.zip, 157658, 200
02/19/2013 23:54:39, 2, http://www.youtube.com/user/liamariejohnson, 8db3447d6ec0d9880c39761f65b5b3ba.zip, 116103, 200
02/19/2013 23:54:40, 2, http://www.youtube.com/watch?v=SEEmi0wEtoY, 6eb272b090f76157ab6402b573231839.zip, 201304, 200
02/19/2013 23:54:40, 2, http://www.youtube.com/channel/UCvZuIe7j7oBfaWAL0sO3JzQ?feature=g-logo, 6701ea2d067e3ee4a57924ba5a0ed2d0.zip, 218890, 200
02/19/2013 23:54:40, 2, http://www.youtube.com/user/BBCAmericaTV, 2a9f2a3ace32d95cbb9831b4b0e9f1af.zip, 149212, 200
02/19/2013 23:54:40, 2, http://www.youtube.com/watch?v=_VHaQeY88po, cdcc62179ee2c3a80a0adc9afd6c6c1e.zip, 192243, 200
02/19/2013 23:54:40, 2, http://www.youtube.com/channel/HC4qRk91tndwg?feature=g-logo, 9812406903258839b2040b0e2b8c0019.zip, 291513, 200
02/19/2013 23:54:40, 2, http://www.youtube.com/user/MindlessBehaviorVEVO, bf0cafeac68585d66cb1068a0e47c665.zip, 122583, 200
02/19/2013 23:54:40, 2, http://www.youtube.com/skrillex, b08806ec6e4d678941694f696b805e49.zip, 126276, 200
02/19/2013 23:54:40, 2, http://www.youtube.com/user/EminemVEVO, f0b255a6bb9f62533aeddea9ffd19cc6.zip, 124905, 200
02/19/2013 23:54:40, 2, http://www.youtube.com/channel/UCFIlhXQmhgucsF1gvHYM98Q, d1b08afbe2279b1e7c040843a8e21155.zip, 50050, 200
02/19/2013 23:54:40, 2, http://www.youtube.com/watch?v=eMbR8bg-f6M, 90a45bb80e3dca3d4f0569dc1b8da34d.zip, 192629, 200
02/19/2013 23:54:40, 2, http://www.youtube.com/watch?v=VQGEOaA3JIs, a1bbfa930ffcd00838996e6147ed7682.zip, 192087, 200
02/19/2013 23:54:40, 2, http://www.youtube.com/watch?v=nmtpngSjKqE, 5e5156182f0b2d9789733bf5485f7cb6.zip, 217069, 200
02/19/2013 23:54:40, 2, http://www.youtube.com/user/AwesomenessTV, bf5d159af32cb7d0381f0027ccb63eab.zip, 184822, 200
02/19/2013 23:54:40, 2, http://www.youtube.com/user/TaylorSwiftVEVO, da1d435f4c98e3813fa246b2b5b9bf76.zip, 135330, 200
02/19/2013 23:54:40, 2, http://www.youtube.com/user/ronniestreetstunts, 3007b1b20c968b57f8de38299ca16189.zip, 125588, 200
02/19/2013 23:54:40, 2, http://www.youtube.com/user/OneDirectionVEVO, 0f697f75e386fa60e9d4ca212d27a754.zip, 121555, 200
02/19/2013 23:54:40, 2, https://accounts.google.com/ServiceLogin?hl=en_US&continue=http%3A%2F%2Fwww.youtube.com%2Fsignin%3Faction_handle_signin%3Dtrue%26feature%3Dplaylist%26hl%3Den_US%26next%3D%252F%26nomobiletemp%3D1&passive=true&service=youtube&uilel=3, 70b307a2a3e778cc8400f2d2b224664a.zip, 75097, 200
02/19/2013 23:54:40, 2, http://www.youtube.com/user/JustinBieberVEVO, 7698dbb77688aff7358dcb2454f76b3f.zip, 123543, 200
02/19/2013 23:54:41, 2, http://www.youtube.com/user/liamariejohnson?feature=g-user-lik, 04b7d42ec83f95d80bb5c1af10165d3a.zip, 116811, 200
02/19/2013 23:54:41, 2, http://www.youtube.com/subscription, 67db803d008455083ce7e0b2a73eb93a.zip, 41190, 200
02/19/2013 23:54:41, 2, http://www.youtube.com/watch?v=m2_SajgN8zs, c7297b0c9f112fb079e0a59ffa25bf00.zip, 211325, 200
02/19/2013 23:54:41, 2, http://www.youtube.com/watch?v=Q6VWloPEUKA, 9253e296ba04880857b0694db3937dd9.zip, 195037, 200
02/19/2013 23:54:41, 2, http://www.youtube.com/watch?v=BfYQFClEI30, d0c56d331d25b88443f27644ea1709f3.zip, 190074, 200
02/19/2013 23:54:41, 2, http://www.youtube.com/watch?v=7C3wtDees4M, 8b52217c4a61c26aff680cb43b5e8463.zip, 224401, 200
02/19/2013 23:54:41, 2, http://www.youtube.com/user/AwesomenessTV?feature=g-user-lik, 54cbb62b49dd83cc4983c07384aed0be.zip, 186208, 200
02/19/2013 23:54:41, 2, http://www.youtube.com/user/machinima?feature=g-user-lik, 2b264aee5c061cef5c728ee726f5950f.zip, 153720, 200
02/19/2013 23:54:41, 2, http://www.youtube.com/watch?v=nbrw0GSG7XA, d9fa267a47540a96a033a67de52f0bdf.zip, 205436, 200
02/19/2013 23:54:41, 2, http://www.youtube.com/feed/UCWljxewHlJE3M7U_6_zFNyA/u, 6956ea9e8e51028d9dc3309044183839.zip, 214475, 200
02/19/2013 23:54:41, 2, http://www.youtube.com/channel/SWVkIoQKmEa4I, 6e22012ff621edd30366ae73d2396a81.zip, 185503, 200
02/19/2013 23:54:41, 2, http://fac, , 0, OTHER_EXCEPTION
02/19/2013 23:54:41, 2, http://www.youtube.com/watch?v=5l3jrR5XMSU, e5f1d8f42ff7093b9e1b2ce2aa970f65.zip, 198457, 200
02/19/2013 23:54:41, 2, http://www.youtube.com/channel/HCPvDBPPFfuaM?feature=g-logo, c341990142689efa7bd3a6effa00d761.zip, 181035, 200
02/19/2013 23:54:41, 2, http://www.youtube.com/watch?v=ik3_mpIe3i0, b3868b35bdb35d1693abc3880e507cc3.zip, 251604, 200
02/19/2013 23:54:41, 2, http://www.youtube.com/user/AwesomenessTV?feature=g-user-u, 6d75566b9887c2450701ec29f9efb43d.zip, 187264, 200
02/19/2013 23:54:41, 2, http://www.youtube.com/watch?v=4BmJNhaGXVY, 82536b79418bbdac672386ad09c50519.zip, 250535, 200
02/19/2013 23:54:41, 2, http://www.youtube.com/watch?v=TVBhRrq0MBk, 2d627b4615263894eb1df169e7909f21.zip, 245631, 200
02/19/2013 23:54:42, 2, http://www.youtube.com/watch?v=LbI5EyFvHC4, 484ea28b3e780259e8f0839b6d151dd2.zip, 209677, 200
02/19/2013 23:54:42, 2, http://www.youtube.com/watch?v=6Gv-AMiofEI, b95f273361cc6a091e2dc0a4c2838a70.zip, 212737, 200
02/19/2013 23:54:42, 2, http://www.youtube.com/watch?v=-rdtTSsGzoo, 2131723f9c1e28148f5449473ef98b29.zip, 235793, 200
02/19/2013 23:54:42, 2, http://www.youtube.com/user/theresashadowhere?feature=g-user-lik, b65b76a17ddecf2b0cdb8ca06f034df9.zip, 79520, 200
02/19/2013 23:54:42, 2, http://youtu.be/SL6EwX88lkQ, f584226c9714b849d29dd6dfb3968e53.zip, 207641, 200
02/19/2013 23:54:42, 2, http://bit.ly/SubscribeATVNetwork, 81cb80d3807e24f1ed4d1f3250606855.zip, 124645, 200
02/19/2013 23:54:42, 2, http://www.youtube.com/watch?v=xuQitDtA15A, 6cd3bc5c217cccc500fae5acf8106191.zip, 234415, 200
02/19/2013 23:54:42, 2, http://www.youtube.com/watch?v=oFpDHYgbvuk, 14372fd619150a5fac94a0330d6e8ea3.zip, 224722, 200
02/19/2013 23:54:42, 2, http://www.youtube.com/watch?v=fBwiGmFYwiY, 9f2984b7bc281cd26d746b1358e07d55.zip, 223190, 200
02/19/2013 23:54:42, 2, http://bit.ly/iDGumWebsite, b9c041b5ed62ae8a0d4e9fce93a170e0.zip, 3364, 200
02/19/2013 23:54:42, 2, http://www.youtube.com/watch?v=GP_QRYPy2Ls, 6e622d047f5a8593a6cf68900132bb95.zip, 212783, 200
02/19/2013 23:54:42, 2, https://bit.ly/Subscribe2AwesomenessTV, beffe160da9fa53dee3340a051dfe5b4.zip, 144449, 200
02/19/2013 23:54:42, 2, http://www.youtube.com/watch?v=d5xMWRDEdkc, 2e2203f3099e70409db2499a4d3dc81a.zip, 208251, 200
02/19/2013 23:54:42, 2, http://www.youtube.com/watch?v=qxnhZyC4v8Y, ebea5bcc6c341b4b588c92b3c7902b4c.zip, 226546, 200
02/19/2013 23:54:42, 2, http://www.youtube.com/user/AwesomenessTVNetwork?feature=g-user-bul, ed930861719c4b5160426f4333f7335c.zip, 158102, 200
02/19/2013 23:54:42, 2, http://www.youtube.com/watch?v=pF-pxAV0s5Y, 00dc4337e2af684c404d184377906163.zip, 148959, 200
02/19/2013 23:54:43, 2, http://www.youtube.com/watch?v=nTT6EcbXg_E, da8c7f914fe38cbbb9fdcf34d53350ab.zip, 249116, 200
02/19/2013 23:54:49, 1, http://borderstylo.com, , 0, OTHER_EXCEPTION
02/19/2013 23:54:50, 2, http://www.youtube.com/watch?v=_omDYnHskeg, 39eb90201c9cfb27f8138ec9cee87daf.zip, 224619, 200
Statics:
Query words: love+coding
The N user input: 500
Total tried download: 517
Total downloaded pages: 500
Total http errors: 11
Total other errors: 6
Total time: 39 seconds
Total size: 53.42 MB
