02/20/2013 00:00:09, 0, http://www.poly.edu/business/incubators, 78f517b83acc11019d18f34f6ae12cf0.zip, 17393, 200
02/20/2013 00:00:09, 0, http://www.poly.edu/, b15589236b7070bd2d4295de276b5014.zip, 23178, 200
02/20/2013 00:00:09, 0, http://www.poly.edu/business/incubators/varick, bf61d970dbe994d46102e9ecd402aaaa.zip, 19592, 200
02/20/2013 00:00:09, 0, http://www.poly.edu/admissions/graduate, ce04bdb66e4a3ca7d4f6e85b2bfc553f.zip, 28825, 200
02/20/2013 00:00:09, 1, http://www.poly.edu/students, 44304766b32a5e5933bc87a6d9fad3d9.zip, 18085, 200
02/20/2013 00:00:09, 0, http://collegeapps.about.com/od/collegeprofiles/p/nyu-poly-polytechnic-institute-of-new-york-university.htm, c5677ec920f87337d3ed74fe2d6cdb65.zip, 25000, 200
02/20/2013 00:00:09, 1, http://www.poly.edu/alumni, 60f56fbb31fba3bcc1d1a787a527e304.zip, 27247, 200
02/20/2013 00:00:09, 1, http://www.poly.edu/events/calendar?tid=951, a36794a76a97e73bcaa3e563fa62e3b6.zip, 31079, 200
02/20/2013 00:00:09, 1, http://www.poly.edu/faculty, 32b8361c9a37eb4fca272bbe5bceef96.zip, 17828, 200
02/20/2013 00:00:09, 1, http://www.poly.edu/business/career, 70eccf809ccf25ea534bae754cae4e0a.zip, 24188, 200
02/20/2013 00:00:09, 1, http://www.poly.edu/financial-aid, 4603480f1b908f221cf5010a7b5b3b01.zip, 19323, 200
02/20/2013 00:00:09, 1, http://www.poly.edu/careers, bd21bd6e26b760642816914548c6ac2a.zip, 17303, 200
02/20/2013 00:00:09, 1, http://www.poly.edu/node/295, f5f4b4867dc987475d4a77b12471886e.zip, 19884, 200
02/20/2013 00:00:09, 1, http://www.poly.edu/directory, d5ec93756858480a3b392c6db60b3586.zip, 1988, 200
02/20/2013 00:00:09, 0, http://vimeo.com/nyupoly, 59f723ba9d70853f9516eca259a78bcd.zip, 37279, 200
02/20/2013 00:00:09, 0, http://crissp.poly.edu/, 919035f7080c5cfd4acbb8561e1d697b.zip, 36720, 200
02/20/2013 00:00:09, 1, http://www.poly.edu/about/giving, , 0, 403
02/20/2013 00:00:09, 1, http://www.poly.edu/about/press, , 0, 403
02/20/2013 00:00:09, 1, http://www.poly.edu/life/campus, , 0, 403
02/20/2013 00:00:10, 0, http://gonyupoly.com/, 9bfd4b3edaa7b044c83c486470e42254.zip, 87557, 200
02/20/2013 00:00:10, 1, http://www.poly.edu/life/athletics, f74b9bbf66be6821c069277183c3fe19.zip, 87649, 200
02/20/2013 00:00:10, 1, http://www.poly.edu/life/student-resources/financial, , 0, 403
02/20/2013 00:00:10, 1, http://www.poly.edu/admissions, , 0, 403
02/20/2013 00:00:10, 1, http://www.poly.edu/accepted, , 0, 403
02/20/2013 00:00:10, 1, http://www.poly.edu/admissions/undergraduate, , 0, 403
02/20/2013 00:00:10, 1, http://www.poly.edu/life/student-resources/registrar, , 0, 403
02/20/2013 00:00:10, 1, http://www.poly.edu/academics, , 0, 403
02/20/2013 00:00:10, 1, http://www.poly.edu/academics/online, , 0, 403
02/20/2013 00:00:10, 1, http://www.poly.edu/academics/departments, , 0, 403
02/20/2013 00:00:10, 1, http://www.poly.edu/academics/honors, , 0, 403
02/20/2013 00:00:10, 1, http://www.poly.edu/admissions/graduate/admitted, , 0, 403
02/20/2013 00:00:10, 1, http://www.poly.edu/academics/study, , 0, 403
02/20/2013 00:00:10, 1, http://psdata.poly.edu, efe2be2e3320a496ac77331e46aee9a6.zip, 286, 200
02/20/2013 00:00:10, 1, http://www.poly.edu/academics/support, , 0, 403
02/20/2013 00:00:10, 1, http://my.poly.edu, ff8ec654fec422f2290e08ac95bd3ad0.zip, 239, 200
02/20/2013 00:00:10, 1, http://www.poly.edu/academics/programs, , 0, 403
02/20/2013 00:00:10, 1, http://www.poly.edu/academics/bsms, , 0, 403
02/20/2013 00:00:10, 1, http://www.poly.edu/graduate-school, , 0, 403
02/20/2013 00:00:10, 1, http://www.poly.edu/academics/class, , 0, 403
02/20/2013 00:00:10, 1, http://www.poly.edu/academics/textbooks, , 0, 403
02/20/2013 00:00:10, 1, http://www.poly.edu/academics/textbooks, , 0, 403
02/20/2013 00:00:10, 1, http://www.poly.edu/life/student-resources/registrar/academic-calendar, , 0, 403
02/20/2013 00:00:10, 1, http://www.poly.edu/academics/code-of-conduct, , 0, 403
02/20/2013 00:00:10, 1, http://www.poly.edu/life/student-resources/registrar/academic-calendar, , 0, 403
02/20/2013 00:00:10, 1, http://library.poly.edu, 6f08665595391d71de0832e9f319ab1a.zip, 40718, 200
02/20/2013 00:00:10, 1, http://collegeapps.about.com/od/choosingacollege/u/choose_a_school.htm, 09b6d0699d1a35b40d12fe94566e05b2.zip, 28156, 200
02/20/2013 00:00:10, 1, http://collegeapps.about.com/od/admissionstimeline/u/College-Preparation.htm, 3808ed4630ef68fa06a5080a62b22f19.zip, 22836, 200
02/20/2013 00:00:10, 1, http://collegeapps.about.com/od/theartofgettingaccepted/u/The_Application.htm, 4f9b9fbb63f9dad87ef9b0e07097e10a.zip, 31894, 200
02/20/2013 00:00:10, 1, http://collegeapps.about.com/, 403878b75339d54d98caca93a3232554.zip, 34923, 200
02/20/2013 00:00:10, 1, http://www.poly.edu/research, , 0, 403
02/20/2013 00:00:10, 1, http://www.poly.edu/research, , 0, 403
02/20/2013 00:00:10, 1, http://www.poly.edu/research/sponsored-research, , 0, 403
02/20/2013 00:00:10, 1, http://www.poly.edu/research/provosts-message, , 0, 403
02/20/2013 00:00:10, 1, http://www.poly.edu/research/provosts-message, , 0, 403
02/20/2013 00:00:10, 1, http://www.poly.edu/research/centers, , 0, 403
02/20/2013 00:00:10, 1, http://www.poly.edu/research/sponsored-research, , 0, 403
02/20/2013 00:00:10, 1, http://www.poly.edu/research/centers, , 0, 403
02/20/2013 00:00:10, 1, http://www.poly.edu/research/labs, , 0, 403
02/20/2013 00:00:10, 1, http://collegeapps.about.com/bio/Allen-Grove-40797.htm, a1ebc6682aecc2ac8d876495c2b34b50.zip, 14209, 200
02/20/2013 00:00:10, 1, http://www.poly.edu/research/labs, , 0, 403
02/20/2013 00:00:10, 1, http://www.poly.edu/research/cite, , 0, 403
02/20/2013 00:00:10, 1, http://www.poly.edu/research/cite, , 0, 403
02/20/2013 00:00:10, 1, http://www.poly.edu/research/cross-institution, , 0, 403
02/20/2013 00:00:10, 1, http://www.poly.edu/research/cross-institution, , 0, 403
02/20/2013 00:00:10, 1, http://www.poly.edu/research/cross-institution, , 0, 403
02/20/2013 00:00:10, 1, http://www.poly.edu/research/undergraduate, , 0, 403
02/20/2013 00:00:11, 0, http://colleges.usnews.rankingsandreviews.com/best-colleges/polytechnic-nyu-2796, 643d1c5294d4c503207dd69d78d1e417.zip, 54566, 200
02/20/2013 00:00:11, 1, http://www.poly.edu/research/undergraduate, , 0, 403
02/20/2013 00:00:11, 1, http://www.poly.edu/research/undergraduate, , 0, 403
02/20/2013 00:00:11, 1, http://www.poly.edu/institutional-research, , 0, 403
02/20/2013 00:00:11, 1, http://www.poly.edu/institutional-research, , 0, 403
02/20/2013 00:00:11, 1, http://www.poly.edu/institutional-research, , 0, 403
02/20/2013 00:00:11, 1, http://www.poly.edu/institutional-research, , 0, 403
02/20/2013 00:00:11, 1, http://www.poly.edu/business, , 0, 403
02/20/2013 00:00:11, 1, http://www.poly.edu/business, , 0, 403
02/20/2013 00:00:11, 1, http://www.poly.edu/business, , 0, 403
02/20/2013 00:00:11, 1, http://www.poly.edu/business, , 0, 403
02/20/2013 00:00:11, 1, http://www.poly.edu/business/nyc-seed, , 0, 403
02/20/2013 00:00:11, 1, http://www.poly.edu/business/nyc-seed, , 0, 403
02/20/2013 00:00:11, 1, http://www.poly.edu/about, , 0, 403
02/20/2013 00:00:11, 1, http://www.poly.edu/business/nyc-seed, , 0, 403
02/20/2013 00:00:11, 1, http://www.poly.edu/enterprise-learning, , 0, 403
02/20/2013 00:00:11, 1, http://www.about.com/, 9e48064643added29535d4dd9bd1de61.zip, 82599, 200
02/20/2013 00:00:11, 1, http://www.poly.edu/enterprise-learning, , 0, 403
02/20/2013 00:00:11, 1, http://www.poly.edu/enterprise-learning, , 0, 403
02/20/2013 00:00:11, 1, https://vpn-students.poly.edu/prx/000/http/localhost/login, 46c87c8db3a8e8393a18d67ebad28631.zip, 2290, 200
02/20/2013 00:00:11, 1, http://collegeapps.about.com/od/payingforcollege/f/college-books-cost.htm, d93122f887cc5f167842090cb9520a36.zip, 22644, 200
02/20/2013 00:00:11, 1, http://www.poly.edu/enterprise-learning, , 0, 403
02/20/2013 00:00:11, 1, http://www.poly.edu/k12stem, , 0, 403
02/20/2013 00:00:11, 1, http://www.poly.edu/k12stem, , 0, 403
02/20/2013 00:00:11, 1, http://www.poly.edu/k12stem, , 0, 403
02/20/2013 00:00:11, 1, http://www.poly.edu/k12stem, , 0, 403
02/20/2013 00:00:11, 1, http://www.poly.edu/business/powerbridgeny, , 0, 403
02/20/2013 00:00:11, 1, http://collegeapps.about.com/od/collegerankings/tp/Top-Engineering-Schools.htm, 8f3f23c8bc930210b05bd7cc86b224bf.zip, 34406, 200
02/20/2013 00:00:11, 1, http://www.poly.edu/life, , 0, 403
02/20/2013 00:00:11, 1, http://www.poly.edu/life, , 0, 403
02/20/2013 00:00:11, 1, http://www.poly.edu/life, , 0, 403
02/20/2013 00:00:11, 1, http://www.poly.edu/life, , 0, 403
02/20/2013 00:00:11, 1, http://www.poly.edu/life/student, , 0, 403
02/20/2013 00:00:11, 1, http://collegeapps.about.com/od/theartofgettingaccepted/ss/bad-facebook-photos.htm, ac2a9d18d1f081518733cb143bd09d65.zip, 24082, 200
02/20/2013 00:00:11, 1, http://www.poly.edu/life/student, , 0, 403
02/20/2013 00:00:11, 1, http://www.poly.edu/life/student, , 0, 403
02/20/2013 00:00:11, 1, http://www.poly.edu/life/student, , 0, 403
02/20/2013 00:00:11, 1, http://www.about.com/education/, 2756d1057dc8c18aa251e2cb55aed552.zip, 24355, 200
02/20/2013 00:00:11, 1, http://www.poly.edu/dining, , 0, 403
02/20/2013 00:00:11, 1, http://www.poly.edu/dining, , 0, 403
02/20/2013 00:00:11, 1, http://www.poly.edu/dining, , 0, 403
02/20/2013 00:00:11, 1, http://www.poly.edu/dining, , 0, 403
02/20/2013 00:00:11, 1, http://collegeapps.about.com/od/sat/f/goodsatscore.htm, 165dba958292471b5fb41a50abcdedf1.zip, 28135, 200
02/20/2013 00:00:11, 1, http://www.poly.edu/life/campus-safety, , 0, 403
02/20/2013 00:00:11, 1, http://collegeapps.about.com/od/essays/ss/College-Essay-Style-Tips.htm, e87c591f7bf02b22915a05fe52783f59.zip, 24307, 200
02/20/2013 00:00:11, 1, http://collegeapps.about.com/od/theact/a/act-score-explanation.htm, 4ff881590e2a791dfc695e54f9c52a9b.zip, 23329, 200
02/20/2013 00:00:11, 1, http://www.poly.edu/life/campus-safety, , 0, 403
02/20/2013 00:00:11, 1, http://www.poly.edu/life/campus-safety, , 0, 403
02/20/2013 00:00:11, 1, http://www.poly.edu/life/campus-safety, , 0, 403
02/20/2013 00:00:11, 1, http://www.poly.edu/life/graduate, , 0, 403
02/20/2013 00:00:11, 1, http://www.poly.edu/life/graduate, , 0, 403
02/20/2013 00:00:11, 1, http://www.poly.edu/life/health, , 0, 403
02/20/2013 00:00:11, 1, http://collegeapps.about.com/od/collegerankings/tp/Top-Universities.htm, ded3ef2de29921673638a497cf41bd4f.zip, 34816, 200
02/20/2013 00:00:11, 1, http://www.poly.edu/life/health, , 0, 403
02/20/2013 00:00:11, 1, http://collegeapps.about.com/od/choosingacollege/ss/Choosing-The-Perfect-College.htm, 437248652ace299ff04a37256b1314cd.zip, 27222, 200
02/20/2013 00:00:11, 1, http://www.poly.edu/life/health, , 0, 403
02/20/2013 00:00:11, 1, http://www.poly.edu/life/health, , 0, 403
02/20/2013 00:00:11, 1, http://www.poly.edu/international-students, , 0, 403
02/20/2013 00:00:11, 1, http://www.poly.edu/international-students, , 0, 403
02/20/2013 00:00:11, 2, http://www.poly.edu, , 0, 403
02/20/2013 00:00:11, 1, http://collegeapps.about.com/od/sat/a/sat-score-explanation.htm, 58cca91e733f7be39d714dfdadf31fda.zip, 23004, 200
02/20/2013 00:00:11, 1, http://www.poly.edu/life/orientation, , 0, 403
02/20/2013 00:00:11, 1, http://www.poly.edu/life/orientation, , 0, 403
02/20/2013 00:00:11, 1, http://www.poly.edu/life/orientation, , 0, 403
02/20/2013 00:00:11, 1, http://collegeapps.about.com/od/collegeprofiles/p/new-mexico-tech.htm, 0b55f4b24e0a033976a2e99f949688fa.zip, 25488, 200
02/20/2013 00:00:11, 1, http://www.poly.edu/life/orientation, , 0, 403
02/20/2013 00:00:11, 2, http://www.poly.edu/contact.php, , 0, 403
02/20/2013 00:00:11, 1, http://collegeapps.about.com/od/theartofgettingaccepted/tp/college-interview-questions.htm, 1ec9480944f9a10611e0bb68d6d485c4.zip, 31129, 200
02/20/2013 00:00:11, 2, http://www.poly.edu/directory/_print/alphabet.php, , 0, 403
02/20/2013 00:00:11, 1, http://www.poly.edu/life/studentactivities, , 0, 403
02/20/2013 00:00:11, 1, http://www.poly.edu/life/studentactivities, , 0, 403
02/20/2013 00:00:11, 1, http://www.poly.edu/life/studentactivities, , 0, 403
02/20/2013 00:00:11, 1, http://www.poly.edu/life/studentactivities, , 0, 403
02/20/2013 00:00:11, 2, http://www.poly.edu/directory/_print/department.php, , 0, 403
02/20/2013 00:00:11, 1, http://collegeapps.about.com/od/collegeprofiles/p/buffalo-suny.htm, e37472eedbc2c150dcce751cb9f49d06.zip, 26072, 200
02/20/2013 00:00:11, 1, http://collegeapps.about.com/od/collegeprofiles/p/suny-albany.htm, 49d2766060e5123b694136f50cccb2b0.zip, 27560, 200
02/20/2013 00:00:11, 1, http://www.poly.edu/disabilities, , 0, 403
02/20/2013 00:00:11, 1, http://www.poly.edu/disabilities, , 0, 403
02/20/2013 00:00:11, 1, http://collegeapps.about.com/od/apadvancedplacement/f/AP-Score.htm, 0b4ff5785af46bb818b2f28e6e7ced17.zip, 23035, 200
02/20/2013 00:00:11, 1, http://www.poly.edu/disabilities, , 0, 403
02/20/2013 00:00:11, 1, http://www.poly.edu/life/student-resources, , 0, 403
02/20/2013 00:00:11, 1, http://www.poly.edu/life/student-resources, , 0, 403
02/20/2013 00:00:11, 1, http://www.poly.edu/life/student-resources, , 0, 403
02/20/2013 00:00:11, 1, http://collegeapps.about.com/od/sat/a/sat_side_x_side.htm, 9fd84f578ce5497b989ffda0e920ecbc.zip, 25682, 200
02/20/2013 00:00:11, 1, http://www.cappex.com/colleges/Polytechnic-Institute-of-New-York-University-194541#modularProfileScholarships, a0be9c7a58b4783b90d16d812979798b.zip, 52438, 200
02/20/2013 00:00:11, 1, http://www.poly.edu/life/student-resources, , 0, 403
02/20/2013 00:00:11, 1, http://www.poly.edu/life/student-resources, , 0, 403
02/20/2013 00:00:11, 1, http://www.poly.edu/about/leadership, , 0, 403
02/20/2013 00:00:11, 1, http://www.poly.edu/about/leadership, , 0, 403
02/20/2013 00:00:11, 1, http://www.poly.edu/about/leadership, , 0, 403
02/20/2013 00:00:11, 1, http://www.poly.edu/about/leadership, , 0, 403
02/20/2013 00:00:11, 1, http://www.poly.edu/about/mission, , 0, 403
02/20/2013 00:00:11, 1, http://www.poly.edu/about/mission, , 0, 403
02/20/2013 00:00:11, 1, http://www.poly.edu/about/mission, , 0, 403
02/20/2013 00:00:11, 1, http://collegeapps.about.com/b/, 1244c3ab2b4f6f816f8a0c3b077cc57c.zip, 49242, 200
02/20/2013 00:00:12, 1, http://catalog.poly.edu, 60d39bc8b01261ccaf8aea45b447b19c.zip, 33837, 200
02/20/2013 00:00:12, 1, http://collegeapps.about.com/od/sat/a/sat-subject-test-required.htm, e3bb4161754ca975ac4e5f3e3b0301fc.zip, 25579, 200
02/20/2013 00:00:12, 2, http://www.poly.edu/about/middle-states, , 0, 403
02/20/2013 00:00:12, 2, http://www.poly.edu/about/middle-states, , 0, 403
02/20/2013 00:00:12, 2, http://www.poly.edu/about/middle-states, , 0, 403
02/20/2013 00:00:12, 2, http://www.poly.edu/about/middle-states, , 0, 403
02/20/2013 00:00:12, 2, http://www.poly.edu/about/middle-states, , 0, 403
02/20/2013 00:00:12, 2, http://www.poly.edu/about/affiliation, , 0, 403
02/20/2013 00:00:12, 2, http://www.poly.edu/about/middle-states, , 0, 403
02/20/2013 00:00:12, 2, http://www.poly.edu/about/affiliation, , 0, 403
02/20/2013 00:00:12, 2, http://www.poly.edu/about/past-present-future, , 0, 403
02/20/2013 00:00:12, 2, http://www.poly.edu/about/past-present-future, , 0, 403
02/20/2013 00:00:12, 2, http://www.poly.edu/about/middle-states, , 0, 403
02/20/2013 00:00:12, 2, http://www.poly.edu/about/past-present-future, , 0, 403
02/20/2013 00:00:12, 2, http://www.poly.edu/about/past-present-future, , 0, 403
02/20/2013 00:00:12, 2, http://www.poly.edu/about/past-present-future, , 0, 403
02/20/2013 00:00:12, 1, http://distancelearn.about.com/lw/Education/Home-schooling-Nontraditiona/Worcester-Polytechnic-Institute-Online-Profile.htm, 2bedde89f132459db32e4de6f99e4af1.zip, 21505, 200
02/20/2013 00:00:12, 2, http://www.poly.edu/about/contacts, , 0, 403
02/20/2013 00:00:12, 2, http://www.poly.edu/about/contacts, , 0, 403
02/20/2013 00:00:12, 2, http://www.poly.edu/about/contacts, , 0, 403
02/20/2013 00:00:12, 2, http://www.poly.edu/about/contacts, , 0, 403
02/20/2013 00:00:12, 2, http://www.poly.edu/about/contacts, , 0, 403
02/20/2013 00:00:12, 2, http://www.poly.edu/about/contacts, , 0, 403
02/20/2013 00:00:12, 2, http://www.poly.edu/about/contacts, , 0, 403
02/20/2013 00:00:12, 2, http://www.poly.edu/about/contacts, , 0, 403
02/20/2013 00:00:12, 2, http://www.poly.edu/faculty/pearl, , 0, 403
02/20/2013 00:00:12, 1, http://www.poly.edu/news/2013/02/04/collaboration-and-innovation-find-new-home-nyu-polys-greenhouse, , 0, 403
02/20/2013 00:00:12, 2, http://www.poly.edu/events, , 0, 403
02/20/2013 00:00:12, 2, http://www.poly.edu/students/gc-forms, , 0, 403
02/20/2013 00:00:13, 1, http://www.poly.edu/news/2013/01/22/young-engineers-build-robotic-bridge-reach-seniors, , 0, 403
02/20/2013 00:00:13, 1, http://www.poly.edu/admissions/graduate/apply, , 0, 403
02/20/2013 00:00:13, 2, http://www.poly.edu/events/calendar, , 0, 403
02/20/2013 00:00:13, 2, http://www.poly.edu/PIAA/awards, , 0, 403
02/20/2013 00:00:13, 2, http://www.poly.edu/teaching-awards, , 0, 403
02/20/2013 00:00:13, 1, http://www.poly.edu/news/2013/01/18/nyu-poly-students-lead-nyus-global-idea-exchange-challenge, , 0, 403
02/20/2013 00:00:13, 1, http://www.poly.edu/business/incubators/apply, , 0, 403
02/20/2013 00:00:13, 2, http://www.poly.edu/business/career/students, , 0, 403
02/20/2013 00:00:13, 2, http://www.poly.edu/faculty/copy, , 0, 403
02/20/2013 00:00:13, 2, http://www.poly.edu/admissions/accepted-undergrads, , 0, 403
02/20/2013 00:00:13, 1, http://www.poly.edu/business/incubators/apply, , 0, 403
02/20/2013 00:00:13, 1, http://www.poly.edu/business/incubators/dumbo, , 0, 403
02/20/2013 00:00:13, 2, http://www.poly.edu/alumni/services, , 0, 403
02/20/2013 00:00:13, 1, http://www.poly.edu/events/2013/02/28/graduate-school-daytime-information-session, , 0, 403
02/20/2013 00:00:13, 2, http://www.poly.edu/events/calendar/2013-02?tid=951, , 0, 403
02/20/2013 00:00:13, 2, http://www.poly.edu/node/2606, , 0, 403
02/20/2013 00:00:13, 2, http://www.poly.edu/life/student-0/information, , 0, 403
02/20/2013 00:00:13, 1, http://www.poly.edu/admissions/graduate#next, , 0, 403
02/20/2013 00:00:13, 1, http://www.poly.edu/news/2013/01/17/nyu-polys-online-engineering-degrees-ranked-top-10-us-news-world-report, , 0, 403
02/20/2013 00:00:13, 2, http://www.poly.edu/alumni/get-involved, , 0, 403
02/20/2013 00:00:13, 2, http://www.poly.edu/business/career/employer, , 0, 403
02/20/2013 00:00:13, 1, http://collegeapps.about.com/od/admissionstimeline/tp/11th-grade-college-preparation.htm, 7b1f154317805328629dc5a2f3d7c641.zip, 27150, 200
02/20/2013 00:00:13, 2, http://www.poly.edu/events/calendar/2013-W05?tid=951, , 0, 403
02/20/2013 00:00:13, 1, http://www.poly.edu/business/incubators/greenhouse, , 0, 403
02/20/2013 00:00:13, 1, http://www.poly.edu/business/incubators/faculty-engineers-in-residence, , 0, 403
02/20/2013 00:00:13, 1, http://www.poly.edu/admissions/graduate/request/form, , 0, 403
02/20/2013 00:00:13, 1, http://www.poly.edu/business/incubators/faculty-engineers-in-residence, , 0, 403
02/20/2013 00:00:13, 2, http://www.poly.edu/events/calendar/2013-01?tid=951, , 0, 403
02/20/2013 00:00:13, 1, http://www.poly.edu/business/incubators/greenhouse, , 0, 403
02/20/2013 00:00:13, 1, http://www.poly.edu/press-release/2012/12/20/4-plus-1-raised-higher-power, , 0, 403
02/20/2013 00:00:13, 2, http://www.poly.edu/alumni/frequently, , 0, 403
02/20/2013 00:00:13, 2, http://www.poly.edu/business/career/alumni, , 0, 403
02/20/2013 00:00:13, 1, http://clk.about.com/?zi=1/XL&sdn=collegeapps&zu=http%3A%2F%2Ftracking.cappex.com%2Faff_c%3Foffer_id%3D8%26aff_id%3D1038%26%26params%3D%252526brand%25253Dabout%252526version%25253Dscattergram%252526collegeID%25253D194541, 7010e5f8e645b0b74e184c90724247cc.zip, 15498, 200
02/20/2013 00:00:13, 2, http://cable.poly.edu, b3f1f450b0183af854101934d688eaea.zip, 19630, 200
02/20/2013 00:00:13, 1, http://www.poly.edu/business/incubators/nyc-acre, , 0, 403
02/20/2013 00:00:13, 2, http://www.poly.edu/business/career/faculty, , 0, 403
02/20/2013 00:00:13, 2, http://www.poly.edu/alumni/update-your-info, , 0, 403
02/20/2013 00:00:13, 1, http://www.poly.edu/sites/polyproto.poly.edu/files/Grad_Application_2012.pdf, , 0, 403
02/20/2013 00:00:13, 1, http://www.poly.edu/business/incubators/nyc-acre, , 0, 403
02/20/2013 00:00:13, 2, http://www.poly.edu/polytechnic-reporter, , 0, 403
02/20/2013 00:00:13, 2, http://www.poly.edu/events/calendar/2013-02, , 0, 403
02/20/2013 00:00:13, 2, http://www.poly.edu/cng, , 0, 403
02/20/2013 00:00:13, 1, http://www.poly.edu/business/incubators/varick/benefits, , 0, 403
02/20/2013 00:00:13, 2, http://www.poly.edu/business/career/about, , 0, 403
02/20/2013 00:00:13, 2, http://www.poly.edu/events/calendar/2013-03?tid=951, , 0, 403
02/20/2013 00:00:13, 2, http://www.poly.edu/academics/support/academic, , 0, 403
02/20/2013 00:00:13, 2, http://www.poly.edu/alumni/contact-us, , 0, 403
02/20/2013 00:00:13, 2, http://www.poly.edu/academics/support/FITL/smart-classrooms, , 0, 403
02/20/2013 00:00:13, 2, http://www.poly.edu/events/2013/02/04/adddrop-deadline, , 0, 403
02/20/2013 00:00:13, 1, http://www.poly.edu/business/incubators/quick-facts, , 0, 403
02/20/2013 00:00:13, 2, http://www.poly.edu/business/career/find, , 0, 403
02/20/2013 00:00:13, 2, http://www.poly.edu/sites/polyproto.poly.edu/files/NYU-Poly_Syllabus_Addendum.pdf, , 0, 403
02/20/2013 00:00:13, 1, http://www.poly.edu/business/incubators/varick/resources, , 0, 403
02/20/2013 00:00:13, 2, http://www.poly.edu/piaa, , 0, 403
02/20/2013 00:00:13, 1, http://collegeapps.about.com/od/choosingacollege/a/CollegeProfiles.htm, 628b295453649d1f40fc1120d6fd2327.zip, 44846, 200
02/20/2013 00:00:13, 1, http://collegeapps.about.com/od/theact/f/goodactscore.htm, 369e9cfb0f1f896d40ce8034a6afac8e.zip, 27825, 200
02/20/2013 00:00:13, 2, http://survey.poly.edu/, d36a12a9e5d427a2ff32b9bb579f3e86.zip, 8291, 200
02/20/2013 00:00:13, 1, http://www.poly.edu/node/1653, , 0, 403
02/20/2013 00:00:13, 1, http://www.poly.edu/business/incubators/varick/companies, , 0, 403
02/20/2013 00:00:13, 2, http://www.poly.edu/alumni/planned-giving, , 0, 403
02/20/2013 00:00:13, 1, http://collegeapps.about.com/od/theartofgettingaccepted/tp/deferred.htm, bf8a12a0801a85cc46bd1523d6964e85.zip, 23690, 200
02/20/2013 00:00:13, 1, http://www.poly.edu/admissions/graduate/admitted/events, , 0, 403
02/20/2013 00:00:13, 2, http://www.poly.edu/events/2013/02/06/faculty-meeting, , 0, 403
02/20/2013 00:00:13, 2, http://www.poly.edu/business/career/students/fair, , 0, 403
02/20/2013 00:00:13, 1, http://www.poly.edu/news/2013/02/06/professor-shivendra-s-panwar-speaks-fcc-post-sandy-field-hearing, , 0, 403
02/20/2013 00:00:13, 2, http://www.poly.edu/node/152, , 0, 403
02/20/2013 00:00:13, 2, http://www.poly.edu/about/profiles, , 0, 403
02/20/2013 00:00:13, 1, http://www.poly.edu/admissions/graduate/admitted/social, , 0, 403
02/20/2013 00:00:13, 2, http://www.poly.edu/alumni/saa, , 0, 403
02/20/2013 00:00:13, 1, http://www.poly.edu/business/incubators/varick/apply, , 0, 403
02/20/2013 00:00:13, 2, http://www.poly.edu/business/career/students/campus-recruitment, , 0, 403
02/20/2013 00:00:13, 2, http://www.poly.edu/faculty/financial-operations, , 0, 403
02/20/2013 00:00:13, 1, http://www.poly.edu/directory/, , 0, 403
02/20/2013 00:00:13, 1, http://www.poly.edu/business/incubators/varick/partners, , 0, 403
02/20/2013 00:00:13, 2, http://www.poly.edu/events/2013/02/18/presidents-day, , 0, 403
02/20/2013 00:00:13, 2, http://www.poly.edu/academics/support/general, , 0, 403
02/20/2013 00:00:13, 2, http://www.bookstores.nyu.edu/faculty.services/, 95fc2f10da403679180d8fd78b431c6e.zip, 87733, 200
02/20/2013 00:00:13, 2, http://www.poly.edu/business/career/students/co-op, , 0, 403
02/20/2013 00:00:13, 1, http://www.poly.edu/admissions/graduate/masters, , 0, 403
02/20/2013 00:00:13, 1, http://www.poly.edu/news/2013/02/02/dangers-too-much-java, , 0, 403
02/20/2013 00:00:13, 2, http://www.poly.edu/financial-aid/applying, , 0, 403
02/20/2013 00:00:13, 2, http://www.bookstores.nyu.edu/, dfc794af0a52ef9102d4470c845f099a.zip, 89291, 200
02/20/2013 00:00:13, 1, http://collegeapps.about.com/od/choosingacollege/Choosing_a_College.htm, 5b8f80722b5ac64b513a2b71f7981ae7.zip, 28060, 200
02/20/2013 00:00:13, 2, http://www.poly.edu/identity, , 0, 403
02/20/2013 00:00:13, 1, http://collegeapps.about.com/od/collegerankings/College_Rankings.htm, c79f23d61350ddca72fcee1fdddc03bf.zip, 34842, 200
02/20/2013 00:00:13, 1, http://www.poly.edu/business/incubators/varick/news-events-media, , 0, 403
02/20/2013 00:00:13, 2, http://www.poly.edu/PIAA, , 0, 403
02/20/2013 00:00:13, 2, http://www.poly.edu/financial-aid/grants-scholarships, , 0, 403
02/20/2013 00:00:13, 2, http://www.poly.edu/jobs, , 0, 403
02/20/2013 00:00:13, 1, http://www.poly.edu/campus-transformation, , 0, 403
02/20/2013 00:00:13, 1, http://collegeapps.about.com/od/admissionstimeline/College_Admissions_Timeline.htm, f86cbf0df41de07b474fe2b514aa80a8.zip, 21589, 200
02/20/2013 00:00:13, 1, http://www.poly.edu/news/2013/01/29/nyu-poly-mourns-loss-trustee-michael-hegel-kappaz, , 0, 403
02/20/2013 00:00:13, 2, http://www.poly.edu/alumni/SAA, , 0, 403
02/20/2013 00:00:13, 2, http://www.poly.edu/academics/support/heop, , 0, 403
02/20/2013 00:00:13, 1, http://www.poly.edu/admissions/graduate/doctorate, , 0, 403
02/20/2013 00:00:13, 2, http://www.poly.edu/events/2013/02/22/may-graduation-application-deadline, , 0, 403
02/20/2013 00:00:13, 1, http://www.poly.edu/business/incubators/varick/graduates, , 0, 403
02/20/2013 00:00:13, 2, http://www.poly.edu/financial-aid/private-scholarships, , 0, 403
02/20/2013 00:00:13, 2, http://www.poly.edu/communications/, , 0, 403
02/20/2013 00:00:13, 2, http://www.poly.edu/business/career/post, , 0, 403
02/20/2013 00:00:14, 1, http://collegeapps.about.com/od/theartofgettingaccepted/The_Art_of_Getting_Accepted.htm, 10cc69a46f8edc9bc20f1ad770027a0f.zip, 34909, 200
02/20/2013 00:00:14, 1, http://www.poly.edu/admissions/graduate/certificate, , 0, 403
02/20/2013 00:00:14, 2, http://www.poly.edu/alumni#prev-btn, , 0, 403
02/20/2013 00:00:14, 1, http://www.poly.edu/user, , 0, 403
02/20/2013 00:00:14, 2, http://www.poly.edu/life/student/information, , 0, 403
02/20/2013 00:00:14, 2, http://www.poly.edu/business/career/employer/fair, , 0, 403
02/20/2013 00:00:14, 1, http://www.poly.edu/events/2013/02/19/mixed-integer-optimization-wireless-networks, , 0, 403
02/20/2013 00:00:14, 2, http://www.poly.edu/financial-aid/loans, , 0, 403
02/20/2013 00:00:14, 1, http://collegeapps.about.com/od/essays/College_Admissions_Essays_Samples_Critiques_and_Writing_Tips.htm, 98ab48ecbbd3a96f48b0cca63563caed.zip, 28634, 200
02/20/2013 00:00:14, 2, http://www.poly.edu/research/library, , 0, 403
02/20/2013 00:00:14, 1, http://www.poly.edu/EnterpriseLearning, , 0, 403
02/20/2013 00:00:14, 2, http://www.poly.edu/events/2013/02/27/ptc-cm-1004-mid-term-review-session, , 0, 403
02/20/2013 00:00:14, 2, http://www.poly.edu/alumni#start, , 0, 403
02/20/2013 00:00:14, 2, http://timesaver.poly.edu, 1496e34a4d2a4c97ef75fd70b3b09343.zip, 285, 200
02/20/2013 00:00:14, 2, http://www.poly.edu/financial-aid/work-study, , 0, 403
02/20/2013 00:00:14, 1, http://www.poly.edu/events/2013/02/19/tracking-reporting-clickers-faculty-workshop, , 0, 403
02/20/2013 00:00:14, 1, http://www.poly.edu/sites/polyproto.poly.edu/files/Varick, , 0, 403
02/20/2013 00:00:14, 2, http://www.poly.edu/textbookrequest/, , 0, 403
02/20/2013 00:00:14, 2, http://www.poly.edu/alumni#next-btn, , 0, 403
02/20/2013 00:00:14, 2, http://www.poly.edu/business/career/employer/campus-recruitment, , 0, 403
02/20/2013 00:00:14, 1, http://www.poly.edu/admissions/graduate/requirements, , 0, 403
02/20/2013 00:00:14, 2, http://www.poly.edu/academics/support/polytechnic, , 0, 403
02/20/2013 00:00:14, 2, http://www.poly.edu/events/2013/02/27/ptc-cm-1024-mid-term-review-session, , 0, 403
02/20/2013 00:00:14, 2, http://www.poly.edu/financial-aid/sample-packages, , 0, 403
02/20/2013 00:00:14, 1, http://www.poly.edu/events/2013/02/20/resumes-and-cover-letters-work-nyu-poly, , 0, 403
02/20/2013 00:00:14, 2, http://www.poly.edu/business/career/employer/resume, , 0, 403
02/20/2013 00:00:14, 1, http://www.poly.edu/admissions/graduate/international, , 0, 403
02/20/2013 00:00:14, 2, http://www.poly.edu/campus-hours, , 0, 403
02/20/2013 00:00:14, 1, http://webteam.poly.edu/support, d5296b3543c9a5d0649963314c8c9a10.zip, 2942, 200
02/20/2013 00:00:14, 1, http://collegeapps.about.com/od/payingforcollege/Paying_for_College_and_Financial_Aid.htm, dea6fc0cc154d4cf63caf91fef4f7791.zip, 23581, 200
02/20/2013 00:00:14, 2, http://www.poly.edu/multimedia/photos/2012/11/2012-long-island-wine-tour-tasting, , 0, 403
02/20/2013 00:00:14, 2, http://www.poly.edu/life/student/information/laptop, , 0, 403
02/20/2013 00:00:14, 2, http://www.poly.edu/academics/support/trio, , 0, 403
02/20/2013 00:00:14, 2, http://www.poly.edu/events/calendar/ical/2013-02?tid=951, , 0, 403
02/20/2013 00:00:14, 2, http://www.poly.edu/financial-aid/sap, , 0, 403
02/20/2013 00:00:14, 1, http://www.poly.edu/admissions/graduate/requirements#checklist, , 0, 403
02/20/2013 00:00:14, 2, http://www.poly.edu/business/career/about/connect, , 0, 403
02/20/2013 00:00:14, 1, http://www.poly.edu/events/2013/02/20/collaborating-groups-blackboard-faculty-workshop, , 0, 403
02/20/2013 00:00:15, 2, http://www.poly.edu/life/student/information/e-mail, , 0, 403
02/20/2013 00:00:15, 2, http://www.poly.edu/academics/support/polytechnic/writing, , 0, 403
02/20/2013 00:00:15, 1, http://www.poly.edu/events/2013/02/20/transfer-information-session, , 0, 403
02/20/2013 00:00:15, 2, http://www.poly.edu/financial-aid/faq, , 0, 403
02/20/2013 00:00:15, 1, http://collegeapps.about.com/od/extracurricular/Extracurricular-Activities.htm, 80f7423016e66b4f7a309268b40504d1.zip, 22139, 200
02/20/2013 00:00:15, 1, http://www.poly.edu/admissions/graduate/requirements#costs, , 0, 403
02/20/2013 00:00:15, 2, http://www.poly.edu/business/career/resources, , 0, 403
02/20/2013 00:00:15, 1, http://collegeapps.about.com/od/standardizedtests/Standardized_Tests_PSAT_SAT_ACT_and_TOEFL.htm, 102a7cff4ac6d3e973488d08842b487c.zip, 19982, 200
02/20/2013 00:00:15, 1, http://collegeapps.about.com/od/international/international-students.htm, c7e151eeec08b4d0ec039b180d2eb7e4.zip, 17851, 200
02/20/2013 00:00:15, 2, http://www.poly.edu/node/190, , 0, 403
02/20/2013 00:00:15, 2, http://www.poly.edu/life/student/information/blackboard, , 0, 403
02/20/2013 00:00:15, 2, http://www.poly.edu/multimedia/photos/2012/10/nyu-poly-career-connections-event-mentor-network, , 0, 403
02/20/2013 00:00:15, 2, http://www.poly.edu/commencement, , 0, 403
02/20/2013 00:00:15, 1, http://www.poly.edu/events/2013/02/20/poly-coffee-sessions, , 0, 403
02/20/2013 00:00:15, 2, http://www.poly.edu/financial-aid/forms-links, , 0, 403
02/20/2013 00:00:15, 1, http://www.poly.edu/graduate-school/current-students/GSET, , 0, 403
02/20/2013 00:00:15, 2, http://www.poly.edu/digital-posters, , 0, 403
02/20/2013 00:00:15, 2, http://www.poly.edu/financial-aid/glossary, , 0, 403
02/20/2013 00:00:15, 2, http://www.poly.edu/business/career/work-study, , 0, 403
02/20/2013 00:00:15, 2, http://www.poly.edu/life/student/information/onecard, , 0, 403
02/20/2013 00:00:15, 1, http://www.poly.edu/events/2013/02/21/teaching-smart-classrooms-eno-interactive-board, , 0, 403
02/20/2013 00:00:15, 2, http://www.poly.edu/InnoVention, , 0, 403
02/20/2013 00:00:15, 1, http://www.poly.edu/financial-aid/private-scholarships/graduate, , 0, 403
02/20/2013 00:00:15, 1, http://collegeapps.about.com/od/productreviews/College_Product_Reviews.htm, de5dd9ab60ebd89298eb2408e17d1e40.zip, 21450, 200
02/20/2013 00:00:15, 2, https://blackboard.poly.edu/, 89407653d9cdc359ad7349c449f1339f.zip, 30318, 200
02/20/2013 00:00:15, 1, http://collegeapps.about.com/od/transferring/Transferring_to_a_Different_College.htm, 8a0a08ae6eb2e01fc7a7a7e5c3f7c345.zip, 20109, 200
02/20/2013 00:00:15, 2, https://ipay.adp.com/iPay/index.jsf, 647a2e583979a8b2a97c5b75e5632ebd.zip, 293, 200
02/20/2013 00:00:15, 1, http://collegeapps.about.com/od/phototours/Photo_Tours_of_College_Campuses.htm, 7e2d8346b6dfa3503f9704ddf96cf12f.zip, 25902, 200
02/20/2013 00:00:15, 2, http://www.poly.edu/financial-aid/contact, , 0, 403
02/20/2013 00:00:15, 2, http://www.poly.edu/multimedia/photos/2012/10/nyc-nj-young-alumni-and-students-new-york-cares-day-fall-2012, , 0, 403
02/20/2013 00:00:15, 1, http://www.poly.edu/admissions/graduate/veterans, , 0, 403
02/20/2013 00:00:15, 1, http://www.poly.edu/events/2013/02/21/network-optimization-and-performance-evaluation-wireless-networks-cognitive-radio-, , 0, 403
02/20/2013 00:00:15, 2, http://www.poly.edu/life/student/information/wired, , 0, 403
02/20/2013 00:00:15, 2, http://www.poly.edu/events/2013/02/21/nyu-heights-and-nyu-poly-engineering-alumni-gathering, , 0, 403
02/20/2013 00:00:15, 2, http://www.poly.edu/financial-aid/calculator, , 0, 403
02/20/2013 00:00:15, 2, http://www.poly.edu/life/student/information/computer, , 0, 403
02/20/2013 00:00:15, 2, http://www.poly.edu/events/2013/02/28/spring-2013-professional-development-webinars, , 0, 403
02/20/2013 00:00:15, 1, http://www.poly.edu/admissions/graduate/requirements#deadlines, , 0, 403
02/20/2013 00:00:15, 2, http://www.poly.edu/admissions/financial/costs, , 0, 403
02/20/2013 00:00:15, 2, http://www.poly.edu/life/student/information/help, , 0, 403
02/20/2013 00:00:15, 2, http://www.poly.edu/business/career?epage=1&amp;etids=996+699, , 0, 403
02/20/2013 00:00:15, 1, http://www.poly.edu/events/2013/02/01/application-consultation-session-part-time-enrollment, , 0, 403
02/20/2013 00:00:15, 2, http://www.poly.edu/life/student/information/forms, , 0, 403
02/20/2013 00:00:15, 2, http://www.poly.edu/events/2013/02/28/orlando-alumni-gathering, , 0, 403
02/20/2013 00:00:15, 1, http://www.poly.edu/events/2013/03/01/nyu-epoly-graduate-online-learning-webinar, , 0, 403
02/20/2013 00:00:15, 2, http://www.poly.edu/life/student/information/purchasing, , 0, 403
02/20/2013 00:00:15, 2, http://www.poly.edu/sites/polyproto.poly.edu/files/Understanding_Financial_Aid-r6.pdf, , 0, 403
02/20/2013 00:00:15, 1, http://collegeapps.about.com/od/collegelifeqa/College_Life_Q_A_What_You_Should_Know_Before_the_Big_Move.htm, 4f021894fb25bd79a91bb25136179277.zip, 19079, 200
02/20/2013 00:00:15, 1, http://collegeapps.about.com/od/glossaryofkeyterms/Glossary_of_Key_Admissions_Terms.htm, d41e2c633d2af01453fc093774b786af.zip, 21664, 200
02/20/2013 00:00:15, 2, http://www.poly.edu/events/2013/03/02/st-petersburg-alumni-gathering, , 0, 403
02/20/2013 00:00:15, 2, http://www.poly.edu/business/career?epage=2&amp;etids=996+699, , 0, 403
02/20/2013 00:00:15, 1, http://www.poly.edu/ct/, , 0, 403
02/20/2013 00:00:15, 2, http://www.poly.edu/events?tid=957, , 0, 403
02/20/2013 00:00:15, 2, http://www.poly.edu/events/2013/03/03/naples-alumni-gathering, , 0, 403
02/20/2013 00:00:15, 2, http://www.poly.edu/events/2013/02/21/how-prepare-career-fair, , 0, 403
02/20/2013 00:00:15, 2, http://www.poly.edu/life/student/information/people, , 0, 403
02/20/2013 00:00:15, 1, http://nyu.edu, 2b9831225226f29e8eca7937a60bb0b6.zip, 29196, 200
02/20/2013 00:00:15, 1, http://collegeapps.about.com/od/choosingacollege/, 1a2b14be529813255b6301e6a9fffdda.zip, 28060, 200
02/20/2013 00:00:16, 2, http://www.poly.edu/events/2013/02/26/acing-interview-nyu-poly, , 0, 403
02/20/2013 00:00:16, 1, http://www.poly.edu/admissions/graduate?epage=1&amp;etids=620+367+621+613+722+700, , 0, 403
02/20/2013 00:00:16, 2, http://www.poly.edu/events/2013/02/28/engineering-and-technology-spring-career-fair-2013, , 0, 403
02/20/2013 00:00:16, 2, http://www.poly.edu/life/student/information/quick-support, , 0, 403
02/20/2013 00:00:16, 2, http://www.poly.edu/events/2013/03/05/boca-raton-alumni-gathering, , 0, 403
02/20/2013 00:00:16, 1, http://www.poly.edu/admissions/graduate?epage=2&amp;etids=620+367+621+613+722+700, , 0, 403
02/20/2013 00:00:16, 2, http://www.poly.edu/business/career/connect, , 0, 403
02/20/2013 00:00:16, 2, http://www.poly.edu/njtransit-discounts, , 0, 403
02/20/2013 00:00:16, 1, http://www.poly.edu/events/2013/02/28/graduate-school-evening-information-session, , 0, 403
02/20/2013 00:00:16, 2, http://www.poly.edu/multimedia/photos/2013/02/nyu-poly-greenhouse-launch-celebrates-innovation-education, , 0, 403
02/20/2013 00:00:16, 1, http://www.nycmedialab.org/, e7b330e24d26693237ada5e4b95b0a3c.zip, 32490, 200
02/20/2013 00:00:16, 1, http://www.nycmedialab.org/, e7b330e24d26693237ada5e4b95b0a3c.zip, 32490, 200
02/20/2013 00:00:16, 1, http://www.nycmedialab.org/, e7b330e24d26693237ada5e4b95b0a3c.zip, 32490, 200
02/20/2013 00:00:16, 1, http://www.poly.edu/events/2013/03/07/majora-carter-ecoentrepreneur-peabody-award-winner-and-urban-revitalization-strate, , 0, 403
02/20/2013 00:00:16, 1, http://www.nycmedialab.org/, e7b330e24d26693237ada5e4b95b0a3c.zip, 32490, 200
02/20/2013 00:00:16, 2, http://www.nyu.edu/careerdevelopment/termsandconditions.php, 5cc9854e38bb9ab0b5e35486c8b23140.zip, 15586, 200
02/20/2013 00:00:16, 2, http://www.nyu.edu/careerdevelopment/students/fraudulent_postings.php, 1d57d41497d2317f8da2b4a549ca2a27.zip, 16691, 200
02/20/2013 00:00:16, 1, http://collegeapps.about.com/od/collegeprofiles/, aab9e392f5e9af64c77a34269162ece8.zip, 260045, 200
02/20/2013 00:00:17, 1, http://spiderbites.about.com/sitemap.htm, ac6b59a773c1cd39985bf0c0a7ae8582.zip, 98184, 200
02/20/2013 00:00:17, 2, https://nyu-csm.symplicity.com/students/index.php?signin_tab=1, c7a43504b0d6c93cd78816f5f32a6a21.zip, 29361, 200
02/20/2013 00:00:17, 1, http://www.youtube.com/nyupolytechnic, 9dc4224256081116ecc0d71747a073fa.zip, 67768, 200
02/20/2013 00:00:17, 1, http://vimeo.com/join, 03b767cd366fa27776fca90cb9a97188.zip, 15754, 200
02/20/2013 00:00:17, 1, http://azlist.about.com/a.htm, 43f2ad066993a727b40cde5f2547f56f.zip, 20263, 200
02/20/2013 00:00:17, 1, http://vimeo.com/, 1bfbaf4d2b87c2f03a0279e162f86a29.zip, 35996, 200
02/20/2013 00:00:17, 1, http://vimeo.com/log_in, 5d51a36b6427acf24d5785fe853e5807.zip, 15349, 200
02/20/2013 00:00:17, 1, http://beaguide.about.com/, 6ab3a8b939cede4334bfab5d54cbe7c0.zip, 14347, 200
02/20/2013 00:00:17, 1, http://vimeo.com/videoschool, 42c5a0405ce92f99089cc8e50eea0fa7.zip, 62382, 200
02/20/2013 00:00:17, 1, http://vimeo.com/enhancer, 4a332be756ddbaa6254a55bf0dcdf448.zip, 20777, 200
02/20/2013 00:00:17, 1, http://vimeo.com/creatorservices, da479a5790dbe024c2925104189a72f2.zip, 28184, 200
02/20/2013 00:00:17, 1, http://vimeo.com/musicstore, c4aa8d4dd38bf9329a68817035bfb609.zip, 115118, 200
02/20/2013 00:00:17, 1, http://vimeo.com/movies, 4688b88644f4404f93844b1d63608601.zip, 29637, 200
02/20/2013 00:00:17, 1, http://vimeo.com/channels, a73b4ad9bf6d4eb4f5553af7fc8a8b71.zip, 40743, 200
02/20/2013 00:00:17, 2, http://www.youtube.com/NYUWassermanCenter, e787a1d3f99779aa42c18b7d7b60c101.zip, 61338, 200
02/20/2013 00:00:17, 1, http://vimeo.com/categories, eaf1f164785548b48b62ae3bc149de65.zip, 32853, 200
02/20/2013 00:00:17, 1, http://vimeo.com/plus, e69c6ff0ba917a34b38ac1ae7b5a84b1.zip, 29638, 200
02/20/2013 00:00:17, 1, http://vimeo.com/groups, 65c90aa9d08e644f3dc71139e654daef.zip, 45542, 200
02/20/2013 00:00:17, 1, http://vimeo.com/59691819, ed736b9d013872e7e54323919148bfee.zip, 37412, 200
02/20/2013 00:00:17, 1, http://vimeo.com/upload, 8d137fe3c84db80423e3e821b151d188.zip, 15349, 200
02/20/2013 00:00:17, 1, http://vimeo.com/58630763, 4a8865a878897e67ddd9f9c3e3cf6765.zip, 37179, 200
02/20/2013 00:00:17, 1, http://vimeo.com/nyupoly/videos, 8c3e4ba41db279d02e0d51f9d04518b7.zip, 41712, 200
02/20/2013 00:00:17, 1, http://vimeo.com/58630573, 8020c9c2637638df4c2c6adf21f8c372.zip, 37243, 200
02/20/2013 00:00:17, 1, http://vimeo.com/nyupoly/following, 15ce37eb0a552c78da392e95f6bae6f5.zip, 25548, 200
02/20/2013 00:00:17, 1, http://vimeo.com/staffpicks, 0b4dd4b7de74d3a774f0b74f80bc268b.zip, 45859, 200
02/20/2013 00:00:17, 1, http://vimeo.com/57237265, 3037cf1364a1c390c20884aa359f3bdc.zip, 37236, 200
02/20/2013 00:00:17, 1, http://vimeo.com/38457996, c048a0332f42fbe80d237f3fed4dbf83.zip, 38686, 200
02/20/2013 00:00:17, 1, http://jobs.about.com/, 65e3297dbbd73a51dbb5c51e73c630f0.zip, 4103, 200
02/20/2013 00:00:17, 1, http://vimeo.com/user5030084, a2b1e04f64305915dcb62e378afa8220.zip, 31960, 200
02/20/2013 00:00:18, 1, http://vimeo.com/album/2170957, 69ec6440c3f90675f0f0b7e57e6b33ea.zip, 35093, 200
02/20/2013 00:00:18, 1, http://vimeo.com/user5052045, 9555d973a9fe3e2b6b87d898db016e17.zip, 33462, 200
02/20/2013 00:00:18, 1, http://vimeo.com/14965237, 36b0566025a7d7d28e942bef9c2c0c73.zip, 37341, 200
02/20/2013 00:00:18, 1, http://vimeo.com/user3947834, 8c5f8cd65515f18554571d294f6b0be7.zip, 37401, 200
02/20/2013 00:00:18, 1, http://vimeo.com/creativecommons, f6feb53e06d95875a8cbb35991135439.zip, 45421, 200
02/20/2013 00:00:18, 2, http://bigfuture.collegeboard.org/, dbc662e225a92e4737eb7afc5d22a47d.zip, 24340, 200
02/20/2013 00:00:18, 1, http://vimeo.com/user14959838, df5d8e11d50b90d59ce0bccfcb7e6406.zip, 36692, 200
02/20/2013 00:00:18, 1, http://vimeo.com/nyupoly/likes, 5d12d902f68515b19a841eef2f4a24c6.zip, 30454, 200
02/20/2013 00:00:18, 1, http://vimeo.com/album/2170905, 80a69e31578f5c0938b203c748e13c8f.zip, 33346, 200
02/20/2013 00:00:18, 1, http://vimeo.com/nyupoly/channels, fc1b978a8448bb6174cadea9c78d8b86.zip, 29789, 200
02/20/2013 00:00:18, 1, http://vimeo.com/nyupoly/albums, 8f36c0c0ee1a94f6bc067d65c9b03222.zip, 29134, 200
02/20/2013 00:00:18, 1, http://vimeo.com/help, bb44ec7804888ea7ca728beb473639e6.zip, 32928, 200
02/20/2013 00:00:18, 2, https://foursquare.com/v/nyu-wasserman-career-development-center/4b217845f964a5205d3c24e3, 152fb6b78f71008bbc854b7ef8fc995a.zip, 50098, 200
02/20/2013 00:00:18, 1, http://vimeo.com/about, e4c40173c1906f89f25a434a81ed3536.zip, 75718, 200
02/20/2013 00:00:18, 1, http://vimeo.com/help/guidelines, c3391baa0830335eb8d060ba0c511422.zip, 31361, 200
02/20/2013 00:00:18, 1, http://vimeo.com/pro, f48e4785a41e7409b99f3e11afaf3f98.zip, 29927, 200
02/20/2013 00:00:18, 1, http://vimeo.com/business, a810e603c96998b6b2aee67d51acddd6.zip, 31519, 200
02/20/2013 00:00:18, 1, http://vimeo.com/blog, 3a8a54391d004f2b1ec91868d30a882d.zip, 37285, 200
02/20/2013 00:00:18, 1, http://vimeo.com/help/basics, 7258725acac1f0b5c28058a90db89b7b.zip, 31646, 200
02/20/2013 00:00:18, 1, http://vimeo.com/new, f0be50620460cb117d3f38ab1c730d1a.zip, 34660, 200
02/20/2013 00:00:18, 1, http://vimeo.com/privacy, 4979f5d648cbf2dccb1d46e8e1786c95.zip, 49676, 200
02/20/2013 00:00:18, 1, http://vimeo.com/terms, a641466600c1a78166552ff29c73c430.zip, 46954, 200
02/20/2013 00:00:18, 1, http://vimeo.com/nyupoly/videos/rss, , 0, OTHER_EXCEPTION
02/20/2013 00:00:18, 1, http://vimeo.com/dmca, e7f3b6eb13280c4c6cb39e7181a6b67b.zip, 27908, 200
02/20/2013 00:00:18, 1, http://vimeo.com/love, b1f84e43e3d2a9a7e871b3bb18489cd3.zip, 35481, 200
02/20/2013 00:00:18, 1, http://vimeo.com/cookie_policy, bcb7209080b407209739f7eb2ecf1e14.zip, 30300, 200
02/20/2013 00:00:18, 1, http://vimeo.com/site_map, ddf78bee23a63c5603f11a3610c0b6f5.zip, 28437, 200
02/20/2013 00:00:18, 1, http://vimeo.com/nyupoly/likes/rss, , 0, OTHER_EXCEPTION
02/20/2013 00:00:18, 1, http://vimeo.com/nyupoly#language, d6242ad65d5da9f754cc2eb088b4a394.zip, 37279, 200
02/20/2013 00:00:18, 1, http://developer.vimeo.com, a706d7cb6eb60691983f3a68dcc3f07a.zip, 14531, 200
02/20/2013 00:00:18, 1, http://vimeo.com/forums, 0e36e0e19a134a497c5c41db02e5333c.zip, 29212, 200
02/20/2013 00:00:18, 1, http://vimeo.com/couchmode, a6b1bb958d18552f02b063d85fe154ea.zip, 166873, 200
02/20/2013 00:00:18, 2, http://twitter.com/NYUWasserman, f8973b0cf88e54e69252abeac8810c72.zip, 26639, 200
02/20/2013 00:00:18, 1, http://vimeo.com/help/faq, 73df915f2beb0ea7c911b63cf1cafa78.zip, 771345, 200
02/20/2013 00:00:18, 1, http://www.twitter.com/nyupoly, ba9f6269e2c4bb503d181aad96c3cf00.zip, 25665, 200
02/20/2013 00:00:18, 2, https://nyuwassermanblog.career.admin.nyu.edu/, 2f1f8eb78bb914836ae7b32ee4cc702b.zip, 282891, 200
02/20/2013 00:00:19, 1, http://crissp.poly.edu/?page_id=100, 645392e28af0b7aded59033ac087ebbd.zip, 27230, 200
02/20/2013 00:00:19, 1, http://crissp.poly.edu/?page_id=368, cbfba9e235b9bbee8312bdc9e7481adb.zip, 26352, 200
02/20/2013 00:00:19, 1, http://crissp.poly.edu/?page_id=840, da744f89db3d1fe1d663b2b72fcf3d04.zip, 25137, 200
02/20/2013 00:00:19, 1, http://crissp.poly.edu/?page_id=1079, 5d0ccd19946a0b62de3e68d5d74c59b8.zip, 29067, 200
02/20/2013 00:00:20, 1, http://crissp.poly.edu/?page_id=449, cdfa326267bd25fb79c5f2ff7314cba3.zip, 24713, 200
02/20/2013 00:00:20, 1, http://www.advertiseonabout.com/category/press-releases/, 28dd18de284a5038727fdf3c962cb59f.zip, 27686, 200
02/20/2013 00:00:20, 1, http://www.advertiseonabout.com/about-us/, 9f0ff726d14af025812d417c41a755ca.zip, 17272, 200
02/20/2013 00:00:20, 1, http://crissp.poly.edu/?page_id=1029, e008af6f6ced27046f8b23d2ff489e3a.zip, 28005, 200
02/20/2013 00:00:20, 1, http://www.advertiseonabout.com/, 59bc606e7404cccff2d16b7294647277.zip, 26927, 200
02/20/2013 00:00:20, 1, http://crissp.poly.edu/?page_id=284, f3ebd40b258debbe92d7eb398c44f0ae.zip, 25707, 200
02/20/2013 00:00:20, 1, http://crissp.poly.edu/?page_id=2, 6f69d05919962927ebf19623578645ac.zip, 26311, 200
02/20/2013 00:00:20, 1, http://crissp.poly.edu/?page_id=443, fdc0bf7e22c67ba06fc50a353ab968dc.zip, 29014, 200
02/20/2013 00:00:20, 1, http://crissp.poly.edu/?page_id=295, 0c94e41c27d68564c3ecf9b877846641.zip, 28542, 200
02/20/2013 00:00:21, 1, https://crissp.poly.edu/wiki/doku.php?do=login, 725eb117b03b1a8686f3f9b1b2dbe4b8.zip, 8101, 200
02/20/2013 00:00:21, 1, http://vimeo.com/jobs, 12375a1d3e4e39d5f3d708e5200e5491.zip, 53574, 200
02/20/2013 00:00:21, 1, http://crissp.poly.edu/?page_id=490, 13d9162251630663b186d537b9cd9831.zip, 25629, 200
02/20/2013 00:00:21, 1, http://crissp.poly.edu/?page_id=487, 0f0388b669672b8b899b029e1b63d9c4.zip, 29241, 200
02/20/2013 00:00:21, 1, http://crissp.poly.edu/?page_id=431, 385a468ba4ab37dc895875793939135e.zip, 25774, 200
02/20/2013 00:00:22, 1, http://crissp.poly.edu/?page_id=428, 0ca0f3b56d3948b356fab76894d12427.zip, 24585, 200
02/20/2013 00:00:22, 1, http://crissp.poly.edu/?page_id=25, 415ab8408032e8b0d9a9a47ed0ec7a81.zip, 30393, 200
02/20/2013 00:00:22, 1, http://crissp.poly.edu/?page_id=398, cec3799a90c6e77ed418b8077ab95328.zip, 24948, 200
02/20/2013 00:00:22, 1, http://crissp.poly.edu/?page_id=7, 6513cb126cdcdad3f1efa4bee574ac52.zip, 27546, 200
02/20/2013 00:00:22, 1, http://crissp.poly.edu/?page_id=439, f2bdfa57cf386e42142dc469601cb4f4.zip, 26226, 200
02/20/2013 00:00:23, 1, http://crissp.poly.edu/?page_id=293, 73a019a34e1556c2d97a373dea573ff1.zip, 25453, 200
02/20/2013 00:00:23, 1, http://crissp.poly.edu/?page_id=441, 843ef618d59832e27d1e73d37a0f4ff1.zip, 25464, 200
02/20/2013 00:00:24, 1, http://crissp.poly.edu/?cat=10, a9c695e82a015342afe0d6483d26c2fd.zip, 36145, 200
02/20/2013 00:00:24, 1, http://crissp.poly.edu/?p=1295, ebab0300893810d74034748227c9110c.zip, 26259, 200
02/20/2013 00:00:24, 1, http://crissp.poly.edu/?p=1210, 0428a308e85bf6c5bf6bdf57eb6ee8db.zip, 26793, 200
02/20/2013 00:00:24, 1, http://crissp.poly.edu/?page_id=933, c963c09ef368824a53e748108086a669.zip, 27302, 200
02/20/2013 00:00:24, 1, http://crissp.poly.edu/?month=3&amp;yr=2013#jd-calendar, 5bd9583a51efda904f2d68db555f29ec.zip, 36718, 200
02/20/2013 00:00:24, 1, http://crissp.poly.edu/?p=1324, ead197650a9ff8638cba128916d5888f.zip, 25287, 200
02/20/2013 00:00:24, 1, http://crissp.poly.edu/?p=1273, 38c922438825bd20f869f05995e1a8cf.zip, 30690, 200
02/20/2013 00:00:25, 1, http://crissp.poly.edu/?cat=62, 9c3b0cfd5532a196d2b295bdd34664f4.zip, 24749, 200
02/20/2013 00:00:25, 1, http://crissp.poly.edu/?cat=56, 16a3da15d9dfefad516e065d9bf24606.zip, 36272, 200
02/20/2013 00:00:25, 1, http://crissp.poly.edu/?cat=50, 970600f20a1b0313143751753a91ec59.zip, 32040, 200
02/20/2013 00:00:25, 1, http://crissp.poly.edu/?cat=60, 98ea1b9586461898cc537b6b2ff75074.zip, 24771, 200
02/20/2013 00:00:25, 1, http://crissp.poly.edu/?p=1200, 564c8b10e32d4e54cb0b23537fd927df.zip, 25451, 200
02/20/2013 00:00:26, 1, http://crissp.poly.edu/?cat=58, dc9af9f73b1d7c75fe9f6102fd97cd18.zip, 26014, 200
02/20/2013 00:00:26, 1, http://crissp.poly.edu/?feed=rss2, a3f1920e518769387dacb764b82dc2e5.zip, 29409, 200
02/20/2013 00:00:26, 1, http://crissp.poly.edu/?cat=59, 359833127a00116bfd675c9a4e0e06e7.zip, 25995, 200
02/20/2013 00:00:26, 1, http://crissp.poly.edu/?cat=61, d3ecbbdcf73ba1c1549cb5ae50984d6d.zip, 26124, 200
02/20/2013 00:00:26, 1, http://crissp.poly.edu/?cat=55, e796d56318d220137e87b3d86d40a94e.zip, 34344, 200
02/20/2013 00:00:26, 1, http://www.nyu.edu/about/news-publications/news/2010/07/28/nyu-poly-receives-major-grant-to-educate-next-generation-of-cyber-security-engineers.html, f687067a8d4a2cf1a26e764d70f16247.zip, 38191, 200
02/20/2013 00:00:27, 1, http://crissp.poly.edu/?cat=7, 4e9971310b1ff8449610c32c289c06f1.zip, 24689, 200
02/20/2013 00:00:27, 1, http://crissp.poly.edu/?page_id=972, 11559d84c198332f53a25b33b0e43116.zip, 27015, 200
02/20/2013 00:00:27, 1, http://crissp.poly.edu/wissp08/, 197dcad2754893ba794db7d7e0f7b0d0.zip, 7948, 200
02/20/2013 00:00:27, 1, http://crissp.poly.edu/?page_id=550, 08ebc321a3a65be36531644a2bb07dd2.zip, 26176, 200
02/20/2013 00:00:27, 1, http://crissp.poly.edu/?cat=1, cd2288abe83cd86eca8298486b59503b.zip, 35206, 200
02/20/2013 00:00:27, 1, http://crissp.poly.edu/?cat=16, 1b01790fa26c6f7695e9f720f11dc9dd.zip, 24753, 200
02/20/2013 00:00:27, 1, http://crissp.poly.edu/?cat=51, 253c929899253d933e143917c5fca0c8.zip, 24698, 200
02/20/2013 00:00:27, 1, http://crissp.poly.edu/wissp10/, 3219e6487d2071154b574e608adcd468.zip, 5645, 200
02/20/2013 00:00:27, 1, http://crissp.poly.edu/?page_id=1052, 6b5641bd4da1dd0670bedb2c27196717.zip, 29170, 200
02/20/2013 00:00:28, 1, http://crissp.poly.edu/?cat=28, 50ea723054fb25875b24e2ec1c12ba51.zip, 26035, 200
02/20/2013 00:00:28, 1, http://crissp.poly.edu/?p=1162, d315fe3cfac8df29377a2a3c9f2bae89.zip, 25984, 200
02/20/2013 00:00:28, 1, http://crissp.poly.edu/?p=1110, f3bed1f5ba72790b0aa30c5b87b1a495.zip, 25982, 200
02/20/2013 00:00:28, 1, http://www.schneier.com/, 443d3bf6dbbf8db1d7606b211e30e63a.zip, 35007, 200
02/20/2013 00:00:28, 1, http://cwe.mitre.org/top25/, 98752c3297c0826fceaff2afae8c166c.zip, 278479, 200
02/20/2013 00:00:28, 1, http://www.wired.com/threatlevel/, b77e741264d0afb92d47e36576400ed1.zip, 303894, 200
02/20/2013 00:00:29, 1, http://crissp.poly.edu/?page_id=422, , 0, OTHER_EXCEPTION
02/20/2013 00:00:29, 1, http://crissp.poly.edu/?m=201109, 828c867cefb6826228194e59bc980143.zip, 24964, 200
02/20/2013 00:00:30, 1, http://crissp.poly.edu/?m=201207, 88c45a94e745c3280ed4b2610084ee46.zip, 25894, 200
02/20/2013 00:00:30, 1, http://crissp.poly.edu/?m=201208, 5a6c4e74cc73de078ae8c9b99e220456.zip, 26134, 200
02/20/2013 00:00:30, 1, http://crissp.poly.edu/?m=201111, 9a5c8c18c4f9509c0ecdb7c69834abb4.zip, 30242, 200
02/20/2013 00:00:30, 1, http://crissp.poly.edu/?m=201210, da086c560f1cd10f0d602eacf06d1567.zip, 24935, 200
02/20/2013 00:00:30, 1, http://crissp.poly.edu/?m=201202, 3bac73fd8edd005da92c6a7ac4a10e44.zip, 28349, 200
02/20/2013 00:00:30, 1, http://crissp.poly.edu/?m=201205, 2a0824e15fb81a8c90579f325bb8306b.zip, 26086, 200
02/20/2013 00:00:30, 1, http://crissp.poly.edu/?m=201212, 30e09aa4ecdbf0f4d582ce16c47f3744.zip, 26064, 200
02/20/2013 00:00:30, 1, http://crissp.poly.edu/?m=201204, 8c1586f68ac2309a6aed31ce9e4b3f1b.zip, 26007, 200
02/20/2013 00:00:30, 1, http://crissp.poly.edu/?page_id=455, , 0, OTHER_EXCEPTION
02/20/2013 00:00:30, 1, http://crissp.poly.edu/?m=201108, 1ab6bf10256f87729bf62e0833095e28.zip, 27821, 200
02/20/2013 00:00:30, 1, http://crissp.poly.edu/?m=201201, 32e7129d47bb6802589e748b5e0fb9a9.zip, 24778, 200
02/20/2013 00:00:30, 1, http://crissp.poly.edu/?p=1345, , 0, OTHER_EXCEPTION
02/20/2013 00:00:30, 1, http://slashdot.org/stories/security, 53c6131e7018c21c064f74982d4ecbca.zip, 103936, 200
02/20/2013 00:00:30, 1, http://wagner.nyu.edu/, 1726b09aa3e229f5f2b0c61a5a0b079a.zip, 113750, 200
02/20/2013 00:00:30, 1, http://www.stern.nyu.edu/, 0620e53a4ea4557bbcc1546b73bec334.zip, 35644, 200
02/20/2013 00:00:30, 1, http://www.cims.nyu.edu/, d16ddba27a70d48314dcada265162c12.zip, 10604, 200
02/20/2013 00:00:30, 1, http://steinhardt.nyu.edu/, 1443f573c46b18c60301a68f472dfc8f.zip, 51419, 200
02/20/2013 00:00:30, 1, http://jjay.cuny.edu/, , 0, 400
02/20/2013 00:00:31, 1, http://crissp.poly.edu/?m=201103, 71bed2813113dc740ec2ae30c33b1848.zip, 25932, 200
02/20/2013 00:00:31, 1, http://crissp.poly.edu/?m=201012, 0278a5acd6a1c30ad482f8bc1b91895d.zip, 24766, 200
02/20/2013 00:00:31, 1, http://crissp.poly.edu/?m=201011, 4755367d57e71026f2a47f375c15f35a.zip, 25966, 200
02/20/2013 00:00:31, 1, http://crissp.poly.edu/?m=201106, c198bd9deaab2462d95f8cb27aa70d83.zip, 25830, 200
02/20/2013 00:00:31, 1, http://crissp.poly.edu/?m=201110, 76b713740bd76a335d642d0f82da00c0.zip, 33269, 200
02/20/2013 00:00:31, 1, http://wordpress.org/, 8e73c6b5bc5ba66d98238874d1d08cfb.zip, 11912, 200
02/20/2013 00:00:31, 1, http://zww.me, 7bf60d61a29fcbe0036ccbf8049fccf3.zip, 51291, 200
02/20/2013 00:00:31, 1, http://gonyupoly.com/#content, 4de571d5819260cc4ad67436b548d800.zip, 87557, 200
02/20/2013 00:00:31, 1, http://crissp.poly.edu/?m=201005, 6372454195e4d863a4106fd7b9f3b701.zip, 25990, 200
02/20/2013 00:00:31, 1, http://crissp.poly.edu/?m=201009, e323da9783602f86bc2e6288fe0c3cce.zip, 28040, 200
02/20/2013 00:00:31, 1, http://crissp.poly.edu/?m=201007, 6dec117edee49c51890a355a46c9cee6.zip, 24786, 200
02/20/2013 00:00:32, 1, http://crissp.poly.edu/?paged=2, 408984ed9df115262364480c21beeec7.zip, 36844, 200
02/20/2013 00:00:32, 1, http://crissp.poly.edu/?m=201010, f4155350d8eb918c07b6d9df36921202.zip, 27216, 200
02/20/2013 00:00:32, 1, http://crissp.poly.edu/?m=201004, 7031f8216bc80d6b60a05799b2764272.zip, 29215, 200
02/20/2013 00:00:32, 1, http://crissp.poly.edu/?m=201003, 983cfc5eeee89b22f16cff9f0cd2d7ec.zip, 29211, 200
02/20/2013 00:00:32, 1, http://crissp.poly.edu/?page_id=425, d1aa9a7e38bf6813c9d838d69bb1bdb9.zip, 32159, 200
02/20/2013 00:00:32, 1, http://crissp.poly.edu/?p=1338, 860d581584a6a9a3e39365238e055e36.zip, 25995, 200
02/20/2013 00:00:32, 1, http://crissp.poly.edu/?p=1145, b4191a638176a0262a26735c9feafab4.zip, 27297, 200
02/20/2013 00:00:32, 1, http://gonyupoly.com/index.aspx?path=mbball&amp;&amp;tab=0, 773ef2674a413b96d36904c0fe9bf446.zip, 80474, 200
02/20/2013 00:00:32, 1, http://gonyupoly.com/index.aspx?path=baseball&amp;&amp;tab=0, 7dc75d7af7b413ff39d4f6e11954d0a6.zip, 71193, 200
02/20/2013 00:00:32, 1, http://crissp.poly.edu/?month=1&amp;yr=2013#jd-calendar, 36d1bef63b201b91e29396535fece483.zip, 36850, 200
02/20/2013 00:00:32, 1, http://gonyupoly.com/index.aspx?path=mcross&amp;&amp;tab=0, b41dd31282d424b7fa478c9e2d85d5e6.zip, 68704, 200
02/20/2013 00:00:32, 1, http://crissp.poly.edu/?page_id=1166, 8a88dbd6741f9d4f3ce9f1cceb34402e.zip, 28897, 200
02/20/2013 00:00:32, 1, http://gonyupoly.com/index.aspx?path=judo&amp;&amp;tab=0, 0e3c64d4338a82d7042bf16fa183d20b.zip, 63049, 200
02/20/2013 00:00:32, 1, http://gonyupoly.com/index.aspx?path=msoc&amp;&amp;tab=0, 1f2d15cd418fe0b42ed444cfd006b4ad.zip, 76550, 200
02/20/2013 00:00:32, 1, http://gonyupoly.com/sports/2011/8/9/GEN_0809114221.aspx?&amp;tab=2, 0232fa285b86d672bb89b9e93a344bec.zip, 18139, 200
02/20/2013 00:00:32, 1, http://gonyupoly.com/sports/2011/8/9/GEN_0809111708.aspx?&amp;tab=2, 11daa55b96d905b6156e7fe228d8431f.zip, 21360, 200
02/20/2013 00:00:32, 1, http://gonyupoly.com/sports/2011/8/9/GEN_0809114845.aspx?&amp;tab=2, 9b712d19e7ca06bcf234d14ba27c46d3.zip, 17092, 200
02/20/2013 00:00:32, 1, http://gonyupoly.com/index.aspx?path=golf&amp;&amp;tab=0, 5ce0a7e9ff5b7a03c7a222eba5d609b7.zip, 63880, 200
02/20/2013 00:00:32, 1, http://gonyupoly.com/sports/2011/8/9/GEN_0809115001.aspx?&amp;tab=2, 3e6b9b099fc709c19e37539dd2874a7b.zip, 15799, 200
02/20/2013 00:00:32, 1, http://gonyupoly.com/sports/2011/8/9/GEN_0809115117.aspx?&amp;tab=2, 41ab9ac517993b33ea3b9c88003608d0.zip, 19794, 200
02/20/2013 00:00:32, 1, http://gonyupoly.com/sports/2011/8/9/GEN_0809115233.aspx?&amp;tab=2, ec834c036da17191bdefce601229d095.zip, 18334, 200
02/20/2013 00:00:32, 1, http://gonyupoly.com/sports/2011/8/9/GEN_0809115500.aspx?&amp;tab=2, f4d6bfe1cf93d0c4135e0e3833cbf410.zip, 17149, 200
02/20/2013 00:00:32, 1, http://gonyupoly.com/sports/2011/8/9/GEN_0809115640.aspx?&amp;tab=2, cf70ad4d288854f9538951ac8ba9bd8c.zip, 18307, 200
02/20/2013 00:00:32, 1, http://gonyupoly.com/sports/2011/9/19/GEN_0919112014.aspx?&amp;tab=2, a48cad2298a076fc5452fd5f327a8c95.zip, 15873, 200
02/20/2013 00:00:32, 1, http://gonyupoly.com/news/2013/2/19/BB_0219135942.aspx?path=baseball, 727190f0c1b7115617a0913095e1dbcd.zip, 19977, 200
02/20/2013 00:00:32, 1, http://gonyupoly.com/news/2013/2/19/MBB_0219133829.aspx?path=mbball, d9d1b49d7329b76bea69cbe8dd6b8427.zip, 17767, 200
02/20/2013 00:00:32, 1, http://gonyupoly.com/news/2013/2/16/MBB_0216134008.aspx?path=mbball, 58ba3d730303e7ba0ae85ed54dc677de.zip, 18103, 200
02/20/2013 00:00:32, 1, http://gonyupoly.com/staff.aspx, 413c3a7d57c174c8f95bc3960e3ac211.zip, 38787, 200
02/20/2013 00:00:32, 1, http://gonyupoly.com/news/2013/2/16/WBB_0216130520.aspx?path=wbball, 0942c41a6a6dd7dbd8270222d6829661.zip, 19779, 200
02/20/2013 00:00:32, 1, http://gonyupoly.com/news/2013/2/17/MVB_0217130412.aspx?path=mvball, e481b848b3b0d4240c96cf68f64eca2a.zip, 19048, 200
02/20/2013 00:00:33, 1, http://gonyupoly.com/news/2013/2/13/WVB_0213134148.aspx, 065e9ec7d9cb9a8337db42d2b52dbc6e.zip, 17843, 200
02/20/2013 00:00:33, 1, http://gonyupoly.com/news/2013/2/14/GEN_0214134913.aspx, c1ecdf2653f7a075a641b04dbe805e34.zip, 18489, 200
02/20/2013 00:00:33, 1, http://gonyupoly.com/news/2013/2/14/MBB_0214131110.aspx?path=mbball, cfc570d81606a51791d2f93c4e6dc700.zip, 18970, 200
02/20/2013 00:00:33, 1, http://gonyupoly.com/news/2013/2/13/MBB_0213133357.aspx, 9dd09451e5f75abd2c346c934f642b47.zip, 17601, 200
02/20/2013 00:00:33, 1, http://gonyupoly.com/news/2013/2/14/WBB_0214135548.aspx, 081bbda2cff29202a19eb87ccee54b86.zip, 17863, 200
02/20/2013 00:00:33, 1, http://gonyupoly.com/index.aspx?path=wbball&amp;&amp;tab=1, 7e9877a5c214b27fe8768b4e79bc85a9.zip, 79267, 200
02/20/2013 00:00:33, 1, http://gonyupoly.com/news/2013/2/13/MBB_0213132616.aspx, 9ad89a45209e08e986011c3ca7f37f3b.zip, 18756, 200
02/20/2013 00:00:33, 1, http://gonyupoly.com/news/2013/2/13/WBB_0213133624.aspx, d9df813772ebb21eca2e29412b94b2ff.zip, 18526, 200
02/20/2013 00:00:33, 1, http://gonyupoly.com/news/2013/2/12/MVB_0212132424.aspx, 61a85c6dbf92d37a05b00082e7b8da82.zip, 18325, 200
02/20/2013 00:00:33, 1, http://gonyupoly.com/news/2013/2/10/MBB_0210131457.aspx, 7033dea910db3f4147a6fd474ff9aab8.zip, 18807, 200
02/20/2013 00:00:33, 1, http://gonyupoly.com/news/2013/2/10/WBB_0210132139.aspx, 803159d513f42cbb4b6f06f9ad5b009c.zip, 18614, 200
02/20/2013 00:00:33, 1, http://gonyupoly.com/news/2013/2/8/GEN_0208132653.aspx, bededfbf4797e50ca994dcc1e7141e5e.zip, 17915, 200
02/20/2013 00:00:33, 1, http://gonyupoly.com/news/2013/2/7/MVB_0207133235.aspx, 028485e94cfa4f9fa585cb5be6730ee2.zip, 18803, 200
02/20/2013 00:00:33, 1, http://gonyupoly.com/news/2013/2/5/MVB_0205133316.aspx, 1ac220b60c7af377cbd1570f68a2edc5.zip, 18533, 200
02/20/2013 00:00:33, 1, http://gonyupoly.com/news/2013/2/5/WBB_0205133047.aspx, dcf2af9bae75f8197eb8652f14d5cb87.zip, 16841, 200
02/20/2013 00:00:33, 1, http://gonyupoly.com/index.aspx?path=wten&amp;&amp;tab=1, 125b455bd4f69d22bc83ee046f159a54.zip, 67130, 200
02/20/2013 00:00:33, 1, http://gonyupoly.com/news/2013/2/6/MBB_0206135846.aspx, 2abbcdac31013a61c851f3013264b50e.zip, 19793, 200
02/20/2013 00:00:33, 1, http://gonyupoly.com/index.aspx?path=mten&amp;&amp;tab=0, b5dcdc4b3d68b6888b235e01b23eb333.zip, 71100, 200
02/20/2013 00:00:33, 1, http://gonyupoly.com/news/2013/2/3/WBB_0203132823.aspx, 0e37ed9bb590bbd6c95f3ff27d272d49.zip, 18537, 200
02/20/2013 00:00:33, 1, http://gonyupoly.com/news/2013/2/5/MBB_0205131006.aspx, da5d183bf926f4bf3f4a0ffd26eaedad.zip, 17446, 200
02/20/2013 00:00:33, 1, http://gonyupoly.com/news/2013/2/2/MBB_0202130943.aspx, 5b50d59aa6ad45f11f8bc18ebf07646b.zip, 18892, 200
02/20/2013 00:00:33, 1, http://gonyupoly.com/news/2013/2/4/MBB_0204131923.aspx, e17b658ed188072d9a12da88ef240d2c.zip, 19001, 200
02/20/2013 00:00:33, 1, http://gonyupoly.com/news/2013/2/2/MVB_0202131348.aspx, c535a8b8b94b354d99081047e903f629.zip, 19531, 200
02/20/2013 00:00:33, 1, http://gonyupoly.com/index.aspx?path=mvball&amp;&amp;tab=0, d63741ec045ea8de6ced22fc4a782126.zip, 79935, 200
02/20/2013 00:00:33, 1, http://gonyupoly.com/news/2013/1/31/MVB_0131132405.aspx, 729ef831eaae9c8ab847b3b6887ae5cf.zip, 17989, 200
02/20/2013 00:00:33, 1, http://gonyupoly.com/calendar.aspx?smallcal=true, 7d1a01c81f5436dc70e92f46509e9c64.zip, 17570, 200
02/20/2013 00:00:33, 1, http://gonyupoly.com/index.aspx?path=wcross&amp;&amp;tab=1, f502b4cc7fb1c303f65504f12af605a9.zip, 64049, 200
02/20/2013 00:00:33, 1, http://gonyupoly.com/index.aspx?path=softball&amp;&amp;tab=1, 284d15d9d31160def3dfd2835a409266.zip, 76453, 200
02/20/2013 00:00:33, 1, http://gonyupoly.com/news/2013/1/31/MBB_0131134838.aspx, 58f75014d50fe5c6bf945fa7d5726ef8.zip, 19513, 200
02/20/2013 00:00:33, 1, http://gonyupoly.com/news/2013/1/29/WBB_0129130753.aspx, 7f3ac567792de8eccadff7703aa64fe5.zip, 21837, 200
02/20/2013 00:00:33, 1, http://gonyupoly.com/index.aspx?path=wsoc&amp;&amp;tab=1, b934a01ecd3555e258335344a595e8a1.zip, 74785, 200
02/20/2013 00:00:33, 1, http://gonyupoly.com/index.aspx?path=wvball&amp;&amp;tab=1, d482ee3bcb395b74a99249e066aa6563.zip, 77653, 200
02/20/2013 00:00:33, 1, http://gonyupoly.com/news/2013/1/30/MBB_0130135621.aspx, 8519b431f2ecbe13e96b4fedf504f9b8.zip, 17466, 200
02/20/2013 00:00:33, 1, http://gonyupoly.com/sb_output.aspx?form=3, c599797a4c49e310052f7de8a74fc7ca.zip, 29023, 200
02/20/2013 00:00:33, 1, http://gonyupoly.com/archives.aspx?path=, 84067ea3c737e41afe5dc60787b05855.zip, 35543, 200
02/20/2013 00:00:33, 1, http://gonyupoly.com/news/2013/1/31/WBB_0131133926.aspx, f206c992cbadf1585e524ad358f432d7.zip, 19112, 200
02/20/2013 00:00:33, 1, http://gonyupoly.com/news/2013/1/29/MBB_0129135345.aspx, a9fb7f53d327afd35d43dcd4d55d866a.zip, 20839, 200
02/20/2013 00:00:33, 2, http://www.poly.edu/life/athletics#content, , 0, 403
02/20/2013 00:00:33, 2, http://www.poly.edu/index.aspx?path=baseball&amp;&amp;tab=0, , 0, 403
02/20/2013 00:00:33, 2, http://www.poly.edu/index.aspx?path=mcross&amp;&amp;tab=0, , 0, 403
02/20/2013 00:00:33, 2, http://www.poly.edu/index.aspx?path=mvball&amp;&amp;tab=0, , 0, 403
02/20/2013 00:00:33, 2, http://www.poly.edu/index.aspx?path=wbball&amp;&amp;tab=1, , 0, 403
02/20/2013 00:00:33, 2, http://www.poly.edu/index.aspx?path=mbball&amp;&amp;tab=0, , 0, 403
02/20/2013 00:00:33, 2, http://www.poly.edu/index.aspx?path=msoc&amp;&amp;tab=0, , 0, 403
02/20/2013 00:00:33, 2, http://www.poly.edu/index.aspx?path=softball&amp;&amp;tab=1, , 0, 403
02/20/2013 00:00:33, 2, http://www.poly.edu/index.aspx?path=wcross&amp;&amp;tab=1, , 0, 403
02/20/2013 00:00:33, 2, http://www.poly.edu/index.aspx?path=wten&amp;&amp;tab=1, , 0, 403
02/20/2013 00:00:33, 2, http://www.poly.edu/index.aspx?path=golf&amp;&amp;tab=0, , 0, 403
02/20/2013 00:00:33, 2, http://www.poly.edu/index.aspx?path=mten&amp;&amp;tab=0, , 0, 403
02/20/2013 00:00:33, 1, http://gonyupoly.com/photo_gallery.aspx, 7a90e5518a204051cb2ad59bf328bd85.zip, 1956, 200
02/20/2013 00:00:33, 2, http://www.poly.edu/index.aspx?path=judo&amp;&amp;tab=0, , 0, 403
02/20/2013 00:00:33, 2, http://www.poly.edu/index.aspx?path=wsoc&amp;&amp;tab=1, , 0, 403
02/20/2013 00:00:33, 2, http://www.poly.edu/index.aspx?path=wvball&amp;&amp;tab=1, , 0, 403
02/20/2013 00:00:33, 2, http://www.poly.edu/sports/2011/8/9/GEN_0809114221.aspx?&amp;tab=2, , 0, 403
02/20/2013 00:00:33, 2, http://www.poly.edu/sports/2011/8/9/GEN_0809111708.aspx?&amp;tab=2, , 0, 403
02/20/2013 00:00:33, 2, http://www.poly.edu/sports/2011/8/9/GEN_0809114845.aspx?&amp;tab=2, , 0, 403
02/20/2013 00:00:33, 2, http://www.poly.edu/sports/2011/8/9/GEN_0809115001.aspx?&amp;tab=2, , 0, 403
02/20/2013 00:00:33, 2, http://www.poly.edu/sports/2011/8/9/GEN_0809115117.aspx?&amp;tab=2, , 0, 403
02/20/2013 00:00:33, 2, http://www.poly.edu/sports/2011/8/9/GEN_0809115233.aspx?&amp;tab=2, , 0, 403
02/20/2013 00:00:33, 2, http://www.poly.edu/sports/2011/8/9/GEN_0809115500.aspx?&amp;tab=2, , 0, 403
02/20/2013 00:00:33, 2, http://www.poly.edu/sports/2011/8/9/GEN_0809115640.aspx?&amp;tab=2, , 0, 403
02/20/2013 00:00:33, 2, http://www.poly.edu/sports/2011/9/19/GEN_0919112014.aspx?&amp;tab=2, , 0, 403
02/20/2013 00:00:33, 2, http://www.poly.edu/documents/2012/10/8/EADA_Athletic_Info__2012__Final.pdf?path=general&amp;tab=2, , 0, 403
02/20/2013 00:00:33, 2, http://www.poly.edu/staff.aspx, , 0, 403
02/20/2013 00:00:33, 2, http://www.poly.edu/news/2013/2/19/MBB_0219133829.aspx?path=mbball, , 0, 403
02/20/2013 00:00:33, 2, http://www.poly.edu/news/2013/2/19/BB_0219135942.aspx?path=baseball, , 0, 403
02/20/2013 00:00:33, 2, http://www.poly.edu/news/2013/2/17/MVB_0217130412.aspx?path=mvball, , 0, 403
02/20/2013 00:00:33, 2, http://www.poly.edu/news/2013/2/16/MBB_0216134008.aspx?path=mbball, , 0, 403
02/20/2013 00:00:33, 2, http://www.poly.edu/news/2013/2/16/WBB_0216130520.aspx?path=wbball, , 0, 403
02/20/2013 00:00:33, 2, http://www.poly.edu/news/2013/2/14/MBB_0214131110.aspx?path=mbball, , 0, 403
02/20/2013 00:00:33, 2, http://www.poly.edu/news/2013/2/14/WBB_0214135548.aspx, , 0, 403
02/20/2013 00:00:33, 2, http://www.poly.edu/news/2013/2/14/GEN_0214134913.aspx, , 0, 403
02/20/2013 00:00:33, 2, http://www.poly.edu/news/2013/2/13/WVB_0213134148.aspx, , 0, 403
02/20/2013 00:00:33, 2, http://www.poly.edu/news/2013/2/13/MBB_0213133357.aspx, , 0, 403
02/20/2013 00:00:33, 2, http://www.poly.edu/news/2013/2/13/MBB_0213132616.aspx, , 0, 403
02/20/2013 00:00:33, 2, http://www.poly.edu/news/2013/2/13/WBB_0213133624.aspx, , 0, 403
02/20/2013 00:00:33, 2, http://www.poly.edu/news/2013/2/12/MVB_0212132424.aspx, , 0, 403
02/20/2013 00:00:34, 2, http://www.poly.edu/news/2013/2/10/WBB_0210132139.aspx, , 0, 403
02/20/2013 00:00:34, 2, http://www.poly.edu/news/2013/2/10/MBB_0210131457.aspx, , 0, 403
02/20/2013 00:00:34, 2, http://www.poly.edu/news/2013/2/8/GEN_0208132653.aspx, , 0, 403
02/20/2013 00:00:34, 2, http://www.poly.edu/news/2013/2/7/MVB_0207133235.aspx, , 0, 403
02/20/2013 00:00:34, 2, http://www.poly.edu/news/2013/2/6/MBB_0206135846.aspx, , 0, 403
02/20/2013 00:00:34, 2, http://www.poly.edu/news/2013/2/5/MBB_0205131006.aspx, , 0, 403
02/20/2013 00:00:34, 2, http://www.poly.edu/news/2013/2/5/MVB_0205133316.aspx, , 0, 403
02/20/2013 00:00:34, 2, http://www.poly.edu/news/2013/2/5/WBB_0205133047.aspx, , 0, 403
02/20/2013 00:00:34, 2, http://www.poly.edu/news/2013/2/4/MBB_0204131923.aspx, , 0, 403
02/20/2013 00:00:34, 2, http://www.poly.edu/news/2013/2/2/MBB_0202130943.aspx, , 0, 403
02/20/2013 00:00:34, 2, http://www.poly.edu/news/2013/2/3/WBB_0203132823.aspx, , 0, 403
02/20/2013 00:00:34, 2, http://www.poly.edu/news/2013/2/2/MVB_0202131348.aspx, , 0, 403
02/20/2013 00:00:34, 2, http://www.poly.edu/news/2013/1/31/MBB_0131134838.aspx, , 0, 403
02/20/2013 00:00:34, 2, http://www.poly.edu/news/2013/1/31/MVB_0131132405.aspx, , 0, 403
02/20/2013 00:00:34, 2, http://www.poly.edu/news/2013/1/31/WBB_0131133926.aspx, , 0, 403
02/20/2013 00:00:34, 2, http://www.poly.edu/news/2013/1/30/MBB_0130135621.aspx, , 0, 403
02/20/2013 00:00:34, 2, http://library.poly.edu#main-nav, 64dea20258de4824050dd87bf6db06cf.zip, 40718, 200
02/20/2013 00:00:34, 2, http://www.poly.edu/news/2013/1/29/MBB_0129135345.aspx, , 0, 403
02/20/2013 00:00:34, 2, http://library.poly.edu#content, 3878241ca7d92587136a758e97f42d72.zip, 40718, 200
02/20/2013 00:00:34, 2, http://www.poly.edu/news/2013/1/29/WBB_0129130753.aspx, , 0, 403
02/20/2013 00:00:34, 2, http://library.poly.edu#footer, 570b54d612d2f043965b389c5ef86845.zip, 40718, 200
02/20/2013 00:00:34, 2, http://www.poly.edu/archives.aspx?path=, , 0, 403
02/20/2013 00:00:34, 2, http://library.poly.edu/, 724e4a63fc93ac0d1d6f5ed230ae30cd.zip, 40718, 200
02/20/2013 00:00:34, 2, http://www.poly.edu/calendar.aspx?smallcal=true, , 0, 403
02/20/2013 00:00:34, 2, http://www.poly.edu/calendar.aspx, , 0, 403
02/20/2013 00:00:34, 2, http://www.poly.edu/sb_output.aspx?form=3, , 0, 403
02/20/2013 00:00:34, 2, http://www.poly.edu/photo_gallery.aspx, , 0, 403
02/20/2013 00:00:34, 2, http://www.poly.edu/hof.aspx, , 0, 403
02/20/2013 00:00:34, 1, http://gonyupoly.com/hof.aspx, 7666c28890d77d5f8f60c52a0b68a84d.zip, 51067, 200
02/20/2013 00:00:34, 2, http://poly.libguides.com/copyright, 12561f4aafc943fb25664df7d77b2112.zip, 30551, 200
02/20/2013 00:00:34, 2, http://library.poly.edu/research/ask, abb6cbcf97ca042c3913723b7deb515f.zip, 12757, 200
02/20/2013 00:00:34, 2, http://library.poly.edu/find/books, 3be13f196de280f267bd4eda3505c2c7.zip, 15804, 200
02/20/2013 00:00:34, 2, http://library.poly.edu/find/casestudies, 99f22d899ae2de199e31d9d1f49b523e.zip, 15494, 200
02/20/2013 00:00:34, 2, http://library.poly.edu/find/journals, 18cf33c615dab80f5e59176fbd758c9e.zip, 31538, 200
02/20/2013 00:00:34, 2, http://library.poly.edu/find/newspapers, 33c34f61090b883d54cbf0ca641c2f74.zip, 14135, 200
02/20/2013 00:00:34, 2, http://library.poly.edu/about/archives, 408e93590f0afd231261ba300f165d1e.zip, 16688, 200
02/20/2013 00:00:34, 2, http://library.poly.edu/find, 9c9838ab4ad9b4caffccd7719bbf7baa.zip, 16857, 200
02/20/2013 00:00:34, 2, http://library.poly.edu/about/contact, e6f0fa2cd2e1105065a2067f2d382f03.zip, 18462, 200
02/20/2013 00:00:34, 2, http://library.poly.edu/services/course, 03f3343f6bc738ed4521b4f02f6eac4f.zip, 13105, 200
02/20/2013 00:00:34, 2, http://library.poly.edu/find/patents, 42e782e58682d2938ca27e877b6c26d5.zip, 18109, 200
02/20/2013 00:00:35, 1, http://www.livestream.com/poly_athletics?t=85363, 918f5e1a6be2bedd9845995f367ad6b4.zip, 38270, 200
02/20/2013 00:00:35, 1, http://sidearmsports.com, 7fc51825a8831f9e7b1239d02d9824de.zip, 12414, 200
02/20/2013 00:00:35, 2, http://library.poly.edu/research/guides, 2a79f8f3d485d1f69b61c361328f959e.zip, 18838, 200
02/20/2013 00:00:35, 2, http://library.poly.edu/find/web, 1393302c5204240576bf5948401a6b25.zip, 19296, 200
02/20/2013 00:00:35, 2, http://library.poly.edu/find/reference, 55eb8a8c55afe5d530e20f17c70bd962.zip, 21874, 200
02/20/2013 00:00:35, 2, http://library.poly.edu/find/articlesdatabases, 29777ed8c5aeeff0cc12215cb86396c0.zip, 17999, 200
02/20/2013 00:00:35, 2, http://library.poly.edu/research/style, 094eb054c1910a90d56ba8a3ae232730.zip, 18853, 200
02/20/2013 00:00:35, 2, http://library.poly.edu/research, 97dff1aeb85e9ba37e0de9db075f6acc.zip, 14511, 200
02/20/2013 00:00:35, 2, http://library.poly.edu/find/tools, 1f167f93be0bb093966da50e2d5a92f9.zip, 17776, 200
02/20/2013 00:00:35, 2, http://library.poly.edu/find/theses, 8a5890533272a062c6080fb8d1620ffc.zip, 13200, 200
02/20/2013 00:00:35, 2, http://library.poly.edu/services/study, f32b5997304b1e00995b0c5a86cf83c0.zip, 12597, 200
02/20/2013 00:00:35, 2, http://library.poly.edu/research/access, d70cc59f91e6e5becce4e068087c183d.zip, 17577, 200
02/20/2013 00:00:35, 2, http://library.poly.edu/about/giving, 2001f74ca294fd436ac571f4a7f62a84.zip, 12804, 200
02/20/2013 00:00:35, 2, http://library.poly.edu/services, 843c40261ec4c18002314eca7a3945cb.zip, 15560, 200
02/20/2013 00:00:35, 2, http://library.poly.edu/services/printing, d4df5fde38977a2c80696776fac530d7.zip, 17948, 200
02/20/2013 00:00:35, 2, http://library.poly.edu/services/interlibraryloan, 61883e112602b698288231afade3ffd0.zip, 25139, 200
02/20/2013 00:00:35, 2, http://library.poly.edu/services/borrow, c1ed070730116b3202bbb45f93448eea.zip, 17224, 200
02/20/2013 00:00:35, 2, http://library.poly.edu/services/computing, 7f631a2e1d389c5a125e260803db0a51.zip, 13591, 200
02/20/2013 00:00:35, 2, http://library.poly.edu/faq, 8c51845956daf86c2a49981e05ee2a6f.zip, 41279, 200
02/20/2013 00:00:35, 2, http://library.poly.edu/about, 32075fbe64dd6a24a994bfa64ad37e6d.zip, 13328, 200
02/20/2013 00:00:35, 2, http://library.poly.edu/services/foryou, 4ddb5859c0d36001ccda9df00d8c828c.zip, 12548, 200
02/20/2013 00:00:35, 2, http://library.poly.edu/services/recommend, 1c2dcbb401d7d3b5dbf9458d0c978135.zip, 19376, 200
02/20/2013 00:00:35, 2, http://library.poly.edu/services/workshops, aeaa6ed8d553ed99028d7515fd58d610.zip, 13661, 200
02/20/2013 00:00:35, 2, http://library.poly.edu/about/hours, a7647d0a4522d2bad88d8f512068c87f.zip, 11896, 200
02/20/2013 00:00:35, 2, http://library.poly.edu#slider-nav, 3ede0a1a4ced6731e847139678a5f884.zip, 40718, 200
02/20/2013 00:00:36, 2, http://library.poly.edu/about/student, b9f6877330bf6289e61ff246d0b4b101.zip, 13216, 200
02/20/2013 00:00:36, 2, http://library.poly.edu/about/policies, 8920693699f6f4f7d7af1e6bf0c1d3b3.zip, 14831, 200
02/20/2013 00:00:36, 2, http://library.poly.edu/news, 41cd120cbc22aa0695566741acf1d946.zip, 22117, 200
02/20/2013 00:00:36, 1, http://www.skylineconference.org/, b94ac8b0a1a987e2b7ef6a3d68dbec52.zip, 181351, 200
02/20/2013 00:00:38, 2, http://poly.libguides.com/content.php?pid=40173&sid=295394#937358, 92aeb477bdfbed9714b90a8f97901300.zip, 133751, 200
02/20/2013 00:00:38, 2, http://poly.libguides.com/content.php?pid=40173&sid=295394#937381, 3d59e3dc6fefe1ca7020bfe919fd5852.zip, 133751, 200
02/20/2013 00:00:38, 2, http://poly.libguides.com/content.php?pid=40173&sid=295394#937263, 340d19bd776bde58060ddb3369709167.zip, 133751, 200
02/20/2013 00:00:38, 2, http://poly.libguides.com/content.php?pid=40173&sid=295394#936990, 0e2e67d5c89789b0013591216d2f840d.zip, 133751, 200
02/20/2013 00:00:38, 2, http://poly.libguides.com/content.php?pid=40173&sid=295394#936929, a7e72bf8fb032abbca41d659953954e3.zip, 133751, 200
02/20/2013 00:00:38, 2, http://poly.libguides.com/content.php?pid=40173&sid=295394#936976, e5f98b8ec888d10f9e0d17e3af4652ee.zip, 133751, 200
02/20/2013 00:00:38, 2, http://poly.libguides.com/content.php?pid=40173&sid=295394#3564427, 3bc7ee1741d7b352f56cae9a1a0ffcc4.zip, 133751, 200
02/20/2013 00:00:38, 2, http://poly.libguides.com/content.php?pid=40173&sid=295394#937237, d2d0a98f604fcbc57a9bf5c9485d7d0f.zip, 133751, 200
02/20/2013 00:00:38, 2, http://poly.libguides.com/content.php?pid=40173&sid=295394#937238, e9e8fd75860f86f9b65b8a94c1e1d3af.zip, 133751, 200
02/20/2013 00:00:38, 2, http://poly.libguides.com/content.php?pid=40173&sid=295394#937207, 94f996507b00a0b42748208828bf7286.zip, 133751, 200
02/20/2013 00:00:38, 2, http://poly.libguides.com/content.php?pid=40173&sid=295394#937174, a4134e22e3109d65d53e88602307e269.zip, 133751, 200
02/20/2013 00:00:38, 2, http://poly.libguides.com/content.php?pid=40173&sid=295394#937257, 752fbc45489106c45acd634ff995e57e.zip, 133751, 200
02/20/2013 00:00:38, 2, http://poly.libguides.com/content.php?pid=40173&sid=295394#937003, cbfa8bc42d079ab1b1c9764f7aad365e.zip, 133751, 200
02/20/2013 00:00:38, 2, http://poly.libguides.com/content.php?pid=40173&sid=295394#937231, f430aaea73c6fb678521e12a4a47ff66.zip, 133751, 200
02/20/2013 00:00:38, 2, http://poly.libguides.com/content.php?pid=40173&sid=295394#937217, 4bc7d593319a4c556b6e294b80a69a07.zip, 133751, 200
02/20/2013 00:00:38, 2, http://poly.libguides.com/content.php?pid=40173&sid=295394#937234, 06a61d41b6e1c39b758fa58f0dd4ccd5.zip, 133751, 200
02/20/2013 00:00:38, 2, http://poly.libguides.com/content.php?pid=40173&sid=295394#936989, 2c4e5ac20c8a1410292a33624cf8f6ac.zip, 133751, 200
02/20/2013 00:00:38, 2, http://poly.libguides.com/content.php?pid=40173&sid=295394#936940, 3e022f95cfe7310f2f7bc56399be61f1.zip, 133751, 200
02/20/2013 00:00:38, 2, http://poly.libguides.com/content.php?pid=40173&sid=295394#937261, 750aa18566ac45d1753c2ec349c4915f.zip, 133751, 200
02/20/2013 00:00:38, 2, http://poly.libguides.com/content.php?pid=40173&sid=295394, 97a34c0181bfcb8dc85978e196531a44.zip, 133751, 200
02/20/2013 00:00:38, 2, http://collegeapps.about.com/od/choosingacollege/u/choose_a_school.htm#s2, b0b7a1bfb6b55446476bf4d5ac9aaaaf.zip, 28156, 200
02/20/2013 00:00:38, 2, http://collegeapps.about.com/od/admissionstimeline/u/College-Preparation.htm#s1, 168824a0bfe33cfa38f71dfc684df862.zip, 22820, 200
02/20/2013 00:00:38, 2, http://collegeapps.about.com/od/choosingacollege/u/choose_a_school.htm#s1, b7a8b36a9312fff890f3b732a2790cd0.zip, 28140, 200
02/20/2013 00:00:38, 1, http://gonyupoly.com/calendar.aspx, e972e31f809d63e6cfe4e5a98260b239.zip, 134175, 200
02/20/2013 00:00:38, 2, http://collegeapps.about.com/od/choosingacollege/u/choose_a_school.htm#s9, b59569b74958def8b85da1e72488843c.zip, 28156, 200
02/20/2013 00:00:38, 2, http://collegeapps.about.com/od/admissionstimeline/u/College-Preparation.htm#s5, f220e30d3e724612f261c21bcf3b738e.zip, 22836, 200
02/20/2013 00:00:39, 2, http://collegeapps.about.com/od/admissionstimeline/u/College-Preparation.htm#s3, 1d1e5dd06257a0489b3f78db55d46b5f.zip, 22836, 200
02/20/2013 00:00:39, 2, http://collegeapps.about.com/od/admissionstimeline/u/College-Preparation.htm#s6, be49b4586083fd53d1e2c18a2a41ba06.zip, 22836, 200
02/20/2013 00:00:39, 2, http://collegeapps.about.com/od/admissionstimeline/u/College-Preparation.htm#s7, 468530a4b4d6bdee8aacf4efc96eaefc.zip, 22836, 200
02/20/2013 00:00:39, 2, http://collegeapps.about.com/od/theartofgettingaccepted/u/The_Application.htm#s1, 90532d51723acc6e5668fd83ce2e8559.zip, 31894, 200
02/20/2013 00:00:39, 2, http://collegeapps.about.com/od/choosingacollege/u/choose_a_school.htm#s3, ac9636d66c11490fc2dd4f0f2e3ad31d.zip, 28156, 200
02/20/2013 00:00:39, 2, http://collegeapps.about.com/od/theartofgettingaccepted/u/The_Application.htm#s2, 0ba08975861827428c45fa056c3678a6.zip, 31910, 200
02/20/2013 00:00:39, 2, http://collegeapps.about.com/od/collegerankings/tp/most-selective-colleges.htm, 2bce8b21cf09ecebe24d2ecf37071cd3.zip, 30438, 200
02/20/2013 00:00:39, 2, http://collegeapps.about.com/od/admissionstimeline/a/appchecklist.htm, 706f0971d089688fc7edc582b6e2af61.zip, 27925, 200
02/20/2013 00:00:39, 2, http://collegeapps.about.com/od/choosingacollege/tp/top_colleges.htm, fd91d95a2d3b941b5eb46552ec64149f.zip, 32742, 200
02/20/2013 00:00:39, 2, http://collegeapps.about.com/od/admissionstimeline/u/College-Preparation.htm#s4, ae9cea86240b04cbbee363e68ad99bb8.zip, 22836, 200
02/20/2013 00:00:39, 2, http://collegeapps.about.com/od/admissionstimeline/u/College-Preparation.htm#s2, 429ba29e23c0a5945391da87c1c67f2d.zip, 22836, 200
02/20/2013 00:00:39, 2, http://collegeapps.about.com/od/choosingacollege/u/choose_a_school.htm#s5, c550d180e684f3106abd30b6c3161422.zip, 28156, 200
02/20/2013 00:00:39, 2, http://collegeapps.about.com/od/choosingacollege/u/choose_a_school.htm#s6, 8537cedf08546dc89456160a3b1090af.zip, 28140, 200
02/20/2013 00:00:39, 2, http://collegeapps.about.com/od/choosingacollege/u/choose_a_school.htm#s7, c6c3ccbcfda25d0a3ed079222584e3cf.zip, 28156, 200
02/20/2013 00:00:39, 2, http://collegeapps.about.com/od/choosingacollege/u/choose_a_school.htm#s8, 13a61c0decda4e53bdbf3124a69d3161.zip, 28156, 200
02/20/2013 00:00:39, 2, http://collegeapps.about.com/od/admissionstimeline/tp/ninth-grade-college-prep.htm, fce78bc74902516e85f38e839d4c163b.zip, 25071, 200
02/20/2013 00:00:39, 2, http://collegeapps.about.com/od/choosingacollege/u/choose_a_school.htm#s10, e46dac593928a1c4656fcc95afd10af5.zip, 28156, 200
02/20/2013 00:00:39, 2, http://collegeapps.about.com/od/theartofgettingaccepted/u/The_Application.htm#s3, 372dbb416379296ae6547dcef13fcde5.zip, 31894, 200
02/20/2013 00:00:39, 2, http://collegeapps.about.com/od/theartofgettingaccepted/u/The_Application.htm#s5, 4395e6ee1d329515d247dd62791edc69.zip, 31910, 200
02/20/2013 00:00:39, 2, http://collegeapps.about.com/od/choosingacollege/u/choose_a_school.htm#s4, 1577d60858076fe2d960ac071a231487.zip, 28140, 200
02/20/2013 00:00:39, 2, http://collegeapps.about.com/od/admissionstimeline/tp/10th-Grade-College-Preparation.htm, b9a4c21aa97dbf27ac36eb744c3e0a23.zip, 25833, 200
02/20/2013 00:00:39, 2, http://collegeapps.about.com/od/theartofgettingaccepted/u/The_Application.htm#s4, 60ebd0a20fca403a4dcae42f7b708e12.zip, 31894, 200
02/20/2013 00:00:39, 2, http://collegeapps.about.com/od/theartofgettingaccepted/u/The_Application.htm#s6, 058f649973d73ee2794f332ddd215d27.zip, 31894, 200
02/20/2013 00:00:39, 2, http://collegeapps.about.com/od/theartofgettingaccepted/u/The_Application.htm#s7, 81a43897c2525a374a6a422eb6313c8c.zip, 31910, 200
02/20/2013 00:00:39, 2, http://collegeapps.about.com/od/collegerankings/tp/top_womens_colleges.htm, 01a2dcb76ae72b7dd5f2190a6818b317.zip, 37508, 200
02/20/2013 00:00:39, 2, http://collegeapps.about.com/od/theartofgettingaccepted/tp/good-academic-record.htm, 93a004b2748803a6bd723f368d50c255.zip, 25662, 200
02/20/2013 00:00:39, 2, http://collegeapps.about.com/od/theartofgettingaccepted/u/The_Application.htm#s8, c1917be9f8e4cbc312f5f7daa8bae46d.zip, 31894, 200
02/20/2013 00:00:39, 2, http://collegeapps.about.com/od/collegerankings/tp/top_public.htm, b0f9fbbd2cdd62a9d9c46ba259d1dde3.zip, 36642, 200
02/20/2013 00:00:39, 2, http://collegeapps.about.com/od/theartofgettingaccepted/u/The_Application.htm#s9, 12145326f28c6d9e60a07f1dbdf5a3c3.zip, 31910, 200
02/20/2013 00:00:39, 2, http://collegeapps.about.com/od/collegerankings/tp/topbusiness.htm, dddc11fd0055042ef30b4ff2cd8b9e7e.zip, 35263, 200
02/20/2013 00:00:39, 2, http://collegeapps.about.com/od/admissionstimeline/tp/college-prep-junior-high.htm, f74f78855bf7246ad1a18cd3adc4397f.zip, 24081, 200
02/20/2013 00:00:39, 2, http://collegeapps.about.com/od/collegerankings/tp/public-liberal-arts-colleges.htm, 2cac627de9495b58d8e3305645a9d501.zip, 34511, 200
02/20/2013 00:00:39, 2, http://collegeapps.about.com/od/theartofgettingaccepted/u/The_Application.htm#s10, a2308faf1b3a48386866ea09113fb062.zip, 31894, 200
02/20/2013 00:00:39, 2, http://collegeapps.about.com/od/theartofgettingaccepted/u/The_Application.htm#s11, 280f0e7bde52e3d2584f81d467eb087d.zip, 31910, 200
02/20/2013 00:00:39, 2, http://collegeapps.about.com/od/admissionstimeline/tp/12th-grade-timeline.htm, 0e2b662889bdebb6b2cb5a701eaac799.zip, 30429, 200
02/20/2013 00:00:39, 2, http://collegeapps.about.com/od/collegerankings/tp/top-undergraduate-engineering.htm, 7112c57f3ca748f283e91c7a805d4b74.zip, 33730, 200
02/20/2013 00:00:39, 2, http://collegeapps.about.com/od/theartofgettingaccepted/a/high-school-core-requirements.htm, 711b566c48c0a9920aa19b487678dc64.zip, 24922, 200
02/20/2013 00:00:39, 2, http://collegeapps.about.com/od/theartofgettingaccepted/u/The_Application.htm#s12, 0e02c58fee66174b55a74e23958e1977.zip, 31894, 200
02/20/2013 00:00:39, 2, http://collegeapps.about.com/od/theartofgettingaccepted/f/explaining-a-bad-grade.htm, 4bc64916baba6f13e7273cf02c137f97.zip, 23237, 200
02/20/2013 00:00:39, 2, http://collegeapps.about.com/od/collegerankings/tp/Top-New-England-Colleges-And-Universities.htm, 023977c829eb2af29fd775eab6d9e607.zip, 36137, 200
02/20/2013 00:00:39, 2, http://collegeapps.about.com/od/theartofgettingaccepted/a/HighSchoolMath.htm, 46796e06d221332e488d77d5c5cbc8f4.zip, 26220, 200
02/20/2013 00:00:39, 2, http://collegeapps.about.com/od/theartofgettingaccepted/f/weighted-gpa.htm, 93cabed8b59640f89a6e3dac20de2ba9.zip, 21671, 200
02/20/2013 00:00:39, 2, http://collegeapps.about.com/od/collegerankings/tp/Best-Six-Year-Graduation-Rates.htm, 1bd564e860493e76ee2d1569c4ec47dd.zip, 40426, 200
02/20/2013 00:00:39, 2, http://collegeapps.about.com/od/theartofgettingaccepted/u/The_Application.htm#s13, 32006d30dd471ef99a3473318944e3e4.zip, 31894, 200
02/20/2013 00:00:39, 2, http://collegeapps.about.com/od/choosingacollege/tp/great-schools-low-sat-scores.htm, c33e7bd3d8e6cdefc005761d4a4df418.zip, 30636, 200
02/20/2013 00:00:39, 2, http://collegeapps.about.com/od/theartofgettingaccepted/a/science-preparation-for-college.htm, 3c380e40d8ef5bcdaa6a0a017dffdf59.zip, 25969, 200
02/20/2013 00:00:39, 2, http://collegeapps.about.com/od/collegerankings/tp/Best-Four-Year-Graduation-Rates.htm, 6c778c6016493fe8ed61a250ad8dc5fc.zip, 39183, 200
02/20/2013 00:00:39, 2, http://collegeapps.about.com/od/theartofgettingaccepted/u/The_Application.htm#s14, 60c9e918aa63560325a9c798065b921d.zip, 31894, 200
02/20/2013 00:00:39, 2, http://collegeapps.about.com/od/choosingacollege/a/phi-beta-kappa.htm, 85e29549a5b0239bf5dce6b0e2bd63b8.zip, 34610, 200
02/20/2013 00:00:39, 2, http://collegeapps.about.com/od/theartofgettingaccepted/a/app_overview.htm, b1e22b5090163a4639590446e72176e3.zip, 24064, 200
02/20/2013 00:00:39, 2, http://collegeapps.about.com/od/theartofgettingaccepted/f/grades-vs-tough-courses.htm, f47cdd0b36702f3aee4994695d036798.zip, 22327, 200
02/20/2013 00:00:39, 2, http://collegeapps.about.com/od/glossaryofkeyterms/g/CommonApp.htm, e3e205f04237931d4597a6e5f2f2fb68.zip, 21149, 200
02/20/2013 00:00:39, 2, http://collegeapps.about.com/od/theartofgettingaccepted/a/social-studies-preparation-for-college.htm, 7631e0ab1b8d9d31736b5d64948593e1.zip, 27124, 200
02/20/2013 00:00:39, 2, http://collegeapps.about.com/od/collegerankings/tp/top-catholic-colleges.htm, cc04ae4bdb690fee46d5553aea68534d.zip, 37972, 200
02/20/2013 00:00:39, 2, http://collegeapps.about.com/od/theartofgettingaccepted/a/english-preparation-for-college.htm, f74099329f19fe1bd769ed35a305dbc3.zip, 27062, 200
02/20/2013 00:00:39, 2, http://collegeapps.about.com/od/collegerankings/tp/spotlight2009.htm, c0650cdba1a6b83d8ba004fc05a2878a.zip, 34251, 200
02/20/2013 00:00:39, 2, http://collegeapps.about.com/od/theartofgettingaccepted/tp/Letters-of-Recommendation.htm, d8ca97f87f5a23249088463e94049b2a.zip, 22575, 200
02/20/2013 00:00:39, 2, http://collegeapps.about.com/od/productreviews/gr/admission-matters-review.htm, c355cd8cbf89b63a2cb3a6178afac87a.zip, 25537, 200
02/20/2013 00:00:39, 2, http://collegeapps.about.com/od/collegerankings/tp/spotlight2008.htm, df3ea9da06bfea26511c949150581f60.zip, 33861, 200
02/20/2013 00:00:39, 2, http://collegeapps.about.com/od/theartofgettingaccepted/a/app-mistakes.htm, 148bf4e3f2cd33fa5a325224f6f367cb.zip, 26042, 200
02/20/2013 00:00:39, 2, http://collegeapps.about.com/od/theartofgettingaccepted/tp/best-summer-plans-for-high-school-students.htm, 7bbadd0832d39fbde1000c80926be9b5.zip, 27522, 200
02/20/2013 00:00:39, 2, http://library.poly.edu#databases, cd0fdc5530e017bf67d106734d64281a.zip, 40718, 200
02/20/2013 00:00:39, 2, http://collegeapps.about.com/od/theartofgettingaccepted/a/ForeignLanguage.htm, 064ea557f7673fa30f5862fc167aa7a0.zip, 24796, 200
02/20/2013 00:00:39, 2, http://collegeapps.about.com/od/choosingacollege/a/AAU-Private.htm, d8ea9fd96f9f8396a55a53ccd156afa4.zip, 24209, 200
02/20/2013 00:00:39, 2, http://collegeapps.about.com/od/choosingacollege/f/HowManySchools.htm, ef4837b75acca69056c9a6c0cae0ecd8.zip, 24553, 200
02/20/2013 00:00:39, 2, http://collegeapps.about.com/od/theartofgettingaccepted/f/rubiks-cube.htm, 59cba674737fd3d85d8ea19e321a7cd2.zip, 23072, 200
02/20/2013 00:00:40, 2, http://collegeapps.about.com/od/collegerankings/tp/spotlight-colleges-2010.htm, 5b65c5499a23ed42ba98e25a9b713781.zip, 36709, 200
02/20/2013 00:00:40, 2, http://collegeapps.about.com/od/glossaryofkeyterms/g/legacy-status.htm, 1d695ba7e12e0df3ef59483160ab4a01.zip, 19847, 200
02/20/2013 00:00:40, 2, http://collegeapps.about.com/od/theartofgettingaccepted/f/what-is-an-extracurricular-activity.htm, a1f64d40ecf7120762b77f28cd2fb199.zip, 23871, 200
02/20/2013 00:00:40, 2, http://library.poly.edu#journals, ea092db07412d64dd53f41d6977380f5.zip, 40718, 200
02/20/2013 00:00:40, 2, http://collegeapps.about.com/od/theartofgettingaccepted/a/unusual-extracurricular-activities.htm, e6cded5aa5d36619d7daded838f0abcf.zip, 23168, 200
02/20/2013 00:00:40, 2, http://collegeapps.about.com/od/choosingacollege/tp/small_vs_large.htm, 04a0f301f43c8ebc832e90396ef6efa1.zip, 24809, 200
02/20/2013 00:00:40, 2, http://library.nyu.edu/, 82c642b6a5e73649d5ef6499732d6344.zip, 27936, 200
02/20/2013 00:00:40, 2, http://collegeapps.about.com/od/theartofgettingaccepted/a/best-extracurricular-activites.htm, 5338d4dc66aa83803926768f7cd6cbf4.zip, 20384, 200
02/20/2013 00:00:40, 2, http://library.poly.edu#books, a8812154fb621919e835cb736d7e976f.zip, 40718, 200
02/20/2013 00:00:40, 2, http://collegeapps.about.com/od/choosingacollege/tp/8-Tips-for-a-Campus-Visit.htm, a4119996d5bc3d0ad449bbf230397373.zip, 25819, 200
02/20/2013 00:00:40, 2, http://library.poly.edu#subjects, 57fcb27000ff3000d58aab57a73d72a1.zip, 40718, 200
02/20/2013 00:00:40, 2, http://collegeapps.about.com/od/choosingacollege/tp/Community-College.htm, 4e6bc23a9c38c8b81bdb9a8e1ab09944.zip, 21854, 200
02/20/2013 00:00:40, 2, http://library.poly.edu#textbooks, 0d08f6f7def60cb1d3ef26adb7ad23b9.zip, 40718, 200
02/20/2013 00:00:40, 2, http://collegeapps.about.com/od/glossaryofkeyterms/g/Open-Admissions-definition.htm, be1c389a9bbde4c453b10002472368e8.zip, 21248, 200
02/20/2013 00:00:40, 2, http://collegeapps.about.com/od/apadvancedplacement/a/AP-Biology.htm, 33351a6970caa2a881c48da1b7061bc5.zip, 25217, 200
02/20/2013 00:00:40, 2, http://collegeapps.about.com/od/choosingacollege/a/profiles-state.htm, 1a813798b300458b18db112205c4dd73.zip, 38466, 200
02/20/2013 00:00:40, 2, http://collegeapps.about.com/od/theartofgettingaccepted/ss/good-facebook-photos.htm, af4f5b5398e041e0123dd368a4a4ead9.zip, 26047, 200
02/20/2013 00:00:40, 2, http://collegeapps.about.com/od/admissionstimeline/a/early-action.htm, 88b711f538ac78e914300013987d7338.zip, 22943, 200
02/20/2013 00:00:40, 2, http://collegeapps.about.com/od/theartofgettingaccepted/a/Facebook.htm, d7038e6a3b0d71c16e3cbbc177a2995e.zip, 25978, 200
02/20/2013 00:00:40, 2, http://collegeapps.about.com/od/admissionstimeline/a/early-decision.htm, ae7de134b5c70db0eb72a49c314b5b91.zip, 23003, 200
02/20/2013 00:00:40, 2, http://collegeapps.about.com/od/apadvancedplacement/tp/ap-classes.htm, 54b865d89c0ddf01544bd9af1052ca53.zip, 23927, 200
02/20/2013 00:00:40, 2, http://collegeapps.about.com/od/apadvancedplacement/a/AP-English-Language.htm, aa4ef7143f8111286592484d9ff5a420.zip, 25517, 200
02/20/2013 00:00:40, 2, http://collegeapps.about.com/od/essays/a/essay_tips.htm, cd7e6e70919f6ed5b0042bd09912f61b.zip, 24324, 200
02/20/2013 00:00:40, 2, http://collegeapps.about.com/od/choosingacollege/tp/military-academies.htm, 0e72da1b0ffa398280e77c1da302fca5.zip, 25644, 200
02/20/2013 00:00:40, 2, http://poly.libguides.com/faculty, 0ccf93e6f708dec7274b4a9354054ba4.zip, 31730, 200
02/20/2013 00:00:40, 2, http://collegeapps.about.com/od/admissionstimeline/a/rolling.htm, 11ccf60b6db8e7652c5c177c36f1a91f.zip, 23042, 200
02/20/2013 00:00:40, 2, http://collegeapps.about.com/od/choosingacollege/tp/match_or_reach.htm, 9eabf23e2ff644cf95a5dc0c63e44c17.zip, 23201, 200
02/20/2013 00:00:40, 2, http://collegeapps.about.com/od/apadvancedplacement/a/AP-Calculus-AB.htm, 591fb9d306dbd5ce03c997b3944afc00.zip, 25758, 200
02/20/2013 00:00:40, 2, http://collegeapps.about.com/od/essays/a/EssayPrompts.htm, 7a081aa3e3d18db71ff8dc52c33f9771.zip, 25582, 200
02/20/2013 00:00:40, 2, http://collegeapps.about.com/od/apadvancedplacement/a/AP-Chemistry.htm, 2c4ef669c71d4f99b89cfd9ff45293d3.zip, 25050, 200
02/20/2013 00:00:40, 2, http://collegeapps.about.com/od/essays/tp/bad-essay-topics.htm, 4e9bfac687c5aed1b3def407965f4c94.zip, 25027, 200
02/20/2013 00:00:40, 2, http://collegeapps.about.com/od/apadvancedplacement/a/AP-Psychology.htm, a3dda30c0ffc05eaa4baca02309dd032.zip, 24775, 200
02/20/2013 00:00:40, 2, http://collegeapps.about.com/od/essays/a/college-essay-length-limit.htm, 292c2d839427a33c7fe81e5701cc3476.zip, 25094, 200
02/20/2013 00:00:40, 2, http://collegeapps.about.com/od/choosingacollege/tp/university-of-california.htm, 1ec5a3ed540fa435c864b0fbb83372a9.zip, 33904, 200
02/20/2013 00:00:40, 2, http://library.poly.edu/services/students, 3963a3182a53900b266d1673252c12a0.zip, 17117, 200
02/20/2013 00:00:40, 2, http://collegeapps.about.com/od/essays/f/Should-An-Application-Essay-Be-Single-Spaced-Or-Double-Spaced.htm, 1c4b852fe0b990c01d9bb51f64c4c81f.zip, 20674, 200
02/20/2013 00:00:40, 2, http://collegeapps.about.com/od/choosingacollege/tp/ivy-league-schools.htm, bb9933d9a9a7d179d42038b30bc09e0b.zip, 30646, 200
02/20/2013 00:00:40, 2, http://collegeapps.about.com/od/standardizedtests/f/PSAT-info.htm, 5c6fe7e9c2092e2354b683d1177d496f.zip, 21414, 200
02/20/2013 00:00:40, 2, http://collegeapps.about.com/od/choosingacollege/tp/california-state-university.htm, cc8d407116928712cb76ed51b27620f0.zip, 33348, 200
02/20/2013 00:00:40, 2, http://library.poly.edu/services/visitors, 31d3b71100507fa49c3e64bc733b5f19.zip, 13923, 200
02/20/2013 00:00:40, 2, http://collegeapps.about.com/od/choosingacollege/tp/colleges-of-the-fenway-consortium.htm, cb1af1af829bf266b68b094dcaf325b3.zip, 29490, 200
02/20/2013 00:00:40, 2, http://collegeapps.about.com/od/standardizedtests/tp/sat-act.htm, 1127e855dbe44115c882aadaf6fa451c.zip, 26877, 200
02/20/2013 00:00:40, 2, http://collegeapps.about.com/od/essays/a/EssayYouthBoard.htm, 42d44753fcf37cb7558de8723d09f083.zip, 26781, 200
02/20/2013 00:00:40, 2, http://collegeapps.about.com/od/apadvancedplacement/a/AP-English-Literature.htm, f04bf6a736ad4c4d89be29f84fc93f4d.zip, 25552, 200
02/20/2013 00:00:40, 2, http://collegeapps.about.com/od/choosingacollege/tp/claremont-colleges.htm, f76ae8e3dddef79f554dd7022ad7ea85.zip, 24762, 200
02/20/2013 00:00:40, 2, http://collegeapps.about.com/od/choosingacollege/tp/five-colleges.htm, 5fefbb4cffd8abd97cca9e72166aab4e.zip, 24924, 200
02/20/2013 00:00:40, 2, http://collegeapps.about.com/od/sat/f/when-to-take-sat.htm, 4402d6d2b71d21c025b33f50de90a692.zip, 22863, 200
02/20/2013 00:00:40, 2, http://collegeapps.about.com/od/apadvancedplacement/a/AP-World-History.htm, a54ee967862b6556ddcbe38252118edb.zip, 24746, 200
02/20/2013 00:00:40, 2, http://collegeapps.about.com/od/apadvancedplacement/a/AP-History.htm, bd14ed16fa0339995f94e7bf802e9655.zip, 24818, 200
02/20/2013 00:00:40, 2, http://collegeapps.about.com/od/essays/a/UC-Personal-Statement-Prompt-2.htm, 27c1f42da40dccd461dbc827d6ca26e1.zip, 25162, 200
02/20/2013 00:00:40, 2, http://collegeapps.about.com/od/glossaryofkeyterms/g/liberal-arts-college-definition.htm, 3c5f67a14f2a506499fd14d40789d058.zip, 22169, 200
02/20/2013 00:00:40, 2, http://collegeapps.about.com/od/essays/a/UC-Personal-Statement-Prompt-1.htm, 381cdb526d81fe6970b6dcaab74353f5.zip, 24590, 200
02/20/2013 00:00:40, 2, http://collegeapps.about.com/od/essays/a/spell-checking-admissions-essays.htm, 623c38c69ab680d4e1c86e5144337f93.zip, 23075, 200
02/20/2013 00:00:40, 2, http://library.poly.edu/services/alumni, 80c8a52c39495098979b69ac7b25f048.zip, 13222, 200
02/20/2013 00:00:40, 2, http://poly.libguides.com/findarticles, 42beb213ab6e0f210793bcf58e0f392b.zip, 56540, 200
02/20/2013 00:00:40, 2, http://collegeapps.about.com/od/glossaryofkeyterms/g/Community-college-definition.htm, 95f80f568c6fee5844ea860fd2e4591b.zip, 22105, 200
02/20/2013 00:00:40, 2, http://library.poly.edu/research/login, 7b84daf7fd443ea6a2b7ccdae1857f85.zip, 14422, 200
02/20/2013 00:00:40, 2, http://collegeapps.about.com/od/essays/a/vegetarian.htm, 4141065b4ba60c8b5a7160b507e1db73.zip, 27735, 200
02/20/2013 00:00:40, 2, http://collegeapps.about.com/od/phototours/ss/flagler-college-photo-tour.htm, 70124b78f75ca97ccade77fcb1a2327f.zip, 25080, 200
02/20/2013 00:00:41, 2, http://library.poly.edu/news/2013/02/19/new-lineup-online-research-workshops-starts-next-week, 3bd7cc5f1a58ac5eaef8b10188beebe1.zip, 20041, 200
02/20/2013 00:00:41, 2, http://library.poly.edu/news/2013/02/05/new-searchable-faq-puts-answers-your-fingertips, 5a083f8611801eb0e1b5b17c84ecf498.zip, 20379, 200
Statics:
Query words: nyu+poly
The N user input: 500
Total tried download: 887
Total downloaded pages: 500
Total http errors: 382
Total other errors: 5
Total time: 33 seconds
Total size: 18.02 MB
