02/19/2013 23:55:19, 0, http://www.starbucksstore.com/, 107757dd00de814d2560caa89b5b5332.zip, 185920, 200
02/19/2013 23:55:19, 0, http://www.riolasvegas.com/restaurants/starbucks-coffee.html, 4bb60592bff2a10f3459a391c2c76b4f.zip, 28918, 200
02/19/2013 23:55:19, 0, http://www.starbucks.com/, c794a124cbfdadc2ff8309c2ab698170.zip, 42574, 200
02/19/2013 23:55:19, 0, http://www.starbucks.com/coffee, c87f46de169f3aefa61af944e9a91dfc.zip, 57055, 200
02/19/2013 23:55:20, 0, http://www.starbucks.com/menu, e738a6ba4d229db5cc2db3733da3cdab.zip, 48582, 200
02/19/2013 23:55:20, 0, https://plus.google.com/117575809843355974839, 82ce55fa89bf6bb268aefdb9065e4aab.zip, 267768, 200
02/19/2013 23:55:20, 1, http://www.starbucksstore.com, c03b84227d62c4fb3e0599f31009a840.zip, 185919, 200
02/19/2013 23:55:20, 1, http://www.starbucksstore.com/coffee/starbucks-reserve-coffee,default,sc.html, d1327f7ff23af60c802716b72990e947.zip, 160534, 200
02/19/2013 23:55:20, 1, http://en.starbucksstore.de, a940ddbf72fa7c1bb842992276828fb8.zip, 203594, 200
02/19/2013 23:55:20, 1, http://www.starbucksstore.com/starbucks-k-cup-packs/starbucks-k-cup-packs,default,sc.html, c984c71bee72d6bd9d7cff737612e92a.zip, 185574, 200
02/19/2013 23:55:20, 1, http://www.starbucksstore.com/coffee/dark-roast-coffee,default,sc.html, 9535169739eee073b83ab65c812343a8.zip, 221583, 200
02/19/2013 23:55:20, 1, http://www.starbucksstore.com/coffee/starbucks-via-ready-brew,default,sc.html, 8cd58d36647272997ae17db50b4d89f3.zip, 205348, 200
02/19/2013 23:55:20, 0, https://twitter.com/Starbucks, e4fd85211200f93ad6e8238f46227d0b.zip, 229230, 200
02/19/2013 23:55:21, 1, http://www.starbucksstore.com/coffee/coffee,default,sc.html?prefn1=intensity&amp;prefv1=Mild, 20368c7550abbd3d842ce7d28e11ebd0.zip, 219985, 200
02/19/2013 23:55:21, 1, http://www.starbucksstore.com/coffee/coffee,default,sc.html?prefn1=intensity&amp;prefv1=Bold, 84a81034f177efdb56ec32fd33a5b0cf.zip, 219985, 200
02/19/2013 23:55:21, 1, http://www.starbucksstore.com/coffee/coffee,default,sc.html?prefn1=grind&amp;prefv1=whole-bean, 495d94342da88c9d84f3cba88f379fa3.zip, 219982, 200
02/19/2013 23:55:21, 0, http://www.starbucks.com/coffee/whole-bean, de84c27265ba8c7dd8cde55cc9788bf7.zip, 107143, 200
02/19/2013 23:55:21, 1, http://www.starbucksstore.com/coffee/coffee,default,sc.html?prefn1=grind&amp;prefv1=ground, b185734ab1cd2468aba05fbe638353c1.zip, 219979, 200
02/19/2013 23:55:21, 1, http://www.starbucksstore.com/on/demandware.store/Sites-Starbucks-Site/default/Subscription-Home, 0f934ce1c93650e08f5e11ac6174db5b.zip, 102956, 200
02/19/2013 23:55:21, 1, http://www.starbucksstore.com/tea/tea,default,sc.html, 1b58952497e99c92ce8f46e5605927b4.zip, 211622, 200
02/19/2013 23:55:21, 1, http://www.starbucksstore.com/coffee/coffee,default,sc.html?prefn1=decaffeinated&amp;prefv1=decaffeinated, 86904029f5ba9af64186ac67becc543c.zip, 220002, 200
02/19/2013 23:55:21, 1, http://www.starbucksstore.com/tea/black-tea,default,sc.html, 5ad05f4fe48fbf8d2a61876e371d6895.zip, 207493, 200
02/19/2013 23:55:21, 1, http://www.starbucksstore.com/tea/green-tea,default,sc.html, b4bb8347cf0d0b9f562ed1c5e3a311fb.zip, 181748, 200
02/19/2013 23:55:21, 1, https://www.starbucksstore.com/on/demandware.store/Sites-Starbucks-Site/default/Account-Show, 5913ba1ab6976d2931e3a5fbe8d781d7.zip, 112051, 200
02/19/2013 23:55:21, 1, http://www.starbucksstore.com/verismo/starbucks-verismo-pods,default,sc.html, 5c8b6ab669527e22cf30c241e98f3470.zip, 187844, 200
02/19/2013 23:55:21, 1, http://www.starbucksstore.com/tea/white-tea,default,sc.html, 8f75051f6f5a94d342f3a5bc05a6fe85.zip, 140382, 200
02/19/2013 23:55:22, 1, http://www.starbucksstore.com/tea/herbal-infusions,default,sc.html, e26f8e1f3d2d2d8636b7bac1c02fd2bf.zip, 174971, 200
02/19/2013 23:55:22, 1, http://www.starbucksstore.com/on/demandware.store/Sites-Starbucks-Site/default/Search-Show?cgid=teakettles-and-teapots, fc1eca07b4106359fa6d06cc016aee17.zip, 105890, 200
02/19/2013 23:55:22, 1, http://www.starbucksstore.com/drinkware/cups-and-mugs,default,sc.html, 6d2a68c0ab8d644c650491573895ba03.zip, 209199, 200
02/19/2013 23:55:22, 1, http://www.starbucksstore.com/drinkware/cold-beverage,default,sc.html, 3b7bf2bd842c1cdd000202ffe90079c9.zip, 159048, 200
02/19/2013 23:55:22, 1, http://www.starbucksstore.com/drinkware/tumblers-and-travel-mugs,default,sc.html, 7f933e78351976e9d0ca01fa4ff02aa5.zip, 200515, 200
02/19/2013 23:55:22, 1, http://en.starbucksstore.fr, 190caba8e0e95a63d853d2db326efbde.zip, 204225, 200
02/19/2013 23:55:22, 1, http://www.starbucksstore.de, 9d9b4acb67c930fd8daa8a006f115293.zip, 187796, 200
02/19/2013 23:55:22, 1, http://www.starbucksstore.com/tea/tea,default,sc.html?prefn1=teaForm&amp;prefv1=Full%20Leaf, 1910992f368550256269c01b0c10282b.zip, 211674, 200
02/19/2013 23:55:22, 1, http://www.starbucksstore.com/tea/tea,default,sc.html?prefn1=teaForm&amp;prefv1=Filterbag, a730c13052700d4d43025a6d72d9e3e7.zip, 211673, 200
02/19/2013 23:55:22, 1, http://www.starbucksstore.fr, cb76d8febf38a1b588881335834a56d1.zip, 189337, 200
02/19/2013 23:55:22, 1, http://www.starbucksstore.co.uk, def27d58f5c82a99be5c226213f1e6c4.zip, 194487, 200
02/19/2013 23:55:22, 1, http://www.starbucksstore.com/tea/tea,default,sc.html?prefn1=iced&amp;prefv1=iced, ed84e8a6c77f3205867c9132611f24b8.zip, 211663, 200
02/19/2013 23:55:22, 1, http://www.starbucksstore.com/equipment/teapots-and-teakettles,default,sc.html, 5db7713407d1fac4c788200165770989.zip, 206272, 200
02/19/2013 23:55:22, 1, http://www.starbucksstore.com/tea/tea,default,sc.html?prefn1=teaForm&amp;prefv1=K-Cup%c2%ae%20Packs, 5bce959d50afe5228ecfc24fcdb6db4f.zip, 211681, 200
02/19/2013 23:55:22, 1, http://www.starbucksstore.com/tea/tea,default,sc.html?prefn1=teaForm&amp;prefv1=Loose%20Leaf, 26a33da6ef2d6884ce1cd4b29a475511.zip, 211675, 200
02/19/2013 23:55:22, 1, http://www.starbucksstore.com/tea/tea,default,sc.html?prefn1=teaForm&amp;prefv1=Latte%20Concentrate, c422d62bed06a2c49db129daaa6a71f9.zip, 211682, 200
02/19/2013 23:55:22, 1, http://www.starbucksstore.com/tea/tea,default,sc.html?prefn1=decaffeinated&amp;prefv1=decaffeinated, aa0a0792ae67762b2c70850c51f328cc.zip, 211690, 200
02/19/2013 23:55:22, 1, http://www.starbucksstore.com/drinkware/drinkware,default,sc.html, 13d5b8825d0df601685685b5bdf68d93.zip, 216198, 200
02/19/2013 23:55:22, 1, http://www.starbucksstore.com/gifts-extras/tours,default,sc.html, 91538f550f3d655fb699c97775929080.zip, 159125, 200
02/19/2013 23:55:22, 1, http://www.starbucksstore.com/verismo/verismo,default,sc.html, d62925e037ca79ff2bbd0d402f04e92e.zip, 107641, 200
02/19/2013 23:55:22, 1, http://www.starbucksstore.com/verismo/verismo-experience,default,pg.html, 2af0fa84db7726900b004a6ed43e2b44.zip, 144008, 200
02/19/2013 23:55:22, 1, http://www.starbucksstore.com/on/demandware.store/Sites-Starbucks-Site/default/Subscription-Redirect, bb924a5317e68bd8bedf62b6c7a7749e.zip, 174, 200
02/19/2013 23:55:23, 1, http://www.starbucksstore.com/verismo/verismo-pods,default,sc.html, 8dc813bb1292e924276f688296baf2ac.zip, 184097, 200
02/19/2013 23:55:23, 1, https://www.starbucksstore.com/on/demandware.store/Sites-Starbucks-Site/default/Subscription-Show, b161fae41f4d9e169b6905e248c9eaa3.zip, 103904, 200
02/19/2013 23:55:23, 1, http://www.starbucksstore.com/verismo/verismo-machines,default,sc.html, a3f2673e3fabee60ba6b41df7fab5607.zip, 148439, 200
02/19/2013 23:55:23, 1, http://www.starbucksstore.com/verismo/verismo-system-links,default,pg.html, d70fbf1e5b98cf4fd659a6d12bf35ca0.zip, 122724, 200
02/19/2013 23:55:23, 1, http://www.starbucksstore.com/First-Time-Users/first-time-users,default,pg.html, c67dd9706f2f3093447d5aff05cc2af6.zip, 107947, 200
02/19/2013 23:55:23, 1, http://www.starbucksstore.com/verismo/verismo-accessories-parts,default,sc.html, 1efcadd0e6a5484bd7df44a9c19b9d2c.zip, 129342, 200
02/19/2013 23:55:23, 1, http://www.starbucksstore.com/verismo/verismo-warranty,default,pg.html, accc5cefda103a91e7c176dabd6e451c.zip, 119352, 200
02/19/2013 23:55:23, 1, http://www.starbucksstore.com/verismo/verismo-recipes,default,pg.html, e64d6ff84ec934f6bbbc63e4b2a3e9fa.zip, 113363, 200
02/19/2013 23:55:23, 1, http://www.starbucksstore.com/coffee/pods-portion-filter-packs,default,sc.html, b2eab4e787480384413cde636800ea37.zip, 185772, 200
02/19/2013 23:55:23, 1, http://www.starbucksstore.com/equipment/equipment,default,sc.html, 5c56d527d1ef6e98b990d0208e0b1e93.zip, 223283, 200
02/19/2013 23:55:23, 1, http://www.starbucksstore.ca, d89b0887dd1880de090cb5304b9ca6ad.zip, 184715, 200
02/19/2013 23:55:23, 1, https://www.starbucksstore.com/on/demandware.store/Sites-Starbucks-Site/default/Verismo-Register, dc415cdbf916bd5c98c20dca85a552bf.zip, 116136, 200
02/19/2013 23:55:23, 1, http://www.starbucksstore.com/equipment/coffee-presses,default,sc.html, d1f31ef98d9d77850c5c9eb4503db3f2.zip, 160913, 200
02/19/2013 23:55:23, 1, http://www.starbucksstore.com/equipment/coffee-makers,default,sc.html, e157c2cd24e8d3adfb31ff14f68c3fe2.zip, 180170, 200
02/19/2013 23:55:23, 1, http://www.starbucksstore.com/equipment/espresso-machines,default,sc.html, 706d997cf1b42e85831710b7e6ca22bd.zip, 161147, 200
02/19/2013 23:55:23, 1, http://www.starbucksstore.com/equipment/grinders,default,sc.html, a2084b1113dbd64ef8b894a56c107e93.zip, 147892, 200
02/19/2013 23:55:23, 1, http://www.starbucksstore.com/equipment/equipment,default,sc.html?prefn1=brand&amp;prefv1=Baratza, 7e4ae108f8beda7b943556d1510d58d7.zip, 223327, 200
02/19/2013 23:55:23, 1, http://www.starbucksstore.com/equipment/equipment,default,sc.html?prefn1=brand&amp;prefv1=Cuisinart, 6f497e7991486a32d96179962a33adb1.zip, 223329, 200
02/19/2013 23:55:23, 1, http://www.starbucksstore.com/equipment/equipment,default,sc.html?prefn1=brand&amp;prefv1=Bunn, e27d1bda7899f28af982f170744f9436.zip, 223325, 200
02/19/2013 23:55:23, 1, http://www.starbucksstore.com/gifts-extras/syrups-and-sauces,default,sc.html, ade9899872b5d3e13a86fda5b8a4d7e5.zip, 208395, 200
02/19/2013 23:55:23, 1, http://www.starbucksstore.com/equipment/equipment,default,sc.html?prefn1=brand&amp;prefv1=Bodum, 1de528c2b41e584b7ade4a6dcffa88c2.zip, 223326, 200
02/19/2013 23:55:23, 1, http://www.starbucksstore.com/equipment/equipment,default,sc.html?prefn1=brand&amp;prefv1=Krups, 87ef0ae990360826c8b898039a9a64b4.zip, 223325, 200
02/19/2013 23:55:23, 1, http://www.starbucksstore.com/verismo/equipment-verismo-machines,default,sc.html, 72831542ec7ad66414176093a6a08838.zip, 156948, 200
02/19/2013 23:55:23, 1, http://www.starbucksstore.com/equipment/equipment,default,sc.html?prefn1=brand&amp;prefv1=Saeco, 0bd25c3c87e0d2d2a77627068a1b1708.zip, 223325, 200
02/19/2013 23:55:23, 1, http://www.starbucksstore.com/gifts-extras/coffee-tour,default,sc.html, c0fd8fb3e3d83e754f48cdade28fcb9f.zip, 105825, 200
02/19/2013 23:55:23, 1, http://www.starbucksstore.com/drinkware/drinkware-accessories,default,sc.html, db9d195931ad0020a1ef0092191fe049.zip, 190178, 200
02/19/2013 23:55:23, 1, http://www.starbucksstore.com/equipment/equipment,default,sc.html?prefn1=brand&amp;prefv1=Technivorm, b734981144d51e29406294d3ee35d38c.zip, 223331, 200
02/19/2013 23:55:23, 1, http://www.starbucksstore.com/coffee/coffee,default,sc.html?prefn1=grind&amp;prefv1=Whole%20Bean, af933ecf29e443a58f585c924830e685.zip, 219982, 200
02/19/2013 23:55:23, 1, http://www.starbucksstore.com/Hot-Cocoa/hot-cocoa,default,sc.html, b4c43b0a3584a30f4241816e3e76e1d8.zip, 145350, 200
02/19/2013 23:55:23, 1, http://www.starbucksstore.com/verismo/verismo-troubleshooting,default,pg.html, cf4c26d59d2d731e6bfb660d25d77943.zip, 106490, 200
02/19/2013 23:55:23, 1, http://www.starbucksstore.com/drinkware/fall-drinkware,default,sc.html, 505bce5bc1dd04796ad0457153a86083.zip, 105839, 200
02/19/2013 23:55:24, 1, http://www.starbucksstore.com/drinkware/winter-drinkware,default,sc.html, 8a79e5842448db79304e1d97cd77500b.zip, 178219, 200
02/19/2013 23:55:24, 1, http://www.starbucksstore.com/Hot-Cocoa-Treats/hot-cocoa-and-treats,default,sc.html, 64ecc483e6a4a26c791328287f6d3b2d.zip, 184916, 200
02/19/2013 23:55:24, 1, http://www.starbucksstore.com/gifts-extras/gifts-and-extras,default,sc.html, e044ddd42861aabf2896a313e453bcbc.zip, 202598, 200
02/19/2013 23:55:24, 1, http://www.starbucksstore.com/music-more/music-and-books,default,sc.html, adac08c6daa6dec9a28369fa23fe080a.zip, 201987, 200
02/19/2013 23:55:24, 1, http://www.starbucksstore.com/Starbucks-Logo-Gear/apparel,default,sc.html, acfaf15cd02564b5653afc6bf1eb2f0f.zip, 191227, 200
02/19/2013 23:55:24, 1, http://www.starbucksstore.com/End-of-Year-Sale/end-of-year-sale,default,sc.html, 6a266febb605fc66f561e47e7f4303bf.zip, 159741, 200
02/19/2013 23:55:24, 1, http://www.starbucksstore.com/drinkware/drinkware,default,sc.html?prefn1=insulated&amp;prefv1=Insulated, c90955a75f581021654038ba5552ab12.zip, 216253, 200
02/19/2013 23:55:24, 1, http://www.starbucksstore.com/drinkware/drinkware,default,sc.html?prefn1=recycled&amp;prefv1=Recycled, bde5b60899550afb28c81984c1e212d3.zip, 216250, 200
02/19/2013 23:55:24, 1, http://www.starbucksstore.com/Create-Jobs-for-USA/create-jobs-for-usa,default,sc.html, d8aa4eae497add3136ba57b0b2e6d9fb.zip, 137531, 200
02/19/2013 23:55:24, 1, http://www.starbucksstore.com/Our-Coffee-Master-Recommends.../setOurCoffeeMaster,default,pd.html, 4af21d1a862a3b663991f6355c6c5ad0.zip, 186513, 200
02/19/2013 23:55:24, 1, http://www.starbucksstore.com/on/demandware.store/Sites-Starbucks-Site/default/StarbucksCard-Home, e792d8e0d6ef3911fc898dff773d6822.zip, 106783, 200
02/19/2013 23:55:24, 1, http://www.starbucksstore.com/Never-Be-Without-Coffee/setNeverBeWithoutCoffee,default,pd.html, 6f76ade418cb392f1d963dae1890af27.zip, 155334, 200
02/19/2013 23:55:24, 1, http://www.starbucksstore.com/Tazo%C2%AE-Tea-Lovers/setTazoTeaLovers,default,pd.html, 89b8da90a474e129e90d55614539c5fe.zip, 145251, 200
02/19/2013 23:55:24, 1, http://www.starbucksstore.com/coffee/coffee,default,sc.html?prefn1=intensity&amp;prefv1=Medium, a222a8852e12cc86fe58bf9515c7f4af.zip, 219987, 200
02/19/2013 23:55:24, 1, http://www.starbucksstore.com/drinkware/holiday-drinkware,default,sc.html, 88f581eae0270abb6f3ccb3971682b73.zip, 163332, 200
02/19/2013 23:55:24, 1, http://www.starbucksstore.com/coffee/coffee,default,sc.html?prefn1=intensity&amp;prefv1=Extra%20Bold, da4521ece04c9a09de1a5a3e08949251.zip, 219991, 200
02/19/2013 23:55:24, 1, http://www.starbucksstore.com/on/demandware.store/Sites-Starbucks-Site/default/Product-Show?pid=microsoft-zune16, 6b8a59ed9f94ba71367aa299ca5d2630.zip, 106489, 200
02/19/2013 23:55:24, 1, https://www.starbucksstore.com/on/demandware.store/Sites-Starbucks-Site/default/StarbucksCard-Home, 96be1c69949cc57b65edd0fb4094fd33.zip, 105816, 200
02/19/2013 23:55:24, 1, http://www.starbucksstore.com/on/demandware.store/Sites-Starbucks-Site/default/Product-ProductDropdown?pid=011023256&amp;navid=xsellHomePage, 740c4185203c615ee6726ccf678c1431.zip, 7559, 200
02/19/2013 23:55:24, 1, http://www.starbucksstore.com/on/demandware.store/Sites-Starbucks-Site/default/Product-ProductDropdown?pid=011023649&amp;navid=xsellHomePage, 11658e21e5779e45846ce8f623ac3181.zip, 7940, 200
02/19/2013 23:55:24, 1, http://www.starbucksstore.com/on/demandware.store/Sites-Starbucks-Site/default/Product-ProductDropdown?pid=000466216&amp;navid=xsellHomePage, 257d63e45cb908be5745da921487929e.zip, 7898, 200
02/19/2013 23:55:24, 1, http://www.starbucksstore.com/on/demandware.store/Sites-Starbucks-Site/default/Product-ProductDropdown?pid=000188042&amp;navid=xsellHomePage, e6d12e8a58eb0b4194d1099c74a7c5dc.zip, 7892, 200
02/19/2013 23:55:24, 1, http://www.starbucksstore.com/coffee/blonde-roast-coffee,default,sc.html, a46106602c1ab59c25dc70378f8ecd93.zip, 170071, 200
02/19/2013 23:55:24, 1, http://www.starbucksstore.com/on/demandware.store/Sites-Starbucks-Site/default/Product-ProductDropdown?pid=000188039&amp;navid=xsellHomePage, e01a39fd6deb2bb76cd54f848e8580db.zip, 7791, 200
02/19/2013 23:55:24, 1, http://www.starbucksstore.com/coffee/coffee,default,sc.html?cm_sp=HPB3-_-HPB3-_-freeship75, b70bc0840f0a6570df04143aed62e6e5.zip, 219970, 200
02/19/2013 23:55:25, 1, http://www.starbucksstore.com/on/demandware.store/Sites-Starbucks-Site/default/Product-ProductDropdown?pid=011019560&amp;navid=xsellHomePage, 225dc643353ad5efc33e41bfa1744d37.zip, 7778, 200
02/19/2013 23:55:25, 1, https://www.starbucks.com/shop/card, 0f7632abaa31578a76217bd07e5f2037.zip, 38464, 200
02/19/2013 23:55:25, 1, http://www.starbucksstore.com/verismo-caff%C3%A8-latte-pods/011023649,default,pd.html?navid=xsellHomePage, 8c5de9a21c214a3a839481afc3454d20.zip, 133044, 200
02/19/2013 23:55:25, 1, http://www.starbucksstore.com/fontana-white-chocolate-mocha-sauce/000466216,default,pd.html?navid=xsellHomePage, 9899c36a30b2871ef961bd1951f93ede.zip, 129666, 200
02/19/2013 23:55:25, 1, http://www.starbucksstore.com/verismo-580-brewer-silver/011023256,default,pd.html?navid=xsellHomePage, faa76d620f46d123629e63a02cad6659.zip, 173916, 200
02/19/2013 23:55:25, 1, http://www.starbucksstore.com/fontana-semi-sweet-chocolate-mocha-sauce/000188042,default,pd.html?navid=xsellHomePage, df558d8530c3be46024c63fdcc7f78b9.zip, 129039, 200
02/19/2013 23:55:25, 1, http://www.starbucksstore.com/fontana-caramel-sauce/000188039,default,pd.html?navid=xsellHomePage, 095c83ed4bca5e99d0c18b981bbe3879.zip, 128956, 200
02/19/2013 23:55:25, 1, http://www.starbucksstore.com/sumatra-k-cup-packs/011019560,default,pd.html?navid=xsellHomePage, 1c268fa9fac870da4c26da1afa98d0e9.zip, 137544, 200
02/19/2013 23:55:25, 1, https://www.starbucks.com/card/rewards, 9008e9f693809ce99b4bbb76f3065980.zip, 42875, 200
02/19/2013 23:55:25, 1, http://www.starbucksstore.com/on/demandware.store/Sites-Starbucks-Site/default/Product-ProductDropdown?pid=011008132&amp;navid=xsellHomePage, 25a8a110160fa089f2aa7e9d22bd4da2.zip, 8148, 200
02/19/2013 23:55:25, 1, http://www.starbucksstore.com/on/demandware.store/Sites-Starbucks-Site/default/Product-ProductDropdown?pid=011018181&amp;navid=xsellHomePage, 7a7117ab1d665ce6ddc88a0198fe8a14.zip, 7834, 200
02/19/2013 23:55:25, 1, https://www.starbucksstore.com/on/demandware.store/Sites-Starbucks-Site/default/Wishlist-Add?pid=011023256, f39de33ff43f11310a0df3beeb2eb994.zip, 109153, 200
02/19/2013 23:55:25, 1, https://www.starbucksstore.com/on/demandware.store/Sites-Starbucks-Site/default/Wishlist-Add?pid=011023649, 7793152e24d55b2f765bda3c5eaaee90.zip, 109156, 200
02/19/2013 23:55:25, 1, https://www.starbucksstore.com/on/demandware.store/Sites-Starbucks-Site/default/Wishlist-Add?pid=000466216, 45aba5d2838ab10710c4dee459762de3.zip, 109156, 200
02/19/2013 23:55:25, 1, https://www.starbucksstore.com/on/demandware.store/Sites-Starbucks-Site/default/Wishlist-Add?pid=000188042, e740fd4bd30816e2df062a7e766457d1.zip, 109156, 200
02/19/2013 23:55:25, 1, http://www.starbucksstore.com/on/demandware.store/Sites-Starbucks-Site/default/Product-ProductDropdown?pid=011007049&amp;navid=xsellHomePage, 4667cebad59ebc130c87afdc70faf6f7.zip, 7821, 200
02/19/2013 23:55:25, 1, http://www.starbucksstore.com/instant-coffee/50-count-starbucks-via-ready-brew-decaf-italian-roast/011008132,default,pd.html?navid=xsellHomePage, 619e89073a39b446214fa65275c89304.zip, 148608, 200
02/19/2013 23:55:25, 1, http://www.starbucksstore.com/on/demandware.store/Sites-Starbucks-Site/default/Product-ProductDropdown?pid=011007050&amp;navid=xsellHomePage, 87d12799de0f5128bb62c6672e799660.zip, 7813, 200
02/19/2013 23:55:25, 1, http://fr.starbucksstore.ca, 29298e8a043b291200a43cfe9def3d30.zip, 170884, 200
02/19/2013 23:55:25, 1, http://www.starbucksstore.com/on/demandware.store/Sites-Starbucks-Site/default/Product-ProductDropdown?pid=VM_HOUSE&amp;navid=xsellHomePage, c2cf64e9d0bf8841cef34882bd4ae552.zip, 9168, 200
02/19/2013 23:55:25, 1, http://www.starbucksstore.com/on/demandware.store/Sites-Starbucks-Site/default/Product-ProductDropdown?pid=VM_FRENCH&amp;navid=xsellHomePage, a974614f9971206d2280ecb6763af4ba.zip, 9165, 200
02/19/2013 23:55:25, 1, http://www.starbucksstore.com/decaf-caff%C3%A8-verona/011018181,default,pd.html?navid=xsellHomePage, 6e0c568f0701ddabb1162eb92e87edf1.zip, 132652, 200
02/19/2013 23:55:25, 1, http://www.starbucksstore.com/set-of-4-grande-cold-cup-straws/011007049,default,pd.html?navid=xsellHomePage, 8a26946a31c168ebb52043e25b2cc80e.zip, 130627, 200
02/19/2013 23:55:25, 1, http://www.starbucksstore.com/on/demandware.store/Sites-Starbucks-Site/default/Product-ProductDropdown?pid=011009768&amp;navid=xsellHomePage, 7c00f311fd29ecf31d4f18ae6e0c8ef7.zip, 7941, 200
02/19/2013 23:55:25, 1, https://www.starbucksstore.com/on/demandware.store/Sites-Starbucks-Site/default/Wishlist-Add?pid=000188039, 944d50013e08e68ab270aad0d6347161.zip, 109156, 200
02/19/2013 23:55:25, 1, http://www.starbucksstore.com/house-blend/VM_HOUSE,default,pd.html?navid=xsellHomePage, c98bd26aa443722304614929f9256245.zip, 141387, 200
02/19/2013 23:55:25, 1, https://www.starbucksstore.com/on/demandware.store/Sites-Starbucks-Site/default/Wishlist-Add?pid=011019560, 411d78ec79d2e48fa5518aa88326a934.zip, 109156, 200
02/19/2013 23:55:25, 1, http://www.starbucksstore.com/on/demandware.store/Sites-Starbucks-Site/default/Product-ProductDropdown?pid=011008130&amp;navid=xsellHomePage, 91f8a54a1e6da91e9f5a23a7bba839b3.zip, 8125, 200
02/19/2013 23:55:25, 1, http://www.starbucksstore.com/set-of-4-venti-cold-cup-straws/011007050,default,pd.html?navid=xsellHomePage, e6a7478034c6d57541a546e582e80eff.zip, 130652, 200
02/19/2013 23:55:25, 1, http://www.starbucksstore.com/on/demandware.store/Sites-Starbucks-Site/default/Product-ProductDropdown?pid=011008131&amp;navid=xsellHomePage, cc2b6490a9394efd397d20144f8a1687.zip, 8076, 200
02/19/2013 23:55:25, 1, https://www.starbucks.com/card/manage/guest-reload, 113f15f63f1798ca3d5b54174d4389c7.zip, 39784, 200
02/19/2013 23:55:25, 1, https://www.starbucksstore.com/on/demandware.store/Sites-Starbucks-Site/default/Wishlist-Add?pid=011018181, d354f3d678bfcc109183bbe3785d0cce.zip, 109156, 200
02/19/2013 23:55:25, 1, https://www.starbucksstore.com/on/demandware.store/Sites-Starbucks-Site/default/Wishlist-Add?pid=011008132, 0ee5ed7bbd305899e21bbb2ea6be4d6f.zip, 109156, 200
02/19/2013 23:55:25, 1, http://www.starbucksstore.com/Starbucks-VIA%C2%AE-Ready-Brew-Italian-Roast/011009768,default,pd.html?navid=xsellHomePage, dea6b98117632b232b3f7f9de2b82555.zip, 143065, 200
02/19/2013 23:55:25, 1, https://www.starbucksstore.com/on/demandware.store/Sites-Starbucks-Site/default/Wishlist-Add?pid=011007049, 18c556f240bd14105b4ab9a11e72789f.zip, 109153, 200
02/19/2013 23:55:25, 1, http://www.starbucksstore.com/instant-coffee/50-count-starbucks-via-ready-brew-italian-roast/011008130,default,pd.html?navid=xsellHomePage, 09e6c6d846924e35f4c2df46ee518fe1.zip, 149670, 200
02/19/2013 23:55:25, 1, https://www.starbucksstore.com/on/demandware.store/Sites-Starbucks-Site/default/Wishlist-Add?pid=011007050, c60dbfe57dce9dc185677574bf10716c.zip, 109153, 200
02/19/2013 23:55:25, 1, http://www.starbucksstore.com/instant-coffee/50-count-starbucks-via-ready-brew-colombia/011008131,default,pd.html?navid=xsellHomePage, 12f0110e71a56bd5051818c5529ae3c0.zip, 152919, 200
02/19/2013 23:55:26, 1, https://www.starbucksstore.com/on/demandware.store/Sites-Starbucks-Site/default/Wishlist-Add?pid=011009768, 7ff2922bbdda4810c5e4bc2f5caf5826.zip, 109156, 200
02/19/2013 23:55:26, 1, http://www.starbucksstore.com/Privacy-Policy/privacy-policy,default,pg.html, 57788485b8c9a300cb6c8f258030cbd8.zip, 112070, 200
02/19/2013 23:55:26, 1, https://www.starbucksstore.com/on/demandware.store/Sites-Starbucks-Site/default/Wishlist-Add?pid=011008130, f66e01b810c874a635ba99a70832e96f.zip, 109153, 200
02/19/2013 23:55:26, 1, http://www.starbucksstore.com/Terms-of-Use/terms-of-use,default,pg.html, 8d7147f5417680411d2fa1d11de8bcbb.zip, 133794, 200
02/19/2013 23:55:26, 1, http://www.starbucksstore.com/customer-service/cs-landing,default,pg.html, a3808888484d2902caca32fb8a176c58.zip, 108475, 200
02/19/2013 23:55:26, 1, http://www.starbucksstore.com/About-Us/about-us,default,pg.html, ad89ef69ceb33849e606c81d240ecb71.zip, 103830, 200
02/19/2013 23:55:26, 1, http://www.youtube.com/user/starbucks?feature=CAQQwRs%3D, 8b9aa0b3b83e83174f6ab84479de50e5.zip, 85710, 200
02/19/2013 23:55:26, 1, https://www.starbucksstore.com/on/demandware.store/Sites-Starbucks-Site/default/Wishlist-Add?pid=011008131, 43b341eada81ee99042d3da633e9fca8.zip, 109156, 200
02/19/2013 23:55:26, 1, http://www.starbucksstore.com/on/demandware.store/Sites-Starbucks-Site/default/CustomerService-ContactUs, 9e205e01eac15f378603b06c03faab86.zip, 111770, 200
02/19/2013 23:55:26, 1, http://www.starbucksstore.com/Become-an-Affiliate/become-an-affiliate,default,pg.html, c63d0c71bfd872447049b29fb5333c9e.zip, 104160, 200
02/19/2013 23:55:26, 1, http://www.riolasvegas.com/, 2ee2b47f3d160020916f9a76d06f403a.zip, 33969, 200
02/19/2013 23:55:26, 1, http://www.starbucks.com/about-us/company-information/online-policies/web-accessibility, 3f05806460b00469918aa29ae0c370b3.zip, 40565, 200
02/19/2013 23:55:26, 1, http://www.starbucksstore.com/on/demandware.store/Sites-Starbucks-Site/default/SiteMap-Start, c2ed7d84aa320b13c779e211f0079616.zip, 116612, 200
02/19/2013 23:55:26, 1, http://www.starbucksstore.com/on/demandware.store/Sites-Starbucks-Site/default/mHome-Show?preventMobileRedirect=false, f5103077b8e4c7bfecf90304327d66b3.zip, 33655, 200
02/19/2013 23:55:26, 1, http://www.totalrewards.com/a/security/forgotpassword.aspx, 634b047d232607a7c5886b6b477b70e1.zip, 199, 200
02/19/2013 23:55:26, 1, http://www.starbucks.com/store-locator, 52435c70b80750adb2f1d12ae7491ad8.zip, 54934, 200
02/19/2013 23:55:26, 1, http://www.totalrewards.com/our-casinos/, 26c8757647db788df61eb2b629d3249a.zip, 28285, 200
02/19/2013 23:55:26, 1, http://twitter.com/#!/starbucksstore, d7cafdf5a6b39bde772f231b585097ed.zip, 15255, 200
02/19/2013 23:55:26, 1, http://www.riolasvegas.com/best-rate-guarantee.html, 6d7fcf1c8d56065e92c47ff5d5c26bbc.zip, 20485, 200
02/19/2013 23:55:26, 1, http://www.riolasvegas.com/TotalRewards/RewardsAndBenefits.do?page=rewardCredits, 23c5c3c5288093720be7df10c738c2d0.zip, 9593, 200
02/19/2013 23:55:26, 1, http://www.riolasvegas.com/casino.html, 4c1d4dafc322ce2f5809f5d44e499d26.zip, 29574, 200
02/19/2013 23:55:26, 1, http://www.riolasvegas.com/hotel.html, 90f8a6f2d1332908cca7d95b9e76d216.zip, 35755, 200
02/19/2013 23:55:26, 1, http://www.riolasvegas.com/restaurants.html, 19dcaca51ee70d2b231a0c49576c2d23.zip, 42886, 200
02/19/2013 23:55:26, 1, http://www.riolasvegas.com/things-to-do.html, 729e689c4489a4df00e948af20a5270b.zip, 37994, 200
02/19/2013 23:55:26, 1, https://www.totalrewards.com/Program/, 19d050c65ff5e298e1a19a4c51b1bf4f.zip, 80394, 200
02/19/2013 23:55:27, 1, http://www.riolasvegas.com/restaurants/sports-deli.html.html, fbe3cefc6414bc8a037484357cd5926d.zip, 28302, 200
02/19/2013 23:55:27, 1, http://www.riolasvegas.com/MyTr.do, 998267801c18d16e7137bc52e913bfc3.zip, 10493, 200
02/19/2013 23:55:27, 1, http://www.totalrewards.com/hotel-reservations/, f37207a38f81d282957cea04c2bb1686.zip, 45588, 200
02/19/2013 23:55:27, 1, http://www.riolasvegas.com/shows/penn-and-teller.html, 6a56a03f13d9f0e37e44084f42974ac3.zip, 32342, 200
02/19/2013 23:55:27, 1, http://www.riolasvegas.com/content/property/rio-all-suite-hotel-and-casino/index.html, 813c4d57629d2b7c5d8d782362ab3f81.zip, 33966, 200
02/19/2013 23:55:27, 1, http://www.riolasvegas.com/shows.html, 55ebb7825cfdf7894a20a55576f9daf2.zip, 33408, 200
02/19/2013 23:55:27, 1, http://www.thefind.com/store/about-starbucksstore, d1e3b3289101a87beb087c9a8239b30a.zip, 144249, 200
02/19/2013 23:55:27, 1, http://windows.microsoft.com/en-US/internet-explorer/downloads/ie, 3ffd98b1731c057987a12f98d87e9f4b.zip, 52165, 200
02/19/2013 23:55:27, 1, https://www.totalrewards.com/hotel-reservations/main/?view=promotionsearch&propcode=RLV&r=http%3a%2f%2fwww.totalrewards.com%2fhot-deals%2f, e8e6e221eefad172b7a2de3b3406fa74.zip, 219139, 200
02/19/2013 23:55:27, 1, http://www.starbucksstore.com/Terms-Conditions-of-Sale/terms-of-sale,default,pg.html, c2f40cf48d3c271a6d2d43cbb730d57c.zip, 113784, 200
02/19/2013 23:55:27, 1, http://www.starbucksstore.com/?cm_mmc=Sbuxcom-_-ShopMega-_-Shop-_-Evergreen, ff781cd4b354c5e5e7d4e8899da2603c.zip, 185940, 200
02/19/2013 23:55:27, 1, http://www.starbucks.com/#footer, 408e82d81d27998d827d7325f98a3429.zip, 42574, 200
02/19/2013 23:55:27, 1, http://www.starbucks.com/#content, 69b4c7ba4f29035b62c88bc188e8a6b3.zip, 42574, 200
02/19/2013 23:55:27, 1, http://www.starbucks.com/coffeehouse, 9407dd3b148df023d7b95e6a9627e907.zip, 55094, 200
02/19/2013 23:55:27, 1, http://www.starbucks.com/#nav, b946d43719746cfd596b46e051482df5.zip, 42574, 200
02/19/2013 23:55:27, 1, http://www.starbucks.com/coffee/flavored, 7d8677339daf5ca561be957b0eb40be2.zip, 54880, 200
02/19/2013 23:55:27, 1, http://www.starbucks.com/customer-service, a66cfbfe04a90dd1991921cd65da4f62.zip, 34029, 200
02/19/2013 23:55:27, 1, http://www.starbucks.com/responsibility, 22b6cd0c089ecb6695f29b75dc8d61e0.zip, 55882, 200
02/19/2013 23:55:27, 1, http://www.starbucks.com/coffee/seasonal-favorites, e1d08f7f83a45695292bb31851147799.zip, 57953, 200
02/19/2013 23:55:28, 1, http://www.starbucks.com/coffee/dark, 292c0cc32bde38bfa0704ae97b3886ea.zip, 59395, 200
02/19/2013 23:55:28, 1, http://www.starbucks.com/coffee/ground, bd7ebd3a9d9ce8d050e3c701620474a1.zip, 69748, 200
02/19/2013 23:55:28, 1, http://www.starbucks.com/account/signin, eebf1bfd6e204afe4bc865602996cba2.zip, 39164, 200
02/19/2013 23:55:28, 1, http://www.starbucks.com/coffee/medium, e7c47e5a2757b2a63316c8db2d07e765.zip, 58304, 200
02/19/2013 23:55:28, 1, http://www.starbucks.com/coffee/blonde, bcf9218ed8083b1b0933f1de5f003c4f.zip, 49272, 200
02/19/2013 23:55:28, 1, http://www.starbucks.com/coffee/via, fc8aea78cc7db10ee0a1176079c11df3.zip, 69666, 200
02/19/2013 23:55:28, 1, http://www.starbucks.com/card, 91fbbe3639e95d3f904a7c4456136223.zip, 43137, 200
02/19/2013 23:55:28, 1, http://www.starbucks.com/coffee/k-cup, db11a6b7c2a06c776bd3e8117844f359.zip, 60650, 200
02/19/2013 23:55:28, 1, http://www.starbucks.com/coffee/reserve/hawaii-ka-u, 7e29064273ae5444ac8749e3f0a29a6e.zip, 40490, 200
02/19/2013 23:55:28, 1, http://www.starbucks.com/coffee/menu, 102990eb2b91163cb511c006988a1fcb.zip, 120312, 200
02/19/2013 23:55:28, 1, http://www.starbucks.com/coffee/reserve/starbucks-reserve-isla-flores-indonesia, 1f796b2c2d6d3f5b12b6bae115751a58.zip, 41177, 200
02/19/2013 23:55:28, 1, http://www.starbucks.com/coffee/pods-portions-filter-packs, 3880736ecd941a1b07ae372ffcc11518.zip, 55805, 200
02/19/2013 23:55:28, 1, http://www.starbucks.com/coffee/reserve, c9fb9ead427379e1f740aa2034ea64a3.zip, 56563, 200
02/19/2013 23:55:28, 1, http://www.starbucks.com/coffee/reserve/starbucks-reserve-cameroon-mount-oku, fac866cb3c2bcae0c337a148abe367c5.zip, 41035, 200
02/19/2013 23:55:28, 1, http://www.starbucks.com/coffee/reserve/nicaragua-maracaturra, 58546a7dd32b7b3d5b36958187528c8a.zip, 39651, 200
02/19/2013 23:55:28, 1, http://www.starbucks.com/coffee/reserve/starbucks-reserve-maui-mokka, 9f596028467e6769d578476c65f99be7.zip, 39913, 200
02/19/2013 23:55:28, 1, http://www.starbucks.com/coffee/reserve/starbucks-reserve-guatemala-antigua-finca-medina, ce5d57bc5fce0eb3a11deb5b4bcbe029.zip, 41427, 200
02/19/2013 23:55:28, 1, http://www.starbucks.com/coffee/reserve/panama-paso-ancho, 5244c8707e16c44e6c39ac0c77bf63b2.zip, 40911, 200
02/19/2013 23:55:28, 1, http://www.starbucks.com/refreshers/en-us/Green-Coffee-Extract, 06e5e458caa015505147b47125265775.zip, 16984, 200
02/19/2013 23:55:28, 1, http://www.starbucks.com/coffee/reserve/sun-dried-ethiopia-sidamo, b31769d88bad5b4dbd852e0048807174.zip, 41019, 200
02/19/2013 23:55:28, 1, http://www.starbucks.com/coffee/reserve/sun-dried-sumatra-rasuna, 7e4b15eecb6fb01112d673fed698895a.zip, 40941, 200
02/19/2013 23:55:28, 1, http://www.starbucks.com/coffee/reserve/starbucks-reserve-west-java-indonesia, 80008fcfd82530a91c01f3c7d89473ae.zip, 41254, 200
02/19/2013 23:55:28, 1, http://www.starbucksstore.com/french-roast/VM_FRENCH,default,pd.html?navid=xsellHomePage, efd9767918486210c917ace947de6e50.zip, 143632, 200
02/19/2013 23:55:29, 1, http://www.starbucks.com/coffee/learn/flavors-in-your-cup, b1ad631c1c92b95a1a5d36213f8ab755.zip, 44087, 200
02/19/2013 23:55:29, 1, http://www.starbucks.com/coffee/learn/clover, ef7d0bd7cadc1981f8efc440005a391b.zip, 41079, 200
02/19/2013 23:55:29, 1, http://www.starbucks.com/coffee/learn/roast, 341f3beb9670608cedc6f4798af63680.zip, 44043, 200
02/19/2013 23:55:29, 1, http://www.starbucks.com/customer-service/faqs/coffee, c9291fa12f3e12a70ec320c8b09246f3.zip, 34029, 200
02/19/2013 23:55:29, 1, http://www.starbucks.com/coffee/learn/format, 5bda90923129ee6cba0ba1d546b58d82.zip, 45358, 200
02/19/2013 23:55:29, 1, http://www.starbucks.com/menu/drinks/frappuccino-blended-beverages, 78166bb05a9198656636970012152cee.zip, 45490, 200
02/19/2013 23:55:29, 1, http://www.starbucks.com/refreshers/en-us/Products, 13ece653fb8c3495cf83713836e4af9f.zip, 18001, 200
02/19/2013 23:55:29, 1, http://www.starbucksstore.com/verismo/verismo,default,sc.html?cm_mmc=Sbuxcom-_-CoffeeTab-_-PromoSpot-_-Verismo, bde3e52a58440312b981b43aeb7c7a91.zip, 107640, 200
02/19/2013 23:55:29, 1, http://www.starbucks.com/menu/drinks, 24768391c20ccfc1eb0d906e5c5de1bd.zip, 51869, 200
02/19/2013 23:55:29, 1, http://www.starbucks.com/menu/drinks/tazo-tea, 9b879590827e612d8f911a94920ca9fc.zip, 44868, 200
02/19/2013 23:55:29, 1, http://www.starbucks.com/menu/drinks/brewed-coffee, 0f6ab61ad57b01f2e59a69a521859665.zip, 44024, 200
02/19/2013 23:55:29, 1, http://www.starbucks.com/menu/drinks/espresso, f622fa54e0849d704cfa309ca06b37bc.zip, 51012, 200
02/19/2013 23:55:29, 1, http://www.starbucks.com/menu/food, 02726f13827995e873b70c547acff213.zip, 50645, 200
02/19/2013 23:55:30, 1, http://www.starbucks.com/menu/drinks/bottled-drinks, b3895326e129ad1959d6763c4a0bac22.zip, 48590, 200
02/19/2013 23:55:30, 1, http://www.starbucks.com/menu/food/bakery, 51cf311d5d1f8a957954a1b2996ab010.zip, 54879, 200
02/19/2013 23:55:30, 1, http://www.starbucks.com/menu/food/hot-breakfast, 5776544df1bf7b86892f0678691cff40.zip, 44849, 200
02/19/2013 23:55:30, 1, http://www.starbucks.com/menu/food/petites, 620925b44acdec9d81b3d0fa6cbd567b.zip, 43237, 200
02/19/2013 23:55:30, 1, http://www.starbucks.com/menu/drinks/kids-drinks-and-other, a1e7a922fa5e9656f3181bb21caea88b.zip, 43065, 200
02/19/2013 23:55:30, 1, http://www.starbucks.com/menu/drinks/chocolate, be810ef4efad6d0d8d13d0c151566952.zip, 42217, 200
02/19/2013 23:55:30, 1, http://www.starbucks.com/menu/food/bistro-boxes, 1302b46f05d24cac12f7a8f54a61d607.zip, 43024, 200
02/19/2013 23:55:30, 1, http://www.starbucks.com/menu/drinks/smoothies, b72131f163228683eed1179765fc93a4.zip, 42161, 200
02/19/2013 23:55:30, 1, http://www.starbucks.com/menu/food/yogurt-and-fruit, 06dfb051fa2e0cbb1cea2aec0f92536e.zip, 42737, 200
02/19/2013 23:55:30, 1, http://www.starbucks.com/menu/nutrition, 50c0b91d94f46b78b83fe4c258bbe789.zip, 49756, 200
02/19/2013 23:55:30, 1, http://www.starbucks.com/menu/nutrition/35-under-350, 9370b3a2e3e81f0f47bedc9c7598eaa6.zip, 41399, 200
02/19/2013 23:55:30, 1, http://www.starbucks.com/menu/nutrition/20-under-200, 9e31ac85521de0d27ad55de111b9af36.zip, 39731, 200
02/19/2013 23:55:30, 1, http://www.starbucks.com/menu/food/sandwiches-panini-and-wraps, 8e506c0d92e879f270c3aae567698ced.zip, 44383, 200
02/19/2013 23:55:30, 1, http://www.starbucks.com/menu/food/ice-cream, c3327f90c44eeb3daff0dcdc8fe694b6.zip, 44200, 200
02/19/2013 23:55:30, 1, http://www.starbucks.com/customer-service/faqs/menu, 997999ffdb0260101f9d857e78b370c2.zip, 34029, 200
02/19/2013 23:55:30, 1, http://www.starbucks.com/menu/nutrition/food, 6881cf36efc0449f2f10afbf1db90831.zip, 60906, 200
02/19/2013 23:55:30, 1, http://www.starbucks.com/coffeehouse/wireless-internet/starbucks-digital-network, 72498554cbd0ca78cd74ee90ae079706.zip, 40206, 200
02/19/2013 23:55:30, 1, http://www.starbucks.com/coffeehouse/wireless-internet, f43b6bc2438aa9c44964f934e9d40560.zip, 39231, 200
02/19/2013 23:55:30, 1, http://www.starbucks.com/coffeehouse/mobile-apps/square-wallet, 50c8e824dfe18f07c648f3f23a580d56.zip, 40956, 200
02/19/2013 23:55:30, 1, http://www.starbucks.com/coffeehouse/mobile-apps, d5a0fa0bd70043c62b9a08b3f4fdb42e.zip, 39636, 200
02/19/2013 23:55:30, 1, http://www.starbucks.com/menu/nutrition/drink, d250e369407fce08ffa16e86530df06e.zip, 65112, 200
02/19/2013 23:55:30, 1, http://www.starbucks.com/coffeehouse/entertainment, 7eb7ab8a7fb78f49461e0f3e30db2e15.zip, 57742, 200
02/19/2013 23:55:30, 1, http://www.starbucks.com/menu/drinks/espresso/vanilla-spice-latte, 723011c55debe5ecd12e850c5e42669f.zip, 41724, 200
02/19/2013 23:55:31, 1, http://www.starbucks.com/coffeehouse/community, 26c122bb6da7ffabaf5561a643edcf94.zip, 43133, 200
02/19/2013 23:55:31, 1, http://www.starbucks.com/coffeehouse/starbucks-stores/starbucks-evenings, 20d64863c15ef851d4a05b90d516c559.zip, 40889, 200
02/19/2013 23:55:31, 1, http://www.starbucks.com/coffeehouse/mobile-apps/mystarbucks, 4ed5b09354b7dadf09ccc2538c71e418.zip, 43672, 200
02/19/2013 23:55:31, 1, http://www.starbucks.com/coffeehouse/store-design, 9e27fbb93a54c07a27d7053912e2221b.zip, 43515, 200
02/19/2013 23:55:31, 1, http://www.starbucks.com/about-us, 3d24f7888c0f69cbe5c27a234d043dac.zip, 38912, 200
02/19/2013 23:55:31, 1, http://www.starbucks.com/customer-service/faqs/coffeehouse, 52d9f737a22b30847ce1952536c7bf7a.zip, 34029, 200
02/19/2013 23:55:31, 1, http://www.starbucks.com/coffeehouse/learn-more/my-starbucks-idea, 541f24327e76ed4f89c2066ff632d24b.zip, 43157, 200
02/19/2013 23:55:31, 1, http://www.starbucks.com/responsibility/community/create-jobs-for-usa-program, b3017fed02edec4e962626e18379b005.zip, 40226, 200
02/19/2013 23:55:31, 1, http://www.starbucks.com/responsibility/community/community-stores, 2de9c2370d645c65ab0315a8f4ac4ba3.zip, 40483, 200
02/19/2013 23:55:31, 1, http://www.starbucks.com/responsibility/community, f673379118c088b4a9c3c9db4835c3f5.zip, 43764, 200
02/19/2013 23:55:31, 1, http://www.starbucks.com/responsibility/sourcing/coffee, a921c05d2762b000a24e6d93c51449e3.zip, 43898, 200
02/19/2013 23:55:31, 1, http://www.starbucks.com/responsibility/community/youth-action, 59941cc73c41bb8cce70fd87cfc0668d.zip, 42913, 200
02/19/2013 23:55:31, 1, http://www.starbucks.com/responsibility/sourcing, b3b9f2ee2f4d1e83969ebf620f380716.zip, 51549, 200
02/19/2013 23:55:31, 1, http://www.starbucks.com/coffeehouse/mobile-apps/starbucks-android, c4a3feadbc8c65ada470c2c6212596c8.zip, 42800, 200
02/19/2013 23:55:31, 1, http://www.starbucks.com/responsibility/sourcing/tea, b701a179fa7f0f21bdb2a3fdfa4f0853.zip, 39142, 200
02/19/2013 23:55:31, 1, http://www.starbucks.com/responsibility/sourcing/cocoa, ef593cdca3957f00ddd5755f556b0753.zip, 41045, 200
02/19/2013 23:55:31, 1, http://www.starbucks.com/responsibility/sourcing/farmer-support, 3a7a9343bd0af642f45ae2c3b4fb3018.zip, 41557, 200
02/19/2013 23:55:31, 1, http://www.starbucks.com/responsibility/sourcing/store-products, 27882244c04807de9f79c98e30c23bed.zip, 40939, 200
02/19/2013 23:55:31, 1, http://www.starbucks.com/responsibility/community/starbucks-foundation, 863e6400641757a8c141d6da65f940eb.zip, 42981, 200
02/19/2013 23:55:32, 1, http://www.starbucks.com/responsibility/environment, 038927a267851ab8d715a2add16ac3a1.zip, 53283, 200
02/19/2013 23:55:32, 1, http://www.starbucks.com/responsibility/environment/energy, 873d551ab631b39f77b6218da96eb1b1.zip, 42480, 200
02/19/2013 23:55:32, 1, http://www.starbucks.com/responsibility/environment/water, 807ea0e81a220b1b6e34ca44fb2998a6.zip, 41024, 200
02/19/2013 23:55:32, 1, http://www.starbucks.com/responsibility/community/community-service, a9a7309dcaabe2f06663622cd3387ce1.zip, 55763, 200
02/19/2013 23:55:32, 1, http://www.starbucks.com/responsibility/environment/climate-change, 0994fcf9fa96bf7bb502c9e50f5ce342.zip, 42929, 200
02/19/2013 23:55:32, 1, http://www.starbucks.com/responsibility/environment/green-building, 7e3b44edeed86dd71b2ee57de8db3bd5.zip, 44647, 200
02/19/2013 23:55:32, 1, http://www.starbucks.com/responsibility/environment/recycling, efd6a5e24d17af1e7f394e29c24f9a9a.zip, 46062, 200
02/19/2013 23:55:32, 1, http://www.starbucks.com/responsibility/environment/explore-green-store, 92c7aef224a72e38101e9ead77fb114c.zip, 37914, 200
02/19/2013 23:55:32, 1, http://www.starbucks.com/responsibility/diversity, 234098ca9153f358a6e9fab402863b69.zip, 39828, 200
02/19/2013 23:55:32, 1, http://www.starbucks.com/responsibility/diversity/suppliers, 34f34ee72e79a65e68cf420c092ccb2b.zip, 41651, 200
02/19/2013 23:55:32, 1, http://www.verismo.com?utm_source=mm&amp;utm_medium=web&amp;utm_content=verismolearn&amp;utm_campaign=HolidayFY13, 355cb194e85a7bbeced3449cae13cd9f.zip, 30296, 200
02/19/2013 23:55:32, 1, http://www.verismo.com/support?utm_source=mm&amp;utm_medium=web&amp;utm_content=verismosupport&amp;utm_campaign=HolidayFY13, 2f0f0c387bf1d8be9e08b6a92c3f1a5a.zip, 89501, 200
02/19/2013 23:55:32, 1, http://www.starbucks.com/responsibility/wellness, 37b687c72a9c1e3e2162811653828fb5.zip, 42431, 200
02/19/2013 23:55:32, 1, http://www.starbucks.com/responsibility/global-report, 1affe6e0a1b29f62ac23ffdd306ba1f8.zip, 45231, 200
02/19/2013 23:55:32, 1, http://www.starbucks.com/responsibility/global-report/year-in-review, ecae4fa866ce37e1cbb4a3c14eb0ba61.zip, 42541, 200
02/19/2013 23:55:32, 1, http://www.starbucks.com/responsibility/global-report/ethical-sourcing, 9b286dbb1861c6b6f50d8a3db2261576.zip, 46520, 200
02/19/2013 23:55:32, 1, http://www.starbucks.com/responsibility/learn-more/policies, 80c1d72fae2a006d25074c544a7a352d.zip, 40111, 200
02/19/2013 23:55:32, 1, http://www.starbucks.com/responsibility/global-report/environmental-stewardship, d4095614ad725bca2ccd0847a5b001fb.zip, 46276, 200
02/19/2013 23:55:32, 1, http://www.starbucks.com/responsibility/global-report/community-involvement, 4a93540e80f63ca3b1bf7b68ce4b55f1.zip, 43772, 200
02/19/2013 23:55:32, 1, http://www.starbucks.com/responsibility/learn-more/relationships, 81ab08e010dc46e53894cc26cd767022.zip, 52050, 200
02/19/2013 23:55:32, 1, http://www.starbucks.com/responsibility/learn-more/ca-supply-chain-act, 93a6e377254cfd4a88ef95fdfd1a54a8.zip, 40061, 200
02/19/2013 23:55:32, 1, http://www.starbucks.com/customer-service/faqs/responsibility, 626566fa4a89cdb7523fb1f1006b1089.zip, 34029, 200
02/19/2013 23:55:33, 1, http://www.starbucks.com/card/manage/transfer, 979b12e5f11069b9b9ee13edcb786d5e.zip, 37849, 200
02/19/2013 23:55:33, 1, http://www.starbucks.com/card/manage/history, 3beb4dd48055c9b5c2b8116016e52f1d.zip, 36788, 200
02/19/2013 23:55:33, 1, http://www.starbucksstore.com/coffee/medium-roast-coffee,default,sc.html, d66194da67d89e5d87aebd089c720157.zip, 223143, 200
02/19/2013 23:55:33, 1, https://www.starbuckscardb2b.com/, 3e5b2db85a82c2ba0b34dd8f99073c19.zip, 21990, 200
02/19/2013 23:55:33, 1, http://www.starbucksstore.com/coffee/coffee,default,sc.html?cm_mmc=Sbuxcom-_-ShopMega-_-coffee-_-Evergreen, 14f2a366db23575893b3cfb57fe09d90.zip, 219986, 200
02/19/2013 23:55:33, 1, http://www.starbucks.com/shop/card, 568aff87bc0bd5a9a027bb3bb59757df.zip, 38464, 200
02/19/2013 23:55:33, 1, http://www.starbucks.com/shop/card/egift, 76bd6280adeb7ea9560167eb508f180f.zip, 48692, 200
02/19/2013 23:55:33, 1, http://www.starbucks.com/card/rewards, 49b6c5fbd199978e66ac6a5827ad4ce5.zip, 42871, 200
02/19/2013 23:55:33, 1, http://www.starbucks.com/shop/card/starbucks-card, cd6068fbf5c0419659118e1f86186973.zip, 42182, 200
02/19/2013 23:55:33, 1, http://www.starbucksstore.com/coffee/medium-roast-coffee,default,sc.html?cm_mmc=Sbuxcom-_-ShopMega-_-mediumroast-_-Evergreen, 3cc1c6fb219001b94c153c23c100974a.zip, 223199, 200
02/19/2013 23:55:33, 1, http://www.starbucksstore.com/coffee/blonde-roast-coffee,default,sc.html?cm_mmc=Sbuxcom-_-ShopMega-_-blonderoast-_-Evergreen, 77b44d8e67fab05ee08d3ecb790c77ab.zip, 170127, 200
02/19/2013 23:55:33, 1, http://www.starbucksstore.com/coffee/dark-roast-coffee,default,sc.html?cm_mmc=Sbuxcom-_-ShopMega-_-darkroast-_-Evergreen, f59438505621c1e1b5dc2af7d87c268e.zip, 221636, 200
02/19/2013 23:55:33, 1, http://www.starbucks.com/card/rewards/gold, deae41a29bffbf54d961ffdbd406778d.zip, 39137, 200
02/19/2013 23:55:33, 1, http://www.starbucks.com/card/reload/one-time, f8c715d92e7c50163e634cc55a231d65.zip, 39784, 200
02/19/2013 23:55:33, 1, http://www.starbucks.com/card/rewards/rewards-program-ts-and-cs, 1939a14a1a3f488615b23d78184b9591.zip, 50689, 200
02/19/2013 23:55:33, 1, http://www.starbucksstore.com/coffee/starbucks-reserve-coffee,default,sc.html?cm_mmc=Sbuxcom-_-ShopMega-_-starbucksreserve-_-Evergreen, 8b043b72de835abb404dcad79c9d8417.zip, 160594, 200
02/19/2013 23:55:33, 1, http://www.starbucks.com/card/egift, 7c451d33d74c2206744b671c46413635.zip, 38007, 200
02/19/2013 23:55:33, 1, http://www.starbucks.com/customer-service/faqs/card, 721756fd76355da7fa49cbf578cc71c4.zip, 34029, 200
02/19/2013 23:55:33, 1, http://www.starbucksstore.com/tea/black-tea,default,sc.html?cm_mmc=Sbuxcom-_-ShopMega-_-blacktea-_-Evergreen, e5577ed0feb8d8cee389353c9a244196.zip, 207545, 200
02/19/2013 23:55:33, 1, http://www.starbucks.com/account/create/register, 895c8d3b83c1ad3eaf26fcd0c88ba460.zip, 44130, 200
02/19/2013 23:55:33, 1, http://www.starbucks.com/Card#cardBalanceWrapper, 13d783370e5325b90c206afdc6eb8a47.zip, 43137, 200
02/19/2013 23:55:33, 1, http://www.starbucksstore.com/on/demandware.store/Sites-Starbucks-Site/default/OfficeCoffee-Show?cm_mmc=Sbuxcom-_-ShopMega-_-officecoffee-_-Evergreen, 3864faf5660e52daa2daee47f42dc11d.zip, 107072, 200
02/19/2013 23:55:33, 1, http://www.starbucksstore.com/Tazo-Chai-Tea/tazo-chai-tea,default,sc.html?cm_mmc=Sbuxcom-_-ShopMega-_-chaitea-_-Evergreen, 13332b5739b42a08123b31e179595030.zip, 150367, 200
02/19/2013 23:55:33, 1, http://www.starbucksstore.com/tea/green-tea,default,sc.html?cm_mmc=Sbuxcom-_-ShopMega-_-greentea-_-Evergreen, d8f63b3beaf01c87adf0117fcc3b155e.zip, 181800, 200
02/19/2013 23:55:33, 1, http://www.starbucksstore.com/coffee/starbucks-via-ready-brew,default,sc.html?cm_mmc=Sbuxcom-_-ShopMega-_-starbucksvia-_-Evergreen, 89af6bd9e37e5975d4f3512fac668270.zip, 205406, 200
02/19/2013 23:55:33, 1, http://www.starbucksstore.com/on/demandware.store/Sites-Starbucks-Site/default/Subscription-Home?cm_mmc=Sbuxcom-_-ShopMega-_-subscriptions-_-Evergreen, 504d87742070ce05741ea445bb3b8af4.zip, 102977, 200
02/19/2013 23:55:33, 1, http://www.starbucksstore.com/aff/adrehttp://www.starbucksstore.com/tea/tea,default,sc.html?cm_mmc=Sbuxcom-_-ShopMega-_-tazotea-_-Evergreen, e4ea7aea18037945e166d8849e476a3c.zip, 211675, 200
02/19/2013 23:55:33, 1, http://www.starbucksstore.com/tea/white-tea,default,sc.html?cm_mmc=Sbuxcom-_-ShopMega-_-whitetea-_-Evergreen, 20a8286901a8036493efabf828c8567d.zip, 140435, 200
02/19/2013 23:55:34, 1, http://www.starbucks.com/account/card/reload/auto, 236ade86e8230825df5806e98ef39bda.zip, 39285, 200
02/19/2013 23:55:34, 1, http://www.starbucksstore.com/on/demandware.store/Sites-Starbucks-Site/default/OfficeCoffee-Show?cm_mmc=Sbuxcom-_-ShopMega-_-officetea-_-Evergreen, 26cbd2173141c207c5c9e8b411f9cd95.zip, 107071, 200
02/19/2013 23:55:34, 1, http://www.starbucksstore.com/on/demandware.store/Sites-Starbucks-Site/default/Subscription-Home?cm_mmc=Sbuxcom-_-ShopMega-_-teasubscriptions-_-Evergreen, 6bc39edce87cf1d02bfb94ccffa78bc2.zip, 102977, 200
02/19/2013 23:55:34, 1, http://www.starbucksstore.com/tea/tea,default,sc.html&amp;prefn1=iced&amp;prefv1=iced&amp;cm_mmc=Sbuxcom-_-ShopMega-_-icedtea-_-Evergreen, fedc24562f448d04b8fba9d1a7cb8749.zip, 211718, 200
02/19/2013 23:55:34, 1, http://www.starbucksstore.com/tea/herbal-infusions,default,sc.html?cm_mmc=Sbuxcom-_-ShopMega-_-herbaltea-_-Evergreen, 9a964c885a39981380562920f585996a.zip, 175025, 200
02/19/2013 23:55:34, 1, http://www.starbucksstore.com/equipment/coffee-presses,default,sc.html?cm_mmc=Sbuxcom-_-ShopMega-_-coffeepress-_-Evergreen, 333ce8248a944c8afd4c8b4bdc1b11a3.zip, 160969, 200
02/19/2013 23:55:34, 1, http://www.starbucksstore.com/coffee/starbucks-k-cup-packs,default,sc.html?cm_mmc=Sbuxcom-_-ShopMega-_-k-cup-_-Evergreen, 911e326b4f697e2241a89afd9c4e862e.zip, 185625, 200
02/19/2013 23:55:34, 1, http://www.starbucksstore.com/Equipment/equipment,default,sc.html?cm_mmc=Sbuxcom-_-ShopMega-_-brewingequipment-_-Evergreen, 1cfc339ba3e4727cad00940c78567153.zip, 223343, 200
02/19/2013 23:55:34, 1, http://www.starbucks.com/account/card, 9b2877f4711a4ac165498ce962784dca.zip, 39241, 200
02/19/2013 23:55:34, 1, http://www.starbucksstore.com/equipment/coffee-makers,default,sc.html?cm_mmc=Sbuxcom-_-ShopMega-_-coffeemaker-_-Evergreen, bf35340d043a7be5efa1959df562f7d6.zip, 180225, 200
02/19/2013 23:55:34, 1, http://www.starbucksstore.com/verismo/verismo,default,sc.html?cm_mmc=Sbuxcom-_-ShopTab-_-verismo-_-evergreen, 57d84fed2c6ca3bdbc74879e02feb057.zip, 107641, 200
02/19/2013 23:55:34, 1, http://www.starbucksstore.com/equipment/espresso-machines,default,sc.html?cm_mmc=Sbuxcom-_-ShopMega-_-espressomachine-_-Evergreen, 4482fe44a36e73e0323eee9ba088d587.zip, 161206, 200
02/19/2013 23:55:34, 1, http://www.starbucksstore.com/verismo/verismo-machines,default,sc.html?cm_mmc=Sbuxcom-_-ShopTab-_-verismomachines-_-evergreen, dac7e9db2d7d69bd1d9836ac07067dc8.zip, 148497, 200
02/19/2013 23:55:34, 1, http://www.starbucksstore.com/equipment/grinders,default,sc.html?cm_mmc=Sbuxcom-_-ShopMega-_-burrgrinder-_-Evergreen, ca2a0cc11b959c867c8db2ce52396c5d.zip, 147948, 200
02/19/2013 23:55:34, 1, http://www.starbucksstore.com/Hot-Cocoa-Treats/hot-cocoa-and-treats,default,sc.html?cm_mmc=Sbuxcom-_-ShopMega-_-hotcocoa-_-Evergreen, 98eec7e09a1c70fecf87c1732b407347.zip, 184968, 200
02/19/2013 23:55:34, 1, http://www.starbucksstore.com/gifts-extras/gifts-and-extras,default,sc.html?cm_mmc=Sbuxcom-_-ShopMega-_-giftsandextras-_-Evergreen, f513aca8a87968fd1d8079f7dd11e721.zip, 202656, 200
02/19/2013 23:55:34, 1, http://www.starbucksstore.com/on/demandware.store/Sites-Starbucks-Site/default/Subscription-Home?cm_mmc=Sbuxcom-_-ShopTab-_-verismosub-_-evergreen, 4e079f8626b3ee7e13c20bf0baece5ab.zip, 102976, 200
02/19/2013 23:55:34, 1, http://www.starbucksstore.com/apparel/apparel,default,sc.html?cm_mmc=Sbuxcom-_-ShopMega-_-apparel-_-Evergreen, 2113577053903e82f7c7cf4d2cf509e7.zip, 191278, 200
02/19/2013 23:55:34, 1, http://www.starbucksstore.com/verismo/verismo-pods,default,sc.html?cm_mmc=Sbuxcom-_-ShopTab-_-verismopods-_-evergreen, a2ce0991e8de633c4aca7c43730ad9c5.zip, 184152, 200
02/19/2013 23:55:34, 1, http://www.starbucksstore.com/About-Us/about-us,default,pg.html?cm_mmc=Sbuxcom-_-ShopMega-_-about-_-Evergreen, a9263a2214b21b09a67d32212bc57353.zip, 103830, 200
02/19/2013 23:55:34, 1, http://www.starbucksstore.com/drinkware/drinkware,default,sc.html?cm_mmc=Sbuxcom-_-ShopMega-_-drinkware-_-Evergreen, a79424da29917e004cd18ce66dd7b43d.zip, 216251, 200
02/19/2013 23:55:34, 1, http://www.starbucksstore.com/gifts-extras/gifts-and-extras,default,sc.html?cm_mmc=Sbuxcom-_-ShopMega-_-starbucksgifts-_-Evergreen, 90e90dbf87c0e27bdefb0b274bcc45f3.zip, 202657, 200
02/19/2013 23:55:34, 1, http://www.starbucksstore.com/equipment/teapots-and-teakettles,default,sc.html?cm_mmc=Sbuxcom-_-ShopMega-_-teapots-_-Evergreen, 7864a2c672d2dcb95ddfde258e3abf10.zip, 206325, 200
02/19/2013 23:55:34, 1, http://www.starbucksstore.com/gifts-extras/syrups-and-sauces,default,sc.html?cm_mmc=Sbuxcom-_-ShopMega-_-syrupssauces-_-Evergreen, c7e5ef8bbc104b9be53d440f6290a35d.zip, 208453, 200
02/19/2013 23:55:34, 1, https://www.starbucksstore.com/on/demandware.store/Sites-Starbucks-Site/default/Verismo-Register?cm_mmc=Sbuxcom-_-ShopTab-_-verismoreg-_-evergreen, ae906b5b1ac96df2d26e9f655e5572d4.zip, 116153, 200
02/19/2013 23:55:34, 1, http://www.starbucksstore.com/drinkware/winter-drinkware,default,sc.html?cm_mmc=Sbuxcom-_-ShopTab-_-PromoSpot-_-WinterFY13, 597ae4ce55cb717d9baf3cdd76bf4a02.zip, 178272, 200
02/19/2013 23:55:34, 1, http://www.starbucksstore.com/drinkware/winter-drinkware,default,sc.html?cm_mmc=Sbuxcom-_-HP-_-WinterDrinkware-_-WinterFY13, 785c7437cd64c06bcd83c14b1b3176ed.zip, 178273, 200
02/19/2013 23:55:34, 1, http://www.starbucksstore.com/coffee/blonde-roast-coffee,default,sc.html?cm_mmc=Sbuxcom-_-MP-_-Ariel-_-WinterFY13, 8da937da6e7a49e3dc8fbcd7c3dbf357.zip, 170116, 200
02/19/2013 23:55:35, 1, http://www.starbucks.com/menu/food/hot-breakfast/starbucks-perfect-oatmeal-with-blueberries, e11c5d7a68731debfa6f939a4b7b3f81.zip, 40859, 200
02/19/2013 23:55:35, 1, http://www.starbucks.com/whats-new, 4080bce5a80e47ef23e8c877cce34ac3.zip, 47489, 200
02/19/2013 23:55:35, 1, http://www.starbucks.com/customer-service/faqs/shop, 2c6ec089329d844a8d3a812951a71124.zip, 34029, 200
02/19/2013 23:55:35, 1, http://www.starbucks.com/blog/rebuilding-an-american-dream-in-east-liverpool-ohio/1201, 19c8443cac63870bb77a6d7047983f3c.zip, 59479, 200
02/19/2013 23:55:35, 1, https://www.starbucks.com/account/create/register?src=home, cdb64ee7f2d96306edb5e1eaa55f1dd9.zip, 44130, 200
02/19/2013 23:55:35, 1, http://www.starbucks.com/about-us/our-heritage, 859c2502ecf1076ba192a5009e3d75c1.zip, 38702, 200
02/19/2013 23:55:35, 1, http://www.starbucks.com/about-us/company-information, 44188a0cde08d613f85b6b6c37fdf3e1.zip, 40337, 200
02/19/2013 23:55:35, 1, http://www.starbucks.com/#twitter, 9158bcb10ec66f92303a0934b1eef804.zip, 42574, 200
02/19/2013 23:55:35, 1, http://www.starbucks.com/blog/helping-sumatran-farmers-respond-to-climate-change/1213, cd466978e739dc8046af292ab006c9dc.zip, 44858, 200
02/19/2013 23:55:35, 1, http://www.starbucksstore.com/coffee/coffee,default,sc.html, 31e2561aeed2350ff834c59e6b9cdd98.zip, 219934, 200
02/19/2013 23:55:35, 1, http://www.starbucks.com/blog/america-s-future-depends-on-jobs/1208, d258ccb8b74634e04fdf8a9c8e047cc3.zip, 50908, 200
02/19/2013 23:55:35, 1, http://www.starbucks.com/account, b66d383203553c69edcf7e8c3ac511d6.zip, 39241, 200
02/19/2013 23:55:35, 1, http://www.starbucks.com/blog/bursting-with-blueberries/1209, 19d0e2625d607b940ccd0ddb234ef047.zip, 48583, 200
02/19/2013 23:55:35, 1, http://www.starbucks.com/#facebook, 32068d50e7bd91dadcf26f4748a18d04.zip, 42574, 200
02/19/2013 23:55:35, 1, http://www.starbucks.com/about-us/company-information/product-advisories, 7aebdb89a4ec301443c6325d954fdc70.zip, 39633, 200
02/19/2013 23:55:35, 1, http://www.starbucks.com/career-center/career-diversity, 2526e6261999842699beaa9bfdd8b652.zip, 39963, 200
02/19/2013 23:55:35, 1, http://www.starbucks.com/#gplus, bff683b1189ab77ce571feb88a6d97e0.zip, 42574, 200
02/19/2013 23:55:35, 1, http://www.starbucks.com/career-center/starbucks-career-advancement, 83bced9ec4549665cdfea2407ccbd880.zip, 42176, 200
02/19/2013 23:55:36, 1, http://news.starbucks.com/, 1ca45fa69f081dbb0abf7f68a01b0d17.zip, 33559, 200
02/19/2013 23:55:36, 1, http://www.starbucks.com/career-center/working-at-starbucks, 539c13343cef1da73c705006ba76f9c9.zip, 46235, 200
02/19/2013 23:55:36, 1, http://www.starbucks.com/career-center/career-diversity/partner-networks, 31f013e37d8574da8b1b70ce8abc470a.zip, 41131, 200
02/19/2013 23:55:36, 1, http://www.starbucksstore.com/music-more/music-and-books,default,sc.html?cm_mmc=Sbuxcom-_-ShopMega-_-entertainment-_-Evergreen, 873126e512a069dd69a280a1ae7869e9.zip, 202044, 200
02/19/2013 23:55:36, 1, http://www.starbucks.com/career-center, 751c2ad1b63ddf7cf8f192ab321b52ac.zip, 46054, 200
02/19/2013 23:55:36, 1, http://www.starbucks.com/career-center/professional-services-careers, 1239dc4d6fddf02cececb2fbc7a39e88.zip, 46347, 200
02/19/2013 23:55:36, 1, http://www.starbucks.com/career-center/international-positions, 3c5239105ad92137b16b283687a5b915.zip, 38940, 200
02/19/2013 23:55:36, 1, http://www.starbucks.com/business, d63671f6efdf5781e0e3b49e028b1f9b.zip, 38525, 200
02/19/2013 23:55:36, 1, http://www.starbucks.com/career-center/roasting-plant-positions, df75adcd76300cc3c4ee671b93c1ab92.zip, 42288, 200
02/19/2013 23:55:36, 1, http://www.starbucks.com/business/foodservice, e73c79554b70f1569acf36d9e357ff09.zip, 37771, 200
02/19/2013 23:55:36, 1, http://www.youtube.com/starbucks, e84b3de62e491d959d103fee808d4704.zip, 84875, 200
02/19/2013 23:55:36, 1, http://www.starbucks.com/business/licensed-stores, 5ce90c165b7fe83a4150859bed083893.zip, 37297, 200
02/19/2013 23:55:36, 1, http://www.starbucks.com/business/international-stores, b76dbfd01f476e01c96ee73680cc74a9.zip, 37681, 200
02/19/2013 23:55:36, 1, http://www.twitter.com/starbucks, 95af0a15048a65bdc20d8ceab245689c.zip, 26479, 200
02/19/2013 23:55:36, 1, http://www.starbucks.com/business/office-coffee, 082d4160b550b088e23c90159f2295ab.zip, 39201, 200
02/19/2013 23:55:36, 1, http://www.starbucks.com/business/landlord-faq, 61c4bebb17d537e302cf62520bf7bb98.zip, 58503, 200
02/19/2013 23:55:36, 1, http://www.starbucks.com/career-center/retail-positions, 825118e2d80634c9788ea1393247f374.zip, 44177, 200
02/19/2013 23:55:36, 1, http://www.starbucks.com/about-us/company-information/online-policies/scooped-coffee-settlement, 62e1f9808da836d6c6b637520105bef2.zip, 50081, 200
02/19/2013 23:55:36, 1, http://www.starbucks.com/site-selector, 6c90c3cfec1a6c972dbb84d5bd25833e.zip, 38177, 200
02/19/2013 23:55:36, 1, http://www.starbucks.com/about-us/company-information/online-policies/terms-of-use, 82899ef6175f070fec7bc1d63d3dd6bc.zip, 67544, 200
02/19/2013 23:55:36, 1, http://www.starbucks.com/coffee#nav, 00d62539cfbd547e7c2e82c683b0986e.zip, 57055, 200
02/19/2013 23:55:36, 1, http://www.twitter.com/starbucks/, 7bde25bc942907a811fd4634fad5e9bf.zip, 26485, 200
02/19/2013 23:55:37, 1, http://www.starbucks.com/coffee#footer, 01e90f8c5c1a0bd3c07fdbbe47b63e8f.zip, 57055, 200
02/19/2013 23:55:37, 1, http://www.starbucks.com/coffee#next, ea304091c3536ddc89488213799a3de5.zip, 57055, 200
02/19/2013 23:55:37, 1, http://www.starbucks.com/coffee/verismo-system-pods, 5492d67f88466eacd3189c5950beb966.zip, 43054, 200
02/19/2013 23:55:37, 1, http://www.starbucks.com/coffee#content, 4b99aa385be18adda9e4367c6399f0e5.zip, 57055, 200
02/19/2013 23:55:37, 1, http://www.starbucks.com/blog/celebrating-an-indivisible-nation-with-an-indivisible-brew/1202, a18042614b3a37fb9c99451f0b7906d9.zip, 51217, 200
02/19/2013 23:55:37, 1, http://www.starbucks.com/about-us/company-information/online-policies/privacy-policy, e03c7ad4e9323e60b897c3616db5e5bc.zip, 45991, 200
02/19/2013 23:55:37, 1, http://www.starbucks.com/coffee#facebook, 7ca0eb5d22da8efb1aceb15a99f4089c.zip, 57055, 200
02/19/2013 23:55:37, 1, http://www.starbucks.com/coffee#twitter, ff91212ba8dea647f68778646f7181c0.zip, 57055, 200
02/19/2013 23:55:37, 1, http://www.starbucks.com/coffee#gplus, d340b0cb6ad9744f713bdb44677a55d7.zip, 57055, 200
02/19/2013 23:55:37, 1, http://www.starbucks.com/site-map, e402055001da328d36d82b3b14bfa060.zip, 99379, 200
02/19/2013 23:55:37, 1, http://www.starbucks.com/blog/celebrating-an-indivisible-nation-with-an-indivisible-brew/1202#disqus_thread, b2dd333339c057c5778bcb148c3eeb51.zip, 51217, 200
02/19/2013 23:55:37, 1, http://www.starbucks.com/menu#footer, 22c2f9436cdd5313cfcdcc7cb2addbdd.zip, 48582, 200
02/19/2013 23:55:37, 1, http://www.starbucks.com/menu#content, b98a28feb81290c4aee7e105f5450b06.zip, 48582, 200
02/19/2013 23:55:37, 1, http://www.starbucks.com/menu#twitter, 78dde5c4adb91e3ab16ff2c5e7b820f7.zip, 48582, 200
02/19/2013 23:55:37, 1, http://www.starbucks.com/menu#gplus, b3e8222c18516b8804e53ff1901605dd.zip, 48582, 200
02/19/2013 23:55:37, 1, http://www.starbucks.com/menu/food/bakery/bountiful-blueberry-muffin?foodZone=9999, 483bd22086e736724a9d4d340b4d0774.zip, 40798, 200
02/19/2013 23:55:37, 1, http://www.starbucks.com/blog/lets-come-together-america/1252, 312073d9061b1ca3dc8339834a0ec942.zip, 122402, 200
02/19/2013 23:55:37, 1, http://www.starbucks.com/menu#facebook, e9ca324d84fc24f623544a40279bdfd7.zip, 48582, 200
02/19/2013 23:55:38, 1, http://www.starbucks.com/blog/introducing-starbucks-blonde-roast/1098, 369b3b780ec75fe810d7e8984370f0c3.zip, 100141, 200
02/19/2013 23:55:38, 1, http://www.starbucks.com/blog/bursting-with-blueberries/1209#disqus_thread, 4564614aba6ab3aa53b2634e8936b5b8.zip, 48583, 200
02/19/2013 23:55:38, 1, http://www.starbucks.com/coffee#close, 32f58110d37bf0014b65f220ff002c50.zip, 57055, 200
02/19/2013 23:55:38, 1, http://www.starbucks.com/blog/rethink-how-you-re-energize-/1203, f54e5b4b98f5418a0afecd149597ffeb.zip, 41912, 200
02/19/2013 23:55:38, 1, http://www.starbucks.com/promo/green-coffee-extract, a2bf7273aacdde117d4c7c42ced15b1c.zip, 16984, 200
02/19/2013 23:55:38, 1, http://www.starbucks.com/blog/how-to-throw-a-perfect-tea-party/1206#disqus_thread, 56990a6952cf9dbaf8b4e4bf57b84b09.zip, 42363, 200
02/19/2013 23:55:38, 1, http://www.starbucks.com/blog/rethink-how-you-re-energize-/1203#disqus_thread, 638430081b94d9e3e0f314896b84afb3.zip, 41912, 200
02/19/2013 23:55:38, 1, http://www.starbucks.com/menu#nav, 2db1a8e7ed51b101fca7be6f7d1f19e2.zip, 48582, 200
02/19/2013 23:55:38, 1, http://www.starbucks.com/blog/how-to-throw-a-perfect-tea-party/1206, eb18f84424bbd4bafefe5eb46a777ebc.zip, 42363, 200
02/19/2013 23:55:38, 1, http://www.google.com/webhp?hl=en&tab=Xw, c228ee291be438b36a4026ac4b7b98fc.zip, 10898, 200
02/19/2013 23:55:38, 1, http://www.google.com/imghp?hl=en&tab=Xi, 3fe34c3bef76669c06e42dc42b39a6e8.zip, 12868, 200
02/19/2013 23:55:38, 1, https://www.youtube.com/?tab=X1, 935d43d0c758a76f2608db6b749b4bd2.zip, 115471, 200
02/19/2013 23:55:38, 1, http://www.starbucks.com/blog/archive/Menu, d91d611b685763b817292f8ce0713780.zip, 76079, 200
02/19/2013 23:55:38, 1, http://www.google.com/intl/en/options/?tab=Xz, 6dcc4c2d56de812089078a5c357567e9.zip, 94, 200
02/19/2013 23:55:38, 1, http://www.google.com/intl/en-US/+/learnmore/forum/, 850658fe74567502bbb539ebb221f75e.zip, 2713, 200
02/19/2013 23:55:38, 1, http://www.starbucks.com/blog/archive/coffee, 57bd8b9b8bf5075d6096f04d9c9ef1c2.zip, 78214, 200
02/19/2013 23:55:39, 1, http://www.starbucks.com/promo/refreshers, 774d8ce108e1905da730199b3549f78e.zip, 14226, 200
02/19/2013 23:55:39, 1, https://plus.google.com/115854043401816496004, 1194e50bd8eb6628d8edd280c1e20d3e.zip, 121820, 200
02/19/2013 23:55:39, 1, http://www.google.com/support/profiles/?p=help_center&hl=en-US, ba8351cf6d8b2028926202b336edfd00.zip, 59761, 200
02/19/2013 23:55:39, 1, https://plus.google.com/112838416602271728936, 9debf49bad5d26e5e90afc6f177b2e60.zip, 83155, 200
02/19/2013 23:55:40, 1, https://plus.google.com/117575809843355974839/photos, 98ea97e4286fd46d834aaff48f960705.zip, 267777, 200
02/19/2013 23:55:40, 1, https://plus.google.com/117575809843355974839/posts, 2d7f903b82bdd0a4b89a14fc3725f02e.zip, 267810, 200
02/19/2013 23:55:40, 1, https://plus.google.com/114949017821246161964, a0320f8e2b4c21c6840e709418e4ceee.zip, 205960, 200
02/19/2013 23:55:40, 1, http://www.google.com/support/plus/?hl=en_US&p=help_center, 331a424703c267128b16b75973eeea23.zip, 59161, 200
02/19/2013 23:55:40, 1, https://plus.google.com/117575809843355974839/videos, aee64e40a3fd202485d9ca98e2a0be08.zip, 267805, 200
02/19/2013 23:55:40, 1, https://plus.google.com/117575809843355974839/about, 81d62114e36501d686e9752a72ed2a35.zip, 267761, 200
02/19/2013 23:55:40, 1, https://plus.google.com/117343265632906868568, 985a8b460e76f0d897ba3accfc690298.zip, 51961, 200
02/19/2013 23:55:40, 1, https://plus.google.com/photos/117575809843355974839/albums/5845280473444332289/5845280477639242642?authkey=COaEl9qg3tOHjQE, 2f4bfcda481a1836582403a4d79f070f.zip, 25140, 200
02/19/2013 23:55:40, 1, https://plus.google.com/photos/117575809843355974839/albums, 343c13cd85989497f73ca5cc7a96785b.zip, 71289, 200
02/19/2013 23:55:40, 1, https://accounts.google.com/ServiceLogin?service=oz&passive=1209600&continue=https://plus.google.com/117575809843355974839&followup=https://plus.google.com/117575809843355974839, 09ffa29adfd817aa1b8b8ed8d8f2ce63.zip, 74812, 200
02/19/2013 23:55:40, 1, http://www.google.com/history/optout?hl=en&tab=Xz, 4d2db60213e415bf16d1b6e1273f393e.zip, 10899, 200
02/19/2013 23:55:40, 1, https://plus.google.com/115820517730919244208, e74d8a7211eb99be1f5497590c19e86d.zip, 160653, 200
02/19/2013 23:55:40, 1, https://plus.google.com/114606580879229461194, 4673bff80e4a836b2be328bfe02db72e.zip, 37098, 200
02/19/2013 23:55:40, 1, https://plus.google.com/102826512112085883580, 1bfbcf19bec77857fd99c5945fed0ecf.zip, 34032, 200
02/19/2013 23:55:40, 1, https://plus.google.com/105294811482072498311, 8e9ba9d69b15d1930306087a32ea1e6e.zip, 171834, 200
02/19/2013 23:55:40, 1, https://plus.google.com/117575809843355974839/posts/M6BBGmdhfTa, 086ddd7303329b62c2368d51dd7c7dc8.zip, 210922, 200
02/19/2013 23:55:40, 1, http://Starbucks.com, e8d5bea27a18559022629ddd84e1554a.zip, 42574, 200
02/19/2013 23:55:40, 1, https://plus.google.com/settings/plus, 8c57cc572c31799ed26721042000fd87.zip, 74699, 200
02/19/2013 23:55:40, 1, https://plus.google.com/117575809843355974839/posts/RPg9DK2cbxk, 7c23355f11a52e8bd700b525781cf2ef.zip, 235680, 200
02/19/2013 23:55:40, 1, http://sbux.co/YweF1X, 745cbd5bf7ca083f44038a803e7e1ec5.zip, 37800, 200
02/19/2013 23:55:40, 1, https://plus.google.com/photos/117575809843355974839/albums/5844827304726501681/5844827311265974834?authkey=CJ_Uj-X16eSOVQ, dd017f5ec3b88c55614428b39c791df7.zip, 25045, 200
02/19/2013 23:55:40, 1, http://www.youtube.com/watch?v=S6xjRrY3CWA, 5c2f20dcd08addc322616bb02111dd9f.zip, 196870, 200
02/19/2013 23:55:40, 1, https://plus.google.com/104351422437286822326, a28a3ab2d59bf8dd61f4969237c7c1fc.zip, 37027, 200
02/19/2013 23:55:40, 1, https://play.google.com/?hl=en&tab=X8, 132123c0cd77e6dee9877223b1e96147.zip, 155069, 200
02/19/2013 23:55:40, 1, https://plus.google.com/117575809843355974839/posts/fab3GkeH86g, 1e5347e5564ceb9198de0151dec9cce8.zip, 189133, 200
02/19/2013 23:55:40, 1, https://plus.google.com/pages/create, 79d4ba300cfe61b53a272f352a83a290.zip, 74622, 200
02/19/2013 23:55:41, 1, https://plus.google.com/photos/117575809843355974839/albums/5844514113898967697/5844514110097932082?authkey=CNPFiMfr0sTtMA, 0a7cec0ac08c1e4d6d633967577f2bf6.zip, 25070, 200
02/19/2013 23:55:41, 1, https://plus.google.com/photos/117575809843355974839/albums/5840431323722147809/5840431326765134082?authkey=CLnQpaS2jJqz3AE, aa1db949114a81e4bd696cb7a7070fc2.zip, 25066, 200
02/19/2013 23:55:41, 1, https://plus.google.com/photos/117575809843355974839/albums/5841604223365258913/5841604228201415650?authkey=CL_LyKPmn9q0EQ, 812b1f15ad9c0dd0c728413e8cc586f8.zip, 25412, 200
02/19/2013 23:55:41, 1, https://plus.google.com/photos/117575809843355974839/albums/5842649760544709105/5842649758991263362?authkey=CMuiodHb5_zolwE, a6cd65a2c0cdb417a1dc7b5720da1315.zip, 25444, 200
02/19/2013 23:55:41, 1, https://plus.google.com/112098178512351186272, c70e76343207974e69f962e91a4a7306.zip, 53742, 200
02/19/2013 23:55:41, 1, https://plus.google.com/101455260639151793568, 006afff8a2480f253b12a213f0f082c6.zip, 37756, 200
02/19/2013 23:55:41, 1, https://plus.google.com/117575809843355974839/posts/KbUHqfcqot2, 434b1b906151278b4969352919cb5f92.zip, 125123, 200
02/19/2013 23:55:41, 1, http://sbux.co/TUTsBN, c28c363e956702a1b77228007b4cf43a.zip, 24019, 200
02/19/2013 23:55:41, 1, http://www.starbucks.com/partners, 1b860cfc97b7dddbec6163e7a476584f.zip, 11962, 200
02/19/2013 23:55:41, 1, https://plus.google.com/photos/117575809843355974839/albums/5838639882219143217/5838639884159772210?authkey=CPCNwYaqt_OTJg, 2896632775fe82da7bd3fb6db85276ac.zip, 25408, 200
02/19/2013 23:55:41, 1, https://plus.google.com/117575809843355974839/posts/7KjBrHtXo1s, 23dee5c87a5f9b44cb0d185607e8f1c9.zip, 263110, 200
02/19/2013 23:55:41, 1, https://plus.google.com/113858597602853283756, 129e377615d60596ea4073fd385e8572.zip, 41127, 200
02/19/2013 23:55:41, 1, https://plus.google.com/116424489366421293188, b895f948bc622eb8072af2de318ace03.zip, 109739, 200
02/19/2013 23:55:41, 1, https://plus.google.com/117575809843355974839/posts/Lg6nimVgJyy, 2e34e5266b47f12f5991e1e5a2c6a20e.zip, 182754, 200
02/19/2013 23:55:41, 1, https://plus.google.com/117575809843355974839/posts/4gVAxvkhdsc, d5d1032c8b8617540aca6d0f26232c0c.zip, 149637, 200
02/19/2013 23:55:41, 1, http://www.google.com/intl/en-US/help/terms_maps.html, 54861660dfe775e481bb464488744bdb.zip, 12229, 200
02/19/2013 23:55:41, 1, https://plus.google.com/117575809843355974839/posts/FKsJLGgTAA2, 2f28bbdec62090c243cba03a01bfa2e4.zip, 133980, 200
02/19/2013 23:55:41, 1, https://plus.google.com/photos/117575809843355974839/albums/5839362071468170833/5839362074832857026?authkey=CKS4_Kaqw9WT5AE, 0cf2099d11d5fdec4ceb93bc7bb9866f.zip, 25141, 200
02/19/2013 23:55:41, 1, http://www.google.com/intl/en-US/+/policy/content.html, 1201bb4c7e4c25406599d697754f3c7b.zip, 11354, 200
02/19/2013 23:55:41, 1, https://plus.google.com/photos/117575809843355974839/albums/5672697499153333169, df1dbc92ccd124b9e37c12b714941a61.zip, 30089, 200
02/19/2013 23:55:41, 1, https://accounts.google.com/TOS?hl=en-US, 7b63abe0a01788b02e29754242e9dedd.zip, 861, 200
02/19/2013 23:55:41, 1, https://plus.google.com/117575809843355974839/posts/Sx1QKwHS42y, d3fd7dc491171aec8ac6a1429635ca72.zip, 131450, 200
02/19/2013 23:55:41, 1, https://plus.google.com/photos/117575809843355974839/albums/5835985647011940337/5835985654510895346?authkey=CIjYyrbZobDPDA, 7d3bcc7e33ccf59e0ec3745891befcc2.zip, 25376, 200
02/19/2013 23:55:41, 1, https://plus.google.com/photos/117575809843355974839/albums/profile, 4a94ea051fe51c5c8f36d5c2141fc3d8.zip, 26156, 200
02/19/2013 23:55:41, 1, http://www.google.com/intl/en-US/+/policy/, 1d926ab60bc60c7aaf1a6fd6279ab4b6.zip, 23374, 200
02/19/2013 23:55:41, 1, https://plus.google.com/108298437723297392839, abd79e450d372aa021bc3037daca9c15.zip, 39419, 200
02/19/2013 23:55:41, 1, http://MyStarbucksidea.com, f6890b9774cbdc1b012b6d51a82e6a59.zip, 46103, 200
02/19/2013 23:55:42, 1, https://plus.google.com/117575809843355974839/posts/JC9B49j9j5n, 590253560f0f657fc0f78fc7c6ab2d40.zip, 198843, 200
02/19/2013 23:55:42, 1, http://sbux.co/UygbCZ, c12df998a128367a2e1feb96c3328388.zip, 44130, 200
02/19/2013 23:55:42, 1, http://youtube.com/Starbucks, 8c6151ea884778835d4394a54916378d.zip, 85319, 200
02/19/2013 23:55:42, 1, http://StarbucksStore.com, e70d94eefd9bb6563be5c44b6d7f6de2.zip, 185919, 200
02/19/2013 23:55:42, 1, https://plus.google.com/settings/language, 652d28e4a1da1c56c72f01ba7344a5c0.zip, 74654, 200
02/19/2013 23:55:42, 1, https://plus.google.com/118000455526792067661, 0c269f2037b3e23b7d85c585f3fa0d05.zip, 185232, 200
02/19/2013 23:55:42, 2, http://en.starbucksstore.de/coffee/blonde-roast-coffee,en_DE,sc.html, c1a69d476f47ac057258e807daf3f2a6.zip, 140388, 200
02/19/2013 23:55:42, 1, https://plus.google.com/photos/117575809843355974839/albums/posts, 9b5d911485c36d08699c2801ee8c95b3.zip, 158112, 200
02/19/2013 23:55:42, 2, http://en.starbucksstore.de/coffee/dark-roast-coffee,en_DE,sc.html, a21e168ce13d8f34eb51a6cc441dcc2e.zip, 192589, 200
02/19/2013 23:55:42, 2, http://en.starbucksstore.de/coffee/medium-roast-coffee,en_DE,sc.html, 12a03ecf1a2a6b877b7a7664d995ebc9.zip, 177292, 200
02/19/2013 23:55:42, 2, http://en.starbucksstore.de/coffee/starbucks-via-ready-brew,en_DE,sc.html, fcfefe143ca3508b92c3668e05de0839.zip, 104110, 200
02/19/2013 23:55:42, 2, http://en.starbucksstore.de/verismo/coffee-verismo-pods,en_DE,sc.html, 064cd9a2e0f93e4b0cd25bc409af8a5c.zip, 164694, 200
02/19/2013 23:55:42, 2, http://en.starbucksstore.de/coffee/pods-portion-filter-packs,en_DE,sc.html, 13414a9bc9bfdae6a93464d4fc5fb993.zip, 104112, 200
02/19/2013 23:55:42, 2, https://en.starbucksstore.de/on/demandware.store/Sites-StarbucksDE-Site/en_DE/Subscription-Show, a4a8566742933c67196132ccdc33b2e1.zip, 101975, 200
02/19/2013 23:55:42, 2, https://en.starbucksstore.de/on/demandware.store/Sites-StarbucksDE-Site/en_DE/Account-Show, b7e6a70df08ed09ee608d0ea4e1d3ec4.zip, 109592, 200
02/19/2013 23:55:42, 2, http://en.starbucksstore.de/coffee/coffee,en_DE,sc.html, 58f20c156b099b496044f083c81e299b.zip, 207047, 200
02/19/2013 23:55:42, 1, https://www.starbucks.com/shop/card/egift, 3cc230a1c62529fb12e3a227b45de987.zip, 48692, 200
02/19/2013 23:55:42, 2, http://en.starbucksstore.de/starbucks-k-cup-packs/starbucks-k-cup-packs,en_DE,sc.html, 69c543c8560a559962d95668def7d169.zip, 104125, 200
02/19/2013 23:55:42, 2, http://en.starbucksstore.de/coffee/coffee,en_DE,sc.html?prefn1=grind&amp;prefv1=whole-bean, 5bd3ccd102f6144270aa55d747f25336.zip, 207095, 200
02/19/2013 23:55:42, 2, http://en.starbucksstore.de/coffee/coffee,en_DE,sc.html?prefn1=grind&amp;prefv1=ground, 095154d0f0d6499d4218aa9f28f7c0a2.zip, 207091, 200
02/19/2013 23:55:42, 2, http://en.starbucksstore.de/verismo/verismo-pods,en_DE,sc.html, 2bd62514369c21e362f3b69fb4efe86d.zip, 165469, 200
02/19/2013 23:55:42, 2, http://en.starbucksstore.de/coffee/coffee,en_DE,sc.html?prefn1=decaffeinated&amp;prefv1=decaffeinated, 3f90fddc311b60ae6f1fb8f44fd123f5.zip, 207113, 200
02/19/2013 23:55:42, 2, http://en.starbucksstore.de/coffee/flavored-coffee,en_DE,sc.html, cd108b56aad26a503094b724dc936352.zip, 104036, 200
02/19/2013 23:55:42, 2, http://en.starbucksstore.de/coffee/coffee,en_DE,sc.html?prefn1=decaffeinated&amp;prefv1=Decaffeinated, b9772435cca2106b77f1e9358cc4b89c.zip, 207114, 200
02/19/2013 23:55:42, 2, http://www.starbucksstore.com/coffee/starbucks-reserve-coffee,default,sc.html?prefn1=grind&amp;prefv1=whole-bean, f6b28034cca9ea2c7a7389a0ec9d5630.zip, 160582, 200
02/19/2013 23:55:43, 1, http://Twitter.com/Starbucks, 6b969d96c9911a929bdb14849587945d.zip, 26477, 200
02/19/2013 23:55:45, 1, http://bcassets.starbucks.com/1612549662/1612549662_1225048594001_sbux-roast-v17-1920h.mp4, , 0, OTHER_EXCEPTION
02/19/2013 23:55:45, 2, http://en.starbucksstore.de/coffee/coffee,en_DE,sc.html?prefn1=intensity&amp;prefv1=Mild, 614b1ea22f1ee52f25d6f2f1c8cb97cc.zip, 207097, 200
Statics:
Query words: starbucks+coffee
The N user input: 500
Total tried download: 501
Total downloaded pages: 500
Total http errors: 0
Total other errors: 1
Total time: 28 seconds
Total size: 46.31 MB
