02/19/2013 23:57:23, 0, http://blogs.villagevoice.com/forkintheroad/2010/09/our_10_best_chi_1.php, d7a7cd7a4803772a7e136bf00f25861b.zip, 121645, 200
02/19/2013 23:57:23, 1, http://blogs.villagevoice.com/runninscared/, ed2edf205bbdcf70be82506f5ead568a.zip, 202150, 200
02/19/2013 23:57:23, 1, http://www.villagevoice.com, ef5dcc11a803e8f932eebee2d7897d80.zip, 126044, 200
02/19/2013 23:57:23, 1, http://blogs.villagevoice.com/dailymusto/, 73b33deadc2a8cef226c5efa66c87cdb.zip, 120924, 200
02/19/2013 23:57:23, 0, http://www.n-y-c-r.com/, 4f7e5c29373945f9e8023c4077989e61.zip, 7966, 200
02/19/2013 23:57:23, 1, http://www.villagevoice.com/classifieds/, c997ea4e25d9c20bdfa239e9ac6659ea.zip, 41701, 200
02/19/2013 23:57:23, 1, http://www.villagevoice.com/promotions/, e9eb5069f314a476416b68bda80dcfae.zip, 68614, 200
02/19/2013 23:57:23, 1, http://www.villagevoice.com/news/, 56292d9be501ab92028caba061d5216d.zip, 98481, 200
02/19/2013 23:57:24, 1, http://www.villagevoice.com/movies/, 019f6fc8c57367427e17ee60f1264c30.zip, 96142, 200
02/19/2013 23:57:24, 1, http://www.villagevoice.com/columns/la-dolce-musto-302317/, 898959a3d93f37b84573abed53046eee.zip, 52774, 200
02/19/2013 23:57:24, 1, http://www.villagevoice.com/restaurants/, 0ebf89b5fb0ca165d7a907afd7c94b95.zip, 82861, 200
02/19/2013 23:57:24, 1, http://www.villagevoice.com/authors/nat-hentoff/, 7f717b10c1002525f28b1f7619ea4af0.zip, 53934, 200
02/19/2013 23:57:24, 1, http://www.villagevoice.com/arts/, ef04ef464daedccb3a01fa7dc65d7101.zip, 72259, 200
02/19/2013 23:57:24, 1, http://www.villagevoice.com/columns/ask-a-mexican-302459/, 0fc7882b2f01a0cc04de1faf0943f74b.zip, 53823, 200
02/19/2013 23:57:24, 1, http://blogs.villagevoice.com/music/, af1ea0288ea1e54b86b0f47b1d976701.zip, 135635, 200
02/19/2013 23:57:24, 1, http://www.villagevoice.com/advice/savage-love-411/, b40bd0ae9c13bd379a9d423d63b8e72e.zip, 50647, 200
02/19/2013 23:57:24, 1, http://www.villagevoice.com/calendar/, 88f6598545170428f6849da4cf6aac9f.zip, 177231, 200
02/19/2013 23:57:24, 1, http://www.villagevoice.com/bestof/, e2c413d97e2e64a0fbf8f84af7b62749.zip, 91075, 200
02/19/2013 23:57:24, 1, http://blogs.villagevoice.com/forkintheroad/, c105bc2ce621f8e3315d364cb1029479.zip, 148818, 200
02/19/2013 23:57:24, 1, http://www.villagevoice.com/samples/readers/?source_id=8|55|1378, 0a353df3a3be0a1ff4d9066b99b22c92.zip, 52498, 200
02/19/2013 23:57:24, 1, http://www.villagevoice.com/music/, aaddf6dfa09357c675b8954996b7a576.zip, 75276, 200
02/19/2013 23:57:24, 1, http://www.villagevoice.com/promotions/mobileApps/, 87e8cdb9250ebd52e8bf410f5e62921b.zip, 58313, 200
02/19/2013 23:57:24, 1, http://www.villagevoice.com/authors/rob-brezsny/, fdbd686ebb23053b3ac1ef436a8dbc1a.zip, 51813, 200
02/19/2013 23:57:24, 1, http://www.villagevoice.com/search/archive_search/, 9dbc65daf198bccb25ad94f00b9d01d2.zip, 375137, 200
02/19/2013 23:57:24, 1, http://www.villagevoice.com/adIndex/category/entertainment-77/, be75b32f25c298ef519e2e6bce83e9ee.zip, 81980, 200
02/19/2013 23:57:24, 1, http://www.villagevoice.com/pazznjop/, eca3a93d933b1f67751103c73fdb0d5c.zip, 43128, 200
02/19/2013 23:57:24, 1, http://www.villagevoice.com/follow/, 2471dc7ea6153b3421da872118712835.zip, 55745, 200
02/19/2013 23:57:24, 0, http://www.menupages.com/restaurants/all-areas/all-neighborhoods/chinese/, d9a40d075f3a3b5b984ff78ec04cbf2e.zip, 134054, 200
02/19/2013 23:57:24, 1, http://www.villagevoice.com/samples/readers/?source_id=8|55|1379, 9c74ec6524db09b93cbec457fa10457b.zip, 52498, 200
02/19/2013 23:57:24, 1, http://www.villagevoice.com/samples/readers/?source_id=8|55|1380, 472107a0ca9cc102b8c3b69c68228b71.zip, 52498, 200
02/19/2013 23:57:24, 1, http://microapp.villagevoice.com/4knots/, 41b1862e6fa15d693fe61882c3ee22f4.zip, 4269, 200
02/19/2013 23:57:24, 1, http://www.villagevoice.com/concerts/, e08f0d18c62d364e0d229a2b2b78dc49.zip, 274359, 200
02/19/2013 23:57:24, 1, http://choiceeats.villagevoice.com/, f4aa5af2340fb0168fb4fa238d939392.zip, 5941, 200
02/19/2013 23:57:24, 1, http://blogs.villagevoice.com/runninscared/film/, ea8f36f4f0073c0749ff7c5df7d3fb2b.zip, 135951, 200
02/19/2013 23:57:24, 1, http://obies.villagevoice.com/2012/, 2e69b03472f586fb2976654317acae05.zip, 4745, 200
02/19/2013 23:57:24, 0, http://www.zagat.com/lists/best-chinese-tops-new-york-city-restaurants, 1ee14ca35cb0228901f6d3a32c6d4bcc.zip, 67583, 200
02/19/2013 23:57:24, 1, http://www.voiceplaces.com/restaurants/menus/market:new-york/, df5c6444107a7564824e63073f7d2615.zip, 62274, 200
02/19/2013 23:57:25, 1, http://www.villagevoice.com/adIndex/subcategory/restaurant-ads-416/, d9fb77eb40b1475ff0991804c144645e.zip, 57135, 200
02/19/2013 23:57:25, 1, http://www.villagevoice.com/samples/readers/?source_id=8|55|1381, 831a2fe4982d79c44df170795b679383.zip, 52498, 200
02/19/2013 23:57:25, 1, http://www.villagevoice.com/restaurants/search/, ead54d7bcc7d2fdb8f6fdd8e7c302715.zip, 260215, 200
02/19/2013 23:57:25, 1, http://www.villagevoice.com/events/search/, 095bde9f812a610ba3a25aadddbe580a.zip, 153593, 200
02/19/2013 23:57:25, 0, http://mendotaheights.patch.com/listings/new-york-chinese-restaurant, fb0669b3e6c9a51dfa3912872c717ff5.zip, 159710, 200
02/19/2013 23:57:25, 1, http://www.villagevoice.com/directory/clubs/, 405a42728e53a95a3b7802bd09f14f2d.zip, 447457, 200
02/19/2013 23:57:25, 1, http://coupons.villagevoice.com/categories/25-restaurants/offers, dad8c0b6d8ad3b254d6f8f140cbd8967.zip, 14997, 200
02/19/2013 23:57:25, 1, http://www.villagevoice.com/filmpoll/, 969124dc9302a75a4452e45133a95d2a.zip, 42855, 200
02/19/2013 23:57:25, 1, http://www.villagevoice.com/theater/, 6b7c79d023bed1cd067808a265c5ee02.zip, 74358, 200
02/19/2013 23:57:25, 1, http://www.villagevoice.com/samples/readers/?source_id=8|55|1382, a6fbcbe86a30705d375e55dc6c171e4f.zip, 52498, 200
02/19/2013 23:57:25, 1, http://www.villagevoice.com/dance/, 957a4ea6637febddbb78a39e9955af6c.zip, 67016, 200
02/19/2013 23:57:25, 1, http://www.villagevoice.com/art/, 7532d5a7443a1aa4163df54ff0453f02.zip, 65767, 200
02/19/2013 23:57:25, 1, http://www.villagevoice.com/authors/scott-foundas/, e646e60bc2c6aad7d7204a5f3b2f9d94.zip, 65452, 200
02/19/2013 23:57:25, 1, http://bestof.voiceplaces.com/new-york/voting, 7859f27f36c6f144360ee455dc0efa04.zip, 9368, 200
02/19/2013 23:57:25, 1, http://www.villagevoice.com/samples/readers/?source_id=8|55|1383, 96701c0bb6b3acf0494fc7f4f5864565.zip, 52498, 200
02/19/2013 23:57:25, 1, http://www.villagevoice.com/promotions/freestuff/, 26f34cf2359d9dc3fbdd29d674bdb6ec.zip, 62382, 200
02/19/2013 23:57:25, 1, http://www.villagevoice.com/books/, 38740669c3b13057b66dfa0d58965775.zip, 68510, 200
02/19/2013 23:57:25, 1, http://microapp.villagevoice.com/webawards/, e19253479e9b75e1d088c4639dd0f820.zip, 3327, 200
02/19/2013 23:57:25, 1, http://www.villagevoice.com/adIndex/subcategory/best-of-new-york-596/, 08b1976d4c1f0990b1ee84472c26ac44.zip, 57139, 200
02/19/2013 23:57:25, 1, http://blogs.villagevoice.com/forkintheroad/2013/02/uri_scheft_breads_bakery.php, 00bab8ab99f679cab6ef8a9386de7725.zip, 112011, 200
02/19/2013 23:57:25, 1, http://coupons.villagevoice.com/, ccbf4b785dd71e9024dea38b1a23a4fc.zip, 11720, 200
02/19/2013 23:57:25, 1, http://www.villagevoice.com/events/search/category:[155017]/, bea61441c7d48db21dfbb41ef9bc5fba.zip, 86165, 200
02/19/2013 23:57:25, 1, http://www.villagevoice.com/movies/theaters/, ffce630a0c4dc027b65f6331fe41ec43.zip, 709708, 200
02/19/2013 23:57:25, 1, http://blogs.villagevoice.com/forkintheroad/taste_test/, 39798413abb249927d223c98aec509fe.zip, 156184, 200
02/19/2013 23:57:25, 1, http://microapp.villagevoice.com/brooklyn-pour/, 58ec548c7f7a944219e83c819ace2428.zip, 4463, 200
02/19/2013 23:57:25, 1, http://blogs.villagevoice.com/forkintheroad/news/, 11a84dd78a8e5a552203e87f285c231a.zip, 153328, 200
02/19/2013 23:57:25, 1, http://blogs.villagevoice.com/forkintheroad/2013/02/netanyanu_ice_cream_budget.php, 08b43aa73d08ba0370ab779e248df20e.zip, 111522, 200
02/19/2013 23:57:25, 1, http://www.villagevoice.com/samples/readers/?source_id=8|55|1384, fb6de175eace5abdd585291b657c3601.zip, 52498, 200
02/19/2013 23:57:25, 1, http://www.villagevoice.com/bestOf/index/2011/, fb8da2e50ddb95b48ad19501efda3e38.zip, 95880, 200
02/19/2013 23:57:25, 1, http://www.villagevoice.com/microsites/career-fair/, e0046c1d22fdbca427f0d544dd25b3f9.zip, 38493, 200
02/19/2013 23:57:25, 1, http://blogs.villagevoice.com/forkintheroad/2013/02/burger_king_hac.php, 88a37a0c06a09eb56fea8221624314c3.zip, 110223, 200
02/19/2013 23:57:25, 1, http://www.villagevoice.com/adIndex/, 50db8a1f65bf694e482e1f269d7070a9.zip, 50891, 200
02/19/2013 23:57:25, 1, http://www.villagevoice.com/bestOf/index/2010/, aa43ba77dffdc60a2c00bf0d6e1403a6.zip, 98033, 200
02/19/2013 23:57:25, 1, http://www.villagevoice.com/promotions/streetteams/, 1811735f22e8bc05d8dc4b8404067285.zip, 70991, 200
02/19/2013 23:57:25, 1, http://www.villagevoice.com/afterdark/, 1c7518a06e47a51aa1eb49e1212dedc2.zip, 40784, 200
02/19/2013 23:57:25, 1, http://www.villagevoice.com/samples/readers/?source_id=8|55|1385, b69265c6ea5201b738ebe32529cf11ed.zip, 52498, 200
02/19/2013 23:57:25, 1, http://blogs.villagevoice.com/forkintheroad/breaking_news/, c0a70e6c737403e18933c4f5c1341384.zip, 156543, 200
02/19/2013 23:57:26, 1, http://www.villagevoice.com/promotions/events, 8d27deda25e3fc3f7885cb4afa6e97ec.zip, 89565, 200
02/19/2013 23:57:26, 1, http://www.villagevoice.com/bestOf/index/2008/, 8acbe069df5e95a596726b590c651916.zip, 97240, 200
02/19/2013 23:57:26, 1, http://blogs.villagevoice.com/forkintheroad/2013/02/sea_cucumber_wh.php, 2e2f80a96f14cc93338b736da77fd497.zip, 115002, 200
02/19/2013 23:57:26, 1, http://www.villagevoice.com/bestOf/index/2009/, 9b11616cacc507efd9f695a1b1d8ff13.zip, 96204, 200
02/19/2013 23:57:26, 1, http://blogs.villagevoice.com/forkintheroad/what_is_it/, 2df7519201c6f755de8f0b86350080de.zip, 150062, 200
02/19/2013 23:57:26, 1, http://www.villagevoice.com/samples/readers/?source_id=8|55|1386, 37f50afc7bf2b0ff4746cffff1a86d31.zip, 52498, 200
02/19/2013 23:57:26, 1, http://blogs.villagevoice.com/forkintheroad/2013/02/our_10_best_chi_3.php, b9b3298492b0136a4e94b1b7379fb0ef.zip, 134261, 200
02/19/2013 23:57:26, 1, http://blogs.villagevoice.com/forkintheroad/featured/, a0ab84ed48d40dff0c203662c5b94753.zip, 158667, 200
02/19/2013 23:57:26, 1, http://blogs.villagevoice.com/forkintheroad/2013/02/birria_tacos_bronco.php, 6063141711868fa232e65c90d007e92b.zip, 118134, 200
02/19/2013 23:57:26, 1, http://blogs.villagevoice.com/forkintheroad/keep_on_truckin/, e8f421e4eae9fd533cc7bde3579e2a6d.zip, 152435, 200
02/19/2013 23:57:26, 1, http://blogs.villagevoice.com/forkintheroad/2013/02/hungarian_pastries_morningside_heights.php, d411a5b89daeaa3adaf426494a679285.zip, 124482, 200
02/19/2013 23:57:26, 1, http://blogs.villagevoice.com/forkintheroad/drinks_dinner_d/, 1aa3f0cf052061f0fa20f8a57d1c26c5.zip, 94564, 200
02/19/2013 23:57:26, 1, http://blogs.villagevoice.com/forkintheroad/2013/02/eamon_rockey_aska_interview.php, b13bb70c4e726325064f3f5529ebfbe2.zip, 123976, 200
02/19/2013 23:57:26, 1, http://blogs.villagevoice.com/forkintheroad/behind_the_bar/, 6435d9d27db2761dc42dfafb2f530a2d.zip, 157941, 200
02/19/2013 23:57:26, 1, http://blogs.villagevoice.com/forkintheroad/2013/02/sharakus_5-cour.php, 3a16737d1144b5796a23fe0d860f1f10.zip, 123736, 200
02/19/2013 23:57:26, 1, http://blogs.villagevoice.com/forkintheroad/whats_for_lunch/, 595204335a78c06c13747d437564189c.zip, 141711, 200
02/19/2013 23:57:26, 1, http://blogs.villagevoice.com/forkintheroad/2010/09/our_10_best_chi_1.php#Comments, 6c9c0c4d8bfe0f815d4f90a12f1ca040.zip, 121645, 200
02/19/2013 23:57:26, 1, http://blogs.villagevoice.com/forkintheroad/our_ten_best/, 3cbf983b26f0829e9dae238e721906a9.zip, 159255, 200
02/19/2013 23:57:26, 1, http://blogs.villagevoice.com/forkintheroad/sietsema/, eab2344be83dc7b4bfbd801b1a81690e.zip, 158302, 200
02/19/2013 23:57:27, 1, http://blogs.villagevoice.com/forkintheroad/2010/09/our_10_best_chi_1.php?print=true, 13d0bcde6f20a08510381b4962637316.zip, 13768, 200
02/19/2013 23:57:27, 1, http://blogs.villagevoice.com/forkintheroad/2010/09/our_10_best_chi_1.php?page=2, 9a5e820e2a8c80c8d754f7c334bd7bb6.zip, 121040, 200
02/19/2013 23:57:27, 1, http://blogs.villagevoice.com/forkintheroad/2010/09/our_10_best_chi_1.php?page=3, 66af003de4ba046a1dcee446418d7e66.zip, 118760, 200
02/19/2013 23:57:27, 1, http://blogs.villagevoice.com/forkintheroad/luxiangboiledbeef.jpg, , 0, OTHER_EXCEPTION
02/19/2013 23:57:27, 1, http://www.villagevoice.com/slideshow/bbq-and-pig-ears-this-weeks-eats-photography-38725647/, 776e7114adccf584068d81b0748fa4da.zip, 90270, 200
02/19/2013 23:57:27, 1, http://www.villagevoice.com/slideshow/the-year-in-meat-2012-38360663/, a889d215d3c103f94f0d895ee305b317.zip, 99072, 200
02/19/2013 23:57:27, 1, http://blogs.villagevoice.com/forkintheroad/archives/2009/07/our_10_best_chi.php, 5d13b7193beb7005bf6e596d6c6f39d5.zip, 112895, 200
02/19/2013 23:57:27, 1, http://livefyre.com, 32e7de7d54a31ddcf3c3e20a83eabca4.zip, 15556, 200
02/19/2013 23:57:27, 1, http://blogs.villagevoice.com/forkintheroad/archives/2010/09/dish_no____spec.php, 2bc618b3cbac34d95132b757e1e89772.zip, 110766, 200
02/19/2013 23:57:27, 1, http://choiceeats.villagevoice.com/2013/, 786083dd9f0a7a73ce78c1bdccee7163.zip, 5941, 200
02/19/2013 23:57:27, 1, http://blogs.villagevoice.com/forkintheroad/archives/100_dishes_to_e/, 91f96991a39da5c89c7248d0f6828ddf.zip, 155104, 200
02/19/2013 23:57:27, 1, http://blogs.villagevoice.com/forkintheroad/dunhuang.jpg, , 0, OTHER_EXCEPTION
02/19/2013 23:57:27, 1, http://blogs.villagevoice.com/forkintheroad/Chaozouchickenwithblackpepper.jpg, , 0, OTHER_EXCEPTION
02/19/2013 23:57:27, 1, https://foursquare.com/intent/venue.html, 04ac3b74a3c61c2916cff5ea34af7344.zip, 7556, 200
02/19/2013 23:57:27, 1, http://blogs.villagevoice.com/author.php?author_id=926, e3bdc0aee39afbd573c01f86822c5466.zip, 72109, 200
02/19/2013 23:57:27, 1, http://www.villagevoice.com/about/syndication/, 98516bee6fbe360dfdd42e42fbe1ee79.zip, 42940, 200
02/19/2013 23:57:27, 1, http://www.villagevoice.com/about/index/, 269bc01a138307c7402b80a2c8843f1c.zip, 45166, 200
02/19/2013 23:57:27, 1, http://www.villagevoice.com/about/siteMap/, fc710754daea74d62b3c205defd06c40.zip, 50482, 200
02/19/2013 23:57:27, 1, http://www.villagevoice.com/flipbook/, be5c38aca233233246999b977238770a.zip, 58627, 200
02/19/2013 23:57:28, 1, http://www.voiceplaces.com/caf-c-kashkar-adolat-new-york-2481487-l/, 7956781479c847c033ab4071a21b5548.zip, 44688, 200
02/19/2013 23:57:28, 1, http://support.livefyre.com, 33c541c7205089efb871fd894e132594.zip, 18516, 200
02/19/2013 23:57:28, 1, http://blogs.villagevoice.com/communityforums/, ad17ec468e4f4cc84f2cbd3396f51866.zip, 36861, 200
02/19/2013 23:57:28, 1, http://www.villagevoice.com/about/, 59c7eb9141a84316d8084e7c4f848420.zip, 45154, 200
02/19/2013 23:57:28, 1, http://www.voiceplaces.com/new-york/search/locationtype:Restaurants/only:places/, a623ac4a5a0d5b10e485166366aa7698.zip, 193217, 200
02/19/2013 23:57:28, 1, http://www.villagevoice.com/slideshow/index, 566fc659a311002c5597cc241dabe9a9.zip, 53222, 200
02/19/2013 23:57:28, 1, http://www.villagevoice.com/infographics/, bebc222ae45f1f1fa8198a7269dfa4f6.zip, 49588, 200
02/19/2013 23:57:28, 1, http://www.villagevoice.com/samples/readers/, bb6da2f5f5ddb05c2464d40f14ecf0bf.zip, 52490, 200
02/19/2013 23:57:28, 1, http://blogs.villagevoice.com/forkintheroad/open_open_open/, 714825af4c8e5d500f627d718791371c.zip, 157755, 200
02/19/2013 23:57:28, 1, http://www.villagevoice.com/, 80f621b25de4b4722b1c6cbaf477d9b2.zip, 126044, 200
02/19/2013 23:57:28, 1, http://blogs.villagevoice.com/forkintheroad/2013/02/leskes_bakery_o.php, 8b09ab0de4515ce8a5cf2bbdd0f0403f.zip, 121928, 200
02/19/2013 23:57:28, 1, http://twitter.com/forkintheroadVV, e6a688ef7a1d19c9bafb35b0a38a5c13.zip, 24707, 200
02/19/2013 23:57:28, 1, http://www.phoenixnewtimes.com/, 02510e4a362ef82b2777a6dafd2b8377.zip, 128231, 200
02/19/2013 23:57:28, 1, http://www.villagevoice.com/about/privacyPolicy/, 4671969293b36abd60655ae9a8e36bf7.zip, 54674, 200
02/19/2013 23:57:28, 1, http://www.villagevoice.com/about/terms/, ee378f94f8cd68544173e46fc2d18105.zip, 61543, 200
02/19/2013 23:57:28, 1, https://twitter.com/share, 6981627dee2f080594985d61faab88f3.zip, 4599, 200
02/19/2013 23:57:28, 1, http://www.voiceplaces.com/, bd87186de110bf301b443729fbef3430.zip, 17239, 200
02/19/2013 23:57:28, 1, http://www.citypages.com/, 4ca9a0f9b92531b8b5d9bde45f05fbe0.zip, 125517, 200
02/19/2013 23:57:28, 1, https://twitter.com/villagevoice/, 0590e966d1d3834af130ed6c88ee47b2.zip, 208655, 200
02/19/2013 23:57:28, 1, http://www.seattleweekly.com/, bf72c04b35d4ee86f218978ae562d19a.zip, 125157, 200
02/19/2013 23:57:29, 1, http://www.villagevoice.com/slideshow/2012-the-year-in-new-york-food-porn-38304685/, 4852ece44b11e2ad70890b1e64570d6f.zip, 101919, 200
02/19/2013 23:57:29, 1, http://www.laweekly.com/, 51374eb3f2be4a6bc4d4155791a61066.zip, 124623, 200
02/19/2013 23:57:29, 1, http://www.miaminewtimes.com/, a0b200e06d5b57fe4982f86831f8e054.zip, 127562, 200
02/19/2013 23:57:29, 1, http://www.riverfronttimes.com/, 3d9b1d8e1db445e7cbb100121bb5ed46.zip, 127850, 200
02/19/2013 23:57:29, 1, http://bestof.voiceplaces.com/, 68e47273006598d4669949b8ef8d0944.zip, 57059, 200
02/19/2013 23:57:29, 1, http://www.houstonpress.com/, dd08113c6e74e73690e649f10ad2af68.zip, 124065, 200
02/19/2013 23:57:29, 1, http://www.westword.com/, dc75f1ad5264e9bf83be70ed1e509c3a.zip, 128907, 200
02/19/2013 23:57:29, 1, http://tickets.villagevoice.com/, 6a236951bdf9b2a4d5a17c5b7f755cd5.zip, 147383, 200
02/19/2013 23:57:29, 1, http://www.vmgadvertising.com, 18d8ebe0c292862d022554f577446f17.zip, 33465, 200
02/19/2013 23:57:29, 1, http://www.myvoicenation.com, 8bd5782f6bc3e6e485b20a01a993a016.zip, 10239, 200
02/19/2013 23:57:29, 1, http://www.sfweekly.com/, 5efaef443029aa28fe6d917410a6fb1a.zip, 123907, 200
02/19/2013 23:57:29, 1, http://www.dallasobserver.com/, ea53d7fa1c1fb9cc5f248f5257b633e3.zip, 126885, 200
02/19/2013 23:57:29, 1, http://www.voiceplaces.com/new-york/, 976be68e34375831073ddcf551df12d9.zip, 65940, 200
02/19/2013 23:57:29, 1, http://www.myvoicenation.com/profile/mobile/nyv/, e18434f08df2eab60efa996f84988654.zip, 10239, 200
02/19/2013 23:57:30, 1, http://www.myvoicenation.com/, c8b28fb345cc7298c11ae668e3821c00.zip, 10239, 200
02/19/2013 23:57:30, 1, http://www.voicedailydeals.com/, b106a4fae6b69284a54c63d7c1583171.zip, 30002, 200
02/19/2013 23:57:30, 2, http://blogs.villagevoice.com/runninscared/2013/02/cyntha_zarin_ne.php, 9628db546abe90a776256c33edc13ac0.zip, 93438, 200
02/19/2013 23:57:30, 2, http://blogs.villagevoice.com/runninscared/2013/02/lol_at_the_plan.php, 01219510dd1d55974639af909c5af4b4.zip, 68645, 200
02/19/2013 23:57:30, 2, http://blogs.villagevoice.com/runninscared/2013/02/new_report_deta.php, 257c884fbfbeafc60a9073c17177f8f5.zip, 97430, 200
02/19/2013 23:57:30, 2, http://blogs.villagevoice.com/runninscared/2013/02/and_heres_the_1.php, 144a26464fb4e2d54cdcaf84a748c152.zip, 94596, 200
02/19/2013 23:57:30, 2, http://blogs.villagevoice.com/runninscared/2013/02/another_subway_1.php, 6a3ee75ab18dbc816aa6c93cb1f4b0c7.zip, 98634, 200
02/19/2013 23:57:30, 1, http://www.myvoicenation.com/profile/newsletters/nyv/, 2bc4a91222998bb663e6dc7349242524.zip, 10239, 200
02/19/2013 23:57:30, 1, http://www.ocweekly.com/, be5ec228a6474b5b455c5657e3857fc9.zip, 126838, 200
02/19/2013 23:57:30, 1, http://jobs.villagevoice.com, aa0ba333d0ffab88f9d9bf73a0679c41.zip, 5285, 200
02/19/2013 23:57:30, 2, http://blogs.villagevoice.com/runninscared/2013/02/bloomberg_goes_3.php, 4ea16b79d37abc3cfe8d420a72e1c2f8.zip, 95950, 200
02/19/2013 23:57:30, 2, http://blogs.villagevoice.com/runninscared/2013/02/ninth_times_the.php, 66e4c0f47cc58e8882d198b703bd2501.zip, 97580, 200
02/19/2013 23:57:30, 2, http://blogs.villagevoice.com/runninscared/writing/, c6f9c153684020879d8507368614ae91.zip, 106415, 200
02/19/2013 23:57:30, 1, http://www.browardpalmbeach.com/, 9106a4b737262863487cfb35e4024c5b.zip, 128341, 200
02/19/2013 23:57:30, 2, http://blogs.villagevoice.com/runninscared/2013/02/assembly_speake_1.php, 1fe49c8190716bcbcc30eb1feca73f11.zip, 93524, 200
02/19/2013 23:57:31, 2, http://blogs.villagevoice.com/runninscared/2013/02/mayor_bloomberg_54.php, 4ed71c013b7fae9a6c486abfb6cc9721.zip, 93960, 200
02/19/2013 23:57:31, 2, http://blogs.villagevoice.com/runninscared/queens/long_island_cit/, 168ad34256db99dde896983fdf1de6a0.zip, 137726, 200
02/19/2013 23:57:31, 2, http://blogs.villagevoice.com/runninscared/transportation/, c8cbde0eecb9138e2b7ec4740b01e7cb.zip, 139584, 200
02/19/2013 23:57:31, 2, http://blogs.villagevoice.com/runninscared/wage_wars/, 3dc0d1e284c3fc59ed1aac2d4ce22bdc.zip, 74522, 200
02/19/2013 23:57:31, 2, http://blogs.villagevoice.com/runninscared/stop_and_frisk/, fad5727d4f853b7b1f17a9a13c26d879.zip, 141612, 200
02/19/2013 23:57:31, 2, http://blogs.villagevoice.com/runninscared/2013/02/when_are_we_goi.php, cff9c3e97fca391d50b3d38740e1c270.zip, 92628, 200
02/19/2013 23:57:31, 2, http://www.latimes.com/sports/sportsnow/la-sp-sn-lakers-jay-pharoah-stephen-a-smith-20130217,0,6718897.story, 206a8b7ce403a128aff99dd537c8b269.zip, 224677, 200
02/19/2013 23:57:31, 2, http://blogs.villagevoice.com/runninscared/2013/02/nba_at_midseaso.php#Comments, 568af45133b778ff1f5fc68eb6655cff.zip, 92856, 200
02/19/2013 23:57:31, 2, http://blogs.villagevoice.com/runninscared/2013/02/cyntha_zarin_ne.php#Comments, 1b82ce2a435fdc6b8bda712b664adc30.zip, 93438, 200
02/19/2013 23:57:31, 2, http://blogs.villagevoice.com/runninscared/2013/02/nba_at_midseaso.php?print=true, 7baecb33a4ae942226d4954b6602f51d.zip, 5606, 200
02/19/2013 23:57:31, 2, http://blogs.villagevoice.com/runninscared/weed/, 325cb787fa66b264237b8f6facdf1b3b.zip, 138654, 200
02/19/2013 23:57:31, 2, http://blogs.villagevoice.com/runninscared/2013/02/cyntha_zarin_ne.php#more, 2b18e2fefcd18e68ea0522df72e9c6f0.zip, 93438, 200
02/19/2013 23:57:31, 2, http://blogs.villagevoice.com/author.php?author_id=833, d6b5d29920dfe4cd31529382416a1c27.zip, 65396, 200
02/19/2013 23:57:31, 2, http://blogs.villagevoice.com/runninscared/2013/02/nba_at_midseaso.php, 999d1bfbf0826256640da42e9e2e987b.zip, 92856, 200
02/19/2013 23:57:31, 2, http://www.indiebound.org/book/9781400042715, 9625e3d882932da9c7dcd174e170602d.zip, 17818, 200
02/19/2013 23:57:31, 2, http://blogs.villagevoice.com/runninscared/2013/02/cyntha_zarin_ne.php?print=true, 0e8989a8416e2bbaa879cb555f3bd90b.zip, 11073, 200
02/19/2013 23:57:31, 1, http://www.myvoicenation.com/about/help/, 5c8fd300027e43a03a13fe0a67c8bf6a.zip, 9925, 200
02/19/2013 23:57:31, 2, http://blogs.villagevoice.com/runninscared/2013/02/another_subway_1.php#Comments, d1ed1eddf03e4ecf7d23cdd499360020.zip, 98761, 200
02/19/2013 23:57:31, 2, http://blogs.villagevoice.com/author.php?author_id=4063, 72aa94ac89e1cf2cdeeaa4a5ec7b170c.zip, 37786, 200
02/19/2013 23:57:31, 2, http://blogs.villagevoice.com/runninscared/2013/02/enjoy_watching.php?print=true, 2b162709172268c1b2aab84855007bec.zip, 4661, 200
02/19/2013 23:57:32, 2, http://blogs.villagevoice.com/runninscared/subway-story.jpg, , 0, OTHER_EXCEPTION
02/19/2013 23:57:32, 2, http://blogs.villagevoice.com/runninscared/politics_1/, b7840af8de679226a1078395a70c95dd.zip, 137304, 200
02/19/2013 23:57:32, 2, http://blogs.villagevoice.com/runninscared/2013/02/nba_at_midseaso.php#more, f1128618a241da0175d64c7801f25b54.zip, 92856, 200
02/19/2013 23:57:32, 2, http://blogs.villagevoice.com/runninscared/new_yorkers_we/, 347fdac331b0a5375e1f0163f2149f15.zip, 73850, 200
02/19/2013 23:57:32, 2, http://blogs.villagevoice.com/runninscared/studies_in_crap/, b1998b81cd153894c37ec150c7a4908a.zip, 136060, 200
02/19/2013 23:57:32, 2, http://blogs.villagevoice.com/author.php?author_id=1812, e303cf98b324d7423237a6e8074f213c.zip, 45458, 200
02/19/2013 23:57:32, 2, http://blogs.villagevoice.com/runninscared/existential_pai/, 5e2a8ba776ba3868505b045719829146.zip, 89693, 200
02/19/2013 23:57:32, 2, http://blogs.villagevoice.com/runninscared/2013/02/enjoy_watching.php#Comments, 80953d890763f0a7f5fcf4a8a21ecc45.zip, 91921, 200
02/19/2013 23:57:32, 2, http://blogs.villagevoice.com/runninscared/2013/02/another_subway_1.php#more, c8c6886469e60d1d5495400f185a6bf8.zip, 98761, 200
02/19/2013 23:57:32, 2, http://blogs.villagevoice.com/runninscared/2013/02/enjoy_watching.php, 86a55168c5f39ae1d8c8c5dd64efca23.zip, 91921, 200
02/19/2013 23:57:32, 2, http://blogs.villagevoice.com/runninscared/2013/02/lol_at_the_plan.php#Comments, 3fb1972e2d61db482b8d0f24c2bd9fa2.zip, 68728, 200
02/19/2013 23:57:32, 2, http://blogs.villagevoice.com/runninscared/cuomo/, d3a6a98560ba3942012a8ac75bbbda45.zip, 143647, 200
02/19/2013 23:57:32, 2, http://blogs.villagevoice.com/runninscared/2013/02/enjoy_watching.php#more, 765021305b50f4ec1ce3665f5950d4a9.zip, 91921, 200
02/19/2013 23:57:32, 2, http://blogs.villagevoice.com/runninscared/hurricane_sandy/, d253920986a271d39757e902f6d09aef.zip, 136179, 200
02/19/2013 23:57:32, 2, http://blogs.villagevoice.com/runninscared/2013/02/another_subway_1.php?print=true, 07aa4f6273ef3a989caac6699dd1a341.zip, 6787, 200
02/19/2013 23:57:32, 2, http://blogs.villagevoice.com/runninscared/subway_death/, 91fde9d4312ca4801bcdda31b2d25d33.zip, 74902, 200
02/19/2013 23:57:32, 2, http://blogs.villagevoice.com/runninscared/2013/01/sliding_doors_m.php, d43966f11f73f2abc76c526399930021.zip, 93438, 200
02/19/2013 23:57:33, 2, http://blogs.villagevoice.com/author.php?author_id=3427, eac6255a58e4172c67bcccbdba280e38.zip, 58067, 200
02/19/2013 23:57:33, 2, http://blogs.villagevoice.com/runninscared/2013/01/in_wake_of_subw.php, 1f628d953f33668c64054ae7c222da6d.zip, 93587, 200
02/19/2013 23:57:33, 2, http://www.nypost.com/p/news/local/island_nabe_call_us_lic_dN7zOMdXzfjr2DuYOoA1MN, ae09f2333f4062d0c5b8d9a132db24fc.zip, 75874, 200
02/19/2013 23:57:33, 2, http://blogs.villagevoice.com/runninscared/jock_beat/, 94bffb758a8c4211661e07f5c4a263de.zip, 124815, 200
02/19/2013 23:57:33, 2, http://blogs.villagevoice.com/runninscared/2013/02/lol_at_the_plan.php?print=true, 199eadc324a104d597a6416ee1e325b5.zip, 4832, 200
02/19/2013 23:57:33, 2, http://blogs.villagevoice.com/runninscared/2013/01/new_alert_syste.php, a8d6ab82f05db5c1eb1d8ac31ff32111.zip, 95615, 200
02/19/2013 23:57:33, 2, http://abclocal.go.com/wabc/story?section=news/local/new_york&id=8983528, 20d11376a6bd18f37521556d07525cc4.zip, 69859, 200
02/19/2013 23:57:33, 2, http://blogs.villagevoice.com/runninscared/2013/01/nyc_councilman.php, fa352b1101643c6659ce4b0cd0b89f6e.zip, 94288, 200
02/19/2013 23:57:33, 2, http://blogs.villagevoice.com/runninscared/2013/02/transport_union.php, 00f1964a934df52bedb64396ff72c616.zip, 100156, 200
02/19/2013 23:57:33, 2, http://blogs.villagevoice.com/runninscared/driving/, 9709138473c5c638dcf09516f49a70b0.zip, 131626, 200
02/19/2013 23:57:33, 2, http://blogs.villagevoice.com/runninscared/2013/02/obama_sotu_rile.php?print=true, 492575a5883dc0c345208145857784e6.zip, 23405, 200
02/19/2013 23:57:33, 2, http://blogs.villagevoice.com/runninscared/subway_horror_s/, 280f56a500a8d37b06f222f64642615b.zip, 140834, 200
02/19/2013 23:57:33, 2, http://blogs.villagevoice.com/runninscared/2013/02/kevin_youkilis.php?print=true, 2ab05d6e6e1aa5de0e23a38ffc7f9ded.zip, 5156, 200
02/19/2013 23:57:33, 2, http://www.nytimes.com/2013/02/13/us/politics/obamas-2013-state-of-the-union-address.html?_r=0, , 0, 303
02/19/2013 23:57:33, 2, http://blogs.villagevoice.com/runninscared/2012/07/long_island_cit_1.php, 21269aa9ff8e5f222ad24137e18c6d61.zip, 97792, 200
02/19/2013 23:57:33, 2, http://blogs.villagevoice.com/runninscared/2013/02/obama_sotu_rile.php, ed7ec04def6da822fc8211d8f24980dc.zip, 118844, 200
02/19/2013 23:57:33, 2, http://blogs.villagevoice.com/runninscared/2013/02/obama_sotu_rile.php#Comments, 9854afc52a6f1332e31c871378b63fe4.zip, 118844, 200
02/19/2013 23:57:34, 2, http://blogs.villagevoice.com/runninscared/mj%20frontrow%20500.jpg, , 0, OTHER_EXCEPTION
02/19/2013 23:57:34, 2, http://blogs.villagevoice.com/runninscared/2013/02/kevin_youkilis.php, 7da3b8008469487d807a7814b6cb529a.zip, 92429, 200
02/19/2013 23:57:34, 2, http://blogs.villagevoice.com/runninscared/2013/02/obama_sotu_rile.php#more, fc90dd8d6aaf732269dcedd4a66a17a0.zip, 118844, 200
02/19/2013 23:57:34, 2, http://blogs.villagevoice.com/runninscared/2013/02/kevin_youkilis.php#more, 26c6eb792ad6f145dbc5a25ef411ea67.zip, 92429, 200
02/19/2013 23:57:34, 2, http://blogs.villagevoice.com/runninscared/2013/02/kevin_youkilis.php#Comments, 4777b9f2dd4526fb1b01ed5b6f0581c0.zip, 92429, 200
02/19/2013 23:57:34, 2, http://blogs.villagevoice.com/runninscared/mta/, 9d1e5a9283ab0c2a035f9c46df8bfa20.zip, 137943, 200
02/19/2013 23:57:34, 1, http://happyhours.villagevoice.com/nyc/find/places, , 0, OTHER_EXCEPTION
02/19/2013 23:57:34, 2, http://blogs.villagevoice.com/runninscared/2013/02/ninth_times_the.php#Comments, 982b518956bcd6d9a26c32b88ecd470a.zip, 97580, 200
02/19/2013 23:57:34, 2, http://blogs.villagevoice.com/runninscared/2013/02/ninth_times_the.php#more, 7366e0db8ebd3410be242325fdef9561.zip, 97580, 200
02/19/2013 23:57:34, 2, http://blogs.villagevoice.com/author.php?author_id=701, 23e11f94b39b8c103d7dbe44d66fcf05.zip, 38443, 200
02/19/2013 23:57:34, 2, http://blogs.villagevoice.com/runninscared/2013/02/new_york_fashio_14.php?print=true, d46b74bc38263428939b6068dc036ee2.zip, 7397, 200
02/19/2013 23:57:34, 2, http://blogs.villagevoice.com/runninscared/2013/02/ninth_times_the.php?print=true, 4c8b3ddbf3b5f04e73e280907aff1b7e.zip, 9187, 200
02/19/2013 23:57:34, 2, http://www.indiebound.org/book/9780805242591, 48ee6fed30470b2c64c6e85a9ffb9aa7.zip, 23128, 200
02/19/2013 23:57:34, 2, http://twitter.com/jsuricz, 8af796ff5d0bf724170d2fab130bbc2c.zip, 25498, 200
02/19/2013 23:57:34, 2, http://blogs.villagevoice.com/runninscared/real_estate/, f2458f51dd32ab224ea9e7a8a079c8c6.zip, 141114, 200
02/19/2013 23:57:34, 2, http://blogs.villagevoice.com/runninscared/2013/02/new_york_fashio_14.php#Comments, fb4b6ace02cb716206f64d7302fa7532.zip, 95129, 200
02/19/2013 23:57:34, 2, http://blogs.villagevoice.com/runninscared/2013/02/new_york_fashio_14.php, cac983ddce865991ea4391e0f32f392f.zip, 95129, 200
02/19/2013 23:57:34, 2, http://blogs.villagevoice.com/runninscared/2013/02/new_york_fashio_14.php#more, bfb234d8c4424f874bff117e11af2ada.zip, 95129, 200
02/19/2013 23:57:34, 2, http://blogs.villagevoice.com/author.php?author_id=3730, aa936f4203f04e738e2d1d6e01d85401.zip, 49767, 200
02/19/2013 23:57:34, 2, http://blogs.villagevoice.com/runninscared/2013/02/leela_corman.php?print=true, 54a025cce878e288fbc581437dc151d5.zip, 11123, 200
02/19/2013 23:57:34, 2, http://blogs.villagevoice.com/runninscared/exploring_the_r/, cea8fb53bdd06014d5b27613b14ddec1.zip, 128731, 200
02/19/2013 23:57:35, 2, http://blogs.villagevoice.com/runninscared/assets_c/2009/11/090812-01-perseids-meteor-shower-2009_big-thumb-250x183.jpg, , 0, OTHER_EXCEPTION
02/19/2013 23:57:35, 2, http://blogs.villagevoice.com/runninscared/2013/02/leela_corman.php#Comments, b8c865cc26d5641ed81c599eb4b9246c.zip, 93843, 200
02/19/2013 23:57:35, 2, http://blogs.villagevoice.com/runninscared/2013/02/leela_corman.php, e0d12e449e956bde44e2db24fa58766b.zip, 93843, 200
02/19/2013 23:57:35, 2, http://blogs.villagevoice.com/runninscared/fashion/fashion_week/, 546e9e2698ae51ddd1c5faec802b38e7.zip, 133424, 200
02/19/2013 23:57:35, 2, http://blogs.villagevoice.com/runninscared/2013/02/bloomberg_goes_3.php#Comments, 0671b65d4e504a2349997738d08c765e.zip, 95950, 200
02/19/2013 23:57:35, 2, http://blogs.villagevoice.com/runninscared/featured/, c51c5c25ca5c4299a71ac76cc9c2c9ff.zip, 130872, 200
02/19/2013 23:57:35, 2, http://blogs.villagevoice.com/runninscared/2013/02/leela_corman.php#more, 978e77e121b310cb4f80b454951dbf57.zip, 93843, 200
02/19/2013 23:57:35, 2, http://blogs.villagevoice.com/runninscared/2013/02/armageddon_mete.php?print=true, e1638743852415e308b129b5adbc91e9.zip, 4611, 200
02/19/2013 23:57:35, 2, http://blogs.villagevoice.com/runninscared/2013/02/armageddon_mete.php, 57e9626e1dd85c3e4dd734be6bae6d76.zip, 94285, 200
02/19/2013 23:57:35, 2, http://blogs.villagevoice.com/runninscared/2013/02/bloomberg_goes_3.php#more, 10175fb66e33f774fce99c50af0f7308.zip, 95950, 200
02/19/2013 23:57:35, 2, http://blogs.villagevoice.com/runninscared/2013/02/armageddon_mete.php#Comments, 9722d1c5c617debb97ee45d18f0a149a.zip, 94285, 200
02/19/2013 23:57:35, 2, http://blogs.villagevoice.com/runninscared/2013/02/assembly_speake_1.php#Comments, cb566b50bce5f06038950c6f0714d869.zip, 93476, 200
02/19/2013 23:57:35, 2, http://www.dailymail.co.uk/news/article-2279020/Russian-meteorite-Moment-meteorite-exploded-doctors-treat-500-people-injured.html, c89411a5b506996a3859ff54f0385e2e.zip, 264468, 200
02/19/2013 23:57:35, 2, http://blogs.villagevoice.com/author.php?author_id=700, ac952aa37b13c4b463fdc599f29a27a9.zip, 59008, 200
02/19/2013 23:57:35, 2, http://blogs.villagevoice.com/runninscared/SpeakerSilver.jpg, , 0, OTHER_EXCEPTION
02/19/2013 23:57:35, 2, http://blogs.villagevoice.com/runninscared/2013/02/assembly_speake_1.php#more, 0aeea97a821813e2606ee5664690bd71.zip, 93476, 200
02/19/2013 23:57:35, 2, http://blogs.villagevoice.com/author.php?author_id=789, 8d8096d8bb7f9ef988aff91b2732fb26.zip, 52444, 200
02/19/2013 23:57:36, 2, http://blogs.villagevoice.com/runninscared/2013/02/bloomberg_goes_3.php?print=true, a319c3a7895f7b397ae47c99cc6befe1.zip, 5681, 200
02/19/2013 23:57:36, 2, http://earthsky.org/space/asteroid-2012-da14-will-pass-very-close-to-earth-in-2013, 9d0640c76eaa8247b1f70281680a3007.zip, 55338, 200
02/19/2013 23:57:36, 2, http://blogs.villagevoice.com/runninscared/angela_ashman/, 5e5da5dec00cb835747ad18327e0f648.zip, 132543, 200
02/19/2013 23:57:36, 2, http://www.nydailynews.com/blogs/dailypolitics/2013/02/sheldon-silver-to-gov-cuomo-ill-see-your-875-an-hour-minimum-wage-and-raise-it, 1543d2c424ca55526957d9b652fb89fc.zip, 76818, 200
02/19/2013 23:57:36, 2, http://blogs.villagevoice.com/runninscared/2013/02/assembly_speake_1.php?print=true, 24bbd54f0d4f56ca318310793fa186c6.zip, 5168, 200
02/19/2013 23:57:36, 2, http://blogs.villagevoice.com/runninscared/2013/02/new_report_deta.php#Comments, c161e7050dbe54ec4c198365b8343d64.zip, 97430, 200
02/19/2013 23:57:36, 2, http://politicker.com/2013/02/mayor-bloomberg-to-ease-experience-for-marijuana-arrests/, aa0a8a9137b36ee074ab3c92b85fec7b.zip, 91531, 200
02/19/2013 23:57:36, 2, http://blogs.villagevoice.com/runninscared/2013/02/mayor_bloomberg_53.php, 68526cc1b492c475ba46ff1d2676e972.zip, 100021, 200
02/19/2013 23:57:36, 2, http://blogs.villagevoice.com/runninscared/2012/08/the_stop-and-fr.php, 22e6ad768d3f94167ebe6f8655224693.zip, 99983, 200
02/19/2013 23:57:36, 2, http://blogs.villagevoice.com/runninscared/2013/02/new_report_deta.php#more, 5e4444936ffedce7805d13880bc7eabb.zip, 97430, 200
02/19/2013 23:57:36, 2, http://blogs.villagevoice.com/runninscared/2013/02/nyfw_the_new_fu.php?print=true, e05dad21a99b5227f09d1802216411ec.zip, 6927, 200
02/19/2013 23:57:36, 2, http://blogs.villagevoice.com/runninscared/manhattan/lower_east_side/, 8e517fa9e6ad624bcd19ffee2a79875e.zip, 132403, 200
02/19/2013 23:57:36, 2, http://blogs.villagevoice.com/author.php?author_id=1911, 59df25d969a4f36ff5dea764ce87d6b6.zip, 37448, 200
02/19/2013 23:57:36, 2, http://blogs.villagevoice.com/runninscared/2013/02/and_heres_the_1.php#Comments, e32d35da83331902856f9bac511ef75a.zip, 94596, 200
02/19/2013 23:57:36, 2, http://unitedny.org/2013/02/14/symposium-for-low-wage-worker-organizing/, 5cada4e1e592b62093870fdf5af30dcb.zip, 22481, 200
02/19/2013 23:57:36, 2, http://blogs.villagevoice.com/runninscared/2013/02/new_report_deta.php?print=true, 51ff67c9cff94c1bd1447ad01f6139ab.zip, 9434, 200
02/19/2013 23:57:36, 2, http://blogs.villagevoice.com/runninscared/studies_in_crap_george_w_crane_sex_differences.jpg, , 0, OTHER_EXCEPTION
02/19/2013 23:57:36, 2, http://blogs.villagevoice.com/runninscared/2013/02/and_heres_the_1.php#more, 5e5657bb0001dd1b391264c4832c604b.zip, 94596, 200
02/19/2013 23:57:36, 2, http://blogs.villagevoice.com/runninscared/2013/02/nyfw_the_new_fu.php, de28c50cdae63b195c95493ada6fd1c9.zip, 94606, 200
02/19/2013 23:57:37, 2, http://blogs.villagevoice.com/runninscared/2013/02/nyfw_the_new_fu.php#Comments, a58a0c3ccbef0901ed083761843d61a1.zip, 94606, 200
02/19/2013 23:57:37, 2, http://blogs.villagevoice.com/runninscared/2013/02/nyfw_the_new_fu.php#more, 1bc937938d4a5b50a5740d6a6bc9ccb4.zip, 94606, 200
02/19/2013 23:57:37, 2, http://blogs.villagevoice.com/runninscared/2013/02/and_heres_the_1.php?print=true, bd1a08000fc00b24e87b4956107c22ab.zip, 9996, 200
02/19/2013 23:57:37, 2, http://blogs.villagevoice.com/runninscared/global_warming_1/, 4a7d0bb9de672189cf92e5e15b0bc4ab.zip, 107368, 200
02/19/2013 23:57:37, 2, http://blogs.villagevoice.com/runninscared/2012/12/workers_shutdow.php, b13b0890d1dbee83ea6b16fb596c2344.zip, 98229, 200
02/19/2013 23:57:37, 2, http://blogs.villagevoice.com/runninscared/2013/02/mike_piazza_on.php?print=true, 9a2f5874b6c3bdf0c4693b7b4fa4c076.zip, 6980, 200
02/19/2013 23:57:37, 2, http://seattletimes.com/html/nationworld/2020357300_apusstateofthecitynyc.html, 1ea18dc97ad22dc38027136fd51dccb1.zip, 76298, 200
02/19/2013 23:57:37, 2, http://blogs.villagevoice.com/runninscared/immigrants/, c2f4146e0f31c047bd08d4567f40a3a4.zip, 140195, 200
02/19/2013 23:57:37, 2, http://blogs.villagevoice.com/runninscared/2013/02/heres_the_1950s.php, 80b41796923fd5482f1d386f4ff1b21e.zip, 119582, 200
02/19/2013 23:57:37, 2, http://blogs.villagevoice.com/runninscared/2013/02/mayor_bloomberg_54.php#Comments, 1e88022ffc6826279205a9a7826bf5d2.zip, 93960, 200
02/19/2013 23:57:37, 2, http://blogs.villagevoice.com/runninscared/2013/02/mike_piazza_on.php#more, a3c7b81dbd17d68e402e51a9ef3eaf2d.zip, 94269, 200
02/19/2013 23:57:37, 2, http://blogs.villagevoice.com/runninscared/2013/02/mike_piazza_on.php#Comments, 2f2192132cda95322c63c3e8782ee01a.zip, 94269, 200
02/19/2013 23:57:37, 2, http://blogs.villagevoice.com/runninscared/2013/02/man_arrested_fo_1.php?print=true, 20ba91503f567e3f3b29444529f5a556.zip, 4013, 200
02/19/2013 23:57:37, 2, http://blogs.villagevoice.com/runninscared/2013/02/mayor_bloomberg_54.php#more, 93ce5b69ef5e8b459e57003d1db57b4b.zip, 93960, 200
02/19/2013 23:57:37, 2, http://blogs.villagevoice.com/runninscared/2013/02/when_are_we_goi.php#Comments, e448e4c3af1c258a3e0db6528f9a7107.zip, 92530, 200
02/19/2013 23:57:37, 2, http://blogs.villagevoice.com/runninscared/2013/02/mike_piazza_on.php, 4e28d665fc610ababd8c69f3fe04f9df.zip, 94269, 200
02/19/2013 23:57:37, 2, http://www.nydailynews.com/new-york/queens/man-charged-strangling-death-gay-lover-article-1.1263883, 8e49e5e0a935430e3921d4f2e8b8f859.zip, 217400, 200
02/19/2013 23:57:37, 2, http://blogs.villagevoice.com/runninscared/space_yall/, 67280446a1af09ef5c27386b841799fe.zip, 134933, 200
02/19/2013 23:57:37, 2, http://blogs.villagevoice.com/author.php?author_id=3341, d800ce8f587c6f0c3642019fae018d8c.zip, 43445, 200
02/19/2013 23:57:38, 2, http://blogs.villagevoice.com/runninscared/sandyrelief.jpeg, , 0, OTHER_EXCEPTION
02/19/2013 23:57:38, 2, http://blogs.villagevoice.com/runninscared/john_surico/, f216002e482d5eabb0dc80f17d546c88.zip, 141486, 200
02/19/2013 23:57:38, 2, http://blogs.villagevoice.com/runninscared/2013/02/man_arrested_fo_1.php, fca0aeb6517126159ae759c507a1f91f.zip, 91155, 200
02/19/2013 23:57:38, 2, http://blogs.villagevoice.com/runninscared/hydrofracking.jpg, , 0, OTHER_EXCEPTION
02/19/2013 23:57:38, 2, http://www.villagevoice.com/slideshow/williamsburg-fashion-weekend-bks-style-on-display-38855283/, dd939073665ae3b22710bd1fef60c920.zip, 130976, 200
02/19/2013 23:57:38, 2, http://blogs.villagevoice.com/runninscared/2013/02/mayor_bloomberg_54.php?print=true, 86d7d55cfe3f8e17d4b8357c08b382a5.zip, 6168, 200
02/19/2013 23:57:38, 2, http://www.villagevoice.com/slideshow/trash-throws-februarys-wildest-party-nsfw-38853305/, 977d6a1451eda30c583956899366ca4a.zip, 168887, 200
02/19/2013 23:57:38, 2, http://www.villagevoice.com/2013-02-20/news/nyu-expansion/, 310251a7e9c40a11919afe6c0ccea4ff.zip, 93740, 200
02/19/2013 23:57:38, 2, http://www.villagevoice.com/2013-02-20/restaurants/sweet-yummy-house-serves-up-sichuan-taiwanese-style/, 71b5167a67c049e563da9cea3b533737.zip, 103106, 200
02/19/2013 23:57:38, 2, http://blogs.villagevoice.com/runninscared/2013/02/man_arrested_fo_1.php#Comments, 4eee823a054f57e5899bd651d935026b.zip, 91155, 200
02/19/2013 23:57:38, 2, http://blogs.villagevoice.com/runninscared/2013/02/when_are_we_goi.php?print=true, 133969c5de412db6030d6c81410bfa2a.zip, 4810, 200
02/19/2013 23:57:38, 2, http://www.villagevoice.com/2013-02-20/music/marissa-paternoster-s-females-trouble/, 92a08113aa32fab1c01ca77c8e84595e.zip, 100421, 200
02/19/2013 23:57:38, 2, http://www.villagevoice.com/2013-02-20/columns/i-hate-social-media-michael-musto/, e12bb89d2fc87514404ad9d90dab6cb3.zip, 97074, 200
02/19/2013 23:57:38, 2, http://blogs.villagevoice.com/author.php?author_id=837, 2b68168a052a88885891ab043906c4ef.zip, 42798, 200
02/19/2013 23:57:38, 2, http://www.villagevoice.com/slideshow/fashion-week-the-outsiders-38856341/, eed12579a409df07d5b0bf90cc939d65.zip, 84706, 200
02/19/2013 23:57:38, 2, http://www.villagevoice.com/2013-02-20/film/berlin-film-festival-discoveries/, 7eb325b98eb1e7020d272ef3e6d01d9e.zip, 131095, 200
02/19/2013 23:57:38, 2, http://blogs.villagevoice.com/forkintheroad/2013/02/james_beard_2013_semifinalists.php, 09209c900ab8fc8e49d1c72a87ce82f6.zip, 130230, 200
02/19/2013 23:57:38, 2, http://blogs.villagevoice.com/runninscared/2013/01/senate_finally.php, 98a3cfe84882ba3ff351898c112dc6d5.zip, 95725, 200
02/19/2013 23:57:38, 2, http://blogs.villagevoice.com/runninscared/graham_rayman/, e23bf8485a8e9f426e35fb1fa59b7b8f.zip, 133587, 200
02/19/2013 23:57:38, 2, http://blogs.villagevoice.com/forkintheroad/2013/02/james_beard_2013_semifinalists.php#Comments, 45eefdabbf77a15174acdce52e096558.zip, 130230, 200
02/19/2013 23:57:38, 2, http://blogs.villagevoice.com/runninscared/2013/02/millions_of_san.php, 6a267181587920ee99747188471ab80e.zip, 92966, 200
02/19/2013 23:57:38, 2, http://blogs.villagevoice.com/music/2013/02/kelly_clarkson_clive_davis_lies.php, 2af572d7f0cdc2ad96b008576ac36e3b.zip, 98785, 200
02/19/2013 23:57:38, 2, http://blogs.villagevoice.com/runninscared/labor/, 4ac6126c3093e16ab3fed33777e7f50e.zip, 134830, 200
02/19/2013 23:57:38, 2, http://blogs.villagevoice.com/music/2013/02/kelly_clarkson_clive_davis_lies.php#Comments, 7e1d6d9fa6c4c974100a39d310164ffc.zip, 98785, 200
02/19/2013 23:57:38, 2, http://blogs.villagevoice.com/runninscared/2012/08/bloomberg_frack.php, c282eac2ff179e263977ab7bbe253b5a.zip, 96481, 200
02/19/2013 23:57:38, 2, http://www.villagevoice.com/authors/michael-musto/, e931c07626dc2ba9106506ab546fae00.zip, 69150, 200
02/19/2013 23:57:39, 2, http://blogs.villagevoice.com/runninscared/2012/04/fracking_1.php, 1ad0ef46a03fb2c61d6e16b909b7b9e4.zip, 102683, 200
02/19/2013 23:57:39, 2, http://blogs.villagevoice.com/author.php?author_id=, 041fa1eac6f0973de98d406d71997f77.zip, 45463, 200
02/19/2013 23:57:39, 2, http://blogs.villagevoice.com/runninscared/crime/murder_1/, ab417982b33cace75bd45da0ec13f400.zip, 136197, 200
02/19/2013 23:57:39, 2, http://blogs.villagevoice.com/author.php?author_id=3716, 00262b19b7ad00787ae438c80d1f2e61.zip, 38271, 200
02/19/2013 23:57:39, 2, http://blogs.villagevoice.com/runninscared/fashion/, b880903f90edf5d30f29c11d95aa2e9e.zip, 133404, 200
02/19/2013 23:57:39, 2, http://blogs.villagevoice.com/forkintheroad/2013/02/uri_scheft_breads_bakery.php#Comments, 51a97ed79f1f2ff97092036e1553ff9b.zip, 112011, 200
02/19/2013 23:57:39, 2, http://blogs.villagevoice.com/dailymusto/2013/02/the_best_photos.php, b17f26302bc01dde514d2a8ca26cd3aa.zip, 91442, 200
02/19/2013 23:57:39, 2, http://blogs.villagevoice.com/dailymusto/2013/02/the_best_photos.php#Comments, 66a3ff62611040c18d02c7eea23811b9.zip, 91442, 200
02/19/2013 23:57:39, 2, http://blogs.villagevoice.com/forkintheroad/2013/02/netanyanu_ice_cream_budget.php#Comments, 80b861e1f7e5ef0606991efff1a99b49.zip, 111522, 200
02/19/2013 23:57:39, 2, http://blogs.villagevoice.com/runninscared/books/, 744c2c433463bc61122c9e7c890249da.zip, 138821, 200
02/19/2013 23:57:39, 2, http://blogs.villagevoice.com/forkintheroad/2013/02/burger_king_hac.php#Comments, 1e9f1ddb547a85d5999550adc4476a84.zip, 110223, 200
02/19/2013 23:57:39, 2, http://blogs.villagevoice.com/author.php?author_id=3127, 445259cb67c11831e29ccd385f3e490b.zip, 36466, 200
02/19/2013 23:57:39, 2, http://twitter.com/villagevoice, 1ef5cb05d282c23a7f11461e2637c209.zip, 24721, 200
02/19/2013 23:57:39, 2, http://www.villagevoice.com/slideshow/happy-year-of-the-snake-chinatowns-lunar-new-year-parade-38854920/, 9d3a31eff704fc2f0409a7e9d9b2c3fc.zip, 121902, 200
02/19/2013 23:57:39, 2, http://blogs.villagevoice.com/forkintheroad/2013/02/sea_cucumber_wh.php#Comments, 00f5ec2cb924e52f876429853802698b.zip, 115002, 200
02/19/2013 23:57:39, 2, http://blogs.villagevoice.com/author.php?author_id=3878, bd7a3b68658cb3d0d2d1eedbc6daff2f.zip, 52791, 200
02/19/2013 23:57:39, 2, http://blogs.villagevoice.com/music/2013/02/ten_best_concerts_week_nyc_2_18.php, 0545b13248f4fae67ff078173be7e658.zip, 102038, 200
02/19/2013 23:57:39, 2, http://blogs.villagevoice.com/author.php?author_id=3922, 1b20727a6c5ad0223133579f267253fa.zip, 46561, 200
02/19/2013 23:57:39, 2, http://blogs.villagevoice.com/music/2013/02/ten_best_concerts_week_nyc_2_18.php#Comments, 488535816929f02b8adf5b7efb3edcf9.zip, 102038, 200
02/19/2013 23:57:39, 2, http://www.nytimes.com/2013/02/13/nyregion/cuomo-delays-decision-on-gas-drilling-as-health-study-continues.html?ref=nyregion&_r=1&, d60a8c0332a888888d7031bd2d3fb776.zip, 47475, 200
02/19/2013 23:57:39, 2, http://blogs.villagevoice.com/runninscared/bloomberg/, b43cf982b560f3cd1806a6fbffaa5b87.zip, 138058, 200
02/19/2013 23:57:39, 2, http://blogs.villagevoice.com/author.php?author_id=3748, 29042d216455532b2eb3aa632aeb7e6f.zip, 49003, 200
02/19/2013 23:57:39, 2, http://blogs.villagevoice.com/dailymusto/2013/02/a_message_for_c.php, 4bc2a0cec8e2fd79c9d1d7add723d70d.zip, 98690, 200
02/19/2013 23:57:39, 2, http://blogs.villagevoice.com/author.php?author_id=3902, bc317de72fce70c0c98574cde5975883.zip, 40743, 200
02/19/2013 23:57:39, 2, http://blogs.villagevoice.com/author.php?author_id=3585, 55670273504850d2e167d54b0fe8e06d.zip, 49196, 200
02/19/2013 23:57:39, 2, http://blogs.villagevoice.com/dailymusto/2013/02/a_message_for_c.php#Comments, 74c5153b6801cdb068181fab5a96159a.zip, 98690, 200
02/19/2013 23:57:39, 2, http://blogs.villagevoice.com/music/2013/02/amoeba_music_copyright_lawsuit.php#Comments, fe69c19996937dbe75444f42d87222e1.zip, 101200, 200
02/19/2013 23:57:39, 2, http://blogs.villagevoice.com/music/2013/02/amoeba_music_copyright_lawsuit.php, 8405084484afb6265a4a8d3bc06fe09e.zip, 101200, 200
02/19/2013 23:57:39, 2, http://blogs.villagevoice.com/author.php?author_id=556, 5b5941de0870763e96a84408f6e53e42.zip, 69150, 200
02/19/2013 23:57:40, 2, http://blogs.villagevoice.com/runninscared/fracking/, ae173f1d833d8d29e6b31e2c1558a883.zip, 135772, 200
02/19/2013 23:57:40, 2, http://www.villagevoice.com/slideshow/index/, a45db94957a4364fe4224c6db5bfa98d.zip, 53222, 200
02/19/2013 23:57:40, 2, http://blogs.villagevoice.com/music/2013/02/a_new_life_for_jim_james.php#Comments, a933dd80d7067721cfad531a3b535cea.zip, 108076, 200
02/19/2013 23:57:40, 2, http://blogs.villagevoice.com/music/2013/02/a_new_life_for_jim_james.php, f08c1a442d3163d92efbf3d54f0d7e31.zip, 108076, 200
02/19/2013 23:57:40, 2, http://blogs.villagevoice.com/music/2013/02/ask_fan_landers_christian_rock.php#Comments, 93e4f7ebe21d14cc5c245d6b83c6cbf2.zip, 101652, 200
02/19/2013 23:57:40, 2, http://blogs.villagevoice.com/music/2013/02/ask_fan_landers_christian_rock.php, 30e62e12a4b81d5aacf0dcbcb0bdd248.zip, 101652, 200
02/19/2013 23:57:40, 2, http://blogs.villagevoice.com/dailymusto/2013/02/why_i_will_neve.php, 48c1ba3f4eb10b6da6e1229f35b8dde3.zip, 97842, 200
02/19/2013 23:57:40, 2, http://www.villagevoice.com/calendar, cb260fdd1c25c828169f4a6162cc589c.zip, 177231, 200
02/19/2013 23:57:40, 2, http://blogs.villagevoice.com/dailymusto/2013/02/why_i_will_neve.php#Comments, 4311b9a44ba2b626e76dd881b3034fde.zip, 97842, 200
02/19/2013 23:57:40, 2, http://www.villagevoice.com/events/search/date:2013-02-19/, 9a42204577205c24faba120036aa7b31.zip, 131713, 200
02/19/2013 23:57:40, 2, http://www.villagevoice.com/events/search/date:2013-02-25/, 5f0117ff0e39d0d3b329585bf4240107.zip, 122204, 200
02/19/2013 23:57:40, 2, http://www.villagevoice.com/events/search/date:2013-02-21/, cc7d3e30c043d0ca35851961b3d5951d.zip, 135476, 200
02/19/2013 23:57:40, 2, http://www.villagevoice.com/events/search/date:2013-02-23/, 1257bb792b8a8d93ba010e744dc3031b.zip, 137239, 200
02/19/2013 23:57:40, 2, http://www.villagevoice.com/events/search/date:2013-02-20/, c84bddf83c2527df4a0e3bf3586d6be1.zip, 132812, 200
02/19/2013 23:57:40, 2, http://www.voiceplaces.com/perspectives-what-is-the-future-of-the-media--new-york-3989822-e/, 715627e1b1a82b4ae3c607dc4d67ee90.zip, 40534, 200
02/19/2013 23:57:40, 2, http://www.villagevoice.com/events/search/date:2013-02-24/, 6946b8a0dcda24eae7207436c0b3f2c9.zip, 133950, 200
02/19/2013 23:57:40, 2, http://www.villagevoice.com/events/search/date:2013-02-22/, e6a2c65872a7a01efa0398fddc9844a8.zip, 135562, 200
02/19/2013 23:57:40, 2, http://www.voiceplaces.com/fred-armisen-new-york-3989805-e/, 692d61be2fb37c26d16baabf788cb80b.zip, 54654, 200
02/19/2013 23:57:40, 2, http://blogs.villagevoice.com/runninscared/index.php?page=2, d37ac953bfbb9539dd8f79d071833daa.zip, 207669, 200
02/19/2013 23:57:41, 2, http://www.villagevoice.com/2013-02-20/art/nyc-1993-the-new-museum-takes-us-right-here-right-then/, 44cede5717ff1666a8ca475f53d95a36.zip, 91553, 200
02/19/2013 23:57:41, 2, http://www.villagevoice.com/2013-02-20/film/celebrating-the-discernment-of-the-late-andrew-sarris/, 5c506386ed7507951feba223f0614ee7.zip, 132066, 200
02/19/2013 23:57:41, 2, http://osteoarthritis.about.com/od/alternativetreatments/a/What-Is-Instaflex.htm, 2d2ea20848bd75cca40d2d3875f1a7be.zip, 29876, 200
02/19/2013 23:57:41, 2, http://www.voiceplaces.com/the-cuny-graduate-center-new-york-2958602-l/, 1060d2b38441ddeb9f8535a32c5b8b07.zip, 41333, 200
02/19/2013 23:57:41, 2, http://www.voiceplaces.com/dan-friel-guardian-alien-yvette-braxton-new-york-3924967-e/, 1f3b2fb6e4ba6698cf5c2bdf175f562b.zip, 51397, 200
02/19/2013 23:57:41, 2, http://www.citypages.com/2013-02-19/news/minnesota-lawmakers-fight-for-the-wellstone-act/, 4964660f986248e5cffa1d3af770a4d5.zip, 103873, 200
02/19/2013 23:57:41, 2, http://www.voiceplaces.com/bowery-ballroom-new-york-2488703-l/, 5cfcc7c6cf03e54f309d5e359be6a214.zip, 82598, 200
02/19/2013 23:57:41, 2, http://www.voiceplaces.com/knitting-factory-brooklyn-new-york-2493629-l/, b0ae2435fb7edeade55dc1a841794f83.zip, 63993, 200
02/19/2013 23:57:41, 2, http://www.voiceplaces.com/new+york/, 5e7d98e447be05c331a29d2e1d7297cd.zip, 17239, 200
02/19/2013 23:57:41, 2, http://www.villagevoice.com/authors/philippe-garnier/, 9026a56a3f49bda2f646595a0a5ce348.zip, 46788, 200
02/19/2013 23:57:41, 2, http://www.villagevoice.com/authors/r-c-baker/, c1ead528cb960e962a996f5ab264e700.zip, 50059, 200
02/19/2013 23:57:41, 2, http://www.houstonpress.com/2013-02-14/music/scoremore-rap-capitalism/, c4f1857639b5a992697b564b14e35822.zip, 113606, 200
02/19/2013 23:57:41, 2, http://www.villagevoice.com/authors/nick-pinkerton/, b338f921c7b644a479177c0da0961e5c.zip, 57268, 200
02/19/2013 23:57:41, 2, http://www.villagevoice.com/authors/mark-holcomb/, bf0de265caa88ce400bf13bbd0774e14.zip, 47242, 200
02/19/2013 23:57:41, 2, http://www.villagevoice.com/authors/tejal-rao/, 1d499d406258fb08030755f2af434a4b.zip, 51345, 200
02/19/2013 23:57:41, 2, http://www.villagevoice.com/2013-02-20/film/gold-dug-from-1933-20-000-years-in-sing-sing-blood-money-and-laughter-in-hell-at-film-forum/, a5fc5372610708c2dc82ad4f4ba17916.zip, 129926, 200
02/19/2013 23:57:41, 2, http://www.villagevoice.com/authors/michael-alan-goldberg/, 530481409ee783de7234f626bbe0d207.zip, 47325, 200
02/19/2013 23:57:41, 2, http://www.villagevoice.com/authors/robert-sietsema/, 338b75b58a3886319bf95d527a48cb64.zip, 72109, 200
02/19/2013 23:57:41, 2, http://www.villagevoice.com/2013-02-20/film/horror-anthology-the-abcs-of-death-is-a-stiff/, 7aa732e82c57f1e16beed6fdda23bdb1.zip, 128962, 200
02/19/2013 23:57:41, 2, http://www.villagevoice.com/2013-02-20/restaurants/traditional-korean-skewers-and-stews-in-the-flatiron-district/, c875c313fceb5328a6c786646ad20b96.zip, 103851, 200
02/19/2013 23:57:41, 2, http://www.villagevoice.com/readers/register, d60f5acd7724d61b9b866f6bf5a17a7b.zip, 43616, 200
02/19/2013 23:57:41, 2, http://www.villagevoice.com/latest/index/page:2/, 3349c9ec93432ca962884cf0f1f620c8.zip, 92840, 200
02/19/2013 23:57:41, 2, http://www.miaminewtimes.com/2013-02-21/news/assault-rifles-are-big-business-in-florida-as-federal-ban-looms/, 4fa13b582238f685ade7b9ba77c8a544.zip, 113308, 200
02/19/2013 23:57:42, 2, http://www.browardpalmbeach.com/2013-02-14/news/cia-operatives-barrels-of-whiskey-and-a-biker-named-thor/, 78ddb71879bbfa004eb641b85ba837e0.zip, 97492, 200
02/19/2013 23:57:42, 2, http://itunes.apple.com/us/app/best-of/id423026446?mt=8, , 0, 403
02/19/2013 23:57:42, 2, http://blogs.laweekly.com/squidink/2013/02/live_tweeting_food_television.php, 4f94829bd40c0cf08478952d0a43d922.zip, 111660, 200
02/19/2013 23:57:42, 2, http://bestof.voiceplaces.com/new-york/w/best-comedy-open-mic-2012-65987, c7f954175e655e4c5cab635e47161651.zip, 31570, 200
02/19/2013 23:57:42, 2, http://blogs.westword.com/backbeat/2013/02/harlem_shake_the_casual_music_fans_guide_to_this_viral_sensation.php, 1b473318399aedf1a52578468869c3f9.zip, 137211, 200
02/19/2013 23:57:42, 2, https://market.android.com/details?id=com.gotime.bestof&feature=search_result, 2c962e510f2c7a5c1853d5925d308de6.zip, 87876, 200
02/19/2013 23:57:42, 2, http://www.dallasobserver.com/slideshow/the-best-costumes-from-the-sci-fi-expo-38796816/, a7602c9430c31154924929ff55ba75b2.zip, 112379, 200
02/19/2013 23:57:42, 2, http://www.villagevoice.com/events/music/genre:[155012]/Array/, 20d16714a585eb5e65b858a1ddf5c2ff.zip, 507903, 200
02/19/2013 23:57:43, 2, http://blogs.villagevoice.com/dailymusto/jackie_o/, d3ef3399df62e2c6dcde98909269e997.zip, 65501, 200
02/19/2013 23:57:43, 2, http://blogs.villagevoice.com/dailymusto/2013/02/jackie_o_on_the.php, aec490831e547c31243a2fd52fcb0294.zip, 100853, 200
02/19/2013 23:57:43, 2, http://blogs.villagevoice.com/dailymusto/2013/02/communication_p.php, 6e8a0a487a521c5bd305945736be929b.zip, 97291, 200
02/19/2013 23:57:43, 2, http://blogs.villagevoice.com/dailymusto/gaaaaayyyyyy/bisexuals/, 0d3ddb6a89fa0bdda104633b1b6805ed.zip, 84908, 200
02/19/2013 23:57:43, 2, http://blogs.villagevoice.com/dailymusto/2013/02/oscar_winning_p.php, e5664c57c3adaa47498d66b5c3b12cc5.zip, 110896, 200
02/19/2013 23:57:43, 2, http://blogs.villagevoice.com/dailymusto/2013/02/all_in_the_timi.php, 20d6185f223b82f195fa1b3ccd326dd4.zip, 92612, 200
02/19/2013 23:57:43, 2, http://www.newyorkmotorinsurance.com/, 80c732a05fc3b809ac7b82335b9f9103.zip, 19177, 200
02/19/2013 23:57:43, 2, http://blogs.riverfronttimes.com/gutcheck/2013/02/gut_check_fast_food_valentines_day.php, a937110e1ae92faf27e2cabfc9171174.zip, 114218, 200
02/19/2013 23:57:43, 2, http://www.villagevoice.com/bestof/2012/section/sports-and-recreation-491639/, 556cf982b43f75fd31bda1b26dcbb5f9.zip, 73161, 200
02/19/2013 23:57:43, 2, http://blogs.villagevoice.com/dailymusto/2013/02/lorna_luft_at_b.php?print=true, 5f5e199dbc2e222b44eb072e903a4a9b.zip, 5323, 200
02/19/2013 23:57:43, 2, http://www.villagevoice.com/bestof/2012/section/arts-and-entertainment-491640/, 87fd3d5d1a9ae82992d5290420cfa8ac.zip, 74584, 200
02/19/2013 23:57:43, 2, http://www.villagevoice.com/bestof/2012/section/shopping-and-services-491618/, 3a6377c50da782f47f808e380b6b39b0.zip, 82271, 200
02/19/2013 23:57:43, 2, http://blogs.villagevoice.com/dailymusto/2013/02/a_message_for_c.php#more, 5b34b60effe689a6375d9a6def642889.zip, 98790, 200
02/19/2013 23:57:43, 2, http://blogs.villagevoice.com/dailymusto/2013/02/the_skin_musto_1.php, cbb2df90a7c52647bec929e1541c6cbf.zip, 92161, 200
02/19/2013 23:57:43, 2, http://blogs.villagevoice.com/dailymusto/2013/02/the_skin_musto_1.php#Comments, 809679ddad32f15ba7119e588ccd60dd.zip, 92161, 200
02/19/2013 23:57:43, 2, http://blogs.villagevoice.com/dailymusto/2013/02/the_skin_musto_1.php#more, 09a4023ec4d2453e3e9823d89436c3a7.zip, 92161, 200
02/19/2013 23:57:43, 2, http://www.rollingstone.com/music/news/clive-davis-comes-out-in-new-memoir-20130219#ixzz2LJzAyw63, 5fc45b7f629a161f41cd20ab46bc18d6.zip, 64479, 200
02/19/2013 23:57:43, 2, http://blogs.villagevoice.com/dailymusto/2013/02/a_big_year_for.php, 5dae8e05bf74a834f95927ad8bf74595.zip, 93619, 200
02/19/2013 23:57:43, 2, http://blogs.villagevoice.com/dailymusto/2013/02/she_faced_a_fin.php, 940aafce18531fce0e6f4ee73107c4aa.zip, 92422, 200
02/19/2013 23:57:43, 2, http://www.villagevoice.com/bestof/2012/section/food-and-drink-491645/, d91b08e252f9db2163c7d97fc0dd7497.zip, 103811, 200
02/19/2013 23:57:44, 2, http://blogs.villagevoice.com/dailymusto/2013/02/i_watched_the_g.php, 658892c33b9e71a2732afdc30f5fb934.zip, 100123, 200
02/19/2013 23:57:44, 2, http://blogs.villagevoice.com/dailymusto/2013/02/brendan_fraser.php, 5244595bf7cd6b5115dacd520c4c0192.zip, 95804, 200
02/19/2013 23:57:44, 2, http://blogs.villagevoice.com/dailymusto/2013/02/brendan_fraser.php#Comments, 74519ac97ae4d6c3fcc42ffb329986b5.zip, 95804, 200
02/19/2013 23:57:44, 2, http://blogs.villagevoice.com/dailymusto/2013/02/brendan_fraser.php#more, 3bfb63f19b9ab5448aec096259fef6ae.zip, 95804, 200
02/19/2013 23:57:44, 2, http://blogs.villagevoice.com/dailymusto/2013/02/a_message_for_c.php?print=true, d489ab93c04e95e448a78943103ffb54.zip, 3315, 200
02/19/2013 23:57:44, 2, http://blogs.villagevoice.com/dailymusto/musto_on_musto/, c6d2c9721a09fc7086870d0e8652a05d.zip, 121591, 200
02/19/2013 23:57:44, 2, http://blogs.villagevoice.com/dailymusto/2013/02/the_best_photos.php#more, 33fe872a05bb8cd2550a80344b8f5919.zip, 91442, 200
02/19/2013 23:57:44, 2, http://blogs.villagevoice.com/dailymusto/advice/, a3070eed03e5748ca90beb059dd8ea7d.zip, 121240, 200
02/19/2013 23:57:44, 2, http://blogs.villagevoice.com/dailymusto/2013/02/lorna_luft_at_b.php, 1e19678eb96ad0e245918f8ce0478fff.zip, 95689, 200
02/19/2013 23:57:44, 2, http://blogs.villagevoice.com/dailymusto/2013/02/the_skin_musto_1.php?print=true, 4207eed0d1ee1f5d78ef1aadce81dbf2.zip, 3102, 200
02/19/2013 23:57:44, 2, http://blogs.villagevoice.com/dailymusto/2013/02/mindy_mccready.php, 5ec10adca4626ef52da49c1750f12feb.zip, 91293, 200
02/19/2013 23:57:44, 2, http://blogs.villagevoice.com/dailymusto/2013/02/mindy_mccready.php#Comments, a821ba51712f59cd853c4cff4c8bbd06.zip, 91293, 200
02/19/2013 23:57:44, 2, http://blogs.villagevoice.com/dailymusto/2013/02/mindy_mccready.php#more, 0765a8b28ff28537183affd3982f049a.zip, 91293, 200
02/19/2013 23:57:44, 2, http://blogs.villagevoice.com/dailymusto/2013/02/ill_be_talking.php, 89bf0f96c1c52150bd18a67e4c5ebc96.zip, 89611, 200
02/19/2013 23:57:44, 2, http://blogs.villagevoice.com/dailymusto/2013/02/ill_be_talking.php#Comments, 8f98580a9151db97fcc6f515040f1816.zip, 89611, 200
02/19/2013 23:57:44, 2, http://blogs.villagevoice.com/dailymusto/2013/02/lorna_luft_at_b.php#Comments, f3b0c2fee28b9295b947657304a2faab.zip, 95689, 200
02/19/2013 23:57:44, 2, http://blogs.villagevoice.com/dailymusto/2013/02/lorna_luft_at_b.php#more, 589f94b4979c9b1484f0dbbb967de59a.zip, 95689, 200
02/19/2013 23:57:44, 2, http://www.huffingtonpost.com/2013/02/15/brendan-fraser-broke-child-support_n_2696756.html, 091e99ece77725fad782bd54b3320a4b.zip, 191289, 200
02/19/2013 23:57:44, 2, http://blogs.villagevoice.com/dailymusto/oscars_2/, 4544b5c70d8c5cf09ab3d13b9d137eaa.zip, 122751, 200
02/19/2013 23:57:44, 2, http://blogs.villagevoice.com/dailymusto/2013/02/daniel_nardicio.php?print=true, 2846fc7f5389235bed51bb1f896039bf.zip, 4464, 200
02/19/2013 23:57:44, 2, http://blogs.villagevoice.com/dailymusto/2013/02/brendan_fraser.php?print=true, 5418d06b01991ef5b9f8bad7abd834fa.zip, 3881, 200
02/19/2013 23:57:44, 2, http://blogs.villagevoice.com/dailymusto/2013/02/ill_be_talking.php#more, 21bc108c24c1307e87001bfc7f2818e9.zip, 89611, 200
02/19/2013 23:57:44, 2, http://blogs.villagevoice.com/dailymusto/theater/, 9784759e1316b9d220fcb22466c742d3.zip, 123354, 200
02/19/2013 23:57:44, 2, http://blogs.villagevoice.com/dailymusto/2013/02/the_best_photos.php?print=true, 0366e9d5263741113b3ab3cb4176d32b.zip, 4487, 200
02/19/2013 23:57:44, 2, http://blogs.villagevoice.com/dailymusto/2013/02/mindy_mccready.php?print=true, 0404daa9960b612ae03c54c566940ccb.zip, 3368, 200
02/19/2013 23:57:44, 2, http://blogs.villagevoice.com/dailymusto/2013/02/ill_be_talking.php?print=true, 515705510521cfb5de70e6f5f035ab7a.zip, 3417, 200
02/19/2013 23:57:44, 2, http://blogs.villagevoice.com/dailymusto/2013/02/daniel_nardicio.php, 62fb549e9e9342b13ae80810115c4fb3.zip, 93648, 200
02/19/2013 23:57:44, 2, http://blogs.villagevoice.com/dailymusto/2013/02/dont_go_breakin.php?print=true, 10e73f56b6af8c735c1e9c229859919d.zip, 3674, 200
02/19/2013 23:57:44, 2, http://blogs.villagevoice.com/dailymusto/2013/02/more_photos_fro_2.php?print=true, de794f12cec196d1f178f634c6b814f8.zip, 6135, 200
02/19/2013 23:57:44, 2, http://blogs.villagevoice.com/dailymusto/2013/02/daniel_nardicio.php#more, 01aa7c19c21c2925b92066ee11b6ad13.zip, 93648, 200
02/19/2013 23:57:45, 2, http://blogs.villagevoice.com/dailymusto/2013/02/daniel_nardicio.php#Comments, 67223c47360aa3bb8af0b4e8d1959546.zip, 93648, 200
02/19/2013 23:57:45, 2, http://blogs.villagevoice.com/dailymusto/fashion/, 0dd6b73d5db591c2ab6f1ec968a16c59.zip, 122394, 200
02/19/2013 23:57:45, 2, http://blogs.villagevoice.com/dailymusto/2013/02/more_photos_fro_2.php#more, a29dc5a23694f7f97b48574b03e97d80.zip, 95624, 200
02/19/2013 23:57:45, 2, http://blogs.villagevoice.com/dailymusto/2013/02/more_photos_fro_2.php, fc3137ac350e4ff456137a7807326cbc.zip, 95624, 200
02/19/2013 23:57:45, 2, http://blogs.villagevoice.com/dailymusto/2013/02/dont_go_breakin.php, f47431f77e04506df5615cf60cf18614.zip, 90932, 200
02/19/2013 23:57:45, 2, http://blogs.villagevoice.com/dailymusto/2013/02/more_photos_fro_2.php#Comments, fc5bc62ddf73b995b64e3d04736b6d47.zip, 95624, 200
02/19/2013 23:57:45, 2, http://blogs.villagevoice.com/dailymusto/2013/02/dont_go_breakin.php#more, 5574e126b26ec2359f4b1f049112d6c9.zip, 90932, 200
02/19/2013 23:57:45, 1, http://www.n-y-c-r.com/default.asp, a76365c96db016a5e841aaf1f3a73b00.zip, 7966, 200
02/19/2013 23:57:45, 2, http://blogs.villagevoice.com/dailymusto/2013/02/dont_go_breakin.php#Comments, f816fd6943e83f7a9a3b76834d261826.zip, 90932, 200
02/19/2013 23:57:45, 2, http://blogs.villagevoice.com/dailymusto/music/, 5a431d2e9f35a51a4c79de9f9d458fc7.zip, 121481, 200
02/19/2013 23:57:45, 2, http://www.strandbooks.com/events/, f201008d7bd0151c21bb3d6110deb2f9.zip, 41674, 200
02/19/2013 23:57:45, 2, http://www.villagevoice.com/adIndex/category/retail-75/, e7573c848d8d0a82f8c08931d6058b8c.zip, 69846, 200
02/19/2013 23:57:45, 2, http://www.villagevoice.com/flipbook/class-action-3924784/, 156a4938d95190b8071522e3e80bdea3.zip, 5159, 200
02/19/2013 23:57:45, 2, http://www.villagevoice.com/flipbook/february-2013-3997145/, e16f84c7e90b35a1d110de629601312b.zip, 5146, 200
02/19/2013 23:57:45, 1, http://www.n-y-c-r.com/menu.asp, 4981f4a0885fe0656ed2b06d65364b09.zip, 312482, 200
02/19/2013 23:57:45, 2, http://www.villagevoice.com/flipbook/the-village-voice-class-action-fall-2012-3649874/, 0d6c0dfddb0794fe1c056da962588b36.zip, 5243, 200
02/19/2013 23:57:45, 2, http://blogs.villagevoice.com/dailymusto/nightlife/, 4fceb8474f8c19025193e57995bf2c96.zip, 123863, 200
02/19/2013 23:57:45, 1, http://www.chinesemenu.com/, a4537c16e6de118d64478cf45be829c0.zip, 10328, 200
02/19/2013 23:57:45, 2, http://www.villagevoice.com/adindex/, 781a59081dfd55047cf4e845398d8406.zip, 50891, 200
02/19/2013 23:57:45, 2, http://choiceeats.villagevoice.com/2013/index.php, be41e0eacbbe72b44b61ca78d9decc56.zip, 5941, 200
02/19/2013 23:57:46, 2, http://www.villagevoice.com/columns/view/302317, 34ea4d73b7d313dc967e34c4ff65bc77.zip, 52774, 200
02/19/2013 23:57:46, 2, http://www.voiceplaces.com/bowery-ballroom-new-york-2488703-l/#deals, 7dbe2f0f663c8ef274bf77bf09a85234.zip, 82598, 200
02/19/2013 23:57:46, 2, http://www.villagevoice.com/adIndex/category/services-78/, 95623bd31f509b3dc58ce43780e24749.zip, 73206, 200
02/19/2013 23:57:46, 2, http://www.villagevoice.com/promotions/win-a-dream-ski-vacation-3939038/, 13a22353209033e6454ac31e5ee16640.zip, 52818, 200
02/19/2013 23:57:46, 2, http://blogs.villagevoice.com/dailymusto/celebs/, 04e9bc75ecc33c0444d1e768521f1cd7.zip, 121370, 200
02/19/2013 23:57:46, 2, http://blogs.villagevoice.com/dailymusto/index.php?page=2, 4a51a761a0bf5a4cf80ee5bd8a772c35.zip, 121300, 200
02/19/2013 23:57:46, 2, http://www.villagevoice.com/promotions/www.villagevoice.com/signup, ad2e6e3ec542e30d40a6083b68a65ef1.zip, 2, 200
02/19/2013 23:57:46, 2, http://www.villagevoice.com/locations/map?objid=1174981, 86da2c1cbd8461b2c0a61806106b1c17.zip, 55381, 200
02/19/2013 23:57:46, 2, http://www.villagevoice.com/syndication/promoEvents/, c0cb05a3a3bc458c8c7d1bd0f65dffee.zip, 0, 200
02/19/2013 23:57:46, 2, http://www.villagevoice.com/adIndex/category/restaurants-76/, 7e6ea137e67acd3b3bc0fb250a758289.zip, 74319, 200
02/19/2013 23:57:46, 2, http://www.villagevoice.com/promotions/events/, 644dceecee9de9a5532c2a04d5cbc277.zip, 89565, 200
02/19/2013 23:57:46, 2, http://www.villagevoice.com/promotions/nyc-brewers-choice-3972258/, 37c963288b14ba0abf94877a8def97e7.zip, 51851, 200
02/19/2013 23:57:46, 1, http://happyhours.villagevoice.com/, , 0, OTHER_EXCEPTION
02/19/2013 23:57:46, 2, http://www.villagevoice.com/adIndex/mikado-78568/1832868/, 370c978955637ac8897bb3cd0b80bf3d.zip, 50958, 200
02/19/2013 23:57:46, 2, http://www.voiceplaces.com/village-voice-choice-eats-tasting-event-new-york-3920959-e/, f8674f0608609ad5f582174dea6ac724.zip, 39250, 200
02/19/2013 23:57:46, 2, http://www.voiceplaces.com/beacons-closet-new-york-3121230-l/#deals, b33ff1b2ad13159babcb54a0545b1ab9.zip, 38361, 200
02/19/2013 23:57:46, 2, http://www.villagevoice.com/promotions/the-vandal-3987299/, 364f7aa23b94312f044ad90dbb77b888.zip, 53144, 200
02/19/2013 23:57:46, 2, http://www.villagevoice.com/promotions/forever-dusty-3978161/, 82d76314720ef6183704f1d0ebbc7315.zip, 53996, 200
02/19/2013 23:57:46, 2, http://www.voiceplaces.com/radegast-hall-and-biergarten-new-york-2479556-l/#deals, f99a97be03ea1c279c84fa80ec582c4b.zip, 83218, 200
02/19/2013 23:57:46, 2, http://www.villagevoice.com/promotions/coffee-and-tea-festival-3987322/, 22b5d4a09bae9548c320e1cac56eb7a6.zip, 53747, 200
02/19/2013 23:57:46, 2, http://www.villagevoice.com/2013-02-13/news/Roman-Baca-Iraq-Ballet/, 724c250822837938810796b1de31325e.zip, 100013, 200
02/19/2013 23:57:46, 2, http://www.villagevoice.com/2013-02-13/news/a-decade-on-freelancers-union-founder-sara-horowitz-takes-her-fight-mainstream/, 1fc72bfa83210bd8041e4b4bf218eecc.zip, 97970, 200
02/19/2013 23:57:47, 2, http://www.villagevoice.com/adIndex/category/special-issues-79/, 7a7830cd8530920de793491bd6d9d420.zip, 173984, 200
02/19/2013 23:57:47, 2, http://www.villagevoice.com/profile/register/, 0988c9a0e633236564ecd292ab7f09eb.zip, 43616, 200
02/19/2013 23:57:47, 2, http://www.voiceplaces.com/ringmaster-new-york-3997317-e/, f1d3759aac57048f57437ff235b835c0.zip, 39425, 200
02/19/2013 23:57:47, 2, http://www.voiceplaces.com/the-vandal-the-flea-new-york-3987285-e/, e64eb3819bbe2acbe61ed24067481122.zip, 44352, 200
02/19/2013 23:57:47, 2, http://www.villagevoice.com/promotions/onsale/, d24abe500cc574dd8dceb7286c078a79.zip, 50558, 200
02/19/2013 23:57:47, 2, http://tickets.villagevoice.com/new-york-event-tickets, 02617c95c891cd9c26a19ab2f17e33b9.zip, 166427, 200
02/19/2013 23:57:47, 2, http://www.villagevoice.com/promotions/onSale/5/onSaleType:soon, 99ef094b3c63050705b60571d0ce6bff.zip, 50597, 200
02/19/2013 23:57:47, 2, http://www.villagevoice.com/promotions/onSale/5/onSaleType:all, 95760115ca4dd1acfda846666f60217a.zip, 50594, 200
02/19/2013 23:57:47, 2, http://www.villagevoice.com/search/results/type:events/eventdate:2%7C20%7C2013/promotional:1/, a781d6912b5fa5466097419878272e1e.zip, 44326, 200
02/19/2013 23:57:47, 2, http://www.voiceplaces.com/urban-stages-new-york-3999032-e/, acf678d74ad57d475271bdf5d5739bb7.zip, 40488, 200
02/19/2013 23:57:47, 2, http://www.villagevoice.com/promotions/streetteams, d0ea3f1eec2a509e2eb72e0b2556df53.zip, 70991, 200
02/19/2013 23:57:47, 2, http://www.villagevoice.com/search/results/type:events/eventdate:2%7C19%7C2013/promotional:1/, 9966fdfe53536b0b032d2861127c18c6.zip, 43682, 200
02/19/2013 23:57:47, 2, http://www.villagevoice.com/promotions/onSale/5/onSaleType:now, 8459250dde5d0d748fd9e3283a63ceef.zip, 50594, 200
02/19/2013 23:57:47, 2, http://www.villagevoice.com/search/results/type:events/eventdate:2%7C21%7C2013/promotional:1/, 9cfbe1726296339a20a1e986cf91bc83.zip, 43682, 200
02/19/2013 23:57:47, 2, http://www.villagevoice.com/search/results/type:events/eventdate:2%7C23%7C2013/promotional:1/, 7f5f698f2afeef511ab10522270de331.zip, 44326, 200
02/19/2013 23:57:47, 2, http://www.villagevoice.com/search/results/type:events/eventdate:2%7C22%7C2013/promotional:1/, 238b374f248fb9736ca0a9fc7d6fb7dc.zip, 43682, 200
02/19/2013 23:57:47, 2, http://www.villagevoice.com/authors/nick-pinto, 0f65fdac2787d492e99818a49db1ecd7.zip, 48455, 200
02/19/2013 23:57:47, 2, http://www.villagevoice.com/search/results/type:events/eventdate:2%7C25%7C2013/promotional:1/, 97fe6121a77cbe91e53c920211115d0d.zip, 43384, 200
02/19/2013 23:57:47, 2, http://www.villagevoice.com/search/results/type:events/eventdate:2%7C24%7C2013/promotional:1/, 2954e59bbb7f6c8095f007ac66e36cf9.zip, 44280, 200
02/19/2013 23:57:47, 2, http://www.villagevoice.com/slideshow/the-2011-brooklyn-beardfest-and-stache-bash-2330244/, 8da741351161b447f4b0869b80e257ac.zip, 124453, 200
02/19/2013 23:57:47, 2, http://www.voiceplaces.com/69th-regiment-armory-new-york-3120216-l/, ae54558c203578e8245808156f4b08bb.zip, 46330, 200
02/19/2013 23:57:48, 2, http://www.villagevoice.com/slideshow/au-revoir-simone-1615772/, 5ca3bdf575642fc9756a3f3e842aee28.zip, 74641, 200
02/19/2013 23:57:48, 2, http://www.villagevoice.com/slideshow/priscilla-queen-of-the-desert-happy-hour-at-ritz-2406388/, 08b8e0100fc7c7dcea3c0060297cbd46.zip, 90724, 200
02/19/2013 23:57:48, 2, http://www.villagevoice.com/slideshow/das-racist-freddie-gibbs-1620020/, f34094691a332a135822c579bf31fac9.zip, 74836, 200
02/19/2013 23:57:48, 2, http://twitter.com/VoiceStreet, a12cd7937cd0a32115a6a5db77d52ce8.zip, 24915, 200
02/19/2013 23:57:49, 2, http://www.villagevoice.com/flipbook/village-voice-holiday-guide-3847968/, f73224cff913b80916ed034e9ac6d709.zip, 5204, 200
Statics:
Query words: new+york+chinese+restaurant
The N user input: 500
Total tried download: 514
Total downloaded pages: 500
Total http errors: 2
Total other errors: 12
Total time: 26 seconds
Total size: 41.47 MB
